Logfile created with verbose level LOG_ONLY on 30/12/2024 at 23:52:42. Have fun <3

[23:52:42] INFO    : MessageLogger verbose type updating from LOG_ONLY to INFO
[23:52:42] INFO    : MessageLogger verbose type updated from LOG_ONLY to INFO
[23:52:42] INFO    : Imported settings: {'_comment0': 'Supported levels: [NONE, LOG_ONLY, ERROR, WARNING, CRUCIAL, INFO]', 'verbose_type': 'INFO', '_comment1': 'window_resolution irrelevant unless fullscreen is true; fullscreen overwride window_resolution to monitor resolution; windowed false will overwrite fullscreen to true', 'window_resolution': [500, 200], 'fullscreen': False, 'windowed': True, '_comment2': 'setting max_fps to 0 disables the fps cap; vsync will overwride max_fps to match window fps to monitor fps', 'max_fps': 0, 'vsync': True, '_comment3': 'raw_mouse_input will enable raw mouse movement (bypass windows mouse acceleration)', 'raw_mouse_input': True, 'mouse_sensitivity': 1, '_comment4': "Avalable keys: https://www.glfw.org/docs/3.3/group__keys.html (Remove the 'GLFW_KEY_' prefix)", 'key_binds': {'jump': 'SPACE', 'forward': 'W', 'back': 'S', 'left': 'A', 'right': 'D'}}
[23:52:42] INFO    : Window variable validation passed. Variables: {'size': [500, 200], 'caption': 'Into Havoc', 'fullscreen': False, 'windowed': True, 'vsync': True, 'max_fps': 0, 'raw_mouse_input': True, 'center_cursor': True, 'hide_cursor': True}
[23:52:43] ERROR   : Fatal termination error:

Traceback (most recent call last):
  File "c:\Users\laket\OneDrive\Documents\Code\GitHub\PyCode\LakeGraphicsFramework\example.py", line 31, in catch_main
    setup()
  File "c:\Users\laket\OneDrive\Documents\Code\GitHub\PyCode\LakeGraphicsFramework\example.py", line 53, in setup
    window = lgf.Window(settings["window_resolution"], CAPTION, settings["fullscreen"], settings["windowed"], settings["vsync"], settings["max_fps"], settings["raw_mouse_input"], True)
             ^^^^^^^^^^^^^^^^^^^^^^^^^^^^^^^^^^^^^^^^^^^^^^^^^^^^^^^^^^^^^^^^^^^^^^^^^^^^^^^^^^^^^^^^^^^^^^^^^^^^^^^^^^^^^^^^^^^^^^^^^^^^^^^^^^^^^^^^^^^^^^^^^^^^^^^^^^^^^^^^^^^^^^^^^^^
  File "c:\Users\laket\OneDrive\Documents\Code\GitHub\PyCode\LakeGraphicsFramework\LakeGraphicsFramework.py", line 119, in __init__
    self.window = self._init_window(self.monitor, self.size, self.caption, self.windowed, self.vsync, self.max_fps)
                  ^^^^^^^^^^^^^^^^^^^^^^^^^^^^^^^^^^^^^^^^^^^^^^^^^^^^^^^^^^^^^^^^^^^^^^^^^^^^^^^^^^^^^^^^^^^^^^^^^
  File "c:\Users\laket\OneDrive\Documents\Code\GitHub\PyCode\LakeGraphicsFramework\LakeGraphicsFramework.py", line 191, in _init_window
    self._center_window(window, monitor)
  File "c:\Users\laket\OneDrive\Documents\Code\GitHub\PyCode\LakeGraphicsFramework\LakeGraphicsFramework.py", line 200, in _center_window
    monitor_x, monitor_y, monitor_width, monitor_height = glfw.get_monitor_workarea(window)
                                                          ^^^^^^^^^^^^^^^^^^^^^^^^^^^^^^^^^
  File "C:\Users\laket\AppData\Local\Programs\Python\Python311\Lib\site-packages\glfw\__init__.py", line 1016, in get_monitor_workarea
    _glfw.glfwGetMonitorWorkarea(monitor, xpos, ypos, width, height)
ctypes.ArgumentError: argument 1: TypeError: expected LP__GLFWmonitor instance instead of Window

[23:52:43] INFO    : Program terminating
