Logfile created with verbose level LOG_ONLY on 30/12/2024 at 23:20:28. Have fun <3

[23:20:28] INFO    : MessageLogger verbose type updating from LOG_ONLY to INFO
[23:20:28] INFO    : MessageLogger verbose type updated from LOG_ONLY to INFO
[23:20:28] INFO    : Imported settings: {'_comment0': 'Supported levels: [NONE, LOG_ONLY, ERROR, WARNING, CRUCIAL, INFO]', 'verbose_type': 'INFO', '_comment1': 'window_resolution irrelevant unless fullscreen is true; fullscreen overwride window_resolution to monitor resolution', 'window_resolution': [0, 0], 'fullscreen': True, '_comment2': 'setting max_fps to 0 disables the fps cap; vsync will overwride max_fps to match window fps to monitor fps', 'max_fps': 0, 'vsync': True, '_comment3': 'raw_mouse_input will enable raw mouse movement (bypass windows mouse acceleration)', 'raw_mouse_input': True, 'mouse_sensitivity': 1, '_comment4': "Avalable keys: https://www.glfw.org/docs/3.3/group__keys.html (Remove the 'GLFW_KEY_' prefix)", 'key_binds': {'jump': 'SPACE', 'forward': 'W', 'back': 'S', 'left': 'A', 'right': 'D'}}
[23:20:28] INFO    : Window variable validation passed. Variables: {'size': [0, 0], 'caption': 'Into Havoc', 'fullscreen': True, 'vsync': True, 'max_fps': 0, 'raw_mouse_input': True, 'center_cursor': True, 'hide_cursor': True}
[23:20:28] INFO    : Window creation passed. Variables: {'size': Size(width=1920, height=1080), 'caption': 'Into Havoc', 'fullscreen': True, 'vsync': True, 'max_fps': 0, 'raw_mouse_input': True, 'center_cursor': True, 'hide_cursor': True, 'monitor': <glfw.LP__GLFWmonitor object at 0x0000020D423ED7D0>, 'video_mode': GLFWvidmode(size=Size(width=1920, height=1080), bits=Bits(red=8, green=8, blue=8), refresh_rate=60), 'display_size': Size(width=1920, height=1080), 'aspect_ratio': 1.7777777777777777, 'window': <glfw.LP__GLFWwindow object at 0x0000020D423ED850>}
[23:20:28] INFO    : Setting up Graphics Engine
[23:20:28] INFO    : Creating shader default
[23:20:28] INFO    : No texture handle for the shader default.
[23:20:28] INFO    : Shader creation passed for default. Variables: {'name': 'default', 'shader': 3, 'uniform_handles': {'model': 0, 'view': 3, 'projection': 2, 'color': 1}, 'custom_uniform_handles': {}}
[23:20:28] INFO    : Updating skybox color to (0.0, 0, 0, 1)
[23:20:28] INFO    : Updating skybox color to (0.00392156862745098, 0, 0, 1)
[23:20:28] INFO    : Updating skybox color to (0.00784313725490196, 0, 0, 1)
[23:20:29] INFO    : Updating skybox color to (0.011764705882352941, 0, 0, 1)
[23:20:29] INFO    : Updating skybox color to (0.01568627450980392, 0, 0, 1)
[23:20:29] INFO    : Updating skybox color to (0.0196078431372549, 0, 0, 1)
[23:20:29] INFO    : Updating skybox color to (0.023529411764705882, 0, 0, 1)
[23:20:29] INFO    : Updating skybox color to (0.027450980392156862, 0, 0, 1)
[23:20:29] INFO    : Updating skybox color to (0.03137254901960784, 0, 0, 1)
[23:20:29] INFO    : Updating skybox color to (0.03529411764705882, 0, 0, 1)
[23:20:29] INFO    : Updating skybox color to (0.0392156862745098, 0, 0, 1)
[23:20:29] INFO    : Updating skybox color to (0.043137254901960784, 0, 0, 1)
[23:20:29] INFO    : Updating skybox color to (0.047058823529411764, 0, 0, 1)
[23:20:30] INFO    : Updating skybox color to (0.050980392156862744, 0, 0, 1)
[23:20:30] INFO    : Updating skybox color to (0.054901960784313725, 0, 0, 1)
[23:20:30] INFO    : Updating skybox color to (0.058823529411764705, 0, 0, 1)
[23:20:30] INFO    : Updating skybox color to (0.06274509803921569, 0, 0, 1)
[23:20:30] INFO    : Updating skybox color to (0.06666666666666667, 0, 0, 1)
[23:20:30] INFO    : Updating skybox color to (0.07058823529411765, 0, 0, 1)
[23:20:30] INFO    : Updating skybox color to (0.07450980392156863, 0, 0, 1)
[23:20:30] INFO    : Updating skybox color to (0.0784313725490196, 0, 0, 1)
[23:20:30] INFO    : Updating skybox color to (0.08235294117647059, 0, 0, 1)
[23:20:30] INFO    : Updating skybox color to (0.08627450980392157, 0, 0, 1)
[23:20:31] INFO    : Updating skybox color to (0.09019607843137255, 0, 0, 1)
[23:20:31] INFO    : Updating skybox color to (0.09411764705882353, 0, 0, 1)
[23:20:31] INFO    : Updating skybox color to (0.09803921568627451, 0, 0, 1)
[23:20:31] INFO    : Updating skybox color to (0.10196078431372549, 0, 0, 1)
[23:20:31] INFO    : Updating skybox color to (0.10588235294117647, 0, 0, 1)
[23:20:31] INFO    : Updating skybox color to (0.10980392156862745, 0, 0, 1)
[23:20:31] INFO    : Updating skybox color to (0.11372549019607843, 0, 0, 1)
[23:20:31] INFO    : Updating skybox color to (0.11764705882352941, 0, 0, 1)
[23:20:31] INFO    : Updating skybox color to (0.12156862745098039, 0, 0, 1)
[23:20:31] INFO    : Updating skybox color to (0.12549019607843137, 0, 0, 1)
[23:20:32] INFO    : Updating skybox color to (0.12941176470588237, 0, 0, 1)
[23:20:32] INFO    : Updating skybox color to (0.13333333333333333, 0, 0, 1)
[23:20:32] INFO    : Updating skybox color to (0.13725490196078433, 0, 0, 1)
[23:20:32] INFO    : Updating skybox color to (0.1411764705882353, 0, 0, 1)
[23:20:32] INFO    : Updating skybox color to (0.1450980392156863, 0, 0, 1)
[23:20:32] INFO    : Updating skybox color to (0.14901960784313725, 0, 0, 1)
[23:20:32] INFO    : Updating skybox color to (0.15294117647058825, 0, 0, 1)
[23:20:32] INFO    : Updating skybox color to (0.1568627450980392, 0, 0, 1)
[23:20:32] INFO    : Updating skybox color to (0.1607843137254902, 0, 0, 1)
[23:20:32] INFO    : Updating skybox color to (0.16470588235294117, 0, 0, 1)
[23:20:33] INFO    : Updating skybox color to (0.16862745098039217, 0, 0, 1)
[23:20:33] INFO    : Updating skybox color to (0.17254901960784313, 0, 0, 1)
[23:20:33] INFO    : Updating skybox color to (0.17647058823529413, 0, 0, 1)
[23:20:33] INFO    : Updating skybox color to (0.1803921568627451, 0, 0, 1)
[23:20:33] INFO    : Updating skybox color to (0.1843137254901961, 0, 0, 1)
[23:20:33] INFO    : Updating skybox color to (0.18823529411764706, 0, 0, 1)
[23:20:33] INFO    : Updating skybox color to (0.19215686274509805, 0, 0, 1)
[23:20:33] INFO    : Updating skybox color to (0.19607843137254902, 0, 0, 1)
[23:20:33] INFO    : Updating skybox color to (0.2, 0, 0, 1)
[23:20:33] INFO    : Updating skybox color to (0.20392156862745098, 0, 0, 1)
[23:20:34] INFO    : Updating skybox color to (0.20784313725490197, 0, 0, 1)
[23:20:34] INFO    : Updating skybox color to (0.21176470588235294, 0, 0, 1)
[23:20:34] INFO    : Updating skybox color to (0.21568627450980393, 0, 0, 1)
[23:20:34] INFO    : Updating skybox color to (0.2196078431372549, 0, 0, 1)
[23:20:34] INFO    : Updating skybox color to (0.2235294117647059, 0, 0, 1)
[23:20:34] INFO    : Updating skybox color to (0.22745098039215686, 0, 0, 1)
[23:20:34] INFO    : Updating skybox color to (0.23137254901960785, 0, 0, 1)
[23:20:34] INFO    : Updating skybox color to (0.23529411764705882, 0, 0, 1)
[23:20:34] INFO    : Updating skybox color to (0.23921568627450981, 0, 0, 1)
[23:20:34] INFO    : Updating skybox color to (0.24313725490196078, 0, 0, 1)
[23:20:35] INFO    : Updating skybox color to (0.24705882352941178, 0, 0, 1)
[23:20:35] INFO    : Updating skybox color to (0.25098039215686274, 0, 0, 1)
[23:20:35] INFO    : Updating skybox color to (0.2549019607843137, 0, 0, 1)
[23:20:35] INFO    : Updating skybox color to (0.25882352941176473, 0, 0, 1)
[23:20:35] INFO    : Updating skybox color to (0.2627450980392157, 0, 0, 1)
[23:20:35] INFO    : Updating skybox color to (0.26666666666666666, 0, 0, 1)
[23:20:35] INFO    : Updating skybox color to (0.27058823529411763, 0, 0, 1)
[23:20:35] INFO    : Updating skybox color to (0.27450980392156865, 0, 0, 1)
[23:20:35] INFO    : Updating skybox color to (0.2784313725490196, 0, 0, 1)
[23:20:35] INFO    : Updating skybox color to (0.2823529411764706, 0, 0, 1)
[23:20:36] INFO    : Updating skybox color to (0.28627450980392155, 0, 0, 1)
[23:20:36] INFO    : Updating skybox color to (0.2901960784313726, 0, 0, 1)
[23:20:36] INFO    : Updating skybox color to (0.29411764705882354, 0, 0, 1)
[23:20:36] INFO    : Updating skybox color to (0.2980392156862745, 0, 0, 1)
[23:20:36] INFO    : Updating skybox color to (0.30196078431372547, 0, 0, 1)
[23:20:36] INFO    : Updating skybox color to (0.3058823529411765, 0, 0, 1)
[23:20:36] INFO    : Updating skybox color to (0.30980392156862746, 0, 0, 1)
[23:20:36] INFO    : Updating skybox color to (0.3137254901960784, 0, 0, 1)
[23:20:36] INFO    : Updating skybox color to (0.3176470588235294, 0, 0, 1)
[23:20:36] INFO    : Updating skybox color to (0.3215686274509804, 0, 0, 1)
[23:20:37] INFO    : Updating skybox color to (0.3254901960784314, 0, 0, 1)
[23:20:37] INFO    : Updating skybox color to (0.32941176470588235, 0, 0, 1)
[23:20:37] INFO    : Updating skybox color to (0.3333333333333333, 0, 0, 1)
[23:20:37] INFO    : Updating skybox color to (0.33725490196078434, 0, 0, 1)
[23:20:37] INFO    : Updating skybox color to (0.3411764705882353, 0, 0, 1)
[23:20:37] INFO    : Updating skybox color to (0.34509803921568627, 0, 0, 1)
[23:20:37] INFO    : Updating skybox color to (0.34901960784313724, 0, 0, 1)
[23:20:37] INFO    : Updating skybox color to (0.35294117647058826, 0, 0, 1)
[23:20:37] INFO    : Updating skybox color to (0.3568627450980392, 0, 0, 1)
[23:20:37] INFO    : Updating skybox color to (0.3607843137254902, 0, 0, 1)
[23:20:38] INFO    : Updating skybox color to (0.36470588235294116, 0, 0, 1)
[23:20:38] INFO    : Updating skybox color to (0.3686274509803922, 0, 0, 1)
[23:20:38] INFO    : Updating skybox color to (0.37254901960784315, 0, 0, 1)
[23:20:38] INFO    : Updating skybox color to (0.3764705882352941, 0, 0, 1)
[23:20:38] INFO    : Updating skybox color to (0.3803921568627451, 0, 0, 1)
[23:20:38] INFO    : Updating skybox color to (0.3843137254901961, 0, 0, 1)
[23:20:38] INFO    : Updating skybox color to (0.38823529411764707, 0, 0, 1)
[23:20:38] INFO    : Updating skybox color to (0.39215686274509803, 0, 0, 1)
[23:20:38] INFO    : Updating skybox color to (0.396078431372549, 0, 0, 1)
[23:20:39] INFO    : Updating skybox color to (0.4, 0, 0, 1)
[23:20:39] INFO    : Updating skybox color to (0.403921568627451, 0, 0, 1)
[23:20:39] INFO    : Updating skybox color to (0.40784313725490196, 0, 0, 1)
[23:20:39] INFO    : Updating skybox color to (0.4117647058823529, 0, 0, 1)
[23:20:39] INFO    : Updating skybox color to (0.41568627450980394, 0, 0, 1)
[23:20:39] INFO    : Updating skybox color to (0.4196078431372549, 0, 0, 1)
[23:20:39] INFO    : Updating skybox color to (0.4235294117647059, 0, 0, 1)
[23:20:39] INFO    : Updating skybox color to (0.42745098039215684, 0, 0, 1)
[23:20:39] INFO    : Updating skybox color to (0.43137254901960786, 0, 0, 1)
[23:20:39] INFO    : Updating skybox color to (0.43529411764705883, 0, 0, 1)
[23:20:40] INFO    : Updating skybox color to (0.4392156862745098, 0, 0, 1)
[23:20:40] INFO    : Updating skybox color to (0.44313725490196076, 0, 0, 1)
[23:20:40] INFO    : Updating skybox color to (0.4470588235294118, 0, 0, 1)
[23:20:40] INFO    : Updating skybox color to (0.45098039215686275, 0, 0, 1)
[23:20:40] INFO    : Updating skybox color to (0.4549019607843137, 0, 0, 1)
[23:20:40] INFO    : Updating skybox color to (0.4588235294117647, 0, 0, 1)
[23:20:40] INFO    : Updating skybox color to (0.4627450980392157, 0, 0, 1)
[23:20:40] INFO    : Updating skybox color to (0.4666666666666667, 0, 0, 1)
[23:20:40] INFO    : Updating skybox color to (0.47058823529411764, 0, 0, 1)
[23:20:40] INFO    : Updating skybox color to (0.4745098039215686, 0, 0, 1)
[23:20:41] INFO    : Updating skybox color to (0.47843137254901963, 0, 0, 1)
[23:20:41] INFO    : Updating skybox color to (0.4823529411764706, 0, 0, 1)
[23:20:41] INFO    : Updating skybox color to (0.48627450980392156, 0, 0, 1)
[23:20:41] INFO    : Updating skybox color to (0.49019607843137253, 0, 0, 1)
[23:20:41] INFO    : Updating skybox color to (0.49411764705882355, 0, 0, 1)
[23:20:41] INFO    : Updating skybox color to (0.4980392156862745, 0, 0, 1)
[23:20:41] INFO    : Updating skybox color to (0.5019607843137255, 0, 0, 1)
[23:20:41] INFO    : Updating skybox color to (0.5058823529411764, 0, 0, 1)
[23:20:41] INFO    : Updating skybox color to (0.5098039215686274, 0, 0, 1)
[23:20:41] INFO    : Updating skybox color to (0.5137254901960784, 0, 0, 1)
[23:20:42] INFO    : Updating skybox color to (0.5176470588235295, 0, 0, 1)
[23:20:42] INFO    : Updating skybox color to (0.5215686274509804, 0, 0, 1)
[23:20:42] INFO    : Updating skybox color to (0.5254901960784314, 0, 0, 1)
[23:20:42] INFO    : Updating skybox color to (0.5294117647058824, 0, 0, 1)
[23:20:42] INFO    : Updating skybox color to (0.5333333333333333, 0, 0, 1)
[23:20:42] INFO    : Updating skybox color to (0.5372549019607843, 0, 0, 1)
[23:20:42] INFO    : Updating skybox color to (0.5411764705882353, 0, 0, 1)
[23:20:42] INFO    : Updating skybox color to (0.5450980392156862, 0, 0, 1)
[23:20:42] INFO    : Updating skybox color to (0.5490196078431373, 0, 0, 1)
[23:20:42] INFO    : Updating skybox color to (0.5529411764705883, 0, 0, 1)
[23:20:43] INFO    : Updating skybox color to (0.5568627450980392, 0, 0, 1)
[23:20:43] INFO    : Updating skybox color to (0.5607843137254902, 0, 0, 1)
[23:20:43] INFO    : Updating skybox color to (0.5647058823529412, 0, 0, 1)
[23:20:43] INFO    : Updating skybox color to (0.5686274509803921, 0, 0, 1)
[23:20:43] INFO    : Updating skybox color to (0.5725490196078431, 0, 0, 1)
[23:20:43] INFO    : Updating skybox color to (0.5764705882352941, 0, 0, 1)
[23:20:43] INFO    : Updating skybox color to (0.5803921568627451, 0, 0, 1)
[23:20:43] INFO    : Updating skybox color to (0.5843137254901961, 0, 0, 1)
[23:20:43] INFO    : Updating skybox color to (0.5882352941176471, 0, 0, 1)
[23:20:43] INFO    : Updating skybox color to (0.592156862745098, 0, 0, 1)
[23:20:44] INFO    : Updating skybox color to (0.596078431372549, 0, 0, 1)
[23:20:44] INFO    : Updating skybox color to (0.6, 0, 0, 1)
[23:20:44] INFO    : Updating skybox color to (0.6039215686274509, 0, 0, 1)
[23:20:44] INFO    : Updating skybox color to (0.6078431372549019, 0, 0, 1)
[23:20:44] INFO    : Updating skybox color to (0.611764705882353, 0, 0, 1)
[23:20:44] INFO    : Updating skybox color to (0.615686274509804, 0, 0, 1)
[23:20:44] INFO    : Updating skybox color to (0.6196078431372549, 0, 0, 1)
[23:20:44] INFO    : Updating skybox color to (0.6235294117647059, 0, 0, 1)
[23:20:44] INFO    : Updating skybox color to (0.6274509803921569, 0, 0, 1)
[23:20:44] INFO    : Updating skybox color to (0.6313725490196078, 0, 0, 1)
[23:20:45] INFO    : Updating skybox color to (0.6352941176470588, 0, 0, 1)
[23:20:45] INFO    : Updating skybox color to (0.6392156862745098, 0, 0, 1)
[23:20:45] INFO    : Updating skybox color to (0.6431372549019608, 0, 0, 1)
[23:20:45] INFO    : Updating skybox color to (0.6470588235294118, 0, 0, 1)
[23:20:45] INFO    : Updating skybox color to (0.6509803921568628, 0, 0, 1)
[23:20:45] INFO    : Updating skybox color to (0.6549019607843137, 0, 0, 1)
[23:20:45] INFO    : Updating skybox color to (0.6588235294117647, 0, 0, 1)
[23:20:45] INFO    : Updating skybox color to (0.6627450980392157, 0, 0, 1)
[23:20:45] INFO    : Updating skybox color to (0.6666666666666666, 0, 0, 1)
[23:20:45] INFO    : Updating skybox color to (0.6705882352941176, 0, 0, 1)
[23:20:46] INFO    : Updating skybox color to (0.6745098039215687, 0, 0, 1)
[23:20:46] INFO    : Updating skybox color to (0.6784313725490196, 0, 0, 1)
[23:20:46] INFO    : Updating skybox color to (0.6823529411764706, 0, 0, 1)
[23:20:46] INFO    : Updating skybox color to (0.6862745098039216, 0, 0, 1)
[23:20:46] INFO    : Updating skybox color to (0.6901960784313725, 0, 0, 1)
[23:20:46] INFO    : Updating skybox color to (0.6941176470588235, 0, 0, 1)
[23:20:46] INFO    : Updating skybox color to (0.6980392156862745, 0, 0, 1)
[23:20:46] INFO    : Updating skybox color to (0.7019607843137254, 0, 0, 1)
[23:20:46] INFO    : Updating skybox color to (0.7058823529411765, 0, 0, 1)
[23:20:46] INFO    : Updating skybox color to (0.7098039215686275, 0, 0, 1)
[23:20:47] INFO    : Updating skybox color to (0.7137254901960784, 0, 0, 1)
[23:20:47] INFO    : Updating skybox color to (0.7176470588235294, 0, 0, 1)
[23:20:47] INFO    : Updating skybox color to (0.7215686274509804, 0, 0, 1)
[23:20:47] INFO    : Updating skybox color to (0.7254901960784313, 0, 0, 1)
[23:20:47] INFO    : Updating skybox color to (0.7294117647058823, 0, 0, 1)
[23:20:47] INFO    : Updating skybox color to (0.7333333333333333, 0, 0, 1)
[23:20:47] INFO    : Updating skybox color to (0.7372549019607844, 0, 0, 1)
[23:20:47] INFO    : Updating skybox color to (0.7411764705882353, 0, 0, 1)
[23:20:47] INFO    : Updating skybox color to (0.7450980392156863, 0, 0, 1)
[23:20:47] INFO    : Updating skybox color to (0.7490196078431373, 0, 0, 1)
[23:20:48] INFO    : Updating skybox color to (0.7529411764705882, 0, 0, 1)
[23:20:48] INFO    : Updating skybox color to (0.7568627450980392, 0, 0, 1)
[23:20:48] INFO    : Updating skybox color to (0.7607843137254902, 0, 0, 1)
[23:20:48] INFO    : Updating skybox color to (0.7647058823529411, 0, 0, 1)
[23:20:48] INFO    : Updating skybox color to (0.7686274509803922, 0, 0, 1)
[23:20:48] INFO    : Updating skybox color to (0.7725490196078432, 0, 0, 1)
[23:20:48] INFO    : Updating skybox color to (0.7764705882352941, 0, 0, 1)
[23:20:48] INFO    : Updating skybox color to (0.7803921568627451, 0, 0, 1)
[23:20:48] INFO    : Updating skybox color to (0.7843137254901961, 0, 0, 1)
[23:20:48] INFO    : Updating skybox color to (0.788235294117647, 0, 0, 1)
[23:20:49] INFO    : Updating skybox color to (0.792156862745098, 0, 0, 1)
[23:20:49] INFO    : Updating skybox color to (0.796078431372549, 0, 0, 1)
[23:20:49] INFO    : Updating skybox color to (0.8, 0, 0, 1)
[23:20:49] INFO    : Updating skybox color to (0.803921568627451, 0, 0, 1)
[23:20:49] INFO    : Updating skybox color to (0.807843137254902, 0, 0, 1)
[23:20:49] INFO    : Updating skybox color to (0.8117647058823529, 0, 0, 1)
[23:20:49] INFO    : Updating skybox color to (0.8156862745098039, 0, 0, 1)
[23:20:49] INFO    : Updating skybox color to (0.8196078431372549, 0, 0, 1)
[23:20:49] INFO    : Updating skybox color to (0.8235294117647058, 0, 0, 1)
[23:20:49] INFO    : Updating skybox color to (0.8274509803921568, 0, 0, 1)
[23:20:50] INFO    : Updating skybox color to (0.8313725490196079, 0, 0, 1)
[23:20:50] INFO    : Updating skybox color to (0.8352941176470589, 0, 0, 1)
[23:20:50] INFO    : Updating skybox color to (0.8392156862745098, 0, 0, 1)
[23:20:50] INFO    : Updating skybox color to (0.8431372549019608, 0, 0, 1)
[23:20:50] INFO    : Updating skybox color to (0.8470588235294118, 0, 0, 1)
[23:20:50] INFO    : Updating skybox color to (0.8509803921568627, 0, 0, 1)
[23:20:50] INFO    : Updating skybox color to (0.8549019607843137, 0, 0, 1)
[23:20:50] INFO    : Updating skybox color to (0.8588235294117647, 0, 0, 1)
[23:20:50] INFO    : Updating skybox color to (0.8627450980392157, 0, 0, 1)
[23:20:50] INFO    : Updating skybox color to (0.8666666666666667, 0, 0, 1)
[23:20:51] INFO    : Updating skybox color to (0.8705882352941177, 0, 0, 1)
[23:20:51] INFO    : Updating skybox color to (0.8745098039215686, 0, 0, 1)
[23:20:51] INFO    : Updating skybox color to (0.8784313725490196, 0, 0, 1)
[23:20:51] INFO    : Updating skybox color to (0.8823529411764706, 0, 0, 1)
[23:20:51] INFO    : Updating skybox color to (0.8862745098039215, 0, 0, 1)
[23:20:51] INFO    : Updating skybox color to (0.8901960784313725, 0, 0, 1)
[23:20:51] INFO    : Updating skybox color to (0.8941176470588236, 0, 0, 1)
[23:20:51] INFO    : Updating skybox color to (0.8980392156862745, 0, 0, 1)
[23:20:51] INFO    : Updating skybox color to (0.9019607843137255, 0, 0, 1)
[23:20:52] INFO    : Updating skybox color to (0.9215686274509803, 0, 0, 1)
[23:20:52] INFO    : Updating skybox color to (0.9254901960784314, 0, 0, 1)
[23:20:52] INFO    : Updating skybox color to (0.9294117647058824, 0, 0, 1)
[23:20:52] INFO    : Updating skybox color to (0.9333333333333333, 0, 0, 1)
[23:20:52] INFO    : Updating skybox color to (0.9372549019607843, 0, 0, 1)
[23:20:52] INFO    : Updating skybox color to (0.9411764705882353, 0, 0, 1)
[23:20:52] INFO    : Updating skybox color to (0.9450980392156862, 0, 0, 1)
[23:20:53] INFO    : Updating skybox color to (0.9490196078431372, 0, 0, 1)
[23:20:53] INFO    : Updating skybox color to (0.9529411764705882, 0, 0, 1)
[23:20:53] INFO    : Updating skybox color to (0.9568627450980393, 0, 0, 1)
[23:20:53] INFO    : Updating skybox color to (0.9607843137254902, 0, 0, 1)
[23:20:53] INFO    : Updating skybox color to (0.9647058823529412, 0, 0, 1)
[23:20:53] INFO    : Updating skybox color to (0.9686274509803922, 0, 0, 1)
[23:20:53] INFO    : Updating skybox color to (0.9725490196078431, 0, 0, 1)
[23:20:53] INFO    : Updating skybox color to (0.9764705882352941, 0, 0, 1)
[23:20:53] INFO    : Updating skybox color to (0.9803921568627451, 0, 0, 1)
[23:20:53] INFO    : Updating skybox color to (0.984313725490196, 0, 0, 1)
[23:20:54] INFO    : Updating skybox color to (0.9882352941176471, 0, 0, 1)
[23:20:54] INFO    : Updating skybox color to (0.9921568627450981, 0, 0, 1)
[23:20:54] CRUCIAL : Exit main thread
[23:20:54] INFO    : Program terminating
