Logfile created with verbose level LOG_ONLY on 31/12/2024 at 00:19:39. Have fun <3

[00:19:39] INFO    : MessageLogger verbose type updating from LOG_ONLY to INFO
[00:19:39] INFO    : MessageLogger verbose type updated from LOG_ONLY to INFO
[00:19:39] INFO    : Imported settings: {'_comment0': 'Supported levels: [NONE, LOG_ONLY, ERROR, WARNING, CRUCIAL, INFO]', 'verbose_type': 'INFO', '_comment1': 'window_resolution irrelevant unless fullscreen is true; fullscreen overwride window_resolution to monitor resolution; windowed false will overwrite fullscreen to true', 'window_resolution': [200, 500], 'fullscreen': True, 'windowed': True, '_comment2': 'setting max_fps to 0 disables the fps cap; vsync will overwride max_fps to match window fps to monitor fps', 'max_fps': 0, 'vsync': True, '_comment3': 'raw_mouse_input will enable raw mouse movement (bypass windows mouse acceleration)', 'raw_mouse_input': True, 'mouse_sensitivity': 1, '_comment4': "Avalable keys: https://www.glfw.org/docs/3.3/group__keys.html (Remove the 'GLFW_KEY_' prefix)", 'key_binds': {'jump': 'SPACE', 'forward': 'W', 'back': 'S', 'left': 'A', 'right': 'D'}}
[00:19:39] INFO    : Window variable validation passed. Variables: {'size': [200, 500], 'caption': 'Into Havoc', 'fullscreen': True, 'windowed': True, 'vsync': True, 'max_fps': 0, 'raw_mouse_input': True, 'center_cursor': True, 'hide_cursor': True}
[00:19:39] INFO    : Window fullscreen.
[00:19:39] INFO    : Centering window.
[00:19:39] INFO    : Window creation passed. Variables: {'size': Size(width=1920, height=1080), 'caption': 'Into Havoc', 'fullscreen': True, 'windowed': True, 'vsync': True, 'max_fps': 0, 'raw_mouse_input': True, 'center_cursor': True, 'hide_cursor': True, 'monitor': <glfw.LP__GLFWmonitor object at 0x000001FABB49DAD0>, 'video_mode': GLFWvidmode(size=Size(width=1920, height=1080), bits=Bits(red=8, green=8, blue=8), refresh_rate=60), 'display_size': Size(width=1920, height=1080), 'aspect_ratio': 1.7777777777777777, 'window': <glfw.LP__GLFWwindow object at 0x000001FABB49D9D0>}
[00:19:39] INFO    : Setting up Graphics Engine
[00:19:39] INFO    : Creating shader default
[00:19:39] INFO    : No texture handle for the shader default.
[00:19:39] INFO    : Shader creation passed for default. Variables: {'name': 'default', 'shader': 3, 'uniform_handles': {'model': 0, 'view': 3, 'projection': 2, 'color': 1}, 'custom_uniform_handles': {}}
[00:19:39] INFO    : Updating skybox color to (0.0, 0, 0, 1)
[00:19:39] INFO    : Updating skybox color to (0.00392156862745098, 0, 0, 1)
[00:19:39] INFO    : Updating skybox color to (0.00784313725490196, 0, 0, 1)
[00:19:39] INFO    : Updating skybox color to (0.011764705882352941, 0, 0, 1)
[00:19:40] INFO    : Updating skybox color to (0.01568627450980392, 0, 0, 1)
[00:19:40] INFO    : Updating skybox color to (0.0196078431372549, 0, 0, 1)
[00:19:40] INFO    : Updating skybox color to (0.023529411764705882, 0, 0, 1)
[00:19:40] INFO    : Updating skybox color to (0.027450980392156862, 0, 0, 1)
[00:19:40] INFO    : Updating skybox color to (0.03137254901960784, 0, 0, 1)
[00:19:40] INFO    : Updating skybox color to (0.03529411764705882, 0, 0, 1)
[00:19:40] INFO    : Updating skybox color to (0.0392156862745098, 0, 0, 1)
[00:19:40] INFO    : Updating skybox color to (0.043137254901960784, 0, 0, 1)
[00:19:40] INFO    : Updating skybox color to (0.047058823529411764, 0, 0, 1)
[00:19:41] INFO    : Updating skybox color to (0.050980392156862744, 0, 0, 1)
[00:19:41] INFO    : Updating skybox color to (0.054901960784313725, 0, 0, 1)
[00:19:41] INFO    : Updating skybox color to (0.058823529411764705, 0, 0, 1)
[00:19:41] INFO    : Updating skybox color to (0.06274509803921569, 0, 0, 1)
[00:19:41] INFO    : Updating skybox color to (0.06666666666666667, 0, 0, 1)
[00:19:41] INFO    : Updating skybox color to (0.07058823529411765, 0, 0, 1)
[00:19:41] INFO    : Updating skybox color to (0.07450980392156863, 0, 0, 1)
[00:19:41] CRUCIAL : <LakeGraphicsFramework.Shader object at 0x000001FABB4BC690>
[00:19:41] ERROR   : Fatal termination error:

Traceback (most recent call last):
  File "c:\Users\laket\OneDrive\Documents\Code\GitHub\PyCode\LakeGraphicsFramework\example.py", line 31, in catch_main
    setup()
  File "c:\Users\laket\OneDrive\Documents\Code\GitHub\PyCode\LakeGraphicsFramework\example.py", line 58, in setup
    window.main()
  File "c:\Users\laket\OneDrive\Documents\Code\GitHub\PyCode\LakeGraphicsFramework\LakeGraphicsFramework.py", line 136, in main
    self._tick()
  File "c:\Users\laket\OneDrive\Documents\Code\GitHub\PyCode\LakeGraphicsFramework\LakeGraphicsFramework.py", line 241, in _tick
    self._handle_window_events()
  File "c:\Users\laket\OneDrive\Documents\Code\GitHub\PyCode\LakeGraphicsFramework\LakeGraphicsFramework.py", line 248, in _handle_window_events
    self.close()
  File "c:\Users\laket\OneDrive\Documents\Code\GitHub\PyCode\LakeGraphicsFramework\LakeGraphicsFramework.py", line 256, in close
    self.graphics_engine.destroy()
  File "c:\Users\laket\OneDrive\Documents\Code\GitHub\PyCode\LakeGraphicsFramework\LakeGraphicsFramework.py", line 444, in destroy
    gl.glDeleteProgram(shader)
  File "C:\Users\laket\AppData\Local\Programs\Python\Python311\Lib\site-packages\OpenGL\platform\baseplatform.py", line 415, in __call__
    return self( *args, **named )
           ^^^^^^^^^^^^^^^^^^^^^^
ctypes.ArgumentError: argument 1: TypeError: wrong type

[00:20:05] CRUCIAL : Exit main thread
[00:20:05] INFO    : Program terminating
