Logfile created with verbose level LOG_ONLY on 31/12/2024 at 00:24:04. Have fun <3

[00:24:04] INFO    : MessageLogger verbose type updating from LOG_ONLY to INFO
[00:24:04] INFO    : MessageLogger verbose type updated from LOG_ONLY to INFO
[00:24:04] INFO    : Imported settings: {'_comment0': 'Supported levels: [NONE, LOG_ONLY, ERROR, WARNING, CRUCIAL, INFO]', 'verbose_type': 'INFO', '_comment1': 'window_resolution irrelevant unless fullscreen is true; fullscreen overwride window_resolution to monitor resolution; windowed false will overwrite fullscreen to true', 'window_resolution': [200, 500], 'fullscreen': True, 'windowed': True, '_comment2': 'setting max_fps to 0 disables the fps cap; vsync will overwride max_fps to match window fps to monitor fps', 'max_fps': 0, 'vsync': True, '_comment3': 'raw_mouse_input will enable raw mouse movement (bypass windows mouse acceleration)', 'raw_mouse_input': True, 'mouse_sensitivity': 1, '_comment4': "Avalable keys: https://www.glfw.org/docs/3.3/group__keys.html (Remove the 'GLFW_KEY_' prefix)", 'key_binds': {'jump': 'SPACE', 'forward': 'W', 'back': 'S', 'left': 'A', 'right': 'D'}}
[00:24:04] INFO    : Window variable validation passed. Variables: {'size': [200, 500], 'caption': 'Into Havoc', 'fullscreen': True, 'windowed': True, 'vsync': True, 'max_fps': 0, 'raw_mouse_input': True, 'center_cursor': True, 'hide_cursor': True}
[00:24:04] INFO    : Window fullscreen.
[00:24:05] INFO    : Centering window.
[00:24:05] INFO    : Window creation passed. Variables: {'size': Size(width=1920, height=1080), 'caption': 'Into Havoc', 'fullscreen': True, 'windowed': True, 'vsync': True, 'max_fps': 0, 'raw_mouse_input': True, 'center_cursor': True, 'hide_cursor': True, 'monitor': <glfw.LP__GLFWmonitor object at 0x000001D63010BE50>, 'video_mode': GLFWvidmode(size=Size(width=1920, height=1080), bits=Bits(red=8, green=8, blue=8), refresh_rate=60), 'display_size': Size(width=1920, height=1080), 'aspect_ratio': 1.7777777777777777, 'window': <glfw.LP__GLFWwindow object at 0x000001D63010BED0>}
[00:24:05] INFO    : Setting up Graphics Engine
[00:24:05] INFO    : Creating shader default
[00:24:05] INFO    : No texture handle for the shader default.
[00:24:05] INFO    : Shader creation passed for default. Variables: {'name': 'default', 'shader': 3, 'uniform_handles': {'model': 0, 'view': 3, 'projection': 2, 'color': 1}, 'custom_uniform_handles': {}}
[00:24:05] INFO    : Updating skybox color to (0.0, 0, 0, 1)
[00:24:05] INFO    : Updating skybox color to (0.00392156862745098, 0, 0, 1)
[00:24:05] INFO    : Updating skybox color to (0.00784313725490196, 0, 0, 1)
[00:24:05] INFO    : Updating skybox color to (0.011764705882352941, 0, 0, 1)
[00:24:05] INFO    : Updating skybox color to (0.01568627450980392, 0, 0, 1)
[00:24:05] INFO    : Updating skybox color to (0.0196078431372549, 0, 0, 1)
[00:24:05] INFO    : Updating skybox color to (0.023529411764705882, 0, 0, 1)
[00:24:05] INFO    : Updating skybox color to (0.027450980392156862, 0, 0, 1)
[00:24:05] INFO    : Updating skybox color to (0.03137254901960784, 0, 0, 1)
[00:24:05] INFO    : Updating skybox color to (0.03529411764705882, 0, 0, 1)
[00:24:06] INFO    : Updating skybox color to (0.0392156862745098, 0, 0, 1)
[00:24:30] CRUCIAL : Exit main thread
[00:24:30] INFO    : Program terminating
