Logfile created with verbose level LOG_ONLY on 15/11/2025 at 14:22:57. Have fun <3

[14:22:57] INFO    : MessageLogger verbose type updated from LOG_ONLY to INFO
[14:22:57] INFO    : Imported settings: {'_comment0': 'DEBUG             | Supported levels: [NONE, LOG_ONLY, ERROR, WARNING, CRUCIAL, INFO]', 'verbose_type': 'INFO', '_comment1': 'SCREEN RESOLUTION | window_resolution irrelevant unless fullscreen is true; fullscreen overwride window_resolution to monitor resolution; windowed false will overwrite fullscreen to true', 'window_resolution': [200, 500], 'fullscreen': True, 'windowed': False, '_comment2': 'SCREEN FPS        | setting max_fps to 0 disables the fps cap; vsync will overwride max_fps to match window fps to monitor fps', 'max_fps': 0, 'vsync': True, '_comment3': 'MOUSE AND CURSOR  | raw_mouse_input will enable raw mouse movement (bypass windows mouse acceleration)', 'raw_mouse_input': True, 'mouse_sensitivity': 1, 'hide_cursor': True, 'center_cursor_on_creation': True, '_comment4': "KEY BINDS         | Avalable keys: https://www.glfw.org/docs/3.3/group__keys.html (Remove the 'GLFW_KEY_' prefix)", 'key_binds': {'jump': 'SPACE', 'forward': 'W', 'back': 'S', 'left': 'A', 'right': 'D'}}
[14:22:57] INFO    : Window variable validation passed. Variables: {'size': [200, 500], 'caption': 'Into Havoc', 'fullscreen': True, 'windowed': False, 'vsync': True, 'max_fps': 0, 'raw_mouse_input': True, 'center_cursor_on_creation': True, 'hide_cursor': True}
[14:22:57] INFO    : Window fullscreen.
[14:22:57] INFO    : Window creation passed. Variables: {'size': Size(width=1920, height=1080), 'caption': 'Into Havoc', 'fullscreen': True, 'windowed': False, 'vsync': True, 'max_fps': 0, 'raw_mouse_input': True, 'center_cursor_on_creation': True, 'hide_cursor': True, 'monitor': <glfw.LP__GLFWmonitor object at 0x0000028B4EBF4750>, 'video_mode': GLFWvidmode(size=Size(width=1920, height=1080), bits=Bits(red=8, green=8, blue=8), refresh_rate=75), 'display_size': Size(width=1920, height=1080), 'aspect_ratio': 1.7777777777777777, 'window': <glfw.LP__GLFWwindow object at 0x0000028B4EBF4850>}
[14:22:57] INFO    : Setting up Graphics Engine
[14:22:57] INFO    : Creating a shader with id af6c627e-4019-4318-9952-81cbf1526d40
[14:22:57] INFO    : Compiling shaders for af6c627e-4019-4318-9952-81cbf1526d40. Vertex path: 'shaders/default.vert', Frag path: shaders/default.frag
[14:22:57] INFO    : Given uniform handles for af6c627e-4019-4318-9952-81cbf1526d40: {'model': 0, 'view': 3, 'projection': 2, 'color': 1}
[14:22:57] INFO    : Given uniform handles for af6c627e-4019-4318-9952-81cbf1526d40: {}
[14:22:57] INFO    : No texture handle for af6c627e-4019-4318-9952-81cbf1526d40
[14:22:57] INFO    : Shader af6c627e-4019-4318-9952-81cbf1526d40 creation passed. Variables: {'id': UUID('af6c627e-4019-4318-9952-81cbf1526d40'), 'shader': 3, 'uniform_handles': {'model': 0, 'view': 3, 'projection': 2, 'color': 1}, 'custom_uniform_handles': {}}
[14:22:57] INFO    : Shader creation passed variable validation.
[14:22:57] INFO    : Object creation passed variable validation.
[14:22:57] WARNING : Possible multithread issue here on this line
[14:22:57] INFO    : Object creation passed variable validation.
[14:22:57] WARNING : Possible multithread issue here on this line
[14:22:57] INFO    : Keystates: {}
[14:22:57] ERROR   : Fatal termination error:
                   : 
                   : Traceback (most recent call last):
                   :   File "c:\Users\laket\OneDrive\Documents\Code\GitHub\PyCode\LakeGraphicsFramework\example.py", line 36, in catch_main
                   :     main()
                   :   File "c:\Users\laket\OneDrive\Documents\Code\GitHub\PyCode\LakeGraphicsFramework\example.py", line 74, in main
                   :     graphics.objects[test_object].pos[0] += 0.5
                   :     ~~~~~~~~~~~~~~~~^^^^^^^^^^^^^
                   : KeyError: 0
                   : 
