Logfile created with verbose level LOG_ONLY on 07/06/2025 at 16:45:22. Have fun <3

[16:45:22] INFO    : MessageLogger verbose type updating from LOG_ONLY to INFO
[16:45:22] INFO    : MessageLogger verbose type updated from LOG_ONLY to INFO
[16:45:22] INFO    : Imported settings: {'_comment0': 'DEBUG             | Supported levels: [NONE, LOG_ONLY, ERROR, WARNING, CRUCIAL, INFO]', 'verbose_type': 'INFO', '_comment1': 'SCREEN RESOLUTION | window_resolution irrelevant unless fullscreen is true; fullscreen overwride window_resolution to monitor resolution; windowed false will overwrite fullscreen to true', 'window_resolution': [200, 500], 'fullscreen': True, 'windowed': False, '_comment2': 'SCREEN FPS        | setting max_fps to 0 disables the fps cap; vsync will overwride max_fps to match window fps to monitor fps', 'max_fps': 0, 'vsync': True, '_comment3': 'MOUSE AND CURSOR  | raw_mouse_input will enable raw mouse movement (bypass windows mouse acceleration)', 'raw_mouse_input': True, 'mouse_sensitivity': 1, 'hide_cursor': True, 'center_cursor_on_creation': True, '_comment4': "KEY BINDS         | Avalable keys: https://www.glfw.org/docs/3.3/group__keys.html (Remove the 'GLFW_KEY_' prefix)", 'key_binds': {'jump': 'SPACE', 'forward': 'W', 'back': 'S', 'left': 'A', 'right': 'D'}}
[16:45:22] INFO    : Window variable validation passed. Variables: {'size': [200, 500], 'caption': 'Into Havoc', 'fullscreen': True, 'windowed': False, 'vsync': True, 'max_fps': 0, 'raw_mouse_input': True, 'center_cursor_on_creation': True, 'hide_cursor': True}
[16:45:22] INFO    : Window fullscreen.
[16:45:23] INFO    : Window creation passed. Variables: {'size': Size(width=1920, height=1080), 'caption': 'Into Havoc', 'fullscreen': True, 'windowed': False, 'vsync': True, 'max_fps': 0, 'raw_mouse_input': True, 'center_cursor_on_creation': True, 'hide_cursor': True, 'monitor': <glfw.LP__GLFWmonitor object at 0x000002225845D2D0>, 'video_mode': GLFWvidmode(size=Size(width=1920, height=1080), bits=Bits(red=8, green=8, blue=8), refresh_rate=75), 'display_size': Size(width=1920, height=1080), 'aspect_ratio': 1.7777777777777777, 'window': <glfw.LP__GLFWwindow object at 0x00000222716A4850>}
[16:45:23] INFO    : Setting up Graphics Engine
[16:45:23] INFO    : Creating shader
[16:45:23] INFO    : No texture handle for this shader.
[16:45:23] INFO    : Shader creation passed. Variables: {'shader': 3, 'uniform_handles': {'model': 0, 'view': 3, 'projection': 2, 'color': 1}, 'custom_uniform_handles': {}}
[16:45:23] INFO    : Shader creation passed variable validation.
[16:45:23] INFO    : Creating shader
[16:45:23] INFO    : No texture handle for this shader.
[16:45:23] INFO    : Shader creation passed. Variables: {'shader': 6, 'uniform_handles': {'model': 0, 'view': 2, 'projection': 1, 'color': -1}, 'custom_uniform_handles': {}}
[16:45:25] CRUCIAL : ('H', 'KEYDOWN', 0)
[16:45:25] CRUCIAL : ('H', 'KEYUP', 0)
[16:45:25] CRUCIAL : ('E', 'KEYDOWN', 0)
[16:45:25] CRUCIAL : ('E', 'KEYUP', 0)
[16:45:26] CRUCIAL : ('L', 'KEYDOWN', 0)
[16:45:26] CRUCIAL : ('L', 'KEYUP', 0)
[16:45:26] CRUCIAL : ('L', 'KEYDOWN', 0)
[16:45:26] CRUCIAL : ('L', 'KEYUP', 0)
[16:45:26] CRUCIAL : ('O', 'KEYDOWN', 0)
[16:45:26] CRUCIAL : ('O', 'KEYUP', 0)
[16:45:26] CRUCIAL : ('LEFT_SHIFT', 'KEYDOWN', 1)
[16:45:26] CRUCIAL : ('1', 'KEYDOWN', 1)
[16:45:27] CRUCIAL : ('1', 'KEYUP', 1)
[16:45:27] CRUCIAL : ('1', 'KEYDOWN', 1)
[16:45:27] CRUCIAL : ('1', 'KEYUP', 1)
[16:45:27] CRUCIAL : ('1', 'KEYDOWN', 1)
[16:45:27] CRUCIAL : ('LEFT_SHIFT', 'KEYUP', 0)
[16:45:27] CRUCIAL : ('1', 'KEYUP', 0)
[16:45:27] CRUCIAL : ('LEFT_SHIFT', 'KEYDOWN', 1)
[16:45:28] CRUCIAL : ('N', 'KEYDOWN', 1)
[16:45:28] CRUCIAL : ('O', 'KEYDOWN', 1)
[16:45:28] CRUCIAL : ('N', 'KEYUP', 1)
[16:45:28] CRUCIAL : ('O', 'KEYUP', 1)
[16:45:28] CRUCIAL : ('W', 'KEYDOWN', 1)
[16:45:28] CRUCIAL : ('W', 'KEYUP', 1)
[16:45:28] CRUCIAL : ('SPACE', 'KEYDOWN', 1)
[16:45:28] CRUCIAL : ('SPACE', 'KEYUP', 1)
[16:45:28] CRUCIAL : ('W', 'KEYDOWN', 1)
[16:45:29] CRUCIAL : ('W', 'KEYUP', 1)
[16:45:29] CRUCIAL : ('I', 'KEYDOWN', 1)
[16:45:29] CRUCIAL : ('I', 'KEYUP', 1)
[16:45:29] CRUCIAL : ('T', 'KEYDOWN', 1)
[16:45:29] CRUCIAL : ('T', 'KEYUP', 1)
[16:45:29] CRUCIAL : ('H', 'KEYDOWN', 1)
[16:45:29] CRUCIAL : ('H', 'KEYUP', 1)
[16:45:29] CRUCIAL : ('SPACE', 'KEYDOWN', 1)
[16:45:29] CRUCIAL : ('SPACE', 'KEYUP', 1)
[16:45:29] CRUCIAL : ('S', 'KEYDOWN', 1)
[16:45:29] CRUCIAL : ('S', 'KEYUP', 1)
[16:45:29] CRUCIAL : ('H', 'KEYDOWN', 1)
[16:45:29] CRUCIAL : ('H', 'KEYUP', 1)
[16:45:29] CRUCIAL : ('I', 'KEYDOWN', 1)
[16:45:29] CRUCIAL : ('I', 'KEYUP', 1)
[16:45:30] CRUCIAL : ('F', 'KEYDOWN', 1)
[16:45:30] CRUCIAL : ('F', 'KEYUP', 1)
[16:45:30] CRUCIAL : ('T', 'KEYDOWN', 1)
[16:45:30] CRUCIAL : ('T', 'KEYUP', 1)
[16:45:30] CRUCIAL : ('LEFT_SHIFT', 'KEYUP', 0)
[16:45:30] CRUCIAL : ('LEFT_SHIFT', 'KEYDOWN', 1)
[16:45:30] CRUCIAL : ('1', 'KEYDOWN', 1)
[16:45:30] CRUCIAL : ('1', 'KEYUP', 1)
[16:45:31] CRUCIAL : ('1', 'KEYDOWN', 1)
[16:45:31] CRUCIAL : ('1', 'KEYUP', 1)
[16:45:31] CRUCIAL : ('1', 'KEYDOWN', 1)
[16:45:31] CRUCIAL : ('1', 'KEYUP', 1)
[16:45:31] CRUCIAL : ('LEFT_SHIFT', 'KEYUP', 0)
[16:45:31] CRUCIAL : ('ESCAPE', 'KEYDOWN', 0)
[16:45:31] INFO    : Window close requested.
[16:45:31] CRUCIAL : Exit main thread
[16:45:31] INFO    : Closing window...
[16:45:31] INFO    : Destroying shaders in GraphicsEngine.
[16:45:31] INFO    : Window closed.
[16:45:31] INFO    : Program terminating
