Logfile created with verbose level LOG_ONLY on 23/01/2025 at 17:27:53. Have fun <3

[17:27:53] INFO    : MessageLogger verbose type updating from LOG_ONLY to INFO
[17:27:53] INFO    : MessageLogger verbose type updated from LOG_ONLY to INFO
[17:27:53] INFO    : Imported settings: {'_comment0': 'Supported levels: [NONE, LOG_ONLY, ERROR, WARNING, CRUCIAL, INFO]', 'verbose_type': 'INFO', '_comment1': 'window_resolution irrelevant unless fullscreen is true; fullscreen overwride window_resolution to monitor resolution; windowed false will overwrite fullscreen to true', 'window_resolution': [200, 500], 'fullscreen': True, 'windowed': False, '_comment2': 'setting max_fps to 0 disables the fps cap; vsync will overwride max_fps to match window fps to monitor fps', 'max_fps': 0, 'vsync': True, '_comment3': 'raw_mouse_input will enable raw mouse movement (bypass windows mouse acceleration)', 'raw_mouse_input': True, 'mouse_sensitivity': 1, '_comment4': "Avalable keys: https://www.glfw.org/docs/3.3/group__keys.html (Remove the 'GLFW_KEY_' prefix)", 'key_binds': {'jump': 'SPACE', 'forward': 'W', 'back': 'S', 'left': 'A', 'right': 'D'}}
[17:27:53] INFO    : Window variable validation passed. Variables: {'size': [200, 500], 'caption': 'Into Havoc', 'fullscreen': True, 'windowed': False, 'vsync': True, 'max_fps': 0, 'raw_mouse_input': True, 'center_cursor': True, 'hide_cursor': True}
[17:27:53] INFO    : Window fullscreen.
[17:27:54] INFO    : Window creation passed. Variables: {'size': Size(width=1920, height=1080), 'caption': 'Into Havoc', 'fullscreen': True, 'windowed': False, 'vsync': True, 'max_fps': 0, 'raw_mouse_input': True, 'center_cursor': True, 'hide_cursor': True, 'monitor': <glfw.LP__GLFWmonitor object at 0x0000021698D24350>, 'video_mode': GLFWvidmode(size=Size(width=1920, height=1080), bits=Bits(red=8, green=8, blue=8), refresh_rate=60), 'display_size': Size(width=1920, height=1080), 'aspect_ratio': 1.7777777777777777, 'window': <glfw.LP__GLFWwindow object at 0x0000021698D243D0>}
[17:27:54] INFO    : Setting up Graphics Engine
[17:27:54] INFO    : Creating shader default
[17:27:54] INFO    : No texture handle for the shader default.
[17:27:54] INFO    : Shader creation passed for default. Variables: {'name': 'default', 'shader': 3, 'uniform_handles': {'model': 0, 'view': 3, 'projection': 2, 'color': 1}, 'custom_uniform_handles': {}}
[17:27:54] INFO    : Shader creation for 'example' passed variable validation with 0 warns.
[17:27:54] INFO    : Creating shader example
[17:27:54] ERROR   : Failed to compile shader example.
[17:27:54] ERROR   : Fatal termination error:

Traceback (most recent call last):
  File "c:\Users\laket\OneDrive\Documents\Code\GitHub\PyCode\LakeGraphicsFramework\example.py", line 31, in catch_main
    setup()
  File "c:\Users\laket\OneDrive\Documents\Code\GitHub\PyCode\LakeGraphicsFramework\example.py", line 48, in setup
    window.main()
  File "c:\Users\laket\OneDrive\Documents\Code\GitHub\PyCode\LakeGraphicsFramework\LakeGraphicsFramework.py", line 137, in main
    self.graphics_engine._render()
  File "c:\Users\laket\OneDrive\Documents\Code\GitHub\PyCode\LakeGraphicsFramework\LakeGraphicsFramework.py", line 795, in _render
    self._create_shaders(new_shader_creations)
  File "c:\Users\laket\OneDrive\Documents\Code\GitHub\PyCode\LakeGraphicsFramework\LakeGraphicsFramework.py", line 678, in _create_shaders
    self.shaders[name] = Shader(name, vertex_path, fragment_path, fovy, aspect, near, far, model_name, view_name, projection_name, texture_name, color_name, custom_uniform_names, compile_time_config)
                         ^^^^^^^^^^^^^^^^^^^^^^^^^^^^^^^^^^^^^^^^^^^^^^^^^^^^^^^^^^^^^^^^^^^^^^^^^^^^^^^^^^^^^^^^^^^^^^^^^^^^^^^^^^^^^^^^^^^^^^^^^^^^^^^^^^^^^^^^^^^^^^^^^^^^^^^^^^^^^^^^^^^^^^^^^^^^^^
  File "c:\Users\laket\OneDrive\Documents\Code\GitHub\PyCode\LakeGraphicsFramework\LakeGraphicsFramework.py", line 307, in __init__
    self.shader = self._create_shader(vertex_path, fragment_path, compile_time_config)
                  ^^^^^^^^^^^^^^^^^^^^^^^^^^^^^^^^^^^^^^^^^^^^^^^^^^^^^^^^^^^^^^^^^^^^
  File "c:\Users\laket\OneDrive\Documents\Code\GitHub\PyCode\LakeGraphicsFramework\LakeGraphicsFramework.py", line 347, in _create_shader
    raise e
  File "c:\Users\laket\OneDrive\Documents\Code\GitHub\PyCode\LakeGraphicsFramework\LakeGraphicsFramework.py", line 343, in _create_shader
    gls.compileShader(fragment_program, gl.GL_FRAGMENT_SHADER)
  File "C:\Users\laket\AppData\Local\Programs\Python\Python311\Lib\site-packages\OpenGL\GL\shaders.py", line 235, in compileShader
    raise ShaderCompilationError(
OpenGL.GL.shaders.ShaderCompilationError: ('Shader compile failure (0): b\'0(11) : error C0000: syntax error, unexpected \\\'}\\\', expecting \\\',\\\' or \\\';\\\' at token "}"\\n\'', [b'#version 330 core\n', b'\n', b'uniform vec4 objectColor;\n', b'\n', b'out vec4 color;\n', b'\n', b'void main()\n', b'{\n', b'    color = vec4(objectColor);\n', b'    color.x *= int(gl_FragCoord.x * 100) % 10\n', b'}'], GL_FRAGMENT_SHADER)

