Logfile created with verbose level LOG_ONLY on 23/01/2025 at 17:29:13. Have fun <3

[17:29:13] INFO    : MessageLogger verbose type updating from LOG_ONLY to INFO
[17:29:13] INFO    : MessageLogger verbose type updated from LOG_ONLY to INFO
[17:29:13] INFO    : Imported settings: {'_comment0': 'Supported levels: [NONE, LOG_ONLY, ERROR, WARNING, CRUCIAL, INFO]', 'verbose_type': 'INFO', '_comment1': 'window_resolution irrelevant unless fullscreen is true; fullscreen overwride window_resolution to monitor resolution; windowed false will overwrite fullscreen to true', 'window_resolution': [200, 500], 'fullscreen': True, 'windowed': False, '_comment2': 'setting max_fps to 0 disables the fps cap; vsync will overwride max_fps to match window fps to monitor fps', 'max_fps': 0, 'vsync': True, '_comment3': 'raw_mouse_input will enable raw mouse movement (bypass windows mouse acceleration)', 'raw_mouse_input': True, 'mouse_sensitivity': 1, '_comment4': "Avalable keys: https://www.glfw.org/docs/3.3/group__keys.html (Remove the 'GLFW_KEY_' prefix)", 'key_binds': {'jump': 'SPACE', 'forward': 'W', 'back': 'S', 'left': 'A', 'right': 'D'}}
[17:29:13] INFO    : Window variable validation passed. Variables: {'size': [200, 500], 'caption': 'Into Havoc', 'fullscreen': True, 'windowed': False, 'vsync': True, 'max_fps': 0, 'raw_mouse_input': True, 'center_cursor': True, 'hide_cursor': True}
[17:29:14] INFO    : Window fullscreen.
[17:29:14] INFO    : Window creation passed. Variables: {'size': Size(width=1920, height=1080), 'caption': 'Into Havoc', 'fullscreen': True, 'windowed': False, 'vsync': True, 'max_fps': 0, 'raw_mouse_input': True, 'center_cursor': True, 'hide_cursor': True, 'monitor': <glfw.LP__GLFWmonitor object at 0x000001BB4A9F4150>, 'video_mode': GLFWvidmode(size=Size(width=1920, height=1080), bits=Bits(red=8, green=8, blue=8), refresh_rate=60), 'display_size': Size(width=1920, height=1080), 'aspect_ratio': 1.7777777777777777, 'window': <glfw.LP__GLFWwindow object at 0x000001BB4A9F41D0>}
[17:29:14] INFO    : Setting up Graphics Engine
[17:29:14] INFO    : Creating shader default
[17:29:14] INFO    : No texture handle for the shader default.
[17:29:14] INFO    : Shader creation passed for default. Variables: {'name': 'default', 'shader': 3, 'uniform_handles': {'model': 0, 'view': 3, 'projection': 2, 'color': 1}, 'custom_uniform_handles': {}}
[17:29:14] INFO    : Shader creation for 'example' passed variable validation with 0 warns.
[17:29:14] INFO    : Creating shader example
[17:29:14] INFO    : No texture handle for the shader example.
[17:29:14] INFO    : Shader creation passed for example. Variables: {'name': 'example', 'shader': 6, 'uniform_handles': {'model': 0, 'view': 3, 'projection': 2, 'color': 1}, 'custom_uniform_handles': {}}
[17:29:14] INFO    : Updating skybox color to (0.0, 0.0, 0.0, 1)
[17:29:14] INFO    : Creating shader example
[17:29:14] INFO    : No texture handle for the shader example.
[17:29:14] INFO    : Shader creation passed for example. Variables: {'name': 'example', 'shader': 9, 'uniform_handles': {'model': 0, 'view': 3, 'projection': 2, 'color': 1}, 'custom_uniform_handles': {}}
[17:29:14] INFO    : Updating skybox color to (0.00784313725490196, 0.02, 0.02, 1)
[17:29:14] INFO    : Creating shader example
[17:29:14] INFO    : No texture handle for the shader example.
[17:29:14] INFO    : Shader creation passed for example. Variables: {'name': 'example', 'shader': 12, 'uniform_handles': {'model': 0, 'view': 3, 'projection': 2, 'color': 1}, 'custom_uniform_handles': {}}
[17:29:14] INFO    : Updating skybox color to (0.011764705882352941, 0.03, 0.03, 1)
[17:29:15] INFO    : Creating shader example
[17:29:15] INFO    : No texture handle for the shader example.
[17:29:15] INFO    : Shader creation passed for example. Variables: {'name': 'example', 'shader': 15, 'uniform_handles': {'model': 0, 'view': 3, 'projection': 2, 'color': 1}, 'custom_uniform_handles': {}}
[17:29:15] INFO    : Updating skybox color to (0.01568627450980392, 0.04, 0.04, 1)
[17:29:15] INFO    : Creating shader example
[17:29:15] INFO    : No texture handle for the shader example.
[17:29:15] INFO    : Shader creation passed for example. Variables: {'name': 'example', 'shader': 18, 'uniform_handles': {'model': 0, 'view': 3, 'projection': 2, 'color': 1}, 'custom_uniform_handles': {}}
[17:29:15] INFO    : Updating skybox color to (0.0196078431372549, 0.05, 0.05, 1)
[17:29:15] INFO    : Creating shader example
[17:29:15] INFO    : No texture handle for the shader example.
[17:29:15] INFO    : Shader creation passed for example. Variables: {'name': 'example', 'shader': 21, 'uniform_handles': {'model': 0, 'view': 3, 'projection': 2, 'color': 1}, 'custom_uniform_handles': {}}
[17:29:15] INFO    : Updating skybox color to (0.023529411764705882, 0.06, 0.06, 1)
[17:29:15] INFO    : Creating shader example
[17:29:15] INFO    : No texture handle for the shader example.
[17:29:15] INFO    : Shader creation passed for example. Variables: {'name': 'example', 'shader': 24, 'uniform_handles': {'model': 0, 'view': 3, 'projection': 2, 'color': 1}, 'custom_uniform_handles': {}}
[17:29:15] INFO    : Updating skybox color to (0.027450980392156862, 0.07, 0.07, 1)
[17:29:15] INFO    : Creating shader example
[17:29:15] INFO    : No texture handle for the shader example.
[17:29:15] INFO    : Shader creation passed for example. Variables: {'name': 'example', 'shader': 27, 'uniform_handles': {'model': 0, 'view': 3, 'projection': 2, 'color': 1}, 'custom_uniform_handles': {}}
[17:29:15] INFO    : Updating skybox color to (0.03137254901960784, 0.08, 0.08, 1)
[17:29:15] INFO    : Creating shader example
[17:29:15] INFO    : No texture handle for the shader example.
[17:29:15] INFO    : Shader creation passed for example. Variables: {'name': 'example', 'shader': 30, 'uniform_handles': {'model': 0, 'view': 3, 'projection': 2, 'color': 1}, 'custom_uniform_handles': {}}
[17:29:15] INFO    : Updating skybox color to (0.03529411764705882, 0.09, 0.09, 1)
[17:29:15] INFO    : Creating shader example
[17:29:15] INFO    : No texture handle for the shader example.
[17:29:15] INFO    : Shader creation passed for example. Variables: {'name': 'example', 'shader': 33, 'uniform_handles': {'model': 0, 'view': 3, 'projection': 2, 'color': 1}, 'custom_uniform_handles': {}}
[17:29:15] INFO    : Updating skybox color to (0.0392156862745098, 0.1, 0.1, 1)
[17:29:15] INFO    : Creating shader example
[17:29:15] INFO    : No texture handle for the shader example.
[17:29:15] INFO    : Shader creation passed for example. Variables: {'name': 'example', 'shader': 36, 'uniform_handles': {'model': 0, 'view': 3, 'projection': 2, 'color': 1}, 'custom_uniform_handles': {}}
[17:29:15] INFO    : Updating skybox color to (0.043137254901960784, 0.11, 0.11, 1)
[17:29:15] INFO    : Creating shader example
[17:29:15] INFO    : No texture handle for the shader example.
[17:29:15] INFO    : Shader creation passed for example. Variables: {'name': 'example', 'shader': 39, 'uniform_handles': {'model': 0, 'view': 3, 'projection': 2, 'color': 1}, 'custom_uniform_handles': {}}
[17:29:15] INFO    : Updating skybox color to (0.047058823529411764, 0.12, 0.12, 1)
[17:29:15] INFO    : Creating shader example
[17:29:15] INFO    : No texture handle for the shader example.
[17:29:15] INFO    : Shader creation passed for example. Variables: {'name': 'example', 'shader': 42, 'uniform_handles': {'model': 0, 'view': 3, 'projection': 2, 'color': 1}, 'custom_uniform_handles': {}}
[17:29:15] INFO    : Updating skybox color to (0.050980392156862744, 0.13, 0.13, 1)
[17:29:16] INFO    : Creating shader example
[17:29:16] INFO    : No texture handle for the shader example.
[17:29:16] INFO    : Shader creation passed for example. Variables: {'name': 'example', 'shader': 45, 'uniform_handles': {'model': 0, 'view': 3, 'projection': 2, 'color': 1}, 'custom_uniform_handles': {}}
[17:29:16] INFO    : Updating skybox color to (0.054901960784313725, 0.14, 0.14, 1)
[17:29:16] INFO    : Creating shader example
[17:29:16] INFO    : No texture handle for the shader example.
[17:29:16] INFO    : Shader creation passed for example. Variables: {'name': 'example', 'shader': 48, 'uniform_handles': {'model': 0, 'view': 3, 'projection': 2, 'color': 1}, 'custom_uniform_handles': {}}
[17:29:16] INFO    : Updating skybox color to (0.058823529411764705, 0.15, 0.15, 1)
[17:29:16] INFO    : Creating shader example
[17:29:16] INFO    : No texture handle for the shader example.
[17:29:16] INFO    : Shader creation passed for example. Variables: {'name': 'example', 'shader': 51, 'uniform_handles': {'model': 0, 'view': 3, 'projection': 2, 'color': 1}, 'custom_uniform_handles': {}}
[17:29:16] INFO    : Updating skybox color to (0.06274509803921569, 0.16, 0.16, 1)
[17:29:16] INFO    : Creating shader example
[17:29:16] INFO    : No texture handle for the shader example.
[17:29:16] INFO    : Shader creation passed for example. Variables: {'name': 'example', 'shader': 54, 'uniform_handles': {'model': 0, 'view': 3, 'projection': 2, 'color': 1}, 'custom_uniform_handles': {}}
[17:29:16] INFO    : Updating skybox color to (0.06666666666666667, 0.17, 0.17, 1)
[17:29:16] INFO    : Creating shader example
[17:29:16] INFO    : No texture handle for the shader example.
[17:29:16] INFO    : Shader creation passed for example. Variables: {'name': 'example', 'shader': 57, 'uniform_handles': {'model': 0, 'view': 3, 'projection': 2, 'color': 1}, 'custom_uniform_handles': {}}
[17:29:16] INFO    : Updating skybox color to (0.07058823529411765, 0.18, 0.18, 1)
[17:29:16] INFO    : Creating shader example
[17:29:16] INFO    : No texture handle for the shader example.
[17:29:16] INFO    : Shader creation passed for example. Variables: {'name': 'example', 'shader': 60, 'uniform_handles': {'model': 0, 'view': 3, 'projection': 2, 'color': 1}, 'custom_uniform_handles': {}}
[17:29:16] INFO    : Updating skybox color to (0.07450980392156863, 0.19, 0.19, 1)
[17:29:16] INFO    : Creating shader example
[17:29:16] INFO    : No texture handle for the shader example.
[17:29:16] INFO    : Shader creation passed for example. Variables: {'name': 'example', 'shader': 63, 'uniform_handles': {'model': 0, 'view': 3, 'projection': 2, 'color': 1}, 'custom_uniform_handles': {}}
[17:29:16] INFO    : Updating skybox color to (0.0784313725490196, 0.2, 0.2, 1)
[17:29:16] INFO    : Creating shader example
[17:29:16] INFO    : No texture handle for the shader example.
[17:29:16] INFO    : Shader creation passed for example. Variables: {'name': 'example', 'shader': 66, 'uniform_handles': {'model': 0, 'view': 3, 'projection': 2, 'color': 1}, 'custom_uniform_handles': {}}
[17:29:16] INFO    : Updating skybox color to (0.08235294117647059, 0.21, 0.21, 1)
[17:29:16] INFO    : Creating shader example
[17:29:16] INFO    : No texture handle for the shader example.
[17:29:16] INFO    : Shader creation passed for example. Variables: {'name': 'example', 'shader': 69, 'uniform_handles': {'model': 0, 'view': 3, 'projection': 2, 'color': 1}, 'custom_uniform_handles': {}}
[17:29:16] INFO    : Updating skybox color to (0.08627450980392157, 0.22, 0.22, 1)
[17:29:16] INFO    : Creating shader example
[17:29:16] INFO    : No texture handle for the shader example.
[17:29:16] INFO    : Shader creation passed for example. Variables: {'name': 'example', 'shader': 72, 'uniform_handles': {'model': 0, 'view': 3, 'projection': 2, 'color': 1}, 'custom_uniform_handles': {}}
[17:29:16] INFO    : Updating skybox color to (0.09019607843137255, 0.23, 0.23, 1)
[17:29:17] INFO    : Creating shader example
[17:29:17] INFO    : No texture handle for the shader example.
[17:29:17] INFO    : Shader creation passed for example. Variables: {'name': 'example', 'shader': 75, 'uniform_handles': {'model': 0, 'view': 3, 'projection': 2, 'color': 1}, 'custom_uniform_handles': {}}
[17:29:17] INFO    : Updating skybox color to (0.09411764705882353, 0.24, 0.24, 1)
[17:29:17] INFO    : Creating shader example
[17:29:17] INFO    : No texture handle for the shader example.
[17:29:17] INFO    : Shader creation passed for example. Variables: {'name': 'example', 'shader': 78, 'uniform_handles': {'model': 0, 'view': 3, 'projection': 2, 'color': 1}, 'custom_uniform_handles': {}}
[17:29:17] INFO    : Updating skybox color to (0.09803921568627451, 0.25, 0.25, 1)
[17:29:17] INFO    : Creating shader example
[17:29:17] INFO    : No texture handle for the shader example.
[17:29:17] INFO    : Shader creation passed for example. Variables: {'name': 'example', 'shader': 81, 'uniform_handles': {'model': 0, 'view': 3, 'projection': 2, 'color': 1}, 'custom_uniform_handles': {}}
[17:29:17] INFO    : Updating skybox color to (0.10196078431372549, 0.26, 0.26, 1)
[17:29:17] INFO    : Creating shader example
[17:29:17] INFO    : No texture handle for the shader example.
[17:29:17] INFO    : Shader creation passed for example. Variables: {'name': 'example', 'shader': 84, 'uniform_handles': {'model': 0, 'view': 3, 'projection': 2, 'color': 1}, 'custom_uniform_handles': {}}
[17:29:17] INFO    : Updating skybox color to (0.10588235294117647, 0.27, 0.27, 1)
[17:29:17] INFO    : Creating shader example
[17:29:17] INFO    : No texture handle for the shader example.
[17:29:17] INFO    : Shader creation passed for example. Variables: {'name': 'example', 'shader': 87, 'uniform_handles': {'model': 0, 'view': 3, 'projection': 2, 'color': 1}, 'custom_uniform_handles': {}}
[17:29:17] INFO    : Updating skybox color to (0.10980392156862745, 0.28, 0.28, 1)
[17:29:17] INFO    : Creating shader example
[17:29:17] INFO    : No texture handle for the shader example.
[17:29:17] INFO    : Shader creation passed for example. Variables: {'name': 'example', 'shader': 90, 'uniform_handles': {'model': 0, 'view': 3, 'projection': 2, 'color': 1}, 'custom_uniform_handles': {}}
[17:29:17] INFO    : Updating skybox color to (0.11372549019607843, 0.29, 0.29, 1)
[17:29:17] INFO    : Creating shader example
[17:29:17] INFO    : No texture handle for the shader example.
[17:29:17] INFO    : Shader creation passed for example. Variables: {'name': 'example', 'shader': 93, 'uniform_handles': {'model': 0, 'view': 3, 'projection': 2, 'color': 1}, 'custom_uniform_handles': {}}
[17:29:17] INFO    : Updating skybox color to (0.11764705882352941, 0.3, 0.3, 1)
[17:29:17] INFO    : Creating shader example
[17:29:17] INFO    : No texture handle for the shader example.
[17:29:17] INFO    : Shader creation passed for example. Variables: {'name': 'example', 'shader': 96, 'uniform_handles': {'model': 0, 'view': 3, 'projection': 2, 'color': 1}, 'custom_uniform_handles': {}}
[17:29:17] INFO    : Updating skybox color to (0.12156862745098039, 0.31, 0.31, 1)
[17:29:17] INFO    : Creating shader example
[17:29:17] INFO    : No texture handle for the shader example.
[17:29:17] INFO    : Shader creation passed for example. Variables: {'name': 'example', 'shader': 99, 'uniform_handles': {'model': 0, 'view': 3, 'projection': 2, 'color': 1}, 'custom_uniform_handles': {}}
[17:29:17] INFO    : Updating skybox color to (0.12549019607843137, 0.32, 0.32, 1)
[17:29:17] INFO    : Creating shader example
[17:29:17] INFO    : No texture handle for the shader example.
[17:29:17] INFO    : Shader creation passed for example. Variables: {'name': 'example', 'shader': 102, 'uniform_handles': {'model': 0, 'view': 3, 'projection': 2, 'color': 1}, 'custom_uniform_handles': {}}
[17:29:17] INFO    : Updating skybox color to (0.12941176470588237, 0.33, 0.33, 1)
[17:29:18] INFO    : Creating shader example
[17:29:18] INFO    : No texture handle for the shader example.
[17:29:18] INFO    : Shader creation passed for example. Variables: {'name': 'example', 'shader': 105, 'uniform_handles': {'model': 0, 'view': 3, 'projection': 2, 'color': 1}, 'custom_uniform_handles': {}}
[17:29:18] INFO    : Updating skybox color to (0.13333333333333333, 0.34, 0.34, 1)
[17:29:18] INFO    : Creating shader example
[17:29:18] INFO    : No texture handle for the shader example.
[17:29:18] INFO    : Shader creation passed for example. Variables: {'name': 'example', 'shader': 108, 'uniform_handles': {'model': 0, 'view': 3, 'projection': 2, 'color': 1}, 'custom_uniform_handles': {}}
[17:29:18] INFO    : Updating skybox color to (0.13725490196078433, 0.35, 0.35, 1)
[17:29:18] INFO    : Creating shader example
[17:29:18] INFO    : No texture handle for the shader example.
[17:29:18] INFO    : Shader creation passed for example. Variables: {'name': 'example', 'shader': 111, 'uniform_handles': {'model': 0, 'view': 3, 'projection': 2, 'color': 1}, 'custom_uniform_handles': {}}
[17:29:18] INFO    : Updating skybox color to (0.1411764705882353, 0.36, 0.36, 1)
[17:29:18] INFO    : Creating shader example
[17:29:18] INFO    : No texture handle for the shader example.
[17:29:18] INFO    : Shader creation passed for example. Variables: {'name': 'example', 'shader': 114, 'uniform_handles': {'model': 0, 'view': 3, 'projection': 2, 'color': 1}, 'custom_uniform_handles': {}}
[17:29:18] INFO    : Updating skybox color to (0.1450980392156863, 0.37, 0.37, 1)
[17:29:18] INFO    : Creating shader example
[17:29:18] INFO    : No texture handle for the shader example.
[17:29:18] INFO    : Shader creation passed for example. Variables: {'name': 'example', 'shader': 117, 'uniform_handles': {'model': 0, 'view': 3, 'projection': 2, 'color': 1}, 'custom_uniform_handles': {}}
[17:29:18] INFO    : Updating skybox color to (0.14901960784313725, 0.38, 0.38, 1)
[17:29:18] INFO    : Creating shader example
[17:29:18] INFO    : No texture handle for the shader example.
[17:29:18] INFO    : Shader creation passed for example. Variables: {'name': 'example', 'shader': 120, 'uniform_handles': {'model': 0, 'view': 3, 'projection': 2, 'color': 1}, 'custom_uniform_handles': {}}
[17:29:18] INFO    : Updating skybox color to (0.15294117647058825, 0.39, 0.39, 1)
[17:29:18] INFO    : Creating shader example
[17:29:18] INFO    : No texture handle for the shader example.
[17:29:18] INFO    : Shader creation passed for example. Variables: {'name': 'example', 'shader': 123, 'uniform_handles': {'model': 0, 'view': 3, 'projection': 2, 'color': 1}, 'custom_uniform_handles': {}}
[17:29:18] INFO    : Updating skybox color to (0.1568627450980392, 0.4, 0.4, 1)
[17:29:18] INFO    : Creating shader example
[17:29:18] INFO    : No texture handle for the shader example.
[17:29:18] INFO    : Shader creation passed for example. Variables: {'name': 'example', 'shader': 126, 'uniform_handles': {'model': 0, 'view': 3, 'projection': 2, 'color': 1}, 'custom_uniform_handles': {}}
[17:29:18] INFO    : Updating skybox color to (0.1607843137254902, 0.41, 0.41, 1)
[17:29:18] INFO    : Creating shader example
[17:29:18] INFO    : No texture handle for the shader example.
[17:29:18] INFO    : Shader creation passed for example. Variables: {'name': 'example', 'shader': 129, 'uniform_handles': {'model': 0, 'view': 3, 'projection': 2, 'color': 1}, 'custom_uniform_handles': {}}
[17:29:18] INFO    : Updating skybox color to (0.16470588235294117, 0.42, 0.42, 1)
[17:29:18] INFO    : Creating shader example
[17:29:18] INFO    : No texture handle for the shader example.
[17:29:18] INFO    : Shader creation passed for example. Variables: {'name': 'example', 'shader': 132, 'uniform_handles': {'model': 0, 'view': 3, 'projection': 2, 'color': 1}, 'custom_uniform_handles': {}}
[17:29:18] INFO    : Updating skybox color to (0.16862745098039217, 0.43, 0.43, 1)
[17:29:19] INFO    : Creating shader example
[17:29:19] INFO    : No texture handle for the shader example.
[17:29:19] INFO    : Shader creation passed for example. Variables: {'name': 'example', 'shader': 135, 'uniform_handles': {'model': 0, 'view': 3, 'projection': 2, 'color': 1}, 'custom_uniform_handles': {}}
[17:29:19] INFO    : Updating skybox color to (0.17254901960784313, 0.44, 0.44, 1)
[17:29:19] INFO    : Creating shader example
[17:29:19] INFO    : No texture handle for the shader example.
[17:29:19] INFO    : Shader creation passed for example. Variables: {'name': 'example', 'shader': 138, 'uniform_handles': {'model': 0, 'view': 3, 'projection': 2, 'color': 1}, 'custom_uniform_handles': {}}
[17:29:19] INFO    : Updating skybox color to (0.17647058823529413, 0.45, 0.45, 1)
[17:29:19] INFO    : Creating shader example
[17:29:19] INFO    : No texture handle for the shader example.
[17:29:19] INFO    : Shader creation passed for example. Variables: {'name': 'example', 'shader': 141, 'uniform_handles': {'model': 0, 'view': 3, 'projection': 2, 'color': 1}, 'custom_uniform_handles': {}}
[17:29:19] INFO    : Updating skybox color to (0.1803921568627451, 0.46, 0.46, 1)
[17:29:19] INFO    : Creating shader example
[17:29:19] INFO    : No texture handle for the shader example.
[17:29:19] INFO    : Shader creation passed for example. Variables: {'name': 'example', 'shader': 144, 'uniform_handles': {'model': 0, 'view': 3, 'projection': 2, 'color': 1}, 'custom_uniform_handles': {}}
[17:29:19] INFO    : Updating skybox color to (0.1843137254901961, 0.47, 0.47, 1)
[17:29:19] INFO    : Creating shader example
[17:29:19] INFO    : No texture handle for the shader example.
[17:29:19] INFO    : Shader creation passed for example. Variables: {'name': 'example', 'shader': 147, 'uniform_handles': {'model': 0, 'view': 3, 'projection': 2, 'color': 1}, 'custom_uniform_handles': {}}
[17:29:19] INFO    : Updating skybox color to (0.18823529411764706, 0.48, 0.48, 1)
[17:29:19] INFO    : Creating shader example
[17:29:19] INFO    : No texture handle for the shader example.
[17:29:19] INFO    : Shader creation passed for example. Variables: {'name': 'example', 'shader': 150, 'uniform_handles': {'model': 0, 'view': 3, 'projection': 2, 'color': 1}, 'custom_uniform_handles': {}}
[17:29:19] INFO    : Updating skybox color to (0.19215686274509805, 0.49, 0.49, 1)
[17:29:19] INFO    : Creating shader example
[17:29:19] INFO    : No texture handle for the shader example.
[17:29:19] INFO    : Shader creation passed for example. Variables: {'name': 'example', 'shader': 153, 'uniform_handles': {'model': 0, 'view': 3, 'projection': 2, 'color': 1}, 'custom_uniform_handles': {}}
[17:29:19] INFO    : Updating skybox color to (0.19607843137254902, 0.5, 0.5, 1)
[17:29:19] INFO    : Creating shader example
[17:29:19] INFO    : No texture handle for the shader example.
[17:29:19] INFO    : Shader creation passed for example. Variables: {'name': 'example', 'shader': 156, 'uniform_handles': {'model': 0, 'view': 3, 'projection': 2, 'color': 1}, 'custom_uniform_handles': {}}
[17:29:19] INFO    : Updating skybox color to (0.2, 0.51, 0.51, 1)
[17:29:19] INFO    : Creating shader example
[17:29:19] INFO    : No texture handle for the shader example.
[17:29:19] INFO    : Shader creation passed for example. Variables: {'name': 'example', 'shader': 159, 'uniform_handles': {'model': 0, 'view': 3, 'projection': 2, 'color': 1}, 'custom_uniform_handles': {}}
[17:29:19] INFO    : Updating skybox color to (0.20392156862745098, 0.52, 0.52, 1)
[17:29:19] INFO    : Creating shader example
[17:29:19] INFO    : No texture handle for the shader example.
[17:29:19] INFO    : Shader creation passed for example. Variables: {'name': 'example', 'shader': 162, 'uniform_handles': {'model': 0, 'view': 3, 'projection': 2, 'color': 1}, 'custom_uniform_handles': {}}
[17:29:19] INFO    : Updating skybox color to (0.20784313725490197, 0.53, 0.53, 1)
[17:29:20] INFO    : Creating shader example
[17:29:20] INFO    : No texture handle for the shader example.
[17:29:20] INFO    : Shader creation passed for example. Variables: {'name': 'example', 'shader': 165, 'uniform_handles': {'model': 0, 'view': 3, 'projection': 2, 'color': 1}, 'custom_uniform_handles': {}}
[17:29:20] INFO    : Updating skybox color to (0.21176470588235294, 0.54, 0.54, 1)
[17:29:20] INFO    : Creating shader example
[17:29:20] INFO    : No texture handle for the shader example.
[17:29:20] INFO    : Shader creation passed for example. Variables: {'name': 'example', 'shader': 168, 'uniform_handles': {'model': 0, 'view': 3, 'projection': 2, 'color': 1}, 'custom_uniform_handles': {}}
[17:29:20] INFO    : Updating skybox color to (0.21568627450980393, 0.55, 0.55, 1)
[17:29:20] INFO    : Creating shader example
[17:29:20] INFO    : No texture handle for the shader example.
[17:29:20] INFO    : Shader creation passed for example. Variables: {'name': 'example', 'shader': 171, 'uniform_handles': {'model': 0, 'view': 3, 'projection': 2, 'color': 1}, 'custom_uniform_handles': {}}
[17:29:20] INFO    : Updating skybox color to (0.2196078431372549, 0.56, 0.56, 1)
[17:29:20] INFO    : Creating shader example
[17:29:20] INFO    : No texture handle for the shader example.
[17:29:20] INFO    : Shader creation passed for example. Variables: {'name': 'example', 'shader': 174, 'uniform_handles': {'model': 0, 'view': 3, 'projection': 2, 'color': 1}, 'custom_uniform_handles': {}}
[17:29:20] INFO    : Updating skybox color to (0.2235294117647059, 0.57, 0.57, 1)
[17:29:20] INFO    : Creating shader example
[17:29:20] INFO    : No texture handle for the shader example.
[17:29:20] INFO    : Shader creation passed for example. Variables: {'name': 'example', 'shader': 177, 'uniform_handles': {'model': 0, 'view': 3, 'projection': 2, 'color': 1}, 'custom_uniform_handles': {}}
[17:29:20] INFO    : Updating skybox color to (0.22745098039215686, 0.58, 0.58, 1)
[17:29:20] INFO    : Creating shader example
[17:29:20] INFO    : No texture handle for the shader example.
[17:29:20] INFO    : Shader creation passed for example. Variables: {'name': 'example', 'shader': 180, 'uniform_handles': {'model': 0, 'view': 3, 'projection': 2, 'color': 1}, 'custom_uniform_handles': {}}
[17:29:20] INFO    : Updating skybox color to (0.23137254901960785, 0.59, 0.59, 1)
[17:29:20] INFO    : Creating shader example
[17:29:20] INFO    : No texture handle for the shader example.
[17:29:20] INFO    : Shader creation passed for example. Variables: {'name': 'example', 'shader': 183, 'uniform_handles': {'model': 0, 'view': 3, 'projection': 2, 'color': 1}, 'custom_uniform_handles': {}}
[17:29:20] INFO    : Updating skybox color to (0.23529411764705882, 0.6, 0.6, 1)
[17:29:20] INFO    : Creating shader example
[17:29:20] INFO    : No texture handle for the shader example.
[17:29:20] INFO    : Shader creation passed for example. Variables: {'name': 'example', 'shader': 186, 'uniform_handles': {'model': 0, 'view': 3, 'projection': 2, 'color': 1}, 'custom_uniform_handles': {}}
[17:29:20] INFO    : Updating skybox color to (0.23921568627450981, 0.61, 0.61, 1)
[17:29:20] INFO    : Creating shader example
[17:29:20] INFO    : No texture handle for the shader example.
[17:29:20] INFO    : Shader creation passed for example. Variables: {'name': 'example', 'shader': 189, 'uniform_handles': {'model': 0, 'view': 3, 'projection': 2, 'color': 1}, 'custom_uniform_handles': {}}
[17:29:20] INFO    : Updating skybox color to (0.24313725490196078, 0.62, 0.62, 1)
[17:29:20] INFO    : Creating shader example
[17:29:20] INFO    : No texture handle for the shader example.
[17:29:20] INFO    : Shader creation passed for example. Variables: {'name': 'example', 'shader': 192, 'uniform_handles': {'model': 0, 'view': 3, 'projection': 2, 'color': 1}, 'custom_uniform_handles': {}}
[17:29:20] INFO    : Updating skybox color to (0.24705882352941178, 0.63, 0.63, 1)
[17:29:21] INFO    : Creating shader example
[17:29:21] INFO    : No texture handle for the shader example.
[17:29:21] INFO    : Shader creation passed for example. Variables: {'name': 'example', 'shader': 195, 'uniform_handles': {'model': 0, 'view': 3, 'projection': 2, 'color': 1}, 'custom_uniform_handles': {}}
[17:29:21] INFO    : Updating skybox color to (0.25098039215686274, 0.64, 0.64, 1)
[17:29:21] INFO    : Creating shader example
[17:29:21] INFO    : No texture handle for the shader example.
[17:29:21] INFO    : Shader creation passed for example. Variables: {'name': 'example', 'shader': 198, 'uniform_handles': {'model': 0, 'view': 3, 'projection': 2, 'color': 1}, 'custom_uniform_handles': {}}
[17:29:21] INFO    : Updating skybox color to (0.2549019607843137, 0.65, 0.65, 1)
[17:29:21] INFO    : Creating shader example
[17:29:21] INFO    : No texture handle for the shader example.
[17:29:21] INFO    : Shader creation passed for example. Variables: {'name': 'example', 'shader': 201, 'uniform_handles': {'model': 0, 'view': 3, 'projection': 2, 'color': 1}, 'custom_uniform_handles': {}}
[17:29:21] INFO    : Updating skybox color to (0.25882352941176473, 0.66, 0.66, 1)
[17:29:21] INFO    : Creating shader example
[17:29:21] INFO    : No texture handle for the shader example.
[17:29:21] INFO    : Shader creation passed for example. Variables: {'name': 'example', 'shader': 204, 'uniform_handles': {'model': 0, 'view': 3, 'projection': 2, 'color': 1}, 'custom_uniform_handles': {}}
[17:29:21] INFO    : Updating skybox color to (0.2627450980392157, 0.67, 0.67, 1)
[17:29:21] INFO    : Creating shader example
[17:29:21] INFO    : No texture handle for the shader example.
[17:29:21] INFO    : Shader creation passed for example. Variables: {'name': 'example', 'shader': 207, 'uniform_handles': {'model': 0, 'view': 3, 'projection': 2, 'color': 1}, 'custom_uniform_handles': {}}
[17:29:21] INFO    : Updating skybox color to (0.26666666666666666, 0.68, 0.68, 1)
[17:29:21] INFO    : Creating shader example
[17:29:21] INFO    : No texture handle for the shader example.
[17:29:21] INFO    : Shader creation passed for example. Variables: {'name': 'example', 'shader': 210, 'uniform_handles': {'model': 0, 'view': 3, 'projection': 2, 'color': 1}, 'custom_uniform_handles': {}}
[17:29:21] INFO    : Updating skybox color to (0.27058823529411763, 0.69, 0.69, 1)
[17:29:21] INFO    : Creating shader example
[17:29:21] INFO    : No texture handle for the shader example.
[17:29:21] INFO    : Shader creation passed for example. Variables: {'name': 'example', 'shader': 213, 'uniform_handles': {'model': 0, 'view': 3, 'projection': 2, 'color': 1}, 'custom_uniform_handles': {}}
[17:29:21] INFO    : Updating skybox color to (0.27450980392156865, 0.7, 0.7, 1)
[17:29:21] INFO    : Creating shader example
[17:29:21] INFO    : No texture handle for the shader example.
[17:29:21] INFO    : Shader creation passed for example. Variables: {'name': 'example', 'shader': 216, 'uniform_handles': {'model': 0, 'view': 3, 'projection': 2, 'color': 1}, 'custom_uniform_handles': {}}
[17:29:21] INFO    : Updating skybox color to (0.2784313725490196, 0.71, 0.71, 1)
[17:29:21] INFO    : Creating shader example
[17:29:21] INFO    : No texture handle for the shader example.
[17:29:21] INFO    : Shader creation passed for example. Variables: {'name': 'example', 'shader': 219, 'uniform_handles': {'model': 0, 'view': 3, 'projection': 2, 'color': 1}, 'custom_uniform_handles': {}}
[17:29:21] INFO    : Updating skybox color to (0.2823529411764706, 0.72, 0.72, 1)
[17:29:21] INFO    : Creating shader example
[17:29:21] INFO    : No texture handle for the shader example.
[17:29:21] INFO    : Shader creation passed for example. Variables: {'name': 'example', 'shader': 222, 'uniform_handles': {'model': 0, 'view': 3, 'projection': 2, 'color': 1}, 'custom_uniform_handles': {}}
[17:29:21] INFO    : Updating skybox color to (0.28627450980392155, 0.73, 0.73, 1)
[17:29:24] INFO    : Program terminating
