Logfile created with verbose level LOG_ONLY on 07/06/2025 at 15:44:57. Have fun <3

[15:44:57] INFO    : MessageLogger verbose type updating from LOG_ONLY to INFO
[15:44:57] INFO    : MessageLogger verbose type updated from LOG_ONLY to INFO
[15:44:57] INFO    : Imported settings: {'_comment0': 'DEBUG             | Supported levels: [NONE, LOG_ONLY, ERROR, WARNING, CRUCIAL, INFO]', 'verbose_type': 'INFO', '_comment1': 'SCREEN RESOLUTION | window_resolution irrelevant unless fullscreen is true; fullscreen overwride window_resolution to monitor resolution; windowed false will overwrite fullscreen to true', 'window_resolution': [200, 500], 'fullscreen': True, 'windowed': False, '_comment2': 'SCREEN FPS        | setting max_fps to 0 disables the fps cap; vsync will overwride max_fps to match window fps to monitor fps', 'max_fps': 0, 'vsync': True, '_comment3': 'MOUSE AND CURSOR  | raw_mouse_input will enable raw mouse movement (bypass windows mouse acceleration)', 'raw_mouse_input': True, 'mouse_sensitivity': 1, 'hide_cursor': True, 'center_cursor_on_creation': True, '_comment4': "KEY BINDS         | Avalable keys: https://www.glfw.org/docs/3.3/group__keys.html (Remove the 'GLFW_KEY_' prefix)", 'key_binds': {'jump': 'SPACE', 'forward': 'W', 'back': 'S', 'left': 'A', 'right': 'D'}}
[15:44:57] INFO    : Window variable validation passed. Variables: {'size': [200, 500], 'caption': 'Into Havoc', 'fullscreen': True, 'windowed': False, 'vsync': True, 'max_fps': 0, 'raw_mouse_input': True, 'center_cursor_on_creation': True, 'hide_cursor': True}
[15:44:57] INFO    : Window fullscreen.
[15:44:58] INFO    : Window creation passed. Variables: {'size': Size(width=1920, height=1080), 'caption': 'Into Havoc', 'fullscreen': True, 'windowed': False, 'vsync': True, 'max_fps': 0, 'raw_mouse_input': True, 'center_cursor_on_creation': True, 'hide_cursor': True, 'monitor': <glfw.LP__GLFWmonitor object at 0x000001FF19A2D2D0>, 'video_mode': GLFWvidmode(size=Size(width=1920, height=1080), bits=Bits(red=8, green=8, blue=8), refresh_rate=75), 'display_size': Size(width=1920, height=1080), 'aspect_ratio': 1.7777777777777777, 'window': <glfw.LP__GLFWwindow object at 0x000001FF32CC47D0>}
[15:44:58] INFO    : Setting up Graphics Engine
[15:44:58] INFO    : Creating shader
[15:44:58] INFO    : No texture handle for this shader.
[15:44:58] INFO    : Shader creation passed. Variables: {'shader': 3, 'uniform_handles': {'model': 0, 'view': 3, 'projection': 2, 'color': 1}, 'custom_uniform_handles': {}}
[15:44:58] INFO    : Shader creation passed variable validation.
[15:44:58] INFO    : Creating shader
[15:44:58] INFO    : No texture handle for this shader.
[15:44:58] INFO    : Shader creation passed. Variables: {'shader': 6, 'uniform_handles': {'model': 0, 'view': 2, 'projection': 1, 'color': -1}, 'custom_uniform_handles': {}}
[15:45:00] CRUCIAL : ('\x1e', 1, 0)
[15:45:00] CRUCIAL : ('\x1e', 0, 0)
[15:45:01] CRUCIAL : ('0', 1, 0)
[15:45:01] CRUCIAL : ('0', 0, 0)
[15:45:01] CRUCIAL : ('.', 1, 0)
[15:45:01] CRUCIAL : ('.', 0, 0)
[15:45:01] CRUCIAL : (' ', 1, 0)
[15:45:01] CRUCIAL : (' ', 0, 0)
[15:45:02] CRUCIAL : ('\x02', 1, 0)
[15:45:02] CRUCIAL : ('\x02', 0, 0)
[15:45:02] CRUCIAL : ('\x03', 1, 0)
[15:45:02] CRUCIAL : ('\x03', 0, 0)
[15:45:02] CRUCIAL : ('\x04', 1, 0)
[15:45:02] CRUCIAL : ('\x04', 0, 0)
[15:45:02] CRUCIAL : ('\x05', 1, 0)
[15:45:02] CRUCIAL : ('\x05', 0, 0)
[15:45:03] CRUCIAL : ('\x01', 1, 0)
[15:45:03] CRUCIAL : ('\x01', 0, 0)
[15:45:03] CRUCIAL : ('\x01', 1, 0)
[15:45:03] INFO    : Window close requested.
[15:45:03] CRUCIAL : Exit main thread
[15:45:03] INFO    : Closing window...
[15:45:03] INFO    : Destroying shaders in GraphicsEngine.
[15:45:03] INFO    : Window closed.
[15:45:03] INFO    : Program terminating
