Logfile created with verbose level LOG_ONLY on 23/01/2025 at 18:34:32. Have fun <3

[18:34:32] INFO    : MessageLogger verbose type updating from LOG_ONLY to INFO
[18:34:32] INFO    : MessageLogger verbose type updated from LOG_ONLY to INFO
[18:34:32] INFO    : Imported settings: {'_comment0': 'Supported levels: [NONE, LOG_ONLY, ERROR, WARNING, CRUCIAL, INFO]', 'verbose_type': 'INFO', '_comment1': 'window_resolution irrelevant unless fullscreen is true; fullscreen overwride window_resolution to monitor resolution; windowed false will overwrite fullscreen to true', 'window_resolution': [200, 500], 'fullscreen': True, 'windowed': False, '_comment2': 'setting max_fps to 0 disables the fps cap; vsync will overwride max_fps to match window fps to monitor fps', 'max_fps': 0, 'vsync': True, '_comment3': 'raw_mouse_input will enable raw mouse movement (bypass windows mouse acceleration)', 'raw_mouse_input': True, 'mouse_sensitivity': 1, '_comment4': "Avalable keys: https://www.glfw.org/docs/3.3/group__keys.html (Remove the 'GLFW_KEY_' prefix)", 'key_binds': {'jump': 'SPACE', 'forward': 'W', 'back': 'S', 'left': 'A', 'right': 'D'}}
[18:34:32] INFO    : Window variable validation passed. Variables: {'size': [200, 500], 'caption': 'Into Havoc', 'fullscreen': True, 'windowed': False, 'vsync': True, 'max_fps': 0, 'raw_mouse_input': True, 'center_cursor': True, 'hide_cursor': True}
[18:34:32] INFO    : Window fullscreen.
[18:34:33] INFO    : Window creation passed. Variables: {'size': Size(width=1920, height=1080), 'caption': 'Into Havoc', 'fullscreen': True, 'windowed': False, 'vsync': True, 'max_fps': 0, 'raw_mouse_input': True, 'center_cursor': True, 'hide_cursor': True, 'monitor': <glfw.LP__GLFWmonitor object at 0x00000283FF334150>, 'video_mode': GLFWvidmode(size=Size(width=1920, height=1080), bits=Bits(red=8, green=8, blue=8), refresh_rate=60), 'display_size': Size(width=1920, height=1080), 'aspect_ratio': 1.7777777777777777, 'window': <glfw.LP__GLFWwindow object at 0x00000283FF3341D0>}
[18:34:33] INFO    : Setting up Graphics Engine
[18:34:33] INFO    : Creating shader
[18:34:33] INFO    : No texture handle for this shader.
[18:34:33] INFO    : Shader creation passed. Variables: {'shader': 3, 'uniform_handles': {'model': 0, 'view': 3, 'projection': 2, 'color': 1}, 'custom_uniform_handles': {}}
[18:34:33] CRUCIAL : []
[18:34:33] INFO    : Updating skybox color to (0.0, 0.0, 0.0, 1)
[18:34:33] CRUCIAL : []
[18:34:33] INFO    : Updating skybox color to (0.00392156862745098, 0.001, 0.001, 1)
[18:34:33] CRUCIAL : []
[18:34:33] CRUCIAL : []
[18:34:33] CRUCIAL : []
[18:34:33] CRUCIAL : []
[18:34:33] INFO    : Updating skybox color to (0.00784313725490196, 0.002, 0.002, 1)
[18:34:33] CRUCIAL : []
[18:34:33] CRUCIAL : []
[18:34:33] CRUCIAL : []
[18:34:33] CRUCIAL : []
[18:34:33] CRUCIAL : []
[18:34:33] CRUCIAL : []
[18:34:33] CRUCIAL : []
[18:34:33] CRUCIAL : []
[18:34:33] INFO    : Updating skybox color to (0.011764705882352941, 0.003, 0.003, 1)
[18:34:33] CRUCIAL : []
[18:34:33] CRUCIAL : []
[18:34:33] CRUCIAL : []
[18:34:33] CRUCIAL : []
[18:34:33] CRUCIAL : []
[18:34:33] CRUCIAL : []
[18:34:33] CRUCIAL : []
[18:34:33] INFO    : Updating skybox color to (0.01568627450980392, 0.004, 0.004, 1)
[18:34:33] CRUCIAL : []
[18:34:33] CRUCIAL : []
[18:34:33] CRUCIAL : []
[18:34:33] CRUCIAL : []
[18:34:33] CRUCIAL : []
[18:34:33] CRUCIAL : []
[18:34:33] CRUCIAL : []
[18:34:33] CRUCIAL : []
[18:34:33] INFO    : Updating skybox color to (0.0196078431372549, 0.005, 0.005, 1)
[18:34:33] CRUCIAL : []
[18:34:33] CRUCIAL : []
[18:34:33] CRUCIAL : []
[18:34:33] CRUCIAL : []
[18:34:33] CRUCIAL : []
[18:34:33] CRUCIAL : []
[18:34:33] CRUCIAL : []
[18:34:33] INFO    : Updating skybox color to (0.023529411764705882, 0.006, 0.006, 1)
[18:34:34] CRUCIAL : []
[18:34:34] CRUCIAL : []
[18:34:34] CRUCIAL : []
[18:34:34] CRUCIAL : []
[18:34:34] CRUCIAL : []
[18:34:34] CRUCIAL : []
[18:34:34] CRUCIAL : []
[18:34:34] CRUCIAL : []
[18:34:34] INFO    : Updating skybox color to (0.027450980392156862, 0.007, 0.007, 1)
[18:34:34] CRUCIAL : []
[18:34:34] CRUCIAL : []
[18:34:34] CRUCIAL : []
[18:34:34] CRUCIAL : []
[18:34:34] CRUCIAL : []
[18:34:34] CRUCIAL : []
[18:34:34] CRUCIAL : []
[18:34:34] INFO    : Updating skybox color to (0.03137254901960784, 0.008, 0.008, 1)
[18:34:34] CRUCIAL : []
[18:34:34] CRUCIAL : []
[18:34:34] CRUCIAL : []
[18:34:34] CRUCIAL : []
[18:34:34] CRUCIAL : []
[18:34:34] CRUCIAL : []
[18:34:34] CRUCIAL : []
[18:34:34] CRUCIAL : []
[18:34:34] INFO    : Updating skybox color to (0.03529411764705882, 0.009, 0.009, 1)
[18:34:34] CRUCIAL : []
[18:34:34] CRUCIAL : []
[18:34:34] CRUCIAL : []
[18:34:34] CRUCIAL : []
[18:34:34] CRUCIAL : []
[18:34:34] CRUCIAL : []
[18:34:34] CRUCIAL : []
[18:34:34] CRUCIAL : []
[18:34:34] INFO    : Updating skybox color to (0.0392156862745098, 0.01, 0.01, 1)
[18:34:34] CRUCIAL : []
[18:34:34] CRUCIAL : []
[18:34:34] CRUCIAL : []
[18:34:34] CRUCIAL : []
[18:34:34] CRUCIAL : []
[18:34:34] CRUCIAL : []
[18:34:34] CRUCIAL : []
[18:34:34] INFO    : Updating skybox color to (0.043137254901960784, 0.011, 0.011, 1)
[18:34:34] CRUCIAL : []
[18:34:34] CRUCIAL : []
[18:34:34] CRUCIAL : []
[18:34:34] CRUCIAL : []
[18:34:34] CRUCIAL : []
[18:34:34] CRUCIAL : []
[18:34:34] CRUCIAL : []
[18:34:34] CRUCIAL : []
[18:34:34] INFO    : Updating skybox color to (0.047058823529411764, 0.012, 0.012, 1)
[18:34:34] CRUCIAL : []
[18:34:34] CRUCIAL : []
[18:34:34] CRUCIAL : []
[18:34:34] CRUCIAL : []
[18:34:34] CRUCIAL : []
[18:34:34] CRUCIAL : []
[18:34:34] CRUCIAL : []
[18:34:34] INFO    : Updating skybox color to (0.050980392156862744, 0.013, 0.013, 1)
[18:34:34] CRUCIAL : []
[18:34:34] CRUCIAL : []
[18:34:34] CRUCIAL : []
[18:34:34] CRUCIAL : []
[18:34:34] CRUCIAL : []
[18:34:34] CRUCIAL : []
[18:34:34] CRUCIAL : []
[18:34:34] CRUCIAL : []
[18:34:34] INFO    : Updating skybox color to (0.054901960784313725, 0.014, 0.014, 1)
[18:34:34] CRUCIAL : []
[18:34:34] CRUCIAL : []
[18:34:34] CRUCIAL : []
[18:34:34] CRUCIAL : []
[18:34:34] CRUCIAL : []
[18:34:34] CRUCIAL : []
[18:34:34] CRUCIAL : []
[18:34:34] INFO    : Updating skybox color to (0.058823529411764705, 0.015, 0.015, 1)
[18:34:34] CRUCIAL : []
[18:34:34] CRUCIAL : []
[18:34:34] CRUCIAL : []
[18:34:34] CRUCIAL : []
[18:34:34] CRUCIAL : []
[18:34:34] CRUCIAL : []
[18:34:34] CRUCIAL : []
[18:34:35] CRUCIAL : []
[18:34:35] INFO    : Updating skybox color to (0.06274509803921569, 0.016, 0.016, 1)
[18:34:35] CRUCIAL : []
[18:34:35] CRUCIAL : []
[18:34:35] CRUCIAL : []
[18:34:35] CRUCIAL : []
[18:34:35] CRUCIAL : []
[18:34:35] CRUCIAL : []
[18:34:35] CRUCIAL : []
[18:34:35] INFO    : Updating skybox color to (0.06666666666666667, 0.017, 0.017, 1)
[18:34:35] CRUCIAL : []
[18:34:35] CRUCIAL : []
[18:34:35] CRUCIAL : []
[18:34:35] CRUCIAL : []
[18:34:35] CRUCIAL : []
[18:34:35] CRUCIAL : []
[18:34:35] CRUCIAL : []
[18:34:35] CRUCIAL : []
[18:34:35] INFO    : Updating skybox color to (0.07058823529411765, 0.018, 0.018, 1)
[18:34:35] CRUCIAL : []
[18:34:35] CRUCIAL : []
[18:34:35] CRUCIAL : []
[18:34:35] CRUCIAL : []
[18:34:35] CRUCIAL : []
[18:34:35] CRUCIAL : []
[18:34:35] CRUCIAL : []
[18:34:35] CRUCIAL : []
[18:34:35] INFO    : Updating skybox color to (0.07450980392156863, 0.019, 0.019, 1)
[18:34:35] CRUCIAL : []
[18:34:35] CRUCIAL : []
[18:34:35] CRUCIAL : []
[18:34:35] CRUCIAL : []
[18:34:35] CRUCIAL : []
[18:34:35] CRUCIAL : []
[18:34:35] CRUCIAL : []
[18:34:35] INFO    : Updating skybox color to (0.0784313725490196, 0.02, 0.02, 1)
[18:34:35] CRUCIAL : []
[18:34:35] CRUCIAL : []
[18:34:35] CRUCIAL : []
[18:34:35] CRUCIAL : []
[18:34:35] CRUCIAL : []
[18:34:35] CRUCIAL : []
[18:34:35] CRUCIAL : []
[18:34:35] CRUCIAL : []
[18:34:35] INFO    : Updating skybox color to (0.08235294117647059, 0.021, 0.021, 1)
[18:34:35] CRUCIAL : []
[18:34:35] CRUCIAL : []
[18:34:35] CRUCIAL : []
[18:34:35] CRUCIAL : []
[18:34:35] CRUCIAL : []
[18:34:35] CRUCIAL : []
[18:34:35] CRUCIAL : []
[18:34:35] INFO    : Updating skybox color to (0.08627450980392157, 0.022, 0.022, 1)
[18:34:35] CRUCIAL : []
[18:34:35] CRUCIAL : []
[18:34:35] CRUCIAL : []
[18:34:35] CRUCIAL : []
[18:34:35] CRUCIAL : []
[18:34:35] CRUCIAL : []
[18:34:35] CRUCIAL : []
[18:34:35] CRUCIAL : []
[18:34:35] INFO    : Updating skybox color to (0.09019607843137255, 0.023, 0.023, 1)
[18:34:35] CRUCIAL : []
[18:34:35] CRUCIAL : []
[18:34:35] CRUCIAL : []
[18:34:35] CRUCIAL : []
[18:34:35] CRUCIAL : []
[18:34:35] CRUCIAL : []
[18:34:35] CRUCIAL : []
[18:34:35] INFO    : Updating skybox color to (0.09411764705882353, 0.024, 0.024, 1)
[18:34:35] CRUCIAL : []
[18:34:35] CRUCIAL : []
[18:34:35] CRUCIAL : []
[18:34:35] CRUCIAL : []
[18:34:35] CRUCIAL : []
[18:34:35] CRUCIAL : []
[18:34:35] CRUCIAL : []
[18:34:35] CRUCIAL : []
[18:34:35] INFO    : Updating skybox color to (0.09803921568627451, 0.025, 0.025, 1)
[18:34:35] CRUCIAL : []
[18:34:35] CRUCIAL : []
[18:34:35] CRUCIAL : []
[18:34:35] CRUCIAL : []
[18:34:35] CRUCIAL : []
[18:34:35] CRUCIAL : []
[18:34:36] CRUCIAL : []
[18:34:36] CRUCIAL : []
[18:34:36] INFO    : Updating skybox color to (0.10196078431372549, 0.026, 0.026, 1)
[18:34:36] CRUCIAL : []
[18:34:36] CRUCIAL : []
[18:34:36] CRUCIAL : []
[18:34:36] CRUCIAL : []
[18:34:36] CRUCIAL : []
[18:34:36] CRUCIAL : []
[18:34:36] CRUCIAL : []
[18:34:36] INFO    : Updating skybox color to (0.10588235294117647, 0.027, 0.027, 1)
[18:34:36] CRUCIAL : []
[18:34:36] CRUCIAL : []
[18:34:36] CRUCIAL : []
[18:34:36] CRUCIAL : []
[18:34:36] CRUCIAL : []
[18:34:36] CRUCIAL : []
[18:34:36] CRUCIAL : []
[18:34:36] CRUCIAL : []
[18:34:36] INFO    : Updating skybox color to (0.10980392156862745, 0.028, 0.028, 1)
[18:34:36] CRUCIAL : []
[18:34:36] CRUCIAL : []
[18:34:36] CRUCIAL : []
[18:34:36] CRUCIAL : []
[18:34:36] CRUCIAL : []
[18:34:36] CRUCIAL : []
[18:34:36] CRUCIAL : []
[18:34:36] INFO    : Updating skybox color to (0.11372549019607843, 0.029, 0.029, 1)
[18:34:36] CRUCIAL : []
[18:34:36] CRUCIAL : []
[18:34:36] CRUCIAL : []
[18:34:36] CRUCIAL : []
[18:34:36] CRUCIAL : []
[18:34:36] CRUCIAL : []
[18:34:36] CRUCIAL : []
[18:34:36] CRUCIAL : []
[18:34:36] INFO    : Updating skybox color to (0.11764705882352941, 0.03, 0.03, 1)
[18:34:36] CRUCIAL : []
[18:34:36] CRUCIAL : []
[18:34:36] CRUCIAL : []
[18:34:36] CRUCIAL : []
[18:34:36] CRUCIAL : []
[18:34:36] CRUCIAL : []
[18:34:36] CRUCIAL : []
[18:34:36] INFO    : Updating skybox color to (0.12156862745098039, 0.031, 0.031, 1)
[18:34:36] CRUCIAL : []
[18:34:36] CRUCIAL : []
[18:34:36] CRUCIAL : []
[18:34:36] CRUCIAL : []
[18:34:36] CRUCIAL : []
[18:34:36] CRUCIAL : []
[18:34:36] CRUCIAL : []
[18:34:36] CRUCIAL : []
[18:34:36] INFO    : Updating skybox color to (0.12549019607843137, 0.032, 0.032, 1)
[18:34:36] CRUCIAL : []
[18:34:36] CRUCIAL : []
[18:34:36] CRUCIAL : []
[18:34:36] CRUCIAL : []
[18:34:36] CRUCIAL : []
[18:34:36] CRUCIAL : []
[18:34:36] CRUCIAL : []
[18:34:36] CRUCIAL : []
[18:34:36] INFO    : Updating skybox color to (0.12941176470588237, 0.033, 0.033, 1)
[18:34:36] CRUCIAL : []
[18:34:36] CRUCIAL : []
[18:34:36] CRUCIAL : []
[18:34:36] CRUCIAL : []
[18:34:36] CRUCIAL : []
[18:34:36] CRUCIAL : []
[18:34:36] CRUCIAL : []
[18:34:36] INFO    : Updating skybox color to (0.13333333333333333, 0.034, 0.034, 1)
[18:34:36] CRUCIAL : []
[18:34:36] CRUCIAL : []
[18:34:36] CRUCIAL : []
[18:34:36] CRUCIAL : []
[18:34:36] CRUCIAL : []
[18:34:36] CRUCIAL : []
[18:34:36] CRUCIAL : []
[18:34:36] CRUCIAL : []
[18:34:36] INFO    : Updating skybox color to (0.13725490196078433, 0.035, 0.035, 1)
[18:34:36] CRUCIAL : []
[18:34:36] CRUCIAL : []
[18:34:36] CRUCIAL : []
[18:34:36] CRUCIAL : []
[18:34:36] CRUCIAL : []
[18:34:37] CRUCIAL : []
[18:34:37] CRUCIAL : []
[18:34:37] INFO    : Updating skybox color to (0.1411764705882353, 0.036, 0.036, 1)
[18:34:37] CRUCIAL : []
[18:34:37] CRUCIAL : []
[18:34:37] CRUCIAL : []
[18:34:37] CRUCIAL : []
[18:34:37] CRUCIAL : []
[18:34:37] CRUCIAL : []
[18:34:37] CRUCIAL : []
[18:34:37] CRUCIAL : []
[18:34:37] INFO    : Updating skybox color to (0.1450980392156863, 0.037, 0.037, 1)
[18:34:37] CRUCIAL : []
[18:34:37] CRUCIAL : []
[18:34:37] CRUCIAL : []
[18:34:37] CRUCIAL : []
[18:34:37] CRUCIAL : []
[18:34:37] CRUCIAL : []
[18:34:37] CRUCIAL : []
[18:34:37] INFO    : Updating skybox color to (0.14901960784313725, 0.038, 0.038, 1)
[18:34:37] CRUCIAL : []
[18:34:37] CRUCIAL : []
[18:34:37] CRUCIAL : []
[18:34:37] CRUCIAL : []
[18:34:37] CRUCIAL : []
[18:34:37] CRUCIAL : []
[18:34:37] CRUCIAL : []
[18:34:37] CRUCIAL : []
[18:34:37] INFO    : Updating skybox color to (0.15294117647058825, 0.039, 0.039, 1)
[18:34:37] CRUCIAL : []
[18:34:37] CRUCIAL : []
[18:34:37] CRUCIAL : []
[18:34:37] CRUCIAL : []
[18:34:37] CRUCIAL : []
[18:34:37] CRUCIAL : []
[18:34:37] CRUCIAL : []
[18:34:37] INFO    : Updating skybox color to (0.1568627450980392, 0.04, 0.04, 1)
[18:34:37] CRUCIAL : []
[18:34:37] CRUCIAL : []
[18:34:37] CRUCIAL : []
[18:34:37] CRUCIAL : []
[18:34:37] CRUCIAL : []
[18:34:37] CRUCIAL : []
[18:34:37] CRUCIAL : []
[18:34:37] CRUCIAL : []
[18:34:37] INFO    : Updating skybox color to (0.1607843137254902, 0.041, 0.041, 1)
[18:34:37] CRUCIAL : []
[18:34:37] CRUCIAL : []
[18:34:37] CRUCIAL : []
[18:34:37] CRUCIAL : []
[18:34:37] CRUCIAL : []
[18:34:37] CRUCIAL : []
[18:34:37] CRUCIAL : []
[18:34:37] INFO    : Updating skybox color to (0.16470588235294117, 0.042, 0.042, 1)
[18:34:37] CRUCIAL : []
[18:34:37] CRUCIAL : []
[18:34:37] CRUCIAL : []
[18:34:37] CRUCIAL : []
[18:34:37] CRUCIAL : []
[18:34:37] CRUCIAL : []
[18:34:37] CRUCIAL : []
[18:34:37] CRUCIAL : []
[18:34:37] INFO    : Updating skybox color to (0.16862745098039217, 0.043, 0.043, 1)
[18:34:37] CRUCIAL : []
[18:34:37] CRUCIAL : []
[18:34:37] CRUCIAL : []
[18:34:37] CRUCIAL : []
[18:34:37] CRUCIAL : []
[18:34:37] CRUCIAL : []
[18:34:37] CRUCIAL : []
[18:34:37] CRUCIAL : []
[18:34:37] INFO    : Updating skybox color to (0.17254901960784313, 0.044, 0.044, 1)
[18:34:37] CRUCIAL : []
[18:34:37] CRUCIAL : []
[18:34:37] CRUCIAL : []
[18:34:37] CRUCIAL : []
[18:34:37] CRUCIAL : []
[18:34:37] CRUCIAL : []
[18:34:37] CRUCIAL : []
[18:34:37] INFO    : Updating skybox color to (0.17647058823529413, 0.045, 0.045, 1)
[18:34:37] CRUCIAL : []
[18:34:37] CRUCIAL : []
[18:34:37] CRUCIAL : []
[18:34:37] CRUCIAL : []
[18:34:37] CRUCIAL : []
[18:34:38] CRUCIAL : []
[18:34:38] CRUCIAL : []
[18:34:38] CRUCIAL : []
[18:34:38] INFO    : Updating skybox color to (0.1803921568627451, 0.046, 0.046, 1)
[18:34:38] CRUCIAL : []
[18:34:38] CRUCIAL : []
[18:34:38] CRUCIAL : []
[18:34:38] CRUCIAL : []
[18:34:38] CRUCIAL : []
[18:34:38] CRUCIAL : []
[18:34:38] CRUCIAL : []
[18:34:38] INFO    : Updating skybox color to (0.1843137254901961, 0.047, 0.047, 1)
[18:34:38] CRUCIAL : []
[18:34:38] CRUCIAL : []
[18:34:38] CRUCIAL : []
[18:34:38] CRUCIAL : []
[18:34:38] CRUCIAL : []
[18:34:38] CRUCIAL : []
[18:34:38] CRUCIAL : []
[18:34:38] CRUCIAL : []
[18:34:38] INFO    : Updating skybox color to (0.18823529411764706, 0.048, 0.048, 1)
[18:34:38] CRUCIAL : []
[18:34:38] CRUCIAL : []
[18:34:38] CRUCIAL : []
[18:34:38] CRUCIAL : []
[18:34:38] CRUCIAL : []
[18:34:38] CRUCIAL : []
[18:34:38] CRUCIAL : []
[18:34:38] CRUCIAL : []
[18:34:38] INFO    : Updating skybox color to (0.19215686274509805, 0.049, 0.049, 1)
[18:34:38] CRUCIAL : []
[18:34:38] CRUCIAL : []
[18:34:38] CRUCIAL : []
[18:34:38] CRUCIAL : []
[18:34:38] CRUCIAL : []
[18:34:38] CRUCIAL : []
[18:34:38] CRUCIAL : []
[18:34:38] INFO    : Updating skybox color to (0.19607843137254902, 0.05, 0.05, 1)
[18:34:38] CRUCIAL : []
[18:34:38] CRUCIAL : []
[18:34:38] CRUCIAL : []
[18:34:38] CRUCIAL : []
[18:34:38] CRUCIAL : []
[18:34:38] CRUCIAL : []
[18:34:38] CRUCIAL : []
[18:34:38] CRUCIAL : []
[18:34:38] INFO    : Updating skybox color to (0.2, 0.051, 0.051, 1)
[18:34:38] CRUCIAL : []
[18:34:38] CRUCIAL : []
[18:34:38] CRUCIAL : []
[18:34:38] CRUCIAL : []
[18:34:38] CRUCIAL : []
[18:34:38] CRUCIAL : []
[18:34:38] CRUCIAL : []
[18:34:38] INFO    : Updating skybox color to (0.20392156862745098, 0.052, 0.052, 1)
[18:34:38] CRUCIAL : []
[18:34:38] CRUCIAL : []
[18:34:38] CRUCIAL : []
[18:34:38] CRUCIAL : []
[18:34:38] CRUCIAL : []
[18:34:38] CRUCIAL : []
[18:34:38] CRUCIAL : []
[18:34:38] CRUCIAL : []
[18:34:38] INFO    : Updating skybox color to (0.20784313725490197, 0.053, 0.053, 1)
[18:34:38] CRUCIAL : []
[18:34:38] CRUCIAL : []
[18:34:38] CRUCIAL : []
[18:34:38] CRUCIAL : []
[18:34:38] CRUCIAL : []
[18:34:38] CRUCIAL : []
[18:34:38] CRUCIAL : []
[18:34:38] INFO    : Updating skybox color to (0.21176470588235294, 0.054, 0.054, 1)
[18:34:38] CRUCIAL : []
[18:34:38] CRUCIAL : []
[18:34:38] CRUCIAL : []
[18:34:38] CRUCIAL : []
[18:34:38] CRUCIAL : []
[18:34:38] CRUCIAL : []
[18:34:38] CRUCIAL : []
[18:34:38] CRUCIAL : []
[18:34:38] INFO    : Updating skybox color to (0.21568627450980393, 0.055, 0.055, 1)
[18:34:38] CRUCIAL : []
[18:34:38] CRUCIAL : []
[18:34:38] CRUCIAL : []
[18:34:38] CRUCIAL : []
[18:34:39] CRUCIAL : []
[18:34:39] CRUCIAL : []
[18:34:39] CRUCIAL : []
[18:34:39] INFO    : Updating skybox color to (0.2196078431372549, 0.056, 0.056, 1)
[18:34:39] CRUCIAL : []
[18:34:39] CRUCIAL : []
[18:34:39] CRUCIAL : []
[18:34:39] CRUCIAL : []
[18:34:39] CRUCIAL : []
[18:34:39] CRUCIAL : []
[18:34:39] CRUCIAL : []
[18:34:39] CRUCIAL : []
[18:34:39] INFO    : Updating skybox color to (0.2235294117647059, 0.057, 0.057, 1)
[18:34:39] CRUCIAL : []
[18:34:39] CRUCIAL : []
[18:34:39] CRUCIAL : []
[18:34:39] CRUCIAL : []
[18:34:39] CRUCIAL : []
[18:34:39] CRUCIAL : []
[18:34:39] CRUCIAL : []
[18:34:39] CRUCIAL : []
[18:34:39] INFO    : Updating skybox color to (0.22745098039215686, 0.058, 0.058, 1)
[18:34:39] CRUCIAL : []
[18:34:39] CRUCIAL : []
[18:34:39] CRUCIAL : []
[18:34:39] CRUCIAL : []
[18:34:39] CRUCIAL : []
[18:34:39] CRUCIAL : []
[18:34:39] CRUCIAL : []
[18:34:39] INFO    : Updating skybox color to (0.23137254901960785, 0.059, 0.059, 1)
[18:34:39] CRUCIAL : []
[18:34:39] CRUCIAL : []
[18:34:39] CRUCIAL : []
[18:34:39] CRUCIAL : []
[18:34:39] CRUCIAL : []
[18:34:39] CRUCIAL : []
[18:34:39] CRUCIAL : []
[18:34:39] CRUCIAL : []
[18:34:39] INFO    : Updating skybox color to (0.23529411764705882, 0.06, 0.06, 1)
[18:34:39] CRUCIAL : []
[18:34:39] CRUCIAL : []
[18:34:39] CRUCIAL : []
[18:34:39] CRUCIAL : []
[18:34:39] CRUCIAL : []
[18:34:39] CRUCIAL : []
[18:34:39] CRUCIAL : []
[18:34:39] INFO    : Updating skybox color to (0.23921568627450981, 0.061, 0.061, 1)
[18:34:39] CRUCIAL : []
[18:34:39] CRUCIAL : []
[18:34:39] CRUCIAL : []
[18:34:39] CRUCIAL : []
[18:34:39] CRUCIAL : []
[18:34:39] CRUCIAL : []
[18:34:39] CRUCIAL : []
[18:34:39] CRUCIAL : []
[18:34:39] INFO    : Updating skybox color to (0.24313725490196078, 0.062, 0.062, 1)
[18:34:39] CRUCIAL : []
[18:34:39] CRUCIAL : []
[18:34:39] CRUCIAL : []
[18:34:39] CRUCIAL : []
[18:34:39] CRUCIAL : []
[18:34:39] CRUCIAL : []
[18:34:39] CRUCIAL : []
[18:34:39] INFO    : Updating skybox color to (0.24705882352941178, 0.063, 0.063, 1)
[18:34:39] CRUCIAL : []
[18:34:39] CRUCIAL : []
[18:34:39] CRUCIAL : []
[18:34:39] CRUCIAL : []
[18:34:39] CRUCIAL : []
[18:34:39] CRUCIAL : []
[18:34:39] CRUCIAL : []
[18:34:39] CRUCIAL : []
[18:34:39] INFO    : Updating skybox color to (0.25098039215686274, 0.064, 0.064, 1)
[18:34:39] CRUCIAL : []
[18:34:39] CRUCIAL : []
[18:34:39] CRUCIAL : []
[18:34:39] CRUCIAL : []
[18:34:39] CRUCIAL : []
[18:34:39] CRUCIAL : []
[18:34:39] CRUCIAL : []
[18:34:39] INFO    : Updating skybox color to (0.2549019607843137, 0.065, 0.065, 1)
[18:34:39] CRUCIAL : []
[18:34:39] CRUCIAL : []
[18:34:39] CRUCIAL : []
[18:34:39] CRUCIAL : []
[18:34:40] CRUCIAL : []
[18:34:40] CRUCIAL : []
[18:34:40] CRUCIAL : []
[18:34:40] CRUCIAL : []
[18:34:40] INFO    : Updating skybox color to (0.25882352941176473, 0.066, 0.066, 1)
[18:34:40] CRUCIAL : []
[18:34:40] CRUCIAL : []
[18:34:40] CRUCIAL : []
[18:34:40] CRUCIAL : []
[18:34:40] CRUCIAL : []
[18:34:40] CRUCIAL : []
[18:34:40] CRUCIAL : []
[18:34:40] CRUCIAL : []
[18:34:40] INFO    : Updating skybox color to (0.2627450980392157, 0.067, 0.067, 1)
[18:34:40] CRUCIAL : []
[18:34:40] CRUCIAL : []
[18:34:40] CRUCIAL : []
[18:34:40] CRUCIAL : []
[18:34:40] CRUCIAL : []
[18:34:40] CRUCIAL : []
[18:34:40] CRUCIAL : []
[18:34:40] INFO    : Updating skybox color to (0.26666666666666666, 0.068, 0.068, 1)
[18:34:40] CRUCIAL : []
[18:34:40] CRUCIAL : []
[18:34:40] CRUCIAL : []
[18:34:40] CRUCIAL : []
[18:34:40] CRUCIAL : []
[18:34:40] CRUCIAL : []
[18:34:40] CRUCIAL : []
[18:34:40] CRUCIAL : []
[18:34:40] INFO    : Updating skybox color to (0.27058823529411763, 0.069, 0.069, 1)
[18:34:40] CRUCIAL : []
[18:34:40] CRUCIAL : []
[18:34:40] CRUCIAL : []
[18:34:40] CRUCIAL : []
[18:34:40] CRUCIAL : []
[18:34:40] CRUCIAL : []
[18:34:40] CRUCIAL : []
[18:34:40] INFO    : Updating skybox color to (0.27450980392156865, 0.07, 0.07, 1)
[18:34:40] CRUCIAL : []
[18:34:40] CRUCIAL : []
[18:34:40] CRUCIAL : []
[18:34:40] CRUCIAL : []
[18:34:40] CRUCIAL : []
[18:34:40] CRUCIAL : []
[18:34:40] CRUCIAL : []
[18:34:40] CRUCIAL : []
[18:34:40] INFO    : Updating skybox color to (0.2784313725490196, 0.071, 0.071, 1)
[18:34:40] CRUCIAL : []
[18:34:40] CRUCIAL : []
[18:34:40] CRUCIAL : []
[18:34:40] CRUCIAL : []
[18:34:40] CRUCIAL : []
[18:34:40] CRUCIAL : []
[18:34:40] CRUCIAL : []
[18:34:40] INFO    : Updating skybox color to (0.2823529411764706, 0.072, 0.072, 1)
[18:34:40] CRUCIAL : []
[18:34:40] CRUCIAL : []
[18:34:40] CRUCIAL : []
[18:34:40] CRUCIAL : []
[18:34:40] CRUCIAL : []
[18:34:40] CRUCIAL : []
[18:34:40] CRUCIAL : []
[18:34:40] CRUCIAL : []
[18:34:40] INFO    : Updating skybox color to (0.28627450980392155, 0.073, 0.073, 1)
[18:34:40] CRUCIAL : []
[18:34:40] CRUCIAL : []
[18:34:40] CRUCIAL : []
[18:34:40] CRUCIAL : []
[18:34:40] CRUCIAL : []
[18:34:40] CRUCIAL : []
[18:34:40] CRUCIAL : []
[18:34:40] CRUCIAL : []
[18:34:40] INFO    : Updating skybox color to (0.2901960784313726, 0.074, 0.074, 1)
[18:34:40] CRUCIAL : []
[18:34:40] CRUCIAL : []
[18:34:40] CRUCIAL : []
[18:34:40] CRUCIAL : []
[18:34:40] CRUCIAL : []
[18:34:40] CRUCIAL : []
[18:34:40] CRUCIAL : []
[18:34:40] INFO    : Updating skybox color to (0.29411764705882354, 0.075, 0.075, 1)
[18:34:40] CRUCIAL : []
[18:34:40] CRUCIAL : []
[18:34:40] CRUCIAL : []
[18:34:41] CRUCIAL : []
[18:34:41] CRUCIAL : []
[18:34:41] CRUCIAL : []
[18:34:41] CRUCIAL : []
[18:34:41] CRUCIAL : []
[18:34:41] INFO    : Updating skybox color to (0.2980392156862745, 0.076, 0.076, 1)
[18:34:41] CRUCIAL : []
[18:34:41] CRUCIAL : []
[18:34:41] CRUCIAL : []
[18:34:41] CRUCIAL : []
[18:34:41] CRUCIAL : []
[18:34:41] CRUCIAL : []
[18:34:41] CRUCIAL : []
[18:34:41] INFO    : Updating skybox color to (0.30196078431372547, 0.077, 0.077, 1)
[18:34:41] CRUCIAL : []
[18:34:41] CRUCIAL : []
[18:34:41] CRUCIAL : []
[18:34:41] CRUCIAL : []
[18:34:41] CRUCIAL : []
[18:34:41] CRUCIAL : []
[18:34:41] CRUCIAL : []
[18:34:41] CRUCIAL : []
[18:34:41] INFO    : Updating skybox color to (0.3058823529411765, 0.078, 0.078, 1)
[18:34:41] CRUCIAL : []
[18:34:41] CRUCIAL : []
[18:34:41] CRUCIAL : []
[18:34:41] CRUCIAL : []
[18:34:41] CRUCIAL : []
[18:34:41] CRUCIAL : []
[18:34:41] CRUCIAL : []
[18:34:41] INFO    : Updating skybox color to (0.30980392156862746, 0.079, 0.079, 1)
[18:34:41] CRUCIAL : []
[18:34:41] CRUCIAL : []
[18:34:41] CRUCIAL : []
[18:34:41] CRUCIAL : []
[18:34:41] CRUCIAL : []
[18:34:41] CRUCIAL : []
[18:34:41] CRUCIAL : []
[18:34:41] CRUCIAL : []
[18:34:41] INFO    : Updating skybox color to (0.3137254901960784, 0.08, 0.08, 1)
[18:34:41] CRUCIAL : []
[18:34:41] CRUCIAL : []
[18:34:41] CRUCIAL : []
[18:34:41] CRUCIAL : []
[18:34:41] CRUCIAL : []
[18:34:41] CRUCIAL : []
[18:34:41] CRUCIAL : []
[18:34:41] INFO    : Updating skybox color to (0.3176470588235294, 0.081, 0.081, 1)
[18:34:41] CRUCIAL : []
[18:34:41] CRUCIAL : []
[18:34:41] CRUCIAL : []
[18:34:41] CRUCIAL : []
[18:34:41] CRUCIAL : []
[18:34:41] CRUCIAL : []
[18:34:41] CRUCIAL : []
[18:34:41] CRUCIAL : []
[18:34:41] INFO    : Updating skybox color to (0.3215686274509804, 0.082, 0.082, 1)
[18:34:41] CRUCIAL : []
[18:34:41] CRUCIAL : []
[18:34:41] CRUCIAL : []
[18:34:41] CRUCIAL : []
[18:34:41] CRUCIAL : []
[18:34:41] CRUCIAL : []
[18:34:41] CRUCIAL : []
[18:34:41] CRUCIAL : []
[18:34:41] INFO    : Updating skybox color to (0.3254901960784314, 0.083, 0.083, 1)
[18:34:41] CRUCIAL : []
[18:34:41] CRUCIAL : []
[18:34:41] CRUCIAL : []
[18:34:41] CRUCIAL : []
[18:34:41] CRUCIAL : []
[18:34:41] CRUCIAL : []
[18:34:41] CRUCIAL : []
[18:34:41] INFO    : Updating skybox color to (0.32941176470588235, 0.084, 0.084, 1)
[18:34:41] CRUCIAL : []
[18:34:41] CRUCIAL : []
[18:34:41] CRUCIAL : []
[18:34:41] CRUCIAL : []
[18:34:41] CRUCIAL : []
[18:34:41] CRUCIAL : []
[18:34:41] CRUCIAL : []
[18:34:41] CRUCIAL : []
[18:34:41] INFO    : Updating skybox color to (0.3333333333333333, 0.085, 0.085, 1)
[18:34:41] CRUCIAL : []
[18:34:41] CRUCIAL : []
[18:34:42] CRUCIAL : []
[18:34:42] CRUCIAL : []
[18:34:42] CRUCIAL : []
[18:34:42] CRUCIAL : []
[18:34:42] CRUCIAL : []
[18:34:42] INFO    : Updating skybox color to (0.33725490196078434, 0.086, 0.086, 1)
[18:34:42] CRUCIAL : []
[18:34:42] CRUCIAL : []
[18:34:42] CRUCIAL : []
[18:34:42] CRUCIAL : []
[18:34:42] CRUCIAL : []
[18:34:42] CRUCIAL : []
[18:34:42] CRUCIAL : []
[18:34:42] CRUCIAL : []
[18:34:42] INFO    : Updating skybox color to (0.3411764705882353, 0.087, 0.087, 1)
[18:34:42] CRUCIAL : []
[18:34:42] CRUCIAL : []
[18:34:42] CRUCIAL : []
[18:34:42] CRUCIAL : []
[18:34:42] CRUCIAL : []
[18:34:42] CRUCIAL : []
[18:34:42] CRUCIAL : []
[18:34:42] INFO    : Updating skybox color to (0.34509803921568627, 0.088, 0.088, 1)
[18:34:42] CRUCIAL : []
[18:34:42] CRUCIAL : []
[18:34:42] CRUCIAL : []
[18:34:42] CRUCIAL : []
[18:34:42] CRUCIAL : []
[18:34:42] CRUCIAL : []
[18:34:42] CRUCIAL : []
[18:34:42] CRUCIAL : []
[18:34:42] INFO    : Updating skybox color to (0.34901960784313724, 0.089, 0.089, 1)
[18:34:42] CRUCIAL : []
[18:34:42] CRUCIAL : []
[18:34:42] CRUCIAL : []
[18:34:42] CRUCIAL : []
[18:34:42] CRUCIAL : []
[18:34:42] CRUCIAL : []
[18:34:42] CRUCIAL : []
[18:34:42] CRUCIAL : []
[18:34:42] INFO    : Updating skybox color to (0.35294117647058826, 0.09, 0.09, 1)
[18:34:42] CRUCIAL : []
[18:34:42] CRUCIAL : []
[18:34:42] CRUCIAL : []
[18:34:42] CRUCIAL : []
[18:34:42] CRUCIAL : []
[18:34:42] CRUCIAL : []
[18:34:42] CRUCIAL : []
[18:34:42] INFO    : Updating skybox color to (0.3568627450980392, 0.091, 0.091, 1)
[18:34:42] CRUCIAL : []
[18:34:42] CRUCIAL : []
[18:34:42] CRUCIAL : []
[18:34:42] CRUCIAL : []
[18:34:42] CRUCIAL : []
[18:34:42] CRUCIAL : []
[18:34:42] CRUCIAL : []
[18:34:42] CRUCIAL : []
[18:34:42] INFO    : Updating skybox color to (0.3607843137254902, 0.092, 0.092, 1)
[18:34:42] CRUCIAL : []
[18:34:42] CRUCIAL : []
[18:34:42] CRUCIAL : []
[18:34:42] CRUCIAL : []
[18:34:42] CRUCIAL : []
[18:34:42] CRUCIAL : []
[18:34:42] CRUCIAL : []
[18:34:42] INFO    : Updating skybox color to (0.36470588235294116, 0.093, 0.093, 1)
[18:34:42] CRUCIAL : []
[18:34:42] CRUCIAL : []
[18:34:42] CRUCIAL : []
[18:34:42] CRUCIAL : []
[18:34:42] CRUCIAL : []
[18:34:42] CRUCIAL : []
[18:34:42] CRUCIAL : []
[18:34:42] CRUCIAL : []
[18:34:42] INFO    : Updating skybox color to (0.3686274509803922, 0.094, 0.094, 1)
[18:34:42] CRUCIAL : []
[18:34:42] CRUCIAL : []
[18:34:42] CRUCIAL : []
[18:34:42] CRUCIAL : []
[18:34:42] CRUCIAL : []
[18:34:42] CRUCIAL : []
[18:34:42] CRUCIAL : []
[18:34:42] INFO    : Updating skybox color to (0.37254901960784315, 0.095, 0.095, 1)
[18:34:42] CRUCIAL : []
[18:34:42] CRUCIAL : []
[18:34:43] CRUCIAL : []
[18:34:43] CRUCIAL : []
[18:34:43] CRUCIAL : []
[18:34:43] CRUCIAL : []
[18:34:43] CRUCIAL : []
[18:34:43] CRUCIAL : []
[18:34:43] INFO    : Updating skybox color to (0.3764705882352941, 0.096, 0.096, 1)
[18:34:43] CRUCIAL : []
[18:34:43] CRUCIAL : []
[18:34:43] CRUCIAL : []
[18:34:43] CRUCIAL : []
[18:34:43] CRUCIAL : []
[18:34:43] CRUCIAL : []
[18:34:43] CRUCIAL : []
[18:34:43] CRUCIAL : []
[18:34:43] INFO    : Updating skybox color to (0.3803921568627451, 0.097, 0.097, 1)
[18:34:43] CRUCIAL : []
[18:34:43] CRUCIAL : []
[18:34:43] CRUCIAL : []
[18:34:43] CRUCIAL : []
[18:34:43] CRUCIAL : []
[18:34:43] CRUCIAL : []
[18:34:43] CRUCIAL : []
[18:34:43] INFO    : Updating skybox color to (0.3843137254901961, 0.098, 0.098, 1)
[18:34:43] CRUCIAL : []
[18:34:43] CRUCIAL : []
[18:34:43] CRUCIAL : []
[18:34:43] CRUCIAL : []
[18:34:43] CRUCIAL : []
[18:34:43] CRUCIAL : []
[18:34:43] CRUCIAL : []
[18:34:43] CRUCIAL : []
[18:34:43] INFO    : Updating skybox color to (0.38823529411764707, 0.099, 0.099, 1)
[18:34:43] CRUCIAL : []
[18:34:43] CRUCIAL : []
[18:34:43] CRUCIAL : []
[18:34:43] CRUCIAL : []
[18:34:43] CRUCIAL : []
[18:34:43] CRUCIAL : []
[18:34:43] CRUCIAL : []
[18:34:43] INFO    : Updating skybox color to (0.39215686274509803, 0.1, 0.1, 1)
[18:34:43] CRUCIAL : []
[18:34:43] CRUCIAL : []
[18:34:43] CRUCIAL : []
[18:34:43] CRUCIAL : []
[18:34:43] CRUCIAL : []
[18:34:43] CRUCIAL : []
[18:34:43] CRUCIAL : []
[18:34:43] CRUCIAL : []
[18:34:43] INFO    : Updating skybox color to (0.396078431372549, 0.101, 0.101, 1)
[18:34:43] CRUCIAL : []
[18:34:43] CRUCIAL : []
[18:34:43] CRUCIAL : []
[18:34:43] CRUCIAL : []
[18:34:43] CRUCIAL : []
[18:34:43] CRUCIAL : []
[18:34:43] CRUCIAL : []
[18:34:43] INFO    : Updating skybox color to (0.4, 0.102, 0.102, 1)
[18:34:43] CRUCIAL : []
[18:34:43] CRUCIAL : []
[18:34:43] CRUCIAL : []
[18:34:43] CRUCIAL : []
[18:34:43] CRUCIAL : []
[18:34:43] CRUCIAL : []
[18:34:43] CRUCIAL : []
[18:34:43] CRUCIAL : []
[18:34:43] INFO    : Updating skybox color to (0.403921568627451, 0.103, 0.103, 1)
[18:34:43] CRUCIAL : []
[18:34:43] CRUCIAL : []
[18:34:43] CRUCIAL : []
[18:34:43] CRUCIAL : []
[18:34:43] CRUCIAL : []
[18:34:43] CRUCIAL : []
[18:34:43] CRUCIAL : []
[18:34:43] CRUCIAL : []
[18:34:43] INFO    : Updating skybox color to (0.40784313725490196, 0.104, 0.104, 1)
[18:34:43] CRUCIAL : []
[18:34:43] CRUCIAL : []
[18:34:43] CRUCIAL : []
[18:34:43] CRUCIAL : []
[18:34:43] CRUCIAL : []
[18:34:43] CRUCIAL : []
[18:34:43] CRUCIAL : []
[18:34:43] INFO    : Updating skybox color to (0.4117647058823529, 0.105, 0.105, 1)
[18:34:43] CRUCIAL : []
[18:34:44] CRUCIAL : []
[18:34:44] CRUCIAL : []
[18:34:44] CRUCIAL : []
[18:34:44] CRUCIAL : []
[18:34:44] CRUCIAL : []
[18:34:44] CRUCIAL : []
[18:34:44] CRUCIAL : []
[18:34:44] INFO    : Updating skybox color to (0.41568627450980394, 0.106, 0.106, 1)
[18:34:44] CRUCIAL : []
[18:34:44] CRUCIAL : []
[18:34:44] CRUCIAL : []
[18:34:44] CRUCIAL : []
[18:34:44] CRUCIAL : []
[18:34:44] CRUCIAL : []
[18:34:44] CRUCIAL : []
[18:34:44] INFO    : Updating skybox color to (0.4196078431372549, 0.107, 0.107, 1)
[18:34:44] CRUCIAL : []
[18:34:44] CRUCIAL : []
[18:34:44] CRUCIAL : []
[18:34:44] CRUCIAL : []
[18:34:44] CRUCIAL : []
[18:34:44] CRUCIAL : []
[18:34:44] CRUCIAL : []
[18:34:44] CRUCIAL : []
[18:34:44] INFO    : Updating skybox color to (0.4235294117647059, 0.108, 0.108, 1)
[18:34:44] CRUCIAL : []
[18:34:44] CRUCIAL : []
[18:34:44] CRUCIAL : []
[18:34:44] CRUCIAL : []
[18:34:44] CRUCIAL : []
[18:34:44] CRUCIAL : []
[18:34:44] CRUCIAL : []
[18:34:44] INFO    : Updating skybox color to (0.42745098039215684, 0.109, 0.109, 1)
[18:34:44] CRUCIAL : []
[18:34:44] CRUCIAL : []
[18:34:44] CRUCIAL : []
[18:34:44] CRUCIAL : []
[18:34:44] CRUCIAL : []
[18:34:44] CRUCIAL : []
[18:34:44] CRUCIAL : []
[18:34:44] CRUCIAL : []
[18:34:44] INFO    : Updating skybox color to (0.43137254901960786, 0.11, 0.11, 1)
[18:34:44] CRUCIAL : []
[18:34:44] CRUCIAL : []
[18:34:44] CRUCIAL : []
[18:34:44] CRUCIAL : []
[18:34:44] CRUCIAL : []
[18:34:44] CRUCIAL : []
[18:34:44] CRUCIAL : []
[18:34:44] INFO    : Updating skybox color to (0.43529411764705883, 0.111, 0.111, 1)
[18:34:44] CRUCIAL : []
[18:34:44] CRUCIAL : []
[18:34:44] CRUCIAL : []
[18:34:44] CRUCIAL : []
[18:34:44] CRUCIAL : []
[18:34:44] CRUCIAL : []
[18:34:44] CRUCIAL : []
[18:34:44] CRUCIAL : []
[18:34:44] INFO    : Updating skybox color to (0.4392156862745098, 0.112, 0.112, 1)
[18:34:44] CRUCIAL : []
[18:34:44] CRUCIAL : []
[18:34:44] CRUCIAL : []
[18:34:44] CRUCIAL : []
[18:34:44] CRUCIAL : []
[18:34:44] CRUCIAL : []
[18:34:44] CRUCIAL : []
[18:34:44] CRUCIAL : []
[18:34:44] INFO    : Updating skybox color to (0.44313725490196076, 0.113, 0.113, 1)
[18:34:44] CRUCIAL : []
[18:34:44] CRUCIAL : []
[18:34:44] CRUCIAL : []
[18:34:44] CRUCIAL : []
[18:34:44] CRUCIAL : []
[18:34:44] CRUCIAL : []
[18:34:44] CRUCIAL : []
[18:34:44] INFO    : Updating skybox color to (0.4470588235294118, 0.114, 0.114, 1)
[18:34:44] CRUCIAL : []
[18:34:44] CRUCIAL : []
[18:34:44] CRUCIAL : []
[18:34:44] CRUCIAL : []
[18:34:44] CRUCIAL : []
[18:34:44] CRUCIAL : []
[18:34:44] CRUCIAL : []
[18:34:44] CRUCIAL : []
[18:34:44] INFO    : Updating skybox color to (0.45098039215686275, 0.115, 0.115, 1)
[18:34:45] CRUCIAL : []
[18:34:45] CRUCIAL : []
[18:34:45] CRUCIAL : []
[18:34:45] CRUCIAL : []
[18:34:45] CRUCIAL : []
[18:34:45] CRUCIAL : []
[18:34:45] CRUCIAL : []
[18:34:45] INFO    : Updating skybox color to (0.4549019607843137, 0.116, 0.116, 1)
[18:34:45] CRUCIAL : []
[18:34:45] CRUCIAL : []
[18:34:45] CRUCIAL : []
[18:34:45] CRUCIAL : []
[18:34:45] CRUCIAL : []
[18:34:45] CRUCIAL : []
[18:34:45] CRUCIAL : []
[18:34:45] CRUCIAL : []
[18:34:45] INFO    : Updating skybox color to (0.4588235294117647, 0.117, 0.117, 1)
[18:34:45] CRUCIAL : []
[18:34:45] CRUCIAL : []
[18:34:45] CRUCIAL : []
[18:34:45] CRUCIAL : []
[18:34:45] CRUCIAL : []
[18:34:45] CRUCIAL : []
[18:34:45] CRUCIAL : []
[18:34:45] INFO    : Updating skybox color to (0.4627450980392157, 0.118, 0.118, 1)
[18:34:45] CRUCIAL : []
[18:34:45] CRUCIAL : []
[18:34:45] CRUCIAL : []
[18:34:45] CRUCIAL : []
[18:34:45] CRUCIAL : []
[18:34:45] CRUCIAL : []
[18:34:45] CRUCIAL : []
[18:34:45] CRUCIAL : []
[18:34:45] INFO    : Updating skybox color to (0.4666666666666667, 0.119, 0.119, 1)
[18:34:45] CRUCIAL : []
[18:34:45] CRUCIAL : []
[18:34:45] CRUCIAL : []
[18:34:45] CRUCIAL : []
[18:34:45] CRUCIAL : []
[18:34:45] CRUCIAL : []
[18:34:45] CRUCIAL : []
[18:34:45] CRUCIAL : []
[18:34:45] INFO    : Updating skybox color to (0.47058823529411764, 0.12, 0.12, 1)
[18:34:45] CRUCIAL : []
[18:34:45] CRUCIAL : []
[18:34:45] CRUCIAL : []
[18:34:45] CRUCIAL : []
[18:34:45] CRUCIAL : []
[18:34:45] CRUCIAL : []
[18:34:45] CRUCIAL : []
[18:34:45] INFO    : Updating skybox color to (0.4745098039215686, 0.121, 0.121, 1)
[18:34:45] CRUCIAL : []
[18:34:45] CRUCIAL : []
[18:34:45] CRUCIAL : []
[18:34:45] CRUCIAL : []
[18:34:45] CRUCIAL : []
[18:34:45] CRUCIAL : []
[18:34:45] CRUCIAL : []
[18:34:45] CRUCIAL : []
[18:34:45] INFO    : Updating skybox color to (0.47843137254901963, 0.122, 0.122, 1)
[18:34:45] CRUCIAL : []
[18:34:45] CRUCIAL : []
[18:34:45] CRUCIAL : []
[18:34:45] CRUCIAL : []
[18:34:45] CRUCIAL : []
[18:34:45] CRUCIAL : []
[18:34:45] CRUCIAL : []
[18:34:45] INFO    : Updating skybox color to (0.4823529411764706, 0.123, 0.123, 1)
[18:34:45] CRUCIAL : []
[18:34:45] CRUCIAL : []
[18:34:45] CRUCIAL : []
[18:34:45] CRUCIAL : []
[18:34:45] CRUCIAL : []
[18:34:45] CRUCIAL : []
[18:34:45] CRUCIAL : []
[18:34:45] CRUCIAL : []
[18:34:45] INFO    : Updating skybox color to (0.48627450980392156, 0.124, 0.124, 1)
[18:34:45] CRUCIAL : []
[18:34:45] CRUCIAL : []
[18:34:45] CRUCIAL : []
[18:34:45] CRUCIAL : []
[18:34:45] CRUCIAL : []
[18:34:45] CRUCIAL : []
[18:34:45] CRUCIAL : []
[18:34:45] INFO    : Updating skybox color to (0.49019607843137253, 0.125, 0.125, 1)
[18:34:46] CRUCIAL : []
[18:34:46] CRUCIAL : []
[18:34:46] CRUCIAL : []
[18:34:46] CRUCIAL : []
[18:34:46] CRUCIAL : []
[18:34:46] CRUCIAL : []
[18:34:46] CRUCIAL : []
[18:34:46] CRUCIAL : []
[18:34:46] INFO    : Updating skybox color to (0.49411764705882355, 0.126, 0.126, 1)
[18:34:46] CRUCIAL : []
[18:34:46] CRUCIAL : []
[18:34:46] CRUCIAL : []
[18:34:46] CRUCIAL : []
[18:34:46] CRUCIAL : []
[18:34:46] CRUCIAL : []
[18:34:46] CRUCIAL : []
[18:34:46] CRUCIAL : []
[18:34:46] INFO    : Updating skybox color to (0.4980392156862745, 0.127, 0.127, 1)
[18:34:46] CRUCIAL : []
[18:34:46] CRUCIAL : []
[18:34:46] CRUCIAL : []
[18:34:46] CRUCIAL : []
[18:34:46] CRUCIAL : []
[18:34:46] CRUCIAL : []
[18:34:46] CRUCIAL : []
[18:34:46] INFO    : Updating skybox color to (0.5019607843137255, 0.128, 0.128, 1)
[18:34:46] CRUCIAL : []
[18:34:46] CRUCIAL : []
[18:34:46] CRUCIAL : []
[18:34:46] CRUCIAL : []
[18:34:46] CRUCIAL : []
[18:34:46] CRUCIAL : []
[18:34:46] CRUCIAL : []
[18:34:46] CRUCIAL : []
[18:34:46] INFO    : Updating skybox color to (0.5058823529411764, 0.129, 0.129, 1)
[18:34:46] CRUCIAL : []
[18:34:46] CRUCIAL : []
[18:34:46] CRUCIAL : []
[18:34:46] CRUCIAL : []
[18:34:46] CRUCIAL : []
[18:34:46] CRUCIAL : []
[18:34:46] CRUCIAL : []
[18:34:46] INFO    : Updating skybox color to (0.5098039215686274, 0.13, 0.13, 1)
[18:34:46] CRUCIAL : []
[18:34:46] CRUCIAL : []
[18:34:46] CRUCIAL : []
[18:34:46] CRUCIAL : []
[18:34:46] CRUCIAL : []
[18:34:46] CRUCIAL : []
[18:34:46] CRUCIAL : []
[18:34:46] CRUCIAL : []
[18:34:46] INFO    : Updating skybox color to (0.5137254901960784, 0.131, 0.131, 1)
[18:34:46] CRUCIAL : []
[18:34:46] CRUCIAL : []
[18:34:46] CRUCIAL : []
[18:34:46] CRUCIAL : []
[18:34:46] CRUCIAL : []
[18:34:46] CRUCIAL : []
[18:34:46] CRUCIAL : []
[18:34:46] INFO    : Updating skybox color to (0.5176470588235295, 0.132, 0.132, 1)
[18:34:46] CRUCIAL : []
[18:34:46] CRUCIAL : []
[18:34:46] CRUCIAL : []
[18:34:46] CRUCIAL : []
[18:34:46] CRUCIAL : []
[18:34:46] CRUCIAL : []
[18:34:46] CRUCIAL : []
[18:34:46] CRUCIAL : []
[18:34:46] INFO    : Updating skybox color to (0.5215686274509804, 0.133, 0.133, 1)
[18:34:46] CRUCIAL : []
[18:34:46] CRUCIAL : []
[18:34:46] CRUCIAL : []
[18:34:46] CRUCIAL : []
[18:34:46] CRUCIAL : []
[18:34:46] CRUCIAL : []
[18:34:46] CRUCIAL : []
[18:34:46] CRUCIAL : []
[18:34:46] INFO    : Updating skybox color to (0.5254901960784314, 0.134, 0.134, 1)
[18:34:46] CRUCIAL : []
[18:34:46] CRUCIAL : []
[18:34:46] CRUCIAL : []
[18:34:46] CRUCIAL : []
[18:34:46] CRUCIAL : []
[18:34:46] CRUCIAL : []
[18:34:47] CRUCIAL : []
[18:34:47] INFO    : Updating skybox color to (0.5294117647058824, 0.135, 0.135, 1)
[18:34:47] CRUCIAL : []
[18:34:47] CRUCIAL : []
[18:34:47] CRUCIAL : []
[18:34:47] CRUCIAL : []
[18:34:47] CRUCIAL : []
[18:34:47] CRUCIAL : []
[18:34:47] CRUCIAL : []
[18:34:47] CRUCIAL : []
[18:34:47] INFO    : Updating skybox color to (0.5333333333333333, 0.136, 0.136, 1)
[18:34:47] CRUCIAL : []
[18:34:47] CRUCIAL : []
[18:34:47] CRUCIAL : []
[18:34:47] CRUCIAL : []
[18:34:47] CRUCIAL : []
[18:34:47] CRUCIAL : []
[18:34:47] CRUCIAL : []
[18:34:47] INFO    : Updating skybox color to (0.5372549019607843, 0.137, 0.137, 1)
[18:34:47] CRUCIAL : []
[18:34:47] CRUCIAL : []
[18:34:47] CRUCIAL : []
[18:34:47] CRUCIAL : []
[18:34:47] CRUCIAL : []
[18:34:47] CRUCIAL : []
[18:34:47] CRUCIAL : []
[18:34:47] CRUCIAL : []
[18:34:47] INFO    : Updating skybox color to (0.5411764705882353, 0.138, 0.138, 1)
[18:34:47] CRUCIAL : []
[18:34:47] CRUCIAL : []
[18:34:47] CRUCIAL : []
[18:34:47] CRUCIAL : []
[18:34:47] CRUCIAL : []
[18:34:47] CRUCIAL : []
[18:34:47] CRUCIAL : []
[18:34:47] INFO    : Updating skybox color to (0.5450980392156862, 0.139, 0.139, 1)
[18:34:47] CRUCIAL : []
[18:34:47] CRUCIAL : []
[18:34:47] CRUCIAL : []
[18:34:47] CRUCIAL : []
[18:34:47] CRUCIAL : []
[18:34:47] CRUCIAL : []
[18:34:47] CRUCIAL : []
[18:34:47] CRUCIAL : []
[18:34:47] INFO    : Updating skybox color to (0.5490196078431373, 0.14, 0.14, 1)
[18:34:47] CRUCIAL : []
[18:34:47] CRUCIAL : []
[18:34:47] CRUCIAL : []
[18:34:47] CRUCIAL : []
[18:34:47] CRUCIAL : []
[18:34:47] CRUCIAL : []
[18:34:47] CRUCIAL : []
[18:34:47] INFO    : Updating skybox color to (0.5529411764705883, 0.141, 0.141, 1)
[18:34:47] CRUCIAL : []
[18:34:47] CRUCIAL : []
[18:34:47] CRUCIAL : []
[18:34:47] CRUCIAL : []
[18:34:47] CRUCIAL : []
[18:34:47] CRUCIAL : []
[18:34:47] CRUCIAL : []
[18:34:47] CRUCIAL : []
[18:34:47] INFO    : Updating skybox color to (0.5568627450980392, 0.142, 0.142, 1)
[18:34:47] CRUCIAL : []
[18:34:47] CRUCIAL : []
[18:34:47] CRUCIAL : []
[18:34:47] CRUCIAL : []
[18:34:47] CRUCIAL : []
[18:34:47] CRUCIAL : []
[18:34:47] CRUCIAL : []
[18:34:47] CRUCIAL : []
[18:34:47] INFO    : Updating skybox color to (0.5607843137254902, 0.143, 0.143, 1)
[18:34:47] CRUCIAL : []
[18:34:47] CRUCIAL : []
[18:34:47] CRUCIAL : []
[18:34:47] CRUCIAL : []
[18:34:47] CRUCIAL : []
[18:34:47] CRUCIAL : []
[18:34:47] CRUCIAL : []
[18:34:47] INFO    : Updating skybox color to (0.5647058823529412, 0.144, 0.144, 1)
[18:34:47] CRUCIAL : []
[18:34:47] CRUCIAL : []
[18:34:47] CRUCIAL : []
[18:34:47] CRUCIAL : []
[18:34:47] CRUCIAL : []
[18:34:47] CRUCIAL : []
[18:34:48] CRUCIAL : []
[18:34:48] CRUCIAL : []
[18:34:48] INFO    : Updating skybox color to (0.5686274509803921, 0.145, 0.145, 1)
[18:34:48] CRUCIAL : []
[18:34:48] CRUCIAL : []
[18:34:48] CRUCIAL : []
[18:34:48] CRUCIAL : []
[18:34:48] CRUCIAL : []
[18:34:48] CRUCIAL : []
[18:34:48] CRUCIAL : []
[18:34:48] INFO    : Updating skybox color to (0.5725490196078431, 0.146, 0.146, 1)
[18:34:48] CRUCIAL : []
[18:34:48] CRUCIAL : []
[18:34:48] CRUCIAL : []
[18:34:48] CRUCIAL : []
[18:34:48] CRUCIAL : []
[18:34:48] CRUCIAL : []
[18:34:48] CRUCIAL : []
[18:34:48] CRUCIAL : []
[18:34:48] INFO    : Updating skybox color to (0.5764705882352941, 0.147, 0.147, 1)
[18:34:48] CRUCIAL : []
[18:34:48] CRUCIAL : []
[18:34:48] CRUCIAL : []
[18:34:48] CRUCIAL : []
[18:34:48] CRUCIAL : []
[18:34:48] CRUCIAL : []
[18:34:48] CRUCIAL : []
[18:34:48] INFO    : Updating skybox color to (0.5803921568627451, 0.148, 0.148, 1)
[18:34:48] CRUCIAL : []
[18:34:48] CRUCIAL : []
[18:34:48] CRUCIAL : []
[18:34:48] CRUCIAL : []
[18:34:48] CRUCIAL : []
[18:34:48] CRUCIAL : []
[18:34:48] CRUCIAL : []
[18:34:48] CRUCIAL : []
[18:34:48] INFO    : Updating skybox color to (0.5843137254901961, 0.149, 0.149, 1)
[18:34:48] CRUCIAL : []
[18:34:48] CRUCIAL : []
[18:34:48] CRUCIAL : []
[18:34:48] CRUCIAL : []
[18:34:48] CRUCIAL : []
[18:34:48] CRUCIAL : []
[18:34:48] CRUCIAL : []
[18:34:48] CRUCIAL : []
[18:34:48] INFO    : Updating skybox color to (0.5882352941176471, 0.15, 0.15, 1)
[18:34:48] CRUCIAL : []
[18:34:48] CRUCIAL : []
[18:34:48] CRUCIAL : []
[18:34:48] CRUCIAL : []
[18:34:48] CRUCIAL : []
[18:34:48] CRUCIAL : []
[18:34:48] CRUCIAL : []
[18:34:48] INFO    : Updating skybox color to (0.592156862745098, 0.151, 0.151, 1)
[18:34:48] CRUCIAL : []
[18:34:48] CRUCIAL : []
[18:34:48] CRUCIAL : []
[18:34:48] CRUCIAL : []
[18:34:48] CRUCIAL : []
[18:34:48] CRUCIAL : []
[18:34:48] CRUCIAL : []
[18:34:48] CRUCIAL : []
[18:34:48] INFO    : Updating skybox color to (0.596078431372549, 0.152, 0.152, 1)
[18:34:48] CRUCIAL : []
[18:34:48] CRUCIAL : []
[18:34:48] CRUCIAL : []
[18:34:48] CRUCIAL : []
[18:34:48] CRUCIAL : []
[18:34:48] CRUCIAL : []
[18:34:48] CRUCIAL : []
[18:34:48] INFO    : Updating skybox color to (0.6, 0.153, 0.153, 1)
[18:34:48] CRUCIAL : []
[18:34:48] CRUCIAL : []
[18:34:48] CRUCIAL : []
[18:34:48] CRUCIAL : []
[18:34:48] CRUCIAL : []
[18:34:48] CRUCIAL : []
[18:34:48] CRUCIAL : []
[18:34:48] CRUCIAL : []
[18:34:48] INFO    : Updating skybox color to (0.6039215686274509, 0.154, 0.154, 1)
[18:34:48] CRUCIAL : []
[18:34:48] CRUCIAL : []
[18:34:48] CRUCIAL : []
[18:34:48] CRUCIAL : []
[18:34:48] CRUCIAL : []
[18:34:49] CRUCIAL : []
[18:34:49] CRUCIAL : []
[18:34:49] INFO    : Updating skybox color to (0.6078431372549019, 0.155, 0.155, 1)
[18:34:49] CRUCIAL : []
[18:34:49] CRUCIAL : []
[18:34:49] CRUCIAL : []
[18:34:49] CRUCIAL : []
[18:34:49] CRUCIAL : []
[18:34:49] CRUCIAL : []
[18:34:49] CRUCIAL : []
[18:34:49] CRUCIAL : []
[18:34:49] INFO    : Updating skybox color to (0.611764705882353, 0.156, 0.156, 1)
[18:34:49] CRUCIAL : []
[18:34:49] CRUCIAL : []
[18:34:49] CRUCIAL : []
[18:34:49] CRUCIAL : []
[18:34:49] CRUCIAL : []
[18:34:49] CRUCIAL : []
[18:34:49] CRUCIAL : []
[18:34:49] CRUCIAL : []
[18:34:49] INFO    : Updating skybox color to (0.615686274509804, 0.157, 0.157, 1)
[18:34:49] CRUCIAL : []
[18:34:49] CRUCIAL : []
[18:34:49] CRUCIAL : []
[18:34:49] CRUCIAL : []
[18:34:49] CRUCIAL : []
[18:34:49] CRUCIAL : []
[18:34:49] CRUCIAL : []
[18:34:49] INFO    : Updating skybox color to (0.6196078431372549, 0.158, 0.158, 1)
[18:34:49] CRUCIAL : []
[18:34:49] CRUCIAL : []
[18:34:49] CRUCIAL : []
[18:34:49] CRUCIAL : []
[18:34:49] CRUCIAL : []
[18:34:49] CRUCIAL : []
[18:34:49] CRUCIAL : []
[18:34:49] CRUCIAL : []
[18:34:49] INFO    : Updating skybox color to (0.6235294117647059, 0.159, 0.159, 1)
[18:34:49] CRUCIAL : []
[18:34:49] CRUCIAL : []
[18:34:49] CRUCIAL : []
[18:34:49] CRUCIAL : []
[18:34:49] CRUCIAL : []
[18:34:49] CRUCIAL : []
[18:34:49] CRUCIAL : []
[18:34:49] INFO    : Updating skybox color to (0.6274509803921569, 0.16, 0.16, 1)
[18:34:49] CRUCIAL : []
[18:34:49] CRUCIAL : []
[18:34:49] CRUCIAL : []
[18:34:49] CRUCIAL : []
[18:34:49] CRUCIAL : []
[18:34:49] CRUCIAL : []
[18:34:49] CRUCIAL : []
[18:34:49] CRUCIAL : []
[18:34:49] INFO    : Updating skybox color to (0.6313725490196078, 0.161, 0.161, 1)
[18:34:49] CRUCIAL : []
[18:34:49] CRUCIAL : []
[18:34:49] CRUCIAL : []
[18:34:49] CRUCIAL : []
[18:34:49] CRUCIAL : []
[18:34:49] CRUCIAL : []
[18:34:49] CRUCIAL : []
[18:34:49] INFO    : Updating skybox color to (0.6352941176470588, 0.162, 0.162, 1)
[18:34:49] CRUCIAL : []
[18:34:49] CRUCIAL : []
[18:34:49] CRUCIAL : []
[18:34:49] CRUCIAL : []
[18:34:49] CRUCIAL : []
[18:34:49] CRUCIAL : []
[18:34:49] CRUCIAL : []
[18:34:49] CRUCIAL : []
[18:34:49] INFO    : Updating skybox color to (0.6392156862745098, 0.163, 0.163, 1)
[18:34:49] CRUCIAL : []
[18:34:49] CRUCIAL : []
[18:34:49] CRUCIAL : []
[18:34:49] CRUCIAL : []
[18:34:49] CRUCIAL : []
[18:34:49] CRUCIAL : []
[18:34:49] CRUCIAL : []
[18:34:49] CRUCIAL : []
[18:34:49] INFO    : Updating skybox color to (0.6431372549019608, 0.164, 0.164, 1)
[18:34:49] CRUCIAL : []
[18:34:49] CRUCIAL : []
[18:34:49] CRUCIAL : []
[18:34:49] CRUCIAL : []
[18:34:50] CRUCIAL : []
[18:34:50] CRUCIAL : []
[18:34:50] CRUCIAL : []
[18:34:50] INFO    : Updating skybox color to (0.6470588235294118, 0.165, 0.165, 1)
[18:34:50] CRUCIAL : []
[18:34:50] CRUCIAL : []
[18:34:50] CRUCIAL : []
[18:34:50] CRUCIAL : []
[18:34:50] CRUCIAL : []
[18:34:50] CRUCIAL : []
[18:34:50] CRUCIAL : []
[18:34:50] CRUCIAL : []
[18:34:50] INFO    : Updating skybox color to (0.6509803921568628, 0.166, 0.166, 1)
[18:34:50] CRUCIAL : []
[18:34:50] CRUCIAL : []
[18:34:50] CRUCIAL : []
[18:34:50] CRUCIAL : []
[18:34:50] CRUCIAL : []
[18:34:50] CRUCIAL : []
[18:34:50] CRUCIAL : []
[18:34:50] INFO    : Updating skybox color to (0.6549019607843137, 0.167, 0.167, 1)
[18:34:50] CRUCIAL : []
[18:34:50] CRUCIAL : []
[18:34:50] CRUCIAL : []
[18:34:50] CRUCIAL : []
[18:34:50] CRUCIAL : []
[18:34:50] CRUCIAL : []
[18:34:50] CRUCIAL : []
[18:34:50] CRUCIAL : []
[18:34:50] INFO    : Updating skybox color to (0.6588235294117647, 0.168, 0.168, 1)
[18:34:50] CRUCIAL : []
[18:34:50] CRUCIAL : []
[18:34:50] CRUCIAL : []
[18:34:50] CRUCIAL : []
[18:34:50] CRUCIAL : []
[18:34:50] CRUCIAL : []
[18:34:50] CRUCIAL : []
[18:34:50] INFO    : Updating skybox color to (0.6627450980392157, 0.169, 0.169, 1)
[18:34:50] CRUCIAL : []
[18:34:50] CRUCIAL : []
[18:34:50] CRUCIAL : []
[18:34:50] CRUCIAL : []
[18:34:50] CRUCIAL : []
[18:34:50] CRUCIAL : []
[18:34:50] CRUCIAL : []
[18:34:50] CRUCIAL : []
[18:34:50] INFO    : Updating skybox color to (0.6666666666666666, 0.17, 0.17, 1)
[18:34:50] CRUCIAL : []
[18:34:50] CRUCIAL : []
[18:34:50] CRUCIAL : []
[18:34:50] CRUCIAL : []
[18:34:50] CRUCIAL : []
[18:34:50] CRUCIAL : []
[18:34:50] CRUCIAL : []
[18:34:50] CRUCIAL : []
[18:34:50] INFO    : Updating skybox color to (0.6705882352941176, 0.171, 0.171, 1)
[18:34:50] CRUCIAL : []
[18:34:50] CRUCIAL : []
[18:34:50] CRUCIAL : []
[18:34:50] CRUCIAL : []
[18:34:50] CRUCIAL : []
[18:34:50] CRUCIAL : []
[18:34:50] CRUCIAL : []
[18:34:50] INFO    : Updating skybox color to (0.6745098039215687, 0.172, 0.172, 1)
[18:34:50] CRUCIAL : []
[18:34:50] CRUCIAL : []
[18:34:50] CRUCIAL : []
[18:34:50] CRUCIAL : []
[18:34:50] CRUCIAL : []
[18:34:50] CRUCIAL : []
[18:34:50] CRUCIAL : []
[18:34:50] CRUCIAL : []
[18:34:50] INFO    : Updating skybox color to (0.6784313725490196, 0.173, 0.173, 1)
[18:34:50] CRUCIAL : []
[18:34:50] CRUCIAL : []
[18:34:50] CRUCIAL : []
[18:34:50] CRUCIAL : []
[18:34:50] CRUCIAL : []
[18:34:50] CRUCIAL : []
[18:34:50] CRUCIAL : []
[18:34:50] INFO    : Updating skybox color to (0.6823529411764706, 0.174, 0.174, 1)
[18:34:50] CRUCIAL : []
[18:34:50] CRUCIAL : []
[18:34:50] CRUCIAL : []
[18:34:50] CRUCIAL : []
[18:34:51] CRUCIAL : []
[18:34:51] CRUCIAL : []
[18:34:51] CRUCIAL : []
[18:34:51] CRUCIAL : []
[18:34:51] INFO    : Updating skybox color to (0.6862745098039216, 0.175, 0.175, 1)
[18:34:51] CRUCIAL : []
[18:34:51] CRUCIAL : []
[18:34:51] CRUCIAL : []
[18:34:51] CRUCIAL : []
[18:34:51] CRUCIAL : []
[18:34:51] CRUCIAL : []
[18:34:51] CRUCIAL : []
[18:34:51] INFO    : Updating skybox color to (0.6901960784313725, 0.176, 0.176, 1)
[18:34:51] CRUCIAL : []
[18:34:51] CRUCIAL : []
[18:34:51] CRUCIAL : []
[18:34:51] CRUCIAL : []
[18:34:51] CRUCIAL : []
[18:34:51] CRUCIAL : []
[18:34:51] CRUCIAL : []
[18:34:51] CRUCIAL : []
[18:34:51] INFO    : Updating skybox color to (0.6941176470588235, 0.177, 0.177, 1)
[18:34:51] CRUCIAL : []
[18:34:51] CRUCIAL : []
[18:34:51] CRUCIAL : []
[18:34:51] CRUCIAL : []
[18:34:51] CRUCIAL : []
[18:34:51] CRUCIAL : []
[18:34:51] CRUCIAL : []
[18:34:51] INFO    : Updating skybox color to (0.6980392156862745, 0.178, 0.178, 1)
[18:34:51] CRUCIAL : []
[18:34:51] CRUCIAL : []
[18:34:51] CRUCIAL : []
[18:34:51] CRUCIAL : []
[18:34:51] CRUCIAL : []
[18:34:51] CRUCIAL : []
[18:34:51] CRUCIAL : []
[18:34:51] CRUCIAL : []
[18:34:51] INFO    : Updating skybox color to (0.7019607843137254, 0.179, 0.179, 1)
[18:34:51] CRUCIAL : []
[18:34:51] CRUCIAL : []
[18:34:51] CRUCIAL : []
[18:34:51] CRUCIAL : []
[18:34:51] CRUCIAL : []
[18:34:51] CRUCIAL : []
[18:34:51] CRUCIAL : []
[18:34:51] CRUCIAL : []
[18:34:51] INFO    : Updating skybox color to (0.7058823529411765, 0.18, 0.18, 1)
[18:34:51] CRUCIAL : []
[18:34:51] CRUCIAL : []
[18:34:51] CRUCIAL : []
[18:34:51] CRUCIAL : []
[18:34:51] CRUCIAL : []
[18:34:51] CRUCIAL : []
[18:34:51] CRUCIAL : []
[18:34:51] INFO    : Updating skybox color to (0.7098039215686275, 0.181, 0.181, 1)
[18:34:51] CRUCIAL : []
[18:34:51] CRUCIAL : []
[18:34:51] CRUCIAL : []
[18:34:51] CRUCIAL : []
[18:34:51] CRUCIAL : []
[18:34:51] CRUCIAL : []
[18:34:51] CRUCIAL : []
[18:34:51] CRUCIAL : []
[18:34:51] INFO    : Updating skybox color to (0.7137254901960784, 0.182, 0.182, 1)
[18:34:51] CRUCIAL : []
[18:34:51] CRUCIAL : []
[18:34:51] CRUCIAL : []
[18:34:51] CRUCIAL : []
[18:34:51] CRUCIAL : []
[18:34:51] CRUCIAL : []
[18:34:51] CRUCIAL : []
[18:34:51] INFO    : Updating skybox color to (0.7176470588235294, 0.183, 0.183, 1)
[18:34:51] CRUCIAL : []
[18:34:51] CRUCIAL : []
[18:34:51] CRUCIAL : []
[18:34:51] CRUCIAL : []
[18:34:51] CRUCIAL : []
[18:34:51] CRUCIAL : []
[18:34:51] CRUCIAL : []
[18:34:51] CRUCIAL : []
[18:34:51] INFO    : Updating skybox color to (0.7215686274509804, 0.184, 0.184, 1)
[18:34:51] CRUCIAL : []
[18:34:51] CRUCIAL : []
[18:34:51] CRUCIAL : []
[18:34:52] CRUCIAL : []
[18:34:52] CRUCIAL : []
[18:34:52] CRUCIAL : []
[18:34:52] CRUCIAL : []
[18:34:52] INFO    : Updating skybox color to (0.7254901960784313, 0.185, 0.185, 1)
[18:34:52] CRUCIAL : []
[18:34:52] CRUCIAL : []
[18:34:52] CRUCIAL : []
[18:34:52] CRUCIAL : []
[18:34:52] CRUCIAL : []
[18:34:52] CRUCIAL : []
[18:34:52] CRUCIAL : []
[18:34:52] CRUCIAL : []
[18:34:52] INFO    : Updating skybox color to (0.7294117647058823, 0.186, 0.186, 1)
[18:34:52] CRUCIAL : []
[18:34:52] CRUCIAL : []
[18:34:52] CRUCIAL : []
[18:34:52] CRUCIAL : []
[18:34:52] CRUCIAL : []
[18:34:52] CRUCIAL : []
[18:34:52] CRUCIAL : []
[18:34:52] CRUCIAL : []
[18:34:52] INFO    : Updating skybox color to (0.7333333333333333, 0.187, 0.187, 1)
[18:34:52] CRUCIAL : []
[18:34:52] CRUCIAL : []
[18:34:52] CRUCIAL : []
[18:34:52] CRUCIAL : []
[18:34:52] CRUCIAL : []
[18:34:52] CRUCIAL : []
[18:34:52] CRUCIAL : []
[18:34:52] INFO    : Updating skybox color to (0.7372549019607844, 0.188, 0.188, 1)
[18:34:52] CRUCIAL : []
[18:34:52] CRUCIAL : []
[18:34:52] CRUCIAL : []
[18:34:52] CRUCIAL : []
[18:34:52] CRUCIAL : []
[18:34:52] CRUCIAL : []
[18:34:52] CRUCIAL : []
[18:34:52] CRUCIAL : []
[18:34:52] INFO    : Updating skybox color to (0.7411764705882353, 0.189, 0.189, 1)
[18:34:52] CRUCIAL : []
[18:34:52] CRUCIAL : []
[18:34:52] CRUCIAL : []
[18:34:52] CRUCIAL : []
[18:34:52] CRUCIAL : []
[18:34:52] CRUCIAL : []
[18:34:52] CRUCIAL : []
[18:34:52] INFO    : Updating skybox color to (0.7450980392156863, 0.19, 0.19, 1)
[18:34:52] CRUCIAL : []
[18:34:52] CRUCIAL : []
[18:34:52] CRUCIAL : []
[18:34:52] CRUCIAL : []
[18:34:52] CRUCIAL : []
[18:34:52] CRUCIAL : []
[18:34:52] CRUCIAL : []
[18:34:52] CRUCIAL : []
[18:34:52] INFO    : Updating skybox color to (0.7490196078431373, 0.191, 0.191, 1)
[18:34:52] CRUCIAL : []
[18:34:52] CRUCIAL : []
[18:34:52] CRUCIAL : []
[18:34:52] CRUCIAL : []
[18:34:52] CRUCIAL : []
[18:34:52] CRUCIAL : []
[18:34:52] CRUCIAL : []
[18:34:52] INFO    : Updating skybox color to (0.7529411764705882, 0.192, 0.192, 1)
[18:34:52] CRUCIAL : []
[18:34:52] CRUCIAL : []
[18:34:52] CRUCIAL : []
[18:34:52] CRUCIAL : []
[18:34:52] CRUCIAL : []
[18:34:52] CRUCIAL : []
[18:34:52] CRUCIAL : []
[18:34:52] CRUCIAL : []
[18:34:52] INFO    : Updating skybox color to (0.7568627450980392, 0.193, 0.193, 1)
[18:34:52] CRUCIAL : []
[18:34:52] CRUCIAL : []
[18:34:52] CRUCIAL : []
[18:34:52] CRUCIAL : []
[18:34:52] CRUCIAL : []
[18:34:52] CRUCIAL : []
[18:34:52] CRUCIAL : []
[18:34:52] CRUCIAL : []
[18:34:52] INFO    : Updating skybox color to (0.7607843137254902, 0.194, 0.194, 1)
[18:34:52] CRUCIAL : []
[18:34:52] CRUCIAL : []
[18:34:53] CRUCIAL : []
[18:34:53] CRUCIAL : []
[18:34:53] CRUCIAL : []
[18:34:53] CRUCIAL : []
[18:34:53] CRUCIAL : []
[18:34:53] INFO    : Updating skybox color to (0.7647058823529411, 0.195, 0.195, 1)
[18:34:53] CRUCIAL : []
[18:34:53] CRUCIAL : []
[18:34:53] CRUCIAL : []
[18:34:53] CRUCIAL : []
[18:34:53] CRUCIAL : []
[18:34:53] CRUCIAL : []
[18:34:53] CRUCIAL : []
[18:34:53] CRUCIAL : []
[18:34:53] INFO    : Updating skybox color to (0.7686274509803922, 0.196, 0.196, 1)
[18:34:53] CRUCIAL : []
[18:34:53] CRUCIAL : []
[18:34:53] CRUCIAL : []
[18:34:53] CRUCIAL : []
[18:34:53] CRUCIAL : []
[18:34:53] CRUCIAL : []
[18:34:53] CRUCIAL : []
[18:34:53] INFO    : Updating skybox color to (0.7725490196078432, 0.197, 0.197, 1)
[18:34:53] CRUCIAL : []
[18:34:53] CRUCIAL : []
[18:34:53] CRUCIAL : []
[18:34:53] CRUCIAL : []
[18:34:53] CRUCIAL : []
[18:34:53] CRUCIAL : []
[18:34:53] CRUCIAL : []
[18:34:53] CRUCIAL : []
[18:34:53] INFO    : Updating skybox color to (0.7764705882352941, 0.198, 0.198, 1)
[18:34:53] CRUCIAL : []
[18:34:53] CRUCIAL : []
[18:34:53] CRUCIAL : []
[18:34:53] CRUCIAL : []
[18:34:53] CRUCIAL : []
[18:34:53] CRUCIAL : []
[18:34:53] CRUCIAL : []
[18:34:53] INFO    : Updating skybox color to (0.7803921568627451, 0.199, 0.199, 1)
[18:34:53] CRUCIAL : []
[18:34:53] CRUCIAL : []
[18:34:53] CRUCIAL : []
[18:34:53] CRUCIAL : []
[18:34:53] CRUCIAL : []
[18:34:53] CRUCIAL : []
[18:34:53] CRUCIAL : []
[18:34:53] CRUCIAL : []
[18:34:53] INFO    : Updating skybox color to (0.7843137254901961, 0.2, 0.2, 1)
[18:34:53] CRUCIAL : []
[18:34:53] CRUCIAL : []
[18:34:53] CRUCIAL : []
[18:34:53] CRUCIAL : []
[18:34:53] CRUCIAL : []
[18:34:53] CRUCIAL : []
[18:34:53] CRUCIAL : []
[18:34:53] CRUCIAL : []
[18:34:53] INFO    : Updating skybox color to (0.788235294117647, 0.201, 0.201, 1)
[18:34:53] CRUCIAL : []
[18:34:53] CRUCIAL : []
[18:34:53] CRUCIAL : []
[18:34:53] CRUCIAL : []
[18:34:53] CRUCIAL : []
[18:34:53] CRUCIAL : []
[18:34:53] CRUCIAL : []
[18:34:53] INFO    : Updating skybox color to (0.792156862745098, 0.202, 0.202, 1)
[18:34:53] CRUCIAL : []
[18:34:53] CRUCIAL : []
[18:34:53] CRUCIAL : []
[18:34:53] CRUCIAL : []
[18:34:53] CRUCIAL : []
[18:34:53] CRUCIAL : []
[18:34:53] CRUCIAL : []
[18:34:53] CRUCIAL : []
[18:34:53] INFO    : Updating skybox color to (0.796078431372549, 0.203, 0.203, 1)
[18:34:53] CRUCIAL : []
[18:34:53] CRUCIAL : []
[18:34:53] CRUCIAL : []
[18:34:53] CRUCIAL : []
[18:34:53] CRUCIAL : []
[18:34:53] CRUCIAL : []
[18:34:53] CRUCIAL : []
[18:34:53] INFO    : Updating skybox color to (0.8, 0.204, 0.204, 1)
[18:34:53] CRUCIAL : []
[18:34:53] CRUCIAL : []
[18:34:54] CRUCIAL : []
[18:34:54] CRUCIAL : []
[18:34:54] CRUCIAL : []
[18:34:54] CRUCIAL : []
[18:34:54] CRUCIAL : []
[18:34:54] CRUCIAL : []
[18:34:54] INFO    : Updating skybox color to (0.803921568627451, 0.205, 0.205, 1)
[18:34:54] CRUCIAL : []
[18:34:54] CRUCIAL : []
[18:34:54] CRUCIAL : []
[18:34:54] CRUCIAL : []
[18:34:54] CRUCIAL : []
[18:34:54] CRUCIAL : []
[18:34:54] CRUCIAL : []
[18:34:54] INFO    : Updating skybox color to (0.807843137254902, 0.206, 0.206, 1)
[18:34:54] CRUCIAL : []
[18:34:54] CRUCIAL : []
[18:34:54] CRUCIAL : []
[18:34:54] CRUCIAL : []
[18:34:54] CRUCIAL : []
[18:34:54] CRUCIAL : []
[18:34:54] CRUCIAL : []
[18:34:54] CRUCIAL : []
[18:34:54] INFO    : Updating skybox color to (0.8117647058823529, 0.207, 0.207, 1)
[18:34:54] CRUCIAL : []
[18:34:54] CRUCIAL : []
[18:34:54] CRUCIAL : []
[18:34:54] CRUCIAL : []
[18:34:54] CRUCIAL : []
[18:34:54] CRUCIAL : []
[18:34:54] CRUCIAL : []
[18:34:54] INFO    : Updating skybox color to (0.8156862745098039, 0.208, 0.208, 1)
[18:34:54] CRUCIAL : []
[18:34:54] CRUCIAL : []
[18:34:54] CRUCIAL : []
[18:34:54] CRUCIAL : []
[18:34:54] CRUCIAL : []
[18:34:54] CRUCIAL : []
[18:34:54] CRUCIAL : []
[18:34:54] CRUCIAL : []
[18:34:54] INFO    : Updating skybox color to (0.8196078431372549, 0.209, 0.209, 1)
[18:34:54] CRUCIAL : []
[18:34:54] CRUCIAL : []
[18:34:54] CRUCIAL : []
[18:34:54] CRUCIAL : []
[18:34:54] CRUCIAL : []
[18:34:54] CRUCIAL : []
[18:34:54] CRUCIAL : []
[18:34:54] CRUCIAL : []
[18:34:54] INFO    : Updating skybox color to (0.8235294117647058, 0.21, 0.21, 1)
[18:34:54] CRUCIAL : []
[18:34:54] CRUCIAL : []
[18:34:54] CRUCIAL : []
[18:34:54] CRUCIAL : []
[18:34:54] CRUCIAL : []
[18:34:54] CRUCIAL : []
[18:34:54] CRUCIAL : []
[18:34:54] INFO    : Updating skybox color to (0.8274509803921568, 0.211, 0.211, 1)
[18:34:54] CRUCIAL : []
[18:34:54] CRUCIAL : []
[18:34:54] CRUCIAL : []
[18:34:54] CRUCIAL : []
[18:34:54] CRUCIAL : []
[18:34:54] CRUCIAL : []
[18:34:54] CRUCIAL : []
[18:34:54] CRUCIAL : []
[18:34:54] INFO    : Updating skybox color to (0.8313725490196079, 0.212, 0.212, 1)
[18:34:54] CRUCIAL : []
[18:34:54] CRUCIAL : []
[18:34:54] CRUCIAL : []
[18:34:54] CRUCIAL : []
[18:34:54] CRUCIAL : []
[18:34:54] CRUCIAL : []
[18:34:54] CRUCIAL : []
[18:34:54] INFO    : Updating skybox color to (0.8352941176470589, 0.213, 0.213, 1)
[18:34:54] CRUCIAL : []
[18:34:54] CRUCIAL : []
[18:34:54] CRUCIAL : []
[18:34:54] CRUCIAL : []
[18:34:54] CRUCIAL : []
[18:34:54] CRUCIAL : []
[18:34:54] CRUCIAL : []
[18:34:54] CRUCIAL : []
[18:34:54] INFO    : Updating skybox color to (0.8392156862745098, 0.214, 0.214, 1)
[18:34:54] CRUCIAL : []
[18:34:55] CRUCIAL : []
[18:34:55] CRUCIAL : []
[18:34:55] CRUCIAL : []
[18:34:55] CRUCIAL : []
[18:34:55] CRUCIAL : []
[18:34:55] CRUCIAL : []
[18:34:55] INFO    : Updating skybox color to (0.8431372549019608, 0.215, 0.215, 1)
[18:34:55] CRUCIAL : []
[18:34:55] CRUCIAL : []
[18:34:55] CRUCIAL : []
[18:34:55] CRUCIAL : []
[18:34:55] CRUCIAL : []
[18:34:55] CRUCIAL : []
[18:34:55] CRUCIAL : []
[18:34:55] CRUCIAL : []
[18:34:55] INFO    : Updating skybox color to (0.8470588235294118, 0.216, 0.216, 1)
[18:34:55] CRUCIAL : []
[18:34:55] CRUCIAL : []
[18:34:55] CRUCIAL : []
[18:34:55] CRUCIAL : []
[18:34:55] CRUCIAL : []
[18:34:55] CRUCIAL : []
[18:34:55] CRUCIAL : []
[18:34:55] CRUCIAL : []
[18:34:55] INFO    : Updating skybox color to (0.8509803921568627, 0.217, 0.217, 1)
[18:34:55] CRUCIAL : []
[18:34:55] CRUCIAL : []
[18:34:55] CRUCIAL : []
[18:34:55] CRUCIAL : []
[18:34:55] CRUCIAL : []
[18:34:55] CRUCIAL : []
[18:34:55] CRUCIAL : []
[18:34:55] INFO    : Updating skybox color to (0.8549019607843137, 0.218, 0.218, 1)
[18:34:55] CRUCIAL : []
[18:34:55] CRUCIAL : []
[18:34:55] CRUCIAL : []
[18:34:55] CRUCIAL : []
[18:34:55] CRUCIAL : []
[18:34:55] CRUCIAL : []
[18:34:55] CRUCIAL : []
[18:34:55] CRUCIAL : []
[18:34:55] INFO    : Updating skybox color to (0.8588235294117647, 0.219, 0.219, 1)
[18:34:55] CRUCIAL : []
[18:34:55] CRUCIAL : []
[18:34:55] CRUCIAL : []
[18:34:55] CRUCIAL : []
[18:34:55] CRUCIAL : []
[18:34:55] CRUCIAL : []
[18:34:55] CRUCIAL : []
[18:34:55] INFO    : Updating skybox color to (0.8627450980392157, 0.22, 0.22, 1)
[18:34:55] CRUCIAL : []
[18:34:55] CRUCIAL : []
[18:34:55] CRUCIAL : []
[18:34:55] CRUCIAL : []
[18:34:55] CRUCIAL : []
[18:34:55] CRUCIAL : []
[18:34:55] CRUCIAL : []
[18:34:55] CRUCIAL : []
[18:34:55] INFO    : Updating skybox color to (0.8666666666666667, 0.221, 0.221, 1)
[18:34:55] CRUCIAL : []
[18:34:55] CRUCIAL : []
[18:34:55] CRUCIAL : []
[18:34:55] CRUCIAL : []
[18:34:55] CRUCIAL : []
[18:34:55] CRUCIAL : []
[18:34:55] CRUCIAL : []
[18:34:55] INFO    : Updating skybox color to (0.8705882352941177, 0.222, 0.222, 1)
[18:34:55] CRUCIAL : []
[18:34:55] CRUCIAL : []
[18:34:55] CRUCIAL : []
[18:34:55] CRUCIAL : []
[18:34:55] CRUCIAL : []
[18:34:55] CRUCIAL : []
[18:34:55] CRUCIAL : []
[18:34:55] CRUCIAL : []
[18:34:55] INFO    : Updating skybox color to (0.8745098039215686, 0.223, 0.223, 1)
[18:34:55] CRUCIAL : []
[18:34:55] CRUCIAL : []
[18:34:55] CRUCIAL : []
[18:34:55] CRUCIAL : []
[18:34:55] CRUCIAL : []
[18:34:55] CRUCIAL : []
[18:34:55] CRUCIAL : []
[18:34:55] CRUCIAL : []
[18:34:55] INFO    : Updating skybox color to (0.8784313725490196, 0.224, 0.224, 1)
[18:34:56] CRUCIAL : []
[18:34:56] CRUCIAL : []
[18:34:56] CRUCIAL : []
[18:34:56] CRUCIAL : []
[18:34:56] CRUCIAL : []
[18:34:56] CRUCIAL : []
[18:34:56] CRUCIAL : []
[18:34:56] INFO    : Updating skybox color to (0.8823529411764706, 0.225, 0.225, 1)
[18:34:56] CRUCIAL : []
[18:34:56] CRUCIAL : []
[18:34:56] CRUCIAL : []
[18:34:56] CRUCIAL : []
[18:34:56] CRUCIAL : []
[18:34:56] CRUCIAL : []
[18:34:56] CRUCIAL : []
[18:34:56] CRUCIAL : []
[18:34:56] INFO    : Updating skybox color to (0.8862745098039215, 0.226, 0.226, 1)
[18:34:56] CRUCIAL : []
[18:34:56] CRUCIAL : []
[18:34:56] CRUCIAL : []
[18:34:56] CRUCIAL : []
[18:34:56] CRUCIAL : []
[18:34:56] CRUCIAL : []
[18:34:56] CRUCIAL : []
[18:34:56] INFO    : Updating skybox color to (0.8901960784313725, 0.227, 0.227, 1)
[18:34:56] CRUCIAL : []
[18:34:56] CRUCIAL : []
[18:34:56] CRUCIAL : []
[18:34:56] CRUCIAL : []
[18:34:56] CRUCIAL : []
[18:34:56] CRUCIAL : []
[18:34:56] CRUCIAL : []
[18:34:56] CRUCIAL : []
[18:34:56] INFO    : Updating skybox color to (0.8941176470588236, 0.228, 0.228, 1)
[18:34:56] CRUCIAL : []
[18:34:56] CRUCIAL : []
[18:34:56] CRUCIAL : []
[18:34:56] CRUCIAL : []
[18:34:56] CRUCIAL : []
[18:34:56] CRUCIAL : []
[18:34:56] CRUCIAL : []
[18:34:56] INFO    : Updating skybox color to (0.8980392156862745, 0.229, 0.229, 1)
[18:34:56] CRUCIAL : []
[18:34:56] CRUCIAL : []
[18:34:56] CRUCIAL : []
[18:34:56] CRUCIAL : []
[18:34:56] CRUCIAL : []
[18:34:56] CRUCIAL : []
[18:34:56] CRUCIAL : []
[18:34:56] CRUCIAL : []
[18:34:56] INFO    : Updating skybox color to (0.9019607843137255, 0.23, 0.23, 1)
[18:34:56] CRUCIAL : []
[18:34:56] CRUCIAL : []
[18:34:56] CRUCIAL : []
[18:34:56] CRUCIAL : []
[18:34:56] CRUCIAL : []
[18:34:56] CRUCIAL : []
[18:34:56] CRUCIAL : []
[18:34:56] INFO    : Updating skybox color to (0.9058823529411765, 0.231, 0.231, 1)
[18:34:56] CRUCIAL : []
[18:34:56] CRUCIAL : []
[18:34:56] CRUCIAL : []
[18:34:56] CRUCIAL : []
[18:34:56] CRUCIAL : []
[18:34:56] CRUCIAL : []
[18:34:56] CRUCIAL : []
[18:34:56] CRUCIAL : []
[18:34:56] INFO    : Updating skybox color to (0.9098039215686274, 0.232, 0.232, 1)
[18:34:56] CRUCIAL : []
[18:34:56] CRUCIAL : []
[18:34:56] CRUCIAL : []
[18:34:56] CRUCIAL : []
[18:34:56] CRUCIAL : []
[18:34:56] CRUCIAL : []
[18:34:56] CRUCIAL : []
[18:34:56] CRUCIAL : []
[18:34:56] INFO    : Updating skybox color to (0.9137254901960784, 0.233, 0.233, 1)
[18:34:56] CRUCIAL : []
[18:34:56] CRUCIAL : []
[18:34:56] CRUCIAL : []
[18:34:56] CRUCIAL : []
[18:34:56] CRUCIAL : []
[18:34:56] CRUCIAL : []
[18:34:56] CRUCIAL : []
[18:34:56] INFO    : Updating skybox color to (0.9176470588235294, 0.234, 0.234, 1)
[18:34:57] CRUCIAL : []
[18:34:57] CRUCIAL : []
[18:34:57] CRUCIAL : []
[18:34:57] CRUCIAL : []
[18:34:57] CRUCIAL : []
[18:34:57] CRUCIAL : []
[18:34:57] CRUCIAL : []
[18:34:57] CRUCIAL : []
[18:34:57] INFO    : Updating skybox color to (0.9215686274509803, 0.235, 0.235, 1)
[18:34:57] CRUCIAL : []
[18:34:57] CRUCIAL : []
[18:34:57] CRUCIAL : []
[18:34:57] CRUCIAL : []
[18:34:57] CRUCIAL : []
[18:34:57] CRUCIAL : []
[18:34:57] CRUCIAL : []
[18:34:57] INFO    : Updating skybox color to (0.9254901960784314, 0.236, 0.236, 1)
[18:34:57] CRUCIAL : []
[18:34:57] CRUCIAL : []
[18:34:57] CRUCIAL : []
[18:34:57] CRUCIAL : []
[18:34:57] CRUCIAL : []
[18:34:57] CRUCIAL : []
[18:34:57] CRUCIAL : []
[18:34:57] CRUCIAL : []
[18:34:57] INFO    : Updating skybox color to (0.9294117647058824, 0.237, 0.237, 1)
[18:34:57] CRUCIAL : []
[18:34:57] CRUCIAL : []
[18:34:57] CRUCIAL : []
[18:34:57] CRUCIAL : []
[18:34:57] CRUCIAL : []
[18:34:57] CRUCIAL : []
[18:34:57] CRUCIAL : []
[18:34:57] INFO    : Updating skybox color to (0.9333333333333333, 0.238, 0.238, 1)
[18:34:57] CRUCIAL : []
[18:34:57] CRUCIAL : []
[18:34:57] CRUCIAL : []
[18:34:57] CRUCIAL : []
[18:34:57] CRUCIAL : []
[18:34:57] CRUCIAL : []
[18:34:57] CRUCIAL : []
[18:34:57] CRUCIAL : []
[18:34:57] INFO    : Updating skybox color to (0.9372549019607843, 0.239, 0.239, 1)
[18:34:57] CRUCIAL : []
[18:34:57] CRUCIAL : []
[18:34:57] CRUCIAL : []
[18:34:57] CRUCIAL : []
[18:34:57] CRUCIAL : []
[18:34:57] CRUCIAL : []
[18:34:57] CRUCIAL : []
[18:34:57] CRUCIAL : []
[18:34:57] INFO    : Updating skybox color to (0.9411764705882353, 0.24, 0.24, 1)
[18:34:57] CRUCIAL : []
[18:34:57] CRUCIAL : []
[18:34:57] CRUCIAL : []
[18:34:57] CRUCIAL : []
[18:34:57] CRUCIAL : []
[18:34:57] CRUCIAL : []
[18:34:57] CRUCIAL : []
[18:34:57] INFO    : Updating skybox color to (0.9450980392156862, 0.241, 0.241, 1)
[18:34:57] CRUCIAL : []
[18:34:57] CRUCIAL : []
[18:34:57] CRUCIAL : []
[18:34:57] CRUCIAL : []
[18:34:57] CRUCIAL : []
[18:34:57] CRUCIAL : []
[18:34:57] CRUCIAL : []
[18:34:57] CRUCIAL : []
[18:34:57] INFO    : Updating skybox color to (0.9490196078431372, 0.242, 0.242, 1)
[18:34:57] CRUCIAL : []
[18:34:57] CRUCIAL : []
[18:34:57] CRUCIAL : []
[18:34:57] CRUCIAL : []
[18:34:57] CRUCIAL : []
[18:34:57] CRUCIAL : []
[18:34:57] CRUCIAL : []
[18:34:57] INFO    : Updating skybox color to (0.9529411764705882, 0.243, 0.243, 1)
[18:34:57] CRUCIAL : []
[18:34:57] CRUCIAL : []
[18:34:57] CRUCIAL : []
[18:34:57] CRUCIAL : []
[18:34:57] CRUCIAL : []
[18:34:57] CRUCIAL : []
[18:34:57] CRUCIAL : []
[18:34:58] CRUCIAL : []
[18:34:58] INFO    : Updating skybox color to (0.9568627450980393, 0.244, 0.244, 1)
[18:34:58] CRUCIAL : []
[18:34:58] CRUCIAL : []
[18:34:58] CRUCIAL : []
[18:34:58] CRUCIAL : []
[18:34:58] CRUCIAL : []
[18:34:58] CRUCIAL : []
[18:34:58] CRUCIAL : []
[18:34:58] INFO    : Updating skybox color to (0.9607843137254902, 0.245, 0.245, 1)
[18:34:58] CRUCIAL : []
[18:34:58] CRUCIAL : []
[18:34:58] CRUCIAL : []
[18:34:58] CRUCIAL : []
[18:34:58] CRUCIAL : []
[18:34:58] CRUCIAL : []
[18:34:58] CRUCIAL : []
[18:34:58] CRUCIAL : []
[18:34:58] INFO    : Updating skybox color to (0.9647058823529412, 0.246, 0.246, 1)
[18:34:58] CRUCIAL : []
[18:34:58] CRUCIAL : []
[18:34:58] CRUCIAL : []
[18:34:58] CRUCIAL : []
[18:34:58] CRUCIAL : []
[18:34:58] CRUCIAL : []
[18:34:58] CRUCIAL : []
[18:34:58] CRUCIAL : []
[18:34:58] INFO    : Updating skybox color to (0.9686274509803922, 0.247, 0.247, 1)
[18:34:58] CRUCIAL : []
[18:34:58] CRUCIAL : []
[18:34:58] CRUCIAL : []
[18:34:58] CRUCIAL : []
[18:34:58] CRUCIAL : []
[18:34:58] CRUCIAL : []
[18:34:58] CRUCIAL : []
[18:34:58] INFO    : Updating skybox color to (0.9725490196078431, 0.248, 0.248, 1)
[18:34:58] CRUCIAL : []
[18:34:58] CRUCIAL : []
[18:34:58] CRUCIAL : []
[18:34:58] CRUCIAL : []
[18:34:58] CRUCIAL : []
[18:34:58] CRUCIAL : []
[18:34:58] CRUCIAL : []
[18:34:58] CRUCIAL : []
[18:34:58] INFO    : Updating skybox color to (0.9764705882352941, 0.249, 0.249, 1)
[18:34:58] CRUCIAL : []
[18:34:58] CRUCIAL : []
[18:34:58] CRUCIAL : []
[18:34:58] CRUCIAL : []
[18:34:58] CRUCIAL : []
[18:34:58] CRUCIAL : []
[18:34:58] CRUCIAL : []
[18:34:58] INFO    : Updating skybox color to (0.9803921568627451, 0.25, 0.25, 1)
[18:34:58] CRUCIAL : []
[18:34:58] CRUCIAL : []
[18:34:58] CRUCIAL : []
[18:34:58] CRUCIAL : []
[18:34:58] CRUCIAL : []
[18:34:58] CRUCIAL : []
[18:34:58] CRUCIAL : []
[18:34:58] CRUCIAL : []
[18:34:58] INFO    : Updating skybox color to (0.984313725490196, 0.251, 0.251, 1)
[18:34:58] CRUCIAL : []
[18:34:58] CRUCIAL : []
[18:34:58] CRUCIAL : []
[18:34:58] CRUCIAL : []
[18:34:58] CRUCIAL : []
[18:34:58] CRUCIAL : []
[18:34:58] CRUCIAL : []
[18:34:58] INFO    : Updating skybox color to (0.9882352941176471, 0.252, 0.252, 1)
[18:34:58] CRUCIAL : []
[18:34:58] CRUCIAL : []
[18:34:58] CRUCIAL : []
[18:34:58] CRUCIAL : []
[18:34:58] CRUCIAL : []
[18:34:58] CRUCIAL : []
[18:34:58] CRUCIAL : []
[18:34:58] CRUCIAL : []
[18:34:58] INFO    : Updating skybox color to (0.9921568627450981, 0.253, 0.253, 1)
[18:34:58] CRUCIAL : []
[18:34:58] CRUCIAL : []
[18:34:58] CRUCIAL : []
[18:34:58] CRUCIAL : []
[18:34:58] CRUCIAL : []
[18:34:58] CRUCIAL : []
[18:34:59] CRUCIAL : []
[18:34:59] INFO    : Program terminating
