Logfile created with verbose level LOG_ONLY on 23/01/2025 at 17:24:12. Have fun <3

[17:24:12] INFO    : MessageLogger verbose type updating from LOG_ONLY to INFO
[17:24:12] INFO    : MessageLogger verbose type updated from LOG_ONLY to INFO
[17:24:12] INFO    : Imported settings: {'_comment0': 'Supported levels: [NONE, LOG_ONLY, ERROR, WARNING, CRUCIAL, INFO]', 'verbose_type': 'INFO', '_comment1': 'window_resolution irrelevant unless fullscreen is true; fullscreen overwride window_resolution to monitor resolution; windowed false will overwrite fullscreen to true', 'window_resolution': [200, 500], 'fullscreen': True, 'windowed': False, '_comment2': 'setting max_fps to 0 disables the fps cap; vsync will overwride max_fps to match window fps to monitor fps', 'max_fps': 0, 'vsync': True, '_comment3': 'raw_mouse_input will enable raw mouse movement (bypass windows mouse acceleration)', 'raw_mouse_input': True, 'mouse_sensitivity': 1, '_comment4': "Avalable keys: https://www.glfw.org/docs/3.3/group__keys.html (Remove the 'GLFW_KEY_' prefix)", 'key_binds': {'jump': 'SPACE', 'forward': 'W', 'back': 'S', 'left': 'A', 'right': 'D'}}
[17:24:12] INFO    : Window variable validation passed. Variables: {'size': [200, 500], 'caption': 'Into Havoc', 'fullscreen': True, 'windowed': False, 'vsync': True, 'max_fps': 0, 'raw_mouse_input': True, 'center_cursor': True, 'hide_cursor': True}
[17:24:12] INFO    : Window fullscreen.
[17:24:13] INFO    : Window creation passed. Variables: {'size': Size(width=1920, height=1080), 'caption': 'Into Havoc', 'fullscreen': True, 'windowed': False, 'vsync': True, 'max_fps': 0, 'raw_mouse_input': True, 'center_cursor': True, 'hide_cursor': True, 'monitor': <glfw.LP__GLFWmonitor object at 0x0000029CDF0C42D0>, 'video_mode': GLFWvidmode(size=Size(width=1920, height=1080), bits=Bits(red=8, green=8, blue=8), refresh_rate=60), 'display_size': Size(width=1920, height=1080), 'aspect_ratio': 1.7777777777777777, 'window': <glfw.LP__GLFWwindow object at 0x0000029CDF0C4350>}
[17:24:13] INFO    : Setting up Graphics Engine
[17:24:13] INFO    : Creating shader default
[17:24:13] INFO    : No texture handle for the shader default.
[17:24:13] INFO    : Shader creation passed for default. Variables: {'name': 'default', 'shader': 3, 'uniform_handles': {'model': 0, 'view': 3, 'projection': 2, 'color': 1}, 'custom_uniform_handles': {}}
[17:24:13] INFO    : Shader creation for 'example' passed variable validation with 0 warns.
[17:24:13] INFO    : Creating shader example
[17:24:13] INFO    : No texture handle for the shader example.
[17:24:13] INFO    : Shader creation passed for example. Variables: {'name': 'example', 'shader': 6, 'uniform_handles': {'model': 0, 'view': 3, 'projection': 2, 'color': 1}, 'custom_uniform_handles': {}}
[17:24:13] INFO    : Updating skybox color to (0.00392156862745098, 0, 0, 1)
[17:24:13] INFO    : Creating shader example
[17:24:13] INFO    : No texture handle for the shader example.
[17:24:13] INFO    : Shader creation passed for example. Variables: {'name': 'example', 'shader': 9, 'uniform_handles': {'model': 0, 'view': 3, 'projection': 2, 'color': 1}, 'custom_uniform_handles': {}}
[17:24:13] INFO    : Updating skybox color to (0.00784313725490196, 0, 0, 1)
[17:24:13] INFO    : Creating shader example
[17:24:13] INFO    : No texture handle for the shader example.
[17:24:13] INFO    : Shader creation passed for example. Variables: {'name': 'example', 'shader': 12, 'uniform_handles': {'model': 0, 'view': 3, 'projection': 2, 'color': 1}, 'custom_uniform_handles': {}}
[17:24:13] INFO    : Updating skybox color to (0.011764705882352941, 0, 0, 1)
[17:24:13] INFO    : Creating shader example
[17:24:13] INFO    : No texture handle for the shader example.
[17:24:13] INFO    : Shader creation passed for example. Variables: {'name': 'example', 'shader': 15, 'uniform_handles': {'model': 0, 'view': 3, 'projection': 2, 'color': 1}, 'custom_uniform_handles': {}}
[17:24:13] INFO    : Updating skybox color to (0.01568627450980392, 0, 0, 1)
[17:24:13] INFO    : Creating shader example
[17:24:13] INFO    : No texture handle for the shader example.
[17:24:13] INFO    : Shader creation passed for example. Variables: {'name': 'example', 'shader': 18, 'uniform_handles': {'model': 0, 'view': 3, 'projection': 2, 'color': 1}, 'custom_uniform_handles': {}}
[17:24:13] INFO    : Updating skybox color to (0.0196078431372549, 0, 0, 1)
[17:24:13] INFO    : Creating shader example
[17:24:13] INFO    : No texture handle for the shader example.
[17:24:13] INFO    : Shader creation passed for example. Variables: {'name': 'example', 'shader': 21, 'uniform_handles': {'model': 0, 'view': 3, 'projection': 2, 'color': 1}, 'custom_uniform_handles': {}}
[17:24:13] INFO    : Updating skybox color to (0.023529411764705882, 0, 0, 1)
[17:24:14] INFO    : Creating shader example
[17:24:14] INFO    : No texture handle for the shader example.
[17:24:14] INFO    : Shader creation passed for example. Variables: {'name': 'example', 'shader': 24, 'uniform_handles': {'model': 0, 'view': 3, 'projection': 2, 'color': 1}, 'custom_uniform_handles': {}}
[17:24:14] INFO    : Updating skybox color to (0.027450980392156862, 0, 0, 1)
[17:24:14] INFO    : Creating shader example
[17:24:14] INFO    : No texture handle for the shader example.
[17:24:14] INFO    : Shader creation passed for example. Variables: {'name': 'example', 'shader': 27, 'uniform_handles': {'model': 0, 'view': 3, 'projection': 2, 'color': 1}, 'custom_uniform_handles': {}}
[17:24:14] INFO    : Updating skybox color to (0.03137254901960784, 0, 0, 1)
[17:24:14] INFO    : Creating shader example
[17:24:14] INFO    : No texture handle for the shader example.
[17:24:14] INFO    : Shader creation passed for example. Variables: {'name': 'example', 'shader': 30, 'uniform_handles': {'model': 0, 'view': 3, 'projection': 2, 'color': 1}, 'custom_uniform_handles': {}}
[17:24:14] INFO    : Updating skybox color to (0.03529411764705882, 0, 0, 1)
[17:24:14] INFO    : Creating shader example
[17:24:14] INFO    : No texture handle for the shader example.
[17:24:14] INFO    : Shader creation passed for example. Variables: {'name': 'example', 'shader': 33, 'uniform_handles': {'model': 0, 'view': 3, 'projection': 2, 'color': 1}, 'custom_uniform_handles': {}}
[17:24:14] INFO    : Updating skybox color to (0.0392156862745098, 0, 0, 1)
[17:24:14] INFO    : Creating shader example
[17:24:14] INFO    : No texture handle for the shader example.
[17:24:14] INFO    : Shader creation passed for example. Variables: {'name': 'example', 'shader': 36, 'uniform_handles': {'model': 0, 'view': 3, 'projection': 2, 'color': 1}, 'custom_uniform_handles': {}}
[17:24:14] INFO    : Updating skybox color to (0.043137254901960784, 0, 0, 1)
[17:24:14] INFO    : Creating shader example
[17:24:14] INFO    : No texture handle for the shader example.
[17:24:14] INFO    : Shader creation passed for example. Variables: {'name': 'example', 'shader': 39, 'uniform_handles': {'model': 0, 'view': 3, 'projection': 2, 'color': 1}, 'custom_uniform_handles': {}}
[17:24:14] INFO    : Updating skybox color to (0.047058823529411764, 0, 0, 1)
[17:24:14] INFO    : Creating shader example
[17:24:14] INFO    : No texture handle for the shader example.
[17:24:14] INFO    : Shader creation passed for example. Variables: {'name': 'example', 'shader': 42, 'uniform_handles': {'model': 0, 'view': 3, 'projection': 2, 'color': 1}, 'custom_uniform_handles': {}}
[17:24:14] INFO    : Updating skybox color to (0.050980392156862744, 0, 0, 1)
[17:24:14] INFO    : Creating shader example
[17:24:14] INFO    : No texture handle for the shader example.
[17:24:14] INFO    : Shader creation passed for example. Variables: {'name': 'example', 'shader': 45, 'uniform_handles': {'model': 0, 'view': 3, 'projection': 2, 'color': 1}, 'custom_uniform_handles': {}}
[17:24:14] INFO    : Updating skybox color to (0.054901960784313725, 0, 0, 1)
[17:24:14] INFO    : Creating shader example
[17:24:14] INFO    : No texture handle for the shader example.
[17:24:14] INFO    : Shader creation passed for example. Variables: {'name': 'example', 'shader': 48, 'uniform_handles': {'model': 0, 'view': 3, 'projection': 2, 'color': 1}, 'custom_uniform_handles': {}}
[17:24:14] INFO    : Updating skybox color to (0.058823529411764705, 0, 0, 1)
[17:24:14] INFO    : Creating shader example
[17:24:14] INFO    : No texture handle for the shader example.
[17:24:14] INFO    : Shader creation passed for example. Variables: {'name': 'example', 'shader': 51, 'uniform_handles': {'model': 0, 'view': 3, 'projection': 2, 'color': 1}, 'custom_uniform_handles': {}}
[17:24:14] INFO    : Updating skybox color to (0.06274509803921569, 0, 0, 1)
[17:24:15] INFO    : Creating shader example
[17:24:15] INFO    : No texture handle for the shader example.
[17:24:15] INFO    : Shader creation passed for example. Variables: {'name': 'example', 'shader': 54, 'uniform_handles': {'model': 0, 'view': 3, 'projection': 2, 'color': 1}, 'custom_uniform_handles': {}}
[17:24:15] INFO    : Updating skybox color to (0.06666666666666667, 0, 0, 1)
[17:24:15] INFO    : Creating shader example
[17:24:15] INFO    : No texture handle for the shader example.
[17:24:15] INFO    : Shader creation passed for example. Variables: {'name': 'example', 'shader': 57, 'uniform_handles': {'model': 0, 'view': 3, 'projection': 2, 'color': 1}, 'custom_uniform_handles': {}}
[17:24:15] INFO    : Updating skybox color to (0.07058823529411765, 0, 0, 1)
[17:24:15] INFO    : Creating shader example
[17:24:15] INFO    : No texture handle for the shader example.
[17:24:15] INFO    : Shader creation passed for example. Variables: {'name': 'example', 'shader': 60, 'uniform_handles': {'model': 0, 'view': 3, 'projection': 2, 'color': 1}, 'custom_uniform_handles': {}}
[17:24:15] INFO    : Updating skybox color to (0.07450980392156863, 0, 0, 1)
[17:24:15] INFO    : Creating shader example
[17:24:15] INFO    : No texture handle for the shader example.
[17:24:15] INFO    : Shader creation passed for example. Variables: {'name': 'example', 'shader': 63, 'uniform_handles': {'model': 0, 'view': 3, 'projection': 2, 'color': 1}, 'custom_uniform_handles': {}}
[17:24:15] INFO    : Updating skybox color to (0.0784313725490196, 0, 0, 1)
[17:24:15] INFO    : Creating shader example
[17:24:15] INFO    : No texture handle for the shader example.
[17:24:15] INFO    : Shader creation passed for example. Variables: {'name': 'example', 'shader': 66, 'uniform_handles': {'model': 0, 'view': 3, 'projection': 2, 'color': 1}, 'custom_uniform_handles': {}}
[17:24:15] INFO    : Updating skybox color to (0.08235294117647059, 0, 0, 1)
[17:24:15] INFO    : Creating shader example
[17:24:15] INFO    : No texture handle for the shader example.
[17:24:15] INFO    : Shader creation passed for example. Variables: {'name': 'example', 'shader': 69, 'uniform_handles': {'model': 0, 'view': 3, 'projection': 2, 'color': 1}, 'custom_uniform_handles': {}}
[17:24:15] INFO    : Updating skybox color to (0.08627450980392157, 0, 0, 1)
[17:24:15] INFO    : Creating shader example
[17:24:15] INFO    : No texture handle for the shader example.
[17:24:15] INFO    : Shader creation passed for example. Variables: {'name': 'example', 'shader': 72, 'uniform_handles': {'model': 0, 'view': 3, 'projection': 2, 'color': 1}, 'custom_uniform_handles': {}}
[17:24:15] INFO    : Updating skybox color to (0.09019607843137255, 0, 0, 1)
[17:24:15] INFO    : Creating shader example
[17:24:15] INFO    : No texture handle for the shader example.
[17:24:15] INFO    : Shader creation passed for example. Variables: {'name': 'example', 'shader': 75, 'uniform_handles': {'model': 0, 'view': 3, 'projection': 2, 'color': 1}, 'custom_uniform_handles': {}}
[17:24:15] INFO    : Updating skybox color to (0.09411764705882353, 0, 0, 1)
[17:24:15] INFO    : Creating shader example
[17:24:15] INFO    : No texture handle for the shader example.
[17:24:15] INFO    : Shader creation passed for example. Variables: {'name': 'example', 'shader': 78, 'uniform_handles': {'model': 0, 'view': 3, 'projection': 2, 'color': 1}, 'custom_uniform_handles': {}}
[17:24:15] INFO    : Updating skybox color to (0.09803921568627451, 0, 0, 1)
[17:24:15] INFO    : Creating shader example
[17:24:15] INFO    : No texture handle for the shader example.
[17:24:15] INFO    : Shader creation passed for example. Variables: {'name': 'example', 'shader': 81, 'uniform_handles': {'model': 0, 'view': 3, 'projection': 2, 'color': 1}, 'custom_uniform_handles': {}}
[17:24:15] INFO    : Updating skybox color to (0.10196078431372549, 0, 0, 1)
[17:24:16] INFO    : Creating shader example
[17:24:16] INFO    : No texture handle for the shader example.
[17:24:16] INFO    : Shader creation passed for example. Variables: {'name': 'example', 'shader': 84, 'uniform_handles': {'model': 0, 'view': 3, 'projection': 2, 'color': 1}, 'custom_uniform_handles': {}}
[17:24:16] INFO    : Updating skybox color to (0.10588235294117647, 0, 0, 1)
[17:24:16] INFO    : Creating shader example
[17:24:16] INFO    : No texture handle for the shader example.
[17:24:16] INFO    : Shader creation passed for example. Variables: {'name': 'example', 'shader': 87, 'uniform_handles': {'model': 0, 'view': 3, 'projection': 2, 'color': 1}, 'custom_uniform_handles': {}}
[17:24:16] INFO    : Updating skybox color to (0.10980392156862745, 0, 0, 1)
[17:24:16] INFO    : Creating shader example
[17:24:16] INFO    : No texture handle for the shader example.
[17:24:16] INFO    : Shader creation passed for example. Variables: {'name': 'example', 'shader': 90, 'uniform_handles': {'model': 0, 'view': 3, 'projection': 2, 'color': 1}, 'custom_uniform_handles': {}}
[17:24:16] INFO    : Updating skybox color to (0.11372549019607843, 0, 0, 1)
[17:24:16] INFO    : Creating shader example
[17:24:16] INFO    : No texture handle for the shader example.
[17:24:16] INFO    : Shader creation passed for example. Variables: {'name': 'example', 'shader': 93, 'uniform_handles': {'model': 0, 'view': 3, 'projection': 2, 'color': 1}, 'custom_uniform_handles': {}}
[17:24:16] INFO    : Updating skybox color to (0.11764705882352941, 0, 0, 1)
[17:24:16] INFO    : Creating shader example
[17:24:16] INFO    : No texture handle for the shader example.
[17:24:16] INFO    : Shader creation passed for example. Variables: {'name': 'example', 'shader': 96, 'uniform_handles': {'model': 0, 'view': 3, 'projection': 2, 'color': 1}, 'custom_uniform_handles': {}}
[17:24:16] INFO    : Updating skybox color to (0.12156862745098039, 0, 0, 1)
[17:24:16] INFO    : Creating shader example
[17:24:16] INFO    : No texture handle for the shader example.
[17:24:16] INFO    : Shader creation passed for example. Variables: {'name': 'example', 'shader': 99, 'uniform_handles': {'model': 0, 'view': 3, 'projection': 2, 'color': 1}, 'custom_uniform_handles': {}}
[17:24:16] INFO    : Updating skybox color to (0.12549019607843137, 0, 0, 1)
[17:24:16] INFO    : Creating shader example
[17:24:16] INFO    : No texture handle for the shader example.
[17:24:16] INFO    : Shader creation passed for example. Variables: {'name': 'example', 'shader': 102, 'uniform_handles': {'model': 0, 'view': 3, 'projection': 2, 'color': 1}, 'custom_uniform_handles': {}}
[17:24:16] INFO    : Updating skybox color to (0.12941176470588237, 0, 0, 1)
[17:24:16] INFO    : Creating shader example
[17:24:16] INFO    : No texture handle for the shader example.
[17:24:16] INFO    : Shader creation passed for example. Variables: {'name': 'example', 'shader': 105, 'uniform_handles': {'model': 0, 'view': 3, 'projection': 2, 'color': 1}, 'custom_uniform_handles': {}}
[17:24:16] INFO    : Updating skybox color to (0.13333333333333333, 0, 0, 1)
[17:24:16] INFO    : Creating shader example
[17:24:16] INFO    : No texture handle for the shader example.
[17:24:16] INFO    : Shader creation passed for example. Variables: {'name': 'example', 'shader': 108, 'uniform_handles': {'model': 0, 'view': 3, 'projection': 2, 'color': 1}, 'custom_uniform_handles': {}}
[17:24:16] INFO    : Updating skybox color to (0.13725490196078433, 0, 0, 1)
[17:24:16] INFO    : Creating shader example
[17:24:16] INFO    : No texture handle for the shader example.
[17:24:16] INFO    : Shader creation passed for example. Variables: {'name': 'example', 'shader': 111, 'uniform_handles': {'model': 0, 'view': 3, 'projection': 2, 'color': 1}, 'custom_uniform_handles': {}}
[17:24:16] INFO    : Updating skybox color to (0.1411764705882353, 0, 0, 1)
[17:24:17] INFO    : Creating shader example
[17:24:17] INFO    : No texture handle for the shader example.
[17:24:17] INFO    : Shader creation passed for example. Variables: {'name': 'example', 'shader': 114, 'uniform_handles': {'model': 0, 'view': 3, 'projection': 2, 'color': 1}, 'custom_uniform_handles': {}}
[17:24:17] INFO    : Updating skybox color to (0.1450980392156863, 0, 0, 1)
[17:24:17] INFO    : Creating shader example
[17:24:17] INFO    : No texture handle for the shader example.
[17:24:17] INFO    : Shader creation passed for example. Variables: {'name': 'example', 'shader': 117, 'uniform_handles': {'model': 0, 'view': 3, 'projection': 2, 'color': 1}, 'custom_uniform_handles': {}}
[17:24:17] INFO    : Updating skybox color to (0.14901960784313725, 0, 0, 1)
[17:24:17] INFO    : Creating shader example
[17:24:17] INFO    : No texture handle for the shader example.
[17:24:17] INFO    : Shader creation passed for example. Variables: {'name': 'example', 'shader': 120, 'uniform_handles': {'model': 0, 'view': 3, 'projection': 2, 'color': 1}, 'custom_uniform_handles': {}}
[17:24:17] INFO    : Updating skybox color to (0.15294117647058825, 0, 0, 1)
[17:24:17] INFO    : Creating shader example
[17:24:17] INFO    : No texture handle for the shader example.
[17:24:17] INFO    : Shader creation passed for example. Variables: {'name': 'example', 'shader': 123, 'uniform_handles': {'model': 0, 'view': 3, 'projection': 2, 'color': 1}, 'custom_uniform_handles': {}}
[17:24:17] INFO    : Updating skybox color to (0.1568627450980392, 0, 0, 1)
[17:24:17] INFO    : Creating shader example
[17:24:17] INFO    : No texture handle for the shader example.
[17:24:17] INFO    : Shader creation passed for example. Variables: {'name': 'example', 'shader': 126, 'uniform_handles': {'model': 0, 'view': 3, 'projection': 2, 'color': 1}, 'custom_uniform_handles': {}}
[17:24:17] INFO    : Updating skybox color to (0.1607843137254902, 0, 0, 1)
[17:24:17] INFO    : Creating shader example
[17:24:17] INFO    : No texture handle for the shader example.
[17:24:17] INFO    : Shader creation passed for example. Variables: {'name': 'example', 'shader': 129, 'uniform_handles': {'model': 0, 'view': 3, 'projection': 2, 'color': 1}, 'custom_uniform_handles': {}}
[17:24:17] INFO    : Updating skybox color to (0.16470588235294117, 0, 0, 1)
[17:24:17] INFO    : Creating shader example
[17:24:17] INFO    : No texture handle for the shader example.
[17:24:17] INFO    : Shader creation passed for example. Variables: {'name': 'example', 'shader': 132, 'uniform_handles': {'model': 0, 'view': 3, 'projection': 2, 'color': 1}, 'custom_uniform_handles': {}}
[17:24:17] INFO    : Updating skybox color to (0.16862745098039217, 0, 0, 1)
[17:24:17] INFO    : Creating shader example
[17:24:17] INFO    : No texture handle for the shader example.
[17:24:17] INFO    : Shader creation passed for example. Variables: {'name': 'example', 'shader': 135, 'uniform_handles': {'model': 0, 'view': 3, 'projection': 2, 'color': 1}, 'custom_uniform_handles': {}}
[17:24:17] INFO    : Updating skybox color to (0.17254901960784313, 0, 0, 1)
[17:24:17] INFO    : Creating shader example
[17:24:17] INFO    : No texture handle for the shader example.
[17:24:17] INFO    : Shader creation passed for example. Variables: {'name': 'example', 'shader': 138, 'uniform_handles': {'model': 0, 'view': 3, 'projection': 2, 'color': 1}, 'custom_uniform_handles': {}}
[17:24:17] INFO    : Updating skybox color to (0.17647058823529413, 0, 0, 1)
[17:24:17] INFO    : Creating shader example
[17:24:17] INFO    : No texture handle for the shader example.
[17:24:17] INFO    : Shader creation passed for example. Variables: {'name': 'example', 'shader': 141, 'uniform_handles': {'model': 0, 'view': 3, 'projection': 2, 'color': 1}, 'custom_uniform_handles': {}}
[17:24:17] INFO    : Updating skybox color to (0.1803921568627451, 0, 0, 1)
[17:24:18] INFO    : Creating shader example
[17:24:18] INFO    : No texture handle for the shader example.
[17:24:18] INFO    : Shader creation passed for example. Variables: {'name': 'example', 'shader': 144, 'uniform_handles': {'model': 0, 'view': 3, 'projection': 2, 'color': 1}, 'custom_uniform_handles': {}}
[17:24:18] INFO    : Updating skybox color to (0.1843137254901961, 0, 0, 1)
[17:24:18] INFO    : Creating shader example
[17:24:18] INFO    : No texture handle for the shader example.
[17:24:18] INFO    : Shader creation passed for example. Variables: {'name': 'example', 'shader': 147, 'uniform_handles': {'model': 0, 'view': 3, 'projection': 2, 'color': 1}, 'custom_uniform_handles': {}}
[17:24:18] INFO    : Updating skybox color to (0.18823529411764706, 0, 0, 1)
[17:24:18] INFO    : Creating shader example
[17:24:18] INFO    : No texture handle for the shader example.
[17:24:18] INFO    : Shader creation passed for example. Variables: {'name': 'example', 'shader': 150, 'uniform_handles': {'model': 0, 'view': 3, 'projection': 2, 'color': 1}, 'custom_uniform_handles': {}}
[17:24:18] INFO    : Updating skybox color to (0.19215686274509805, 0, 0, 1)
[17:24:18] INFO    : Creating shader example
[17:24:18] INFO    : No texture handle for the shader example.
[17:24:18] INFO    : Shader creation passed for example. Variables: {'name': 'example', 'shader': 153, 'uniform_handles': {'model': 0, 'view': 3, 'projection': 2, 'color': 1}, 'custom_uniform_handles': {}}
[17:24:18] INFO    : Updating skybox color to (0.19607843137254902, 0, 0, 1)
[17:24:18] INFO    : Creating shader example
[17:24:18] INFO    : No texture handle for the shader example.
[17:24:18] INFO    : Shader creation passed for example. Variables: {'name': 'example', 'shader': 156, 'uniform_handles': {'model': 0, 'view': 3, 'projection': 2, 'color': 1}, 'custom_uniform_handles': {}}
[17:24:18] INFO    : Updating skybox color to (0.2, 0, 0, 1)
[17:24:18] INFO    : Creating shader example
[17:24:18] INFO    : No texture handle for the shader example.
[17:24:18] INFO    : Shader creation passed for example. Variables: {'name': 'example', 'shader': 159, 'uniform_handles': {'model': 0, 'view': 3, 'projection': 2, 'color': 1}, 'custom_uniform_handles': {}}
[17:24:18] INFO    : Updating skybox color to (0.20392156862745098, 0, 0, 1)
[17:24:18] INFO    : Creating shader example
[17:24:18] INFO    : No texture handle for the shader example.
[17:24:18] INFO    : Shader creation passed for example. Variables: {'name': 'example', 'shader': 162, 'uniform_handles': {'model': 0, 'view': 3, 'projection': 2, 'color': 1}, 'custom_uniform_handles': {}}
[17:24:18] INFO    : Updating skybox color to (0.20784313725490197, 0, 0, 1)
[17:24:18] INFO    : Creating shader example
[17:24:18] INFO    : No texture handle for the shader example.
[17:24:18] INFO    : Shader creation passed for example. Variables: {'name': 'example', 'shader': 165, 'uniform_handles': {'model': 0, 'view': 3, 'projection': 2, 'color': 1}, 'custom_uniform_handles': {}}
[17:24:18] INFO    : Updating skybox color to (0.21176470588235294, 0, 0, 1)
[17:24:18] INFO    : Creating shader example
[17:24:18] INFO    : No texture handle for the shader example.
[17:24:18] INFO    : Shader creation passed for example. Variables: {'name': 'example', 'shader': 168, 'uniform_handles': {'model': 0, 'view': 3, 'projection': 2, 'color': 1}, 'custom_uniform_handles': {}}
[17:24:18] INFO    : Updating skybox color to (0.21568627450980393, 0, 0, 1)
[17:24:18] INFO    : Creating shader example
[17:24:18] INFO    : No texture handle for the shader example.
[17:24:18] INFO    : Shader creation passed for example. Variables: {'name': 'example', 'shader': 171, 'uniform_handles': {'model': 0, 'view': 3, 'projection': 2, 'color': 1}, 'custom_uniform_handles': {}}
[17:24:18] INFO    : Updating skybox color to (0.2196078431372549, 0, 0, 1)
[17:24:19] INFO    : Creating shader example
[17:24:19] INFO    : No texture handle for the shader example.
[17:24:19] INFO    : Shader creation passed for example. Variables: {'name': 'example', 'shader': 174, 'uniform_handles': {'model': 0, 'view': 3, 'projection': 2, 'color': 1}, 'custom_uniform_handles': {}}
[17:24:19] INFO    : Updating skybox color to (0.2235294117647059, 0, 0, 1)
[17:24:19] INFO    : Creating shader example
[17:24:19] INFO    : No texture handle for the shader example.
[17:24:19] INFO    : Shader creation passed for example. Variables: {'name': 'example', 'shader': 177, 'uniform_handles': {'model': 0, 'view': 3, 'projection': 2, 'color': 1}, 'custom_uniform_handles': {}}
[17:24:19] INFO    : Updating skybox color to (0.22745098039215686, 0, 0, 1)
[17:24:19] INFO    : Creating shader example
[17:24:19] INFO    : No texture handle for the shader example.
[17:24:19] INFO    : Shader creation passed for example. Variables: {'name': 'example', 'shader': 180, 'uniform_handles': {'model': 0, 'view': 3, 'projection': 2, 'color': 1}, 'custom_uniform_handles': {}}
[17:24:19] INFO    : Updating skybox color to (0.23137254901960785, 0, 0, 1)
[17:24:19] INFO    : Creating shader example
[17:24:19] INFO    : No texture handle for the shader example.
[17:24:19] INFO    : Shader creation passed for example. Variables: {'name': 'example', 'shader': 183, 'uniform_handles': {'model': 0, 'view': 3, 'projection': 2, 'color': 1}, 'custom_uniform_handles': {}}
[17:24:19] INFO    : Updating skybox color to (0.23529411764705882, 0, 0, 1)
[17:24:19] INFO    : Creating shader example
[17:24:19] INFO    : No texture handle for the shader example.
[17:24:19] INFO    : Shader creation passed for example. Variables: {'name': 'example', 'shader': 186, 'uniform_handles': {'model': 0, 'view': 3, 'projection': 2, 'color': 1}, 'custom_uniform_handles': {}}
[17:24:19] INFO    : Updating skybox color to (0.23921568627450981, 0, 0, 1)
[17:24:19] INFO    : Creating shader example
[17:24:19] INFO    : No texture handle for the shader example.
[17:24:19] INFO    : Shader creation passed for example. Variables: {'name': 'example', 'shader': 189, 'uniform_handles': {'model': 0, 'view': 3, 'projection': 2, 'color': 1}, 'custom_uniform_handles': {}}
[17:24:19] INFO    : Updating skybox color to (0.24313725490196078, 0, 0, 1)
[17:24:19] INFO    : Creating shader example
[17:24:19] INFO    : No texture handle for the shader example.
[17:24:19] INFO    : Shader creation passed for example. Variables: {'name': 'example', 'shader': 192, 'uniform_handles': {'model': 0, 'view': 3, 'projection': 2, 'color': 1}, 'custom_uniform_handles': {}}
[17:24:19] INFO    : Updating skybox color to (0.24705882352941178, 0, 0, 1)
[17:24:19] INFO    : Creating shader example
[17:24:19] INFO    : No texture handle for the shader example.
[17:24:19] INFO    : Shader creation passed for example. Variables: {'name': 'example', 'shader': 195, 'uniform_handles': {'model': 0, 'view': 3, 'projection': 2, 'color': 1}, 'custom_uniform_handles': {}}
[17:24:19] INFO    : Updating skybox color to (0.25098039215686274, 0, 0, 1)
[17:24:19] INFO    : Creating shader example
[17:24:19] INFO    : No texture handle for the shader example.
[17:24:19] INFO    : Shader creation passed for example. Variables: {'name': 'example', 'shader': 198, 'uniform_handles': {'model': 0, 'view': 3, 'projection': 2, 'color': 1}, 'custom_uniform_handles': {}}
[17:24:19] INFO    : Updating skybox color to (0.2549019607843137, 0, 0, 1)
[17:24:19] INFO    : Creating shader example
[17:24:19] INFO    : No texture handle for the shader example.
[17:24:19] INFO    : Shader creation passed for example. Variables: {'name': 'example', 'shader': 201, 'uniform_handles': {'model': 0, 'view': 3, 'projection': 2, 'color': 1}, 'custom_uniform_handles': {}}
[17:24:19] INFO    : Updating skybox color to (0.25882352941176473, 0, 0, 1)
[17:24:20] INFO    : Creating shader example
[17:24:20] INFO    : No texture handle for the shader example.
[17:24:20] INFO    : Shader creation passed for example. Variables: {'name': 'example', 'shader': 204, 'uniform_handles': {'model': 0, 'view': 3, 'projection': 2, 'color': 1}, 'custom_uniform_handles': {}}
[17:24:20] INFO    : Updating skybox color to (0.2627450980392157, 0, 0, 1)
[17:24:20] INFO    : Creating shader example
[17:24:20] INFO    : No texture handle for the shader example.
[17:24:20] INFO    : Shader creation passed for example. Variables: {'name': 'example', 'shader': 207, 'uniform_handles': {'model': 0, 'view': 3, 'projection': 2, 'color': 1}, 'custom_uniform_handles': {}}
[17:24:20] INFO    : Updating skybox color to (0.26666666666666666, 0, 0, 1)
[17:24:20] INFO    : Creating shader example
[17:24:20] INFO    : No texture handle for the shader example.
[17:24:20] INFO    : Shader creation passed for example. Variables: {'name': 'example', 'shader': 210, 'uniform_handles': {'model': 0, 'view': 3, 'projection': 2, 'color': 1}, 'custom_uniform_handles': {}}
[17:24:20] INFO    : Updating skybox color to (0.27058823529411763, 0, 0, 1)
[17:24:20] INFO    : Creating shader example
[17:24:20] INFO    : No texture handle for the shader example.
[17:24:20] INFO    : Shader creation passed for example. Variables: {'name': 'example', 'shader': 213, 'uniform_handles': {'model': 0, 'view': 3, 'projection': 2, 'color': 1}, 'custom_uniform_handles': {}}
[17:24:20] INFO    : Updating skybox color to (0.27450980392156865, 0, 0, 1)
[17:24:20] INFO    : Creating shader example
[17:24:20] INFO    : No texture handle for the shader example.
[17:24:20] INFO    : Shader creation passed for example. Variables: {'name': 'example', 'shader': 216, 'uniform_handles': {'model': 0, 'view': 3, 'projection': 2, 'color': 1}, 'custom_uniform_handles': {}}
[17:24:20] INFO    : Updating skybox color to (0.2784313725490196, 0, 0, 1)
[17:24:20] INFO    : Creating shader example
[17:24:20] INFO    : No texture handle for the shader example.
[17:24:20] INFO    : Shader creation passed for example. Variables: {'name': 'example', 'shader': 219, 'uniform_handles': {'model': 0, 'view': 3, 'projection': 2, 'color': 1}, 'custom_uniform_handles': {}}
[17:24:20] INFO    : Updating skybox color to (0.2823529411764706, 0, 0, 1)
[17:24:20] INFO    : Creating shader example
[17:24:20] INFO    : No texture handle for the shader example.
[17:24:20] INFO    : Shader creation passed for example. Variables: {'name': 'example', 'shader': 222, 'uniform_handles': {'model': 0, 'view': 3, 'projection': 2, 'color': 1}, 'custom_uniform_handles': {}}
[17:24:20] INFO    : Updating skybox color to (0.28627450980392155, 0, 0, 1)
[17:24:20] INFO    : Creating shader example
[17:24:20] INFO    : No texture handle for the shader example.
[17:24:20] INFO    : Shader creation passed for example. Variables: {'name': 'example', 'shader': 225, 'uniform_handles': {'model': 0, 'view': 3, 'projection': 2, 'color': 1}, 'custom_uniform_handles': {}}
[17:24:20] INFO    : Updating skybox color to (0.2901960784313726, 0, 0, 1)
[17:24:20] INFO    : Creating shader example
[17:24:20] INFO    : No texture handle for the shader example.
[17:24:20] INFO    : Shader creation passed for example. Variables: {'name': 'example', 'shader': 228, 'uniform_handles': {'model': 0, 'view': 3, 'projection': 2, 'color': 1}, 'custom_uniform_handles': {}}
[17:24:20] INFO    : Updating skybox color to (0.29411764705882354, 0, 0, 1)
[17:24:20] INFO    : Creating shader example
[17:24:20] INFO    : No texture handle for the shader example.
[17:24:20] INFO    : Shader creation passed for example. Variables: {'name': 'example', 'shader': 231, 'uniform_handles': {'model': 0, 'view': 3, 'projection': 2, 'color': 1}, 'custom_uniform_handles': {}}
[17:24:20] INFO    : Updating skybox color to (0.2980392156862745, 0, 0, 1)
[17:24:21] INFO    : Creating shader example
[17:24:21] INFO    : No texture handle for the shader example.
[17:24:21] INFO    : Shader creation passed for example. Variables: {'name': 'example', 'shader': 234, 'uniform_handles': {'model': 0, 'view': 3, 'projection': 2, 'color': 1}, 'custom_uniform_handles': {}}
[17:24:21] INFO    : Updating skybox color to (0.30196078431372547, 0, 0, 1)
[17:24:21] INFO    : Creating shader example
[17:24:21] INFO    : No texture handle for the shader example.
[17:24:21] INFO    : Shader creation passed for example. Variables: {'name': 'example', 'shader': 237, 'uniform_handles': {'model': 0, 'view': 3, 'projection': 2, 'color': 1}, 'custom_uniform_handles': {}}
[17:24:21] INFO    : Updating skybox color to (0.3058823529411765, 0, 0, 1)
[17:24:21] INFO    : Creating shader example
[17:24:21] INFO    : No texture handle for the shader example.
[17:24:21] INFO    : Shader creation passed for example. Variables: {'name': 'example', 'shader': 240, 'uniform_handles': {'model': 0, 'view': 3, 'projection': 2, 'color': 1}, 'custom_uniform_handles': {}}
[17:24:21] INFO    : Updating skybox color to (0.30980392156862746, 0, 0, 1)
[17:24:21] INFO    : Creating shader example
[17:24:21] INFO    : No texture handle for the shader example.
[17:24:21] INFO    : Shader creation passed for example. Variables: {'name': 'example', 'shader': 243, 'uniform_handles': {'model': 0, 'view': 3, 'projection': 2, 'color': 1}, 'custom_uniform_handles': {}}
[17:24:21] INFO    : Updating skybox color to (0.3137254901960784, 0, 0, 1)
[17:24:21] INFO    : Creating shader example
[17:24:21] INFO    : No texture handle for the shader example.
[17:24:21] INFO    : Shader creation passed for example. Variables: {'name': 'example', 'shader': 246, 'uniform_handles': {'model': 0, 'view': 3, 'projection': 2, 'color': 1}, 'custom_uniform_handles': {}}
[17:24:21] INFO    : Updating skybox color to (0.3176470588235294, 0, 0, 1)
[17:24:21] INFO    : Creating shader example
[17:24:21] INFO    : No texture handle for the shader example.
[17:24:21] INFO    : Shader creation passed for example. Variables: {'name': 'example', 'shader': 249, 'uniform_handles': {'model': 0, 'view': 3, 'projection': 2, 'color': 1}, 'custom_uniform_handles': {}}
[17:24:21] INFO    : Updating skybox color to (0.3215686274509804, 0, 0, 1)
[17:24:21] INFO    : Creating shader example
[17:24:21] INFO    : No texture handle for the shader example.
[17:24:21] INFO    : Shader creation passed for example. Variables: {'name': 'example', 'shader': 252, 'uniform_handles': {'model': 0, 'view': 3, 'projection': 2, 'color': 1}, 'custom_uniform_handles': {}}
[17:24:21] INFO    : Updating skybox color to (0.3254901960784314, 0, 0, 1)
[17:24:21] INFO    : Creating shader example
[17:24:21] INFO    : No texture handle for the shader example.
[17:24:21] INFO    : Shader creation passed for example. Variables: {'name': 'example', 'shader': 255, 'uniform_handles': {'model': 0, 'view': 3, 'projection': 2, 'color': 1}, 'custom_uniform_handles': {}}
[17:24:21] INFO    : Updating skybox color to (0.32941176470588235, 0, 0, 1)
[17:24:21] INFO    : Creating shader example
[17:24:21] INFO    : No texture handle for the shader example.
[17:24:21] INFO    : Shader creation passed for example. Variables: {'name': 'example', 'shader': 258, 'uniform_handles': {'model': 0, 'view': 3, 'projection': 2, 'color': 1}, 'custom_uniform_handles': {}}
[17:24:21] INFO    : Updating skybox color to (0.3333333333333333, 0, 0, 1)
[17:24:21] INFO    : Creating shader example
[17:24:21] INFO    : No texture handle for the shader example.
[17:24:21] INFO    : Shader creation passed for example. Variables: {'name': 'example', 'shader': 261, 'uniform_handles': {'model': 0, 'view': 3, 'projection': 2, 'color': 1}, 'custom_uniform_handles': {}}
[17:24:21] INFO    : Updating skybox color to (0.33725490196078434, 0, 0, 1)
[17:24:22] INFO    : Creating shader example
[17:24:22] INFO    : No texture handle for the shader example.
[17:24:22] INFO    : Shader creation passed for example. Variables: {'name': 'example', 'shader': 264, 'uniform_handles': {'model': 0, 'view': 3, 'projection': 2, 'color': 1}, 'custom_uniform_handles': {}}
[17:24:22] INFO    : Updating skybox color to (0.3411764705882353, 0, 0, 1)
[17:24:22] INFO    : Creating shader example
[17:24:22] INFO    : No texture handle for the shader example.
[17:24:22] INFO    : Shader creation passed for example. Variables: {'name': 'example', 'shader': 267, 'uniform_handles': {'model': 0, 'view': 3, 'projection': 2, 'color': 1}, 'custom_uniform_handles': {}}
[17:24:22] INFO    : Updating skybox color to (0.34509803921568627, 0, 0, 1)
[17:24:22] INFO    : Creating shader example
[17:24:22] INFO    : No texture handle for the shader example.
[17:24:22] INFO    : Shader creation passed for example. Variables: {'name': 'example', 'shader': 270, 'uniform_handles': {'model': 0, 'view': 3, 'projection': 2, 'color': 1}, 'custom_uniform_handles': {}}
[17:24:22] INFO    : Updating skybox color to (0.34901960784313724, 0, 0, 1)
[17:24:22] INFO    : Creating shader example
[17:24:22] INFO    : No texture handle for the shader example.
[17:24:22] INFO    : Shader creation passed for example. Variables: {'name': 'example', 'shader': 273, 'uniform_handles': {'model': 0, 'view': 3, 'projection': 2, 'color': 1}, 'custom_uniform_handles': {}}
[17:24:22] INFO    : Updating skybox color to (0.35294117647058826, 0, 0, 1)
[17:24:22] INFO    : Creating shader example
[17:24:22] INFO    : No texture handle for the shader example.
[17:24:22] INFO    : Shader creation passed for example. Variables: {'name': 'example', 'shader': 276, 'uniform_handles': {'model': 0, 'view': 3, 'projection': 2, 'color': 1}, 'custom_uniform_handles': {}}
[17:24:22] INFO    : Updating skybox color to (0.3568627450980392, 0, 0, 1)
[17:24:22] INFO    : Creating shader example
[17:24:22] INFO    : No texture handle for the shader example.
[17:24:22] INFO    : Shader creation passed for example. Variables: {'name': 'example', 'shader': 279, 'uniform_handles': {'model': 0, 'view': 3, 'projection': 2, 'color': 1}, 'custom_uniform_handles': {}}
[17:24:22] INFO    : Updating skybox color to (0.3607843137254902, 0, 0, 1)
[17:24:22] INFO    : Creating shader example
[17:24:22] INFO    : No texture handle for the shader example.
[17:24:22] INFO    : Shader creation passed for example. Variables: {'name': 'example', 'shader': 282, 'uniform_handles': {'model': 0, 'view': 3, 'projection': 2, 'color': 1}, 'custom_uniform_handles': {}}
[17:24:22] INFO    : Updating skybox color to (0.36470588235294116, 0, 0, 1)
[17:24:22] INFO    : Creating shader example
[17:24:22] INFO    : No texture handle for the shader example.
[17:24:22] INFO    : Shader creation passed for example. Variables: {'name': 'example', 'shader': 285, 'uniform_handles': {'model': 0, 'view': 3, 'projection': 2, 'color': 1}, 'custom_uniform_handles': {}}
[17:24:22] INFO    : Updating skybox color to (0.3686274509803922, 0, 0, 1)
[17:24:22] INFO    : Creating shader example
[17:24:22] INFO    : No texture handle for the shader example.
[17:24:22] INFO    : Shader creation passed for example. Variables: {'name': 'example', 'shader': 288, 'uniform_handles': {'model': 0, 'view': 3, 'projection': 2, 'color': 1}, 'custom_uniform_handles': {}}
[17:24:22] INFO    : Updating skybox color to (0.37254901960784315, 0, 0, 1)
[17:24:22] INFO    : Creating shader example
[17:24:22] INFO    : No texture handle for the shader example.
[17:24:22] INFO    : Shader creation passed for example. Variables: {'name': 'example', 'shader': 291, 'uniform_handles': {'model': 0, 'view': 3, 'projection': 2, 'color': 1}, 'custom_uniform_handles': {}}
[17:24:22] INFO    : Updating skybox color to (0.3764705882352941, 0, 0, 1)
[17:24:23] INFO    : Creating shader example
[17:24:23] INFO    : No texture handle for the shader example.
[17:24:23] INFO    : Shader creation passed for example. Variables: {'name': 'example', 'shader': 294, 'uniform_handles': {'model': 0, 'view': 3, 'projection': 2, 'color': 1}, 'custom_uniform_handles': {}}
[17:24:23] INFO    : Updating skybox color to (0.3803921568627451, 0, 0, 1)
[17:24:23] INFO    : Creating shader example
[17:24:23] INFO    : No texture handle for the shader example.
[17:24:23] INFO    : Shader creation passed for example. Variables: {'name': 'example', 'shader': 297, 'uniform_handles': {'model': 0, 'view': 3, 'projection': 2, 'color': 1}, 'custom_uniform_handles': {}}
[17:24:23] INFO    : Updating skybox color to (0.3843137254901961, 0, 0, 1)
[17:24:23] INFO    : Creating shader example
[17:24:23] INFO    : No texture handle for the shader example.
[17:24:23] INFO    : Shader creation passed for example. Variables: {'name': 'example', 'shader': 300, 'uniform_handles': {'model': 0, 'view': 3, 'projection': 2, 'color': 1}, 'custom_uniform_handles': {}}
[17:24:23] INFO    : Updating skybox color to (0.38823529411764707, 0, 0, 1)
[17:24:23] INFO    : Creating shader example
[17:24:23] INFO    : No texture handle for the shader example.
[17:24:23] INFO    : Shader creation passed for example. Variables: {'name': 'example', 'shader': 303, 'uniform_handles': {'model': 0, 'view': 3, 'projection': 2, 'color': 1}, 'custom_uniform_handles': {}}
[17:24:23] INFO    : Updating skybox color to (0.39215686274509803, 0, 0, 1)
[17:24:23] INFO    : Creating shader example
[17:24:23] INFO    : No texture handle for the shader example.
[17:24:23] INFO    : Shader creation passed for example. Variables: {'name': 'example', 'shader': 306, 'uniform_handles': {'model': 0, 'view': 3, 'projection': 2, 'color': 1}, 'custom_uniform_handles': {}}
[17:24:23] INFO    : Updating skybox color to (0.396078431372549, 0, 0, 1)
[17:24:23] INFO    : Creating shader example
[17:24:23] INFO    : No texture handle for the shader example.
[17:24:23] INFO    : Shader creation passed for example. Variables: {'name': 'example', 'shader': 309, 'uniform_handles': {'model': 0, 'view': 3, 'projection': 2, 'color': 1}, 'custom_uniform_handles': {}}
[17:24:23] INFO    : Updating skybox color to (0.4, 0, 0, 1)
[17:24:23] INFO    : Creating shader example
[17:24:23] INFO    : No texture handle for the shader example.
[17:24:23] INFO    : Shader creation passed for example. Variables: {'name': 'example', 'shader': 312, 'uniform_handles': {'model': 0, 'view': 3, 'projection': 2, 'color': 1}, 'custom_uniform_handles': {}}
[17:24:23] INFO    : Updating skybox color to (0.403921568627451, 0, 0, 1)
[17:24:23] INFO    : Creating shader example
[17:24:23] INFO    : No texture handle for the shader example.
[17:24:23] INFO    : Shader creation passed for example. Variables: {'name': 'example', 'shader': 315, 'uniform_handles': {'model': 0, 'view': 3, 'projection': 2, 'color': 1}, 'custom_uniform_handles': {}}
[17:24:23] INFO    : Updating skybox color to (0.40784313725490196, 0, 0, 1)
[17:24:23] INFO    : Creating shader example
[17:24:23] INFO    : No texture handle for the shader example.
[17:24:23] INFO    : Shader creation passed for example. Variables: {'name': 'example', 'shader': 318, 'uniform_handles': {'model': 0, 'view': 3, 'projection': 2, 'color': 1}, 'custom_uniform_handles': {}}
[17:24:23] INFO    : Updating skybox color to (0.4117647058823529, 0, 0, 1)
[17:24:23] INFO    : Creating shader example
[17:24:23] INFO    : No texture handle for the shader example.
[17:24:23] INFO    : Shader creation passed for example. Variables: {'name': 'example', 'shader': 321, 'uniform_handles': {'model': 0, 'view': 3, 'projection': 2, 'color': 1}, 'custom_uniform_handles': {}}
[17:24:23] INFO    : Updating skybox color to (0.41568627450980394, 0, 0, 1)
[17:24:24] INFO    : Creating shader example
[17:24:24] INFO    : No texture handle for the shader example.
[17:24:24] INFO    : Shader creation passed for example. Variables: {'name': 'example', 'shader': 324, 'uniform_handles': {'model': 0, 'view': 3, 'projection': 2, 'color': 1}, 'custom_uniform_handles': {}}
[17:24:24] INFO    : Updating skybox color to (0.4196078431372549, 0, 0, 1)
[17:24:24] INFO    : Creating shader example
[17:24:24] INFO    : No texture handle for the shader example.
[17:24:24] INFO    : Shader creation passed for example. Variables: {'name': 'example', 'shader': 327, 'uniform_handles': {'model': 0, 'view': 3, 'projection': 2, 'color': 1}, 'custom_uniform_handles': {}}
[17:24:24] INFO    : Updating skybox color to (0.4235294117647059, 0, 0, 1)
[17:24:24] INFO    : Creating shader example
[17:24:24] INFO    : No texture handle for the shader example.
[17:24:24] INFO    : Shader creation passed for example. Variables: {'name': 'example', 'shader': 330, 'uniform_handles': {'model': 0, 'view': 3, 'projection': 2, 'color': 1}, 'custom_uniform_handles': {}}
[17:24:24] INFO    : Updating skybox color to (0.42745098039215684, 0, 0, 1)
[17:24:24] INFO    : Creating shader example
[17:24:24] INFO    : No texture handle for the shader example.
[17:24:24] INFO    : Shader creation passed for example. Variables: {'name': 'example', 'shader': 333, 'uniform_handles': {'model': 0, 'view': 3, 'projection': 2, 'color': 1}, 'custom_uniform_handles': {}}
[17:24:24] INFO    : Updating skybox color to (0.43137254901960786, 0, 0, 1)
[17:24:24] INFO    : Creating shader example
[17:24:24] INFO    : No texture handle for the shader example.
[17:24:24] INFO    : Shader creation passed for example. Variables: {'name': 'example', 'shader': 336, 'uniform_handles': {'model': 0, 'view': 3, 'projection': 2, 'color': 1}, 'custom_uniform_handles': {}}
[17:24:24] INFO    : Updating skybox color to (0.43529411764705883, 0, 0, 1)
[17:24:24] INFO    : Creating shader example
[17:24:24] INFO    : No texture handle for the shader example.
[17:24:24] INFO    : Shader creation passed for example. Variables: {'name': 'example', 'shader': 339, 'uniform_handles': {'model': 0, 'view': 3, 'projection': 2, 'color': 1}, 'custom_uniform_handles': {}}
[17:24:24] INFO    : Updating skybox color to (0.4392156862745098, 0, 0, 1)
[17:24:24] INFO    : Creating shader example
[17:24:24] INFO    : No texture handle for the shader example.
[17:24:24] INFO    : Shader creation passed for example. Variables: {'name': 'example', 'shader': 342, 'uniform_handles': {'model': 0, 'view': 3, 'projection': 2, 'color': 1}, 'custom_uniform_handles': {}}
[17:24:24] INFO    : Updating skybox color to (0.44313725490196076, 0, 0, 1)
[17:24:38] CRUCIAL : Exit main thread
[17:24:38] INFO    : Program terminating
