Logfile created with verbose level LOG_ONLY on 23/01/2025 at 13:20:05. Have fun <3

[13:20:05] INFO    : MessageLogger verbose type updating from LOG_ONLY to INFO
[13:20:05] INFO    : MessageLogger verbose type updated from LOG_ONLY to INFO
[13:20:05] INFO    : Imported settings: {'_comment0': 'Supported levels: [NONE, LOG_ONLY, ERROR, WARNING, CRUCIAL, INFO]', 'verbose_type': 'INFO', '_comment1': 'window_resolution irrelevant unless fullscreen is true; fullscreen overwride window_resolution to monitor resolution; windowed false will overwrite fullscreen to true', 'window_resolution': [200, 500], 'fullscreen': True, 'windowed': True, '_comment2': 'setting max_fps to 0 disables the fps cap; vsync will overwride max_fps to match window fps to monitor fps', 'max_fps': 0, 'vsync': True, '_comment3': 'raw_mouse_input will enable raw mouse movement (bypass windows mouse acceleration)', 'raw_mouse_input': True, 'mouse_sensitivity': 1, '_comment4': "Avalable keys: https://www.glfw.org/docs/3.3/group__keys.html (Remove the 'GLFW_KEY_' prefix)", 'key_binds': {'jump': 'SPACE', 'forward': 'W', 'back': 'S', 'left': 'A', 'right': 'D'}}
[13:20:05] INFO    : Window variable validation passed. Variables: {'size': [200, 500], 'caption': 'Into Havoc', 'fullscreen': True, 'windowed': True, 'vsync': True, 'max_fps': 0, 'raw_mouse_input': True, 'center_cursor': True, 'hide_cursor': True}
[13:20:06] INFO    : Window fullscreen.
[13:20:06] INFO    : Centering window.
[13:20:06] INFO    : Window creation passed. Variables: {'size': Size(width=1920, height=1080), 'caption': 'Into Havoc', 'fullscreen': True, 'windowed': True, 'vsync': True, 'max_fps': 0, 'raw_mouse_input': True, 'center_cursor': True, 'hide_cursor': True, 'monitor': <glfw.LP__GLFWmonitor object at 0x00000178E4B5BE50>, 'video_mode': GLFWvidmode(size=Size(width=1920, height=1080), bits=Bits(red=8, green=8, blue=8), refresh_rate=60), 'display_size': Size(width=1920, height=1080), 'aspect_ratio': 1.7777777777777777, 'window': <glfw.LP__GLFWwindow object at 0x00000178E4B5BED0>}
[13:20:06] INFO    : Setting up Graphics Engine
[13:20:06] INFO    : Creating shader default
[13:20:06] INFO    : No texture handle for the shader default.
[13:20:06] INFO    : Shader creation passed for default. Variables: {'name': 'default', 'shader': 3, 'uniform_handles': {'model': 0, 'view': 3, 'projection': 2, 'color': 1}, 'custom_uniform_handles': {}}
[13:20:06] INFO    : Updating skybox color to (0.0, 0, 0, 1)
[13:20:06] INFO    : Updating skybox color to (0.00392156862745098, 0, 0, 1)
[13:20:06] INFO    : Updating skybox color to (0.00784313725490196, 0, 0, 1)
[13:20:06] INFO    : Updating skybox color to (0.011764705882352941, 0, 0, 1)
[13:20:07] INFO    : Updating skybox color to (0.01568627450980392, 0, 0, 1)
[13:20:07] INFO    : Updating skybox color to (0.0196078431372549, 0, 0, 1)
[13:20:07] INFO    : Updating skybox color to (0.023529411764705882, 0, 0, 1)
[13:20:07] INFO    : Updating skybox color to (0.027450980392156862, 0, 0, 1)
[13:20:07] INFO    : Updating skybox color to (0.03137254901960784, 0, 0, 1)
[13:20:07] INFO    : Updating skybox color to (0.03529411764705882, 0, 0, 1)
[13:20:07] INFO    : Updating skybox color to (0.0392156862745098, 0, 0, 1)
[13:20:07] INFO    : Updating skybox color to (0.043137254901960784, 0, 0, 1)
[13:20:07] INFO    : Updating skybox color to (0.047058823529411764, 0, 0, 1)
[13:20:07] INFO    : Updating skybox color to (0.050980392156862744, 0, 0, 1)
[13:20:08] INFO    : Updating skybox color to (0.054901960784313725, 0, 0, 1)
[13:20:08] INFO    : Updating skybox color to (0.058823529411764705, 0, 0, 1)
[13:20:08] INFO    : Updating skybox color to (0.06274509803921569, 0, 0, 1)
[13:20:08] INFO    : Updating skybox color to (0.06666666666666667, 0, 0, 1)
[13:20:08] INFO    : Updating skybox color to (0.07058823529411765, 0, 0, 1)
[13:20:08] INFO    : Updating skybox color to (0.07450980392156863, 0, 0, 1)
[13:20:08] INFO    : Updating skybox color to (0.0784313725490196, 0, 0, 1)
[13:20:08] INFO    : Updating skybox color to (0.08235294117647059, 0, 0, 1)
[13:20:08] INFO    : Updating skybox color to (0.08627450980392157, 0, 0, 1)
[13:20:08] INFO    : Updating skybox color to (0.09019607843137255, 0, 0, 1)
[13:20:09] INFO    : Updating skybox color to (0.09411764705882353, 0, 0, 1)
[13:20:09] INFO    : Updating skybox color to (0.09803921568627451, 0, 0, 1)
[13:20:09] INFO    : Updating skybox color to (0.10196078431372549, 0, 0, 1)
[13:20:09] INFO    : Updating skybox color to (0.10588235294117647, 0, 0, 1)
[13:20:09] INFO    : Updating skybox color to (0.10980392156862745, 0, 0, 1)
[13:20:09] INFO    : Updating skybox color to (0.11372549019607843, 0, 0, 1)
[13:20:09] INFO    : Updating skybox color to (0.11764705882352941, 0, 0, 1)
[13:20:09] INFO    : Updating skybox color to (0.12156862745098039, 0, 0, 1)
[13:20:09] INFO    : Updating skybox color to (0.12549019607843137, 0, 0, 1)
[13:20:09] INFO    : Updating skybox color to (0.12941176470588237, 0, 0, 1)
[13:20:10] INFO    : Updating skybox color to (0.13333333333333333, 0, 0, 1)
[13:20:10] INFO    : Updating skybox color to (0.13725490196078433, 0, 0, 1)
[13:20:10] INFO    : Updating skybox color to (0.1411764705882353, 0, 0, 1)
[13:20:10] INFO    : Updating skybox color to (0.1450980392156863, 0, 0, 1)
[13:20:10] INFO    : Updating skybox color to (0.14901960784313725, 0, 0, 1)
[13:20:10] INFO    : Updating skybox color to (0.15294117647058825, 0, 0, 1)
[13:20:10] INFO    : Updating skybox color to (0.1568627450980392, 0, 0, 1)
[13:20:10] INFO    : Updating skybox color to (0.1607843137254902, 0, 0, 1)
[13:20:10] INFO    : Updating skybox color to (0.16470588235294117, 0, 0, 1)
[13:20:10] INFO    : Updating skybox color to (0.16862745098039217, 0, 0, 1)
[13:20:11] INFO    : Updating skybox color to (0.17254901960784313, 0, 0, 1)
[13:20:11] INFO    : Updating skybox color to (0.17647058823529413, 0, 0, 1)
[13:20:11] INFO    : Updating skybox color to (0.1803921568627451, 0, 0, 1)
[13:20:11] INFO    : Updating skybox color to (0.1843137254901961, 0, 0, 1)
[13:20:11] INFO    : Updating skybox color to (0.18823529411764706, 0, 0, 1)
[13:20:11] INFO    : Updating skybox color to (0.19215686274509805, 0, 0, 1)
[13:20:11] INFO    : Updating skybox color to (0.19607843137254902, 0, 0, 1)
[13:20:11] INFO    : Updating skybox color to (0.2, 0, 0, 1)
[13:20:11] INFO    : Updating skybox color to (0.20392156862745098, 0, 0, 1)
[13:20:11] INFO    : Updating skybox color to (0.20784313725490197, 0, 0, 1)
[13:20:12] INFO    : Updating skybox color to (0.21176470588235294, 0, 0, 1)
[13:20:12] INFO    : Updating skybox color to (0.21568627450980393, 0, 0, 1)
[13:20:12] INFO    : Updating skybox color to (0.2196078431372549, 0, 0, 1)
[13:20:12] INFO    : Updating skybox color to (0.2235294117647059, 0, 0, 1)
[13:20:12] INFO    : Updating skybox color to (0.22745098039215686, 0, 0, 1)
[13:20:12] INFO    : Updating skybox color to (0.23137254901960785, 0, 0, 1)
[13:20:12] INFO    : Updating skybox color to (0.23529411764705882, 0, 0, 1)
[13:20:12] INFO    : Updating skybox color to (0.23921568627450981, 0, 0, 1)
[13:20:12] INFO    : Updating skybox color to (0.24313725490196078, 0, 0, 1)
[13:20:12] INFO    : Updating skybox color to (0.24705882352941178, 0, 0, 1)
[13:20:13] INFO    : Updating skybox color to (0.25098039215686274, 0, 0, 1)
[13:20:13] INFO    : Updating skybox color to (0.2549019607843137, 0, 0, 1)
[13:20:13] INFO    : Updating skybox color to (0.25882352941176473, 0, 0, 1)
[13:20:13] INFO    : Updating skybox color to (0.2627450980392157, 0, 0, 1)
[13:20:13] INFO    : Updating skybox color to (0.26666666666666666, 0, 0, 1)
[13:20:13] INFO    : Updating skybox color to (0.27058823529411763, 0, 0, 1)
[13:20:13] INFO    : Updating skybox color to (0.27450980392156865, 0, 0, 1)
[13:20:13] INFO    : Updating skybox color to (0.2784313725490196, 0, 0, 1)
[13:20:13] INFO    : Updating skybox color to (0.2823529411764706, 0, 0, 1)
[13:20:13] INFO    : Updating skybox color to (0.28627450980392155, 0, 0, 1)
[13:20:14] INFO    : Updating skybox color to (0.2901960784313726, 0, 0, 1)
[13:20:14] INFO    : Updating skybox color to (0.29411764705882354, 0, 0, 1)
[13:20:14] INFO    : Updating skybox color to (0.2980392156862745, 0, 0, 1)
[13:20:14] INFO    : Updating skybox color to (0.30196078431372547, 0, 0, 1)
[13:20:14] INFO    : Updating skybox color to (0.3058823529411765, 0, 0, 1)
[13:20:14] INFO    : Updating skybox color to (0.30980392156862746, 0, 0, 1)
[13:20:14] INFO    : Updating skybox color to (0.3137254901960784, 0, 0, 1)
[13:20:14] INFO    : Updating skybox color to (0.3176470588235294, 0, 0, 1)
[13:20:14] INFO    : Updating skybox color to (0.3215686274509804, 0, 0, 1)
[13:20:14] INFO    : Updating skybox color to (0.3254901960784314, 0, 0, 1)
[13:20:15] INFO    : Updating skybox color to (0.32941176470588235, 0, 0, 1)
[13:20:15] INFO    : Updating skybox color to (0.3333333333333333, 0, 0, 1)
[13:20:15] INFO    : Updating skybox color to (0.33725490196078434, 0, 0, 1)
[13:20:15] INFO    : Updating skybox color to (0.3411764705882353, 0, 0, 1)
[13:20:15] INFO    : Updating skybox color to (0.34509803921568627, 0, 0, 1)
[13:20:15] INFO    : Updating skybox color to (0.34901960784313724, 0, 0, 1)
[13:20:15] INFO    : Updating skybox color to (0.35294117647058826, 0, 0, 1)
[13:20:15] INFO    : Updating skybox color to (0.3568627450980392, 0, 0, 1)
[13:20:15] INFO    : Updating skybox color to (0.3607843137254902, 0, 0, 1)
[13:20:16] INFO    : Updating skybox color to (0.36470588235294116, 0, 0, 1)
[13:20:16] INFO    : Updating skybox color to (0.3686274509803922, 0, 0, 1)
[13:20:16] INFO    : Updating skybox color to (0.37254901960784315, 0, 0, 1)
[13:20:16] INFO    : Updating skybox color to (0.3764705882352941, 0, 0, 1)
[13:20:16] INFO    : Updating skybox color to (0.3803921568627451, 0, 0, 1)
[13:20:16] INFO    : Updating skybox color to (0.3843137254901961, 0, 0, 1)
[13:20:16] INFO    : Updating skybox color to (0.38823529411764707, 0, 0, 1)
[13:20:16] INFO    : Updating skybox color to (0.39215686274509803, 0, 0, 1)
[13:20:16] INFO    : Updating skybox color to (0.396078431372549, 0, 0, 1)
[13:20:16] INFO    : Updating skybox color to (0.4, 0, 0, 1)
[13:20:17] INFO    : Updating skybox color to (0.403921568627451, 0, 0, 1)
[13:20:17] INFO    : Updating skybox color to (0.40784313725490196, 0, 0, 1)
[13:20:17] INFO    : Updating skybox color to (0.4117647058823529, 0, 0, 1)
