Logfile created with verbose level LOG_ONLY on 23/01/2025 at 19:26:42. Have fun <3

[19:26:42] INFO    : MessageLogger verbose type updating from LOG_ONLY to INFO
[19:26:42] INFO    : MessageLogger verbose type updated from LOG_ONLY to INFO
[19:26:42] INFO    : Imported settings: {'_comment0': 'Supported levels: [NONE, LOG_ONLY, ERROR, WARNING, CRUCIAL, INFO]', 'verbose_type': 'INFO', '_comment1': 'window_resolution irrelevant unless fullscreen is true; fullscreen overwride window_resolution to monitor resolution; windowed false will overwrite fullscreen to true', 'window_resolution': [200, 500], 'fullscreen': True, 'windowed': False, '_comment2': 'setting max_fps to 0 disables the fps cap; vsync will overwride max_fps to match window fps to monitor fps', 'max_fps': 0, 'vsync': True, '_comment3': 'raw_mouse_input will enable raw mouse movement (bypass windows mouse acceleration)', 'raw_mouse_input': True, 'mouse_sensitivity': 1, '_comment4': "Avalable keys: https://www.glfw.org/docs/3.3/group__keys.html (Remove the 'GLFW_KEY_' prefix)", 'key_binds': {'jump': 'SPACE', 'forward': 'W', 'back': 'S', 'left': 'A', 'right': 'D'}}
[19:26:42] INFO    : Window variable validation passed. Variables: {'size': [200, 500], 'caption': 'Into Havoc', 'fullscreen': True, 'windowed': False, 'vsync': True, 'max_fps': 0, 'raw_mouse_input': True, 'center_cursor': True, 'hide_cursor': True}
[19:26:42] INFO    : Window fullscreen.
[19:26:42] INFO    : Window creation passed. Variables: {'size': Size(width=1920, height=1080), 'caption': 'Into Havoc', 'fullscreen': True, 'windowed': False, 'vsync': True, 'max_fps': 0, 'raw_mouse_input': True, 'center_cursor': True, 'hide_cursor': True, 'monitor': <glfw.LP__GLFWmonitor object at 0x000001B992A84350>, 'video_mode': GLFWvidmode(size=Size(width=1920, height=1080), bits=Bits(red=8, green=8, blue=8), refresh_rate=60), 'display_size': Size(width=1920, height=1080), 'aspect_ratio': 1.7777777777777777, 'window': <glfw.LP__GLFWwindow object at 0x000001B992A843D0>}
[19:26:42] INFO    : Setting up Graphics Engine
[19:26:42] INFO    : Creating shader
[19:26:42] INFO    : No texture handle for this shader.
[19:26:42] INFO    : Shader creation passed. Variables: {'shader': 3, 'uniform_handles': {'model': 0, 'view': 3, 'projection': 2, 'color': 1}, 'custom_uniform_handles': {}}
[19:26:42] INFO    : Shader creation passed variable validation.
[19:26:42] INFO    : Creating shader
[19:26:42] INFO    : No texture handle for this shader.
[19:26:42] INFO    : Shader creation passed. Variables: {'shader': 6, 'uniform_handles': {'model': 0, 'view': 3, 'projection': 2, 'color': 1}, 'custom_uniform_handles': {}}
[19:26:42] INFO    : Creating shader
[19:26:42] INFO    : No texture handle for this shader.
[19:26:42] INFO    : Shader creation passed. Variables: {'shader': 9, 'uniform_handles': {'model': 0, 'view': 3, 'projection': 2, 'color': 1}, 'custom_uniform_handles': {}}
[19:26:42] INFO    : Updating skybox color to (0.00392156862745098, 0.001, 0.001, 1)
[19:26:43] INFO    : Creating shader
[19:26:43] INFO    : No texture handle for this shader.
[19:26:43] INFO    : Shader creation passed. Variables: {'shader': 12, 'uniform_handles': {'model': 0, 'view': 3, 'projection': 2, 'color': 1}, 'custom_uniform_handles': {}}
[19:26:43] INFO    : Creating shader
[19:26:43] INFO    : No texture handle for this shader.
[19:26:43] INFO    : Shader creation passed. Variables: {'shader': 15, 'uniform_handles': {'model': 0, 'view': 3, 'projection': 2, 'color': 1}, 'custom_uniform_handles': {}}
[19:26:43] INFO    : Updating skybox color to (0.011764705882352941, 0.003, 0.003, 1)
[19:26:43] INFO    : Creating shader
[19:26:43] INFO    : No texture handle for this shader.
[19:26:43] INFO    : Shader creation passed. Variables: {'shader': 18, 'uniform_handles': {'model': 0, 'view': 3, 'projection': 2, 'color': 1}, 'custom_uniform_handles': {}}
[19:26:43] INFO    : Updating skybox color to (0.01568627450980392, 0.004, 0.004, 1)
[19:26:43] INFO    : Creating shader
[19:26:43] INFO    : No texture handle for this shader.
[19:26:43] INFO    : Shader creation passed. Variables: {'shader': 21, 'uniform_handles': {'model': 0, 'view': 3, 'projection': 2, 'color': 1}, 'custom_uniform_handles': {}}
[19:26:43] INFO    : Updating skybox color to (0.0196078431372549, 0.005, 0.005, 1)
[19:26:43] INFO    : Creating shader
[19:26:43] INFO    : No texture handle for this shader.
[19:26:43] INFO    : Shader creation passed. Variables: {'shader': 24, 'uniform_handles': {'model': 0, 'view': 3, 'projection': 2, 'color': 1}, 'custom_uniform_handles': {}}
[19:26:43] INFO    : Updating skybox color to (0.023529411764705882, 0.006, 0.006, 1)
[19:26:43] INFO    : Creating shader
[19:26:43] INFO    : No texture handle for this shader.
[19:26:43] INFO    : Shader creation passed. Variables: {'shader': 27, 'uniform_handles': {'model': 0, 'view': 3, 'projection': 2, 'color': 1}, 'custom_uniform_handles': {}}
[19:26:43] INFO    : Updating skybox color to (0.027450980392156862, 0.007, 0.007, 1)
[19:26:43] INFO    : Creating shader
[19:26:43] INFO    : No texture handle for this shader.
[19:26:43] INFO    : Shader creation passed. Variables: {'shader': 30, 'uniform_handles': {'model': 0, 'view': 3, 'projection': 2, 'color': 1}, 'custom_uniform_handles': {}}
[19:26:43] INFO    : Updating skybox color to (0.03137254901960784, 0.008, 0.008, 1)
[19:26:43] INFO    : Creating shader
[19:26:43] INFO    : No texture handle for this shader.
[19:26:43] INFO    : Shader creation passed. Variables: {'shader': 33, 'uniform_handles': {'model': 0, 'view': 3, 'projection': 2, 'color': 1}, 'custom_uniform_handles': {}}
[19:26:43] INFO    : Updating skybox color to (0.03529411764705882, 0.009, 0.009, 1)
[19:26:43] INFO    : Creating shader
[19:26:43] INFO    : No texture handle for this shader.
[19:26:43] INFO    : Shader creation passed. Variables: {'shader': 36, 'uniform_handles': {'model': 0, 'view': 3, 'projection': 2, 'color': 1}, 'custom_uniform_handles': {}}
[19:26:43] INFO    : Updating skybox color to (0.0392156862745098, 0.01, 0.01, 1)
[19:26:43] INFO    : Creating shader
[19:26:43] INFO    : No texture handle for this shader.
[19:26:43] INFO    : Shader creation passed. Variables: {'shader': 39, 'uniform_handles': {'model': 0, 'view': 3, 'projection': 2, 'color': 1}, 'custom_uniform_handles': {}}
[19:26:43] INFO    : Updating skybox color to (0.043137254901960784, 0.011, 0.011, 1)
[19:26:43] INFO    : Creating shader
[19:26:43] INFO    : No texture handle for this shader.
[19:26:43] INFO    : Shader creation passed. Variables: {'shader': 42, 'uniform_handles': {'model': 0, 'view': 3, 'projection': 2, 'color': 1}, 'custom_uniform_handles': {}}
[19:26:43] INFO    : Updating skybox color to (0.047058823529411764, 0.012, 0.012, 1)
[19:26:43] INFO    : Creating shader
[19:26:43] INFO    : No texture handle for this shader.
[19:26:43] INFO    : Shader creation passed. Variables: {'shader': 45, 'uniform_handles': {'model': 0, 'view': 3, 'projection': 2, 'color': 1}, 'custom_uniform_handles': {}}
[19:26:43] INFO    : Updating skybox color to (0.050980392156862744, 0.013, 0.013, 1)
[19:26:43] INFO    : Creating shader
[19:26:43] INFO    : No texture handle for this shader.
[19:26:43] INFO    : Shader creation passed. Variables: {'shader': 48, 'uniform_handles': {'model': 0, 'view': 3, 'projection': 2, 'color': 1}, 'custom_uniform_handles': {}}
[19:26:43] INFO    : Updating skybox color to (0.054901960784313725, 0.014, 0.014, 1)
[19:26:43] INFO    : Creating shader
[19:26:43] INFO    : No texture handle for this shader.
[19:26:43] INFO    : Shader creation passed. Variables: {'shader': 51, 'uniform_handles': {'model': 0, 'view': 3, 'projection': 2, 'color': 1}, 'custom_uniform_handles': {}}
[19:26:43] INFO    : Updating skybox color to (0.058823529411764705, 0.015, 0.015, 1)
[19:26:43] INFO    : Creating shader
[19:26:43] INFO    : No texture handle for this shader.
[19:26:43] INFO    : Shader creation passed. Variables: {'shader': 54, 'uniform_handles': {'model': 0, 'view': 3, 'projection': 2, 'color': 1}, 'custom_uniform_handles': {}}
[19:26:43] INFO    : Updating skybox color to (0.06274509803921569, 0.016, 0.016, 1)
[19:26:43] INFO    : Creating shader
[19:26:43] INFO    : No texture handle for this shader.
[19:26:43] INFO    : Shader creation passed. Variables: {'shader': 57, 'uniform_handles': {'model': 0, 'view': 3, 'projection': 2, 'color': 1}, 'custom_uniform_handles': {}}
[19:26:43] INFO    : Updating skybox color to (0.06666666666666667, 0.017, 0.017, 1)
[19:26:43] INFO    : Creating shader
[19:26:43] INFO    : No texture handle for this shader.
[19:26:43] INFO    : Shader creation passed. Variables: {'shader': 60, 'uniform_handles': {'model': 0, 'view': 3, 'projection': 2, 'color': 1}, 'custom_uniform_handles': {}}
[19:26:43] INFO    : Updating skybox color to (0.07058823529411765, 0.018, 0.018, 1)
[19:26:43] INFO    : Creating shader
[19:26:43] INFO    : No texture handle for this shader.
[19:26:43] INFO    : Shader creation passed. Variables: {'shader': 63, 'uniform_handles': {'model': 0, 'view': 3, 'projection': 2, 'color': 1}, 'custom_uniform_handles': {}}
[19:26:43] INFO    : Updating skybox color to (0.07450980392156863, 0.019, 0.019, 1)
[19:26:43] INFO    : Creating shader
[19:26:43] INFO    : No texture handle for this shader.
[19:26:43] INFO    : Shader creation passed. Variables: {'shader': 66, 'uniform_handles': {'model': 0, 'view': 3, 'projection': 2, 'color': 1}, 'custom_uniform_handles': {}}
[19:26:43] INFO    : Updating skybox color to (0.0784313725490196, 0.02, 0.02, 1)
[19:26:43] INFO    : Creating shader
[19:26:43] INFO    : No texture handle for this shader.
[19:26:43] INFO    : Shader creation passed. Variables: {'shader': 69, 'uniform_handles': {'model': 0, 'view': 3, 'projection': 2, 'color': 1}, 'custom_uniform_handles': {}}
[19:26:43] INFO    : Updating skybox color to (0.08235294117647059, 0.021, 0.021, 1)
[19:26:43] INFO    : Creating shader
[19:26:43] INFO    : No texture handle for this shader.
[19:26:43] INFO    : Shader creation passed. Variables: {'shader': 72, 'uniform_handles': {'model': 0, 'view': 3, 'projection': 2, 'color': 1}, 'custom_uniform_handles': {}}
[19:26:43] INFO    : Updating skybox color to (0.08627450980392157, 0.022, 0.022, 1)
[19:26:43] INFO    : Creating shader
[19:26:43] INFO    : No texture handle for this shader.
[19:26:43] INFO    : Shader creation passed. Variables: {'shader': 75, 'uniform_handles': {'model': 0, 'view': 3, 'projection': 2, 'color': 1}, 'custom_uniform_handles': {}}
[19:26:43] INFO    : Updating skybox color to (0.09019607843137255, 0.023, 0.023, 1)
[19:26:43] INFO    : Creating shader
[19:26:43] INFO    : No texture handle for this shader.
[19:26:43] INFO    : Shader creation passed. Variables: {'shader': 78, 'uniform_handles': {'model': 0, 'view': 3, 'projection': 2, 'color': 1}, 'custom_uniform_handles': {}}
[19:26:43] INFO    : Updating skybox color to (0.09411764705882353, 0.024, 0.024, 1)
[19:26:43] INFO    : Creating shader
[19:26:43] INFO    : No texture handle for this shader.
[19:26:43] INFO    : Shader creation passed. Variables: {'shader': 81, 'uniform_handles': {'model': 0, 'view': 3, 'projection': 2, 'color': 1}, 'custom_uniform_handles': {}}
[19:26:43] INFO    : Updating skybox color to (0.09803921568627451, 0.025, 0.025, 1)
[19:26:43] INFO    : Creating shader
[19:26:43] INFO    : No texture handle for this shader.
[19:26:43] INFO    : Shader creation passed. Variables: {'shader': 84, 'uniform_handles': {'model': 0, 'view': 3, 'projection': 2, 'color': 1}, 'custom_uniform_handles': {}}
[19:26:43] INFO    : Updating skybox color to (0.10196078431372549, 0.026, 0.026, 1)
[19:26:43] INFO    : Creating shader
[19:26:43] INFO    : No texture handle for this shader.
[19:26:43] INFO    : Shader creation passed. Variables: {'shader': 87, 'uniform_handles': {'model': 0, 'view': 3, 'projection': 2, 'color': 1}, 'custom_uniform_handles': {}}
[19:26:44] INFO    : Updating skybox color to (0.10588235294117647, 0.027, 0.027, 1)
[19:26:44] INFO    : Creating shader
[19:26:44] INFO    : No texture handle for this shader.
[19:26:44] INFO    : Shader creation passed. Variables: {'shader': 90, 'uniform_handles': {'model': 0, 'view': 3, 'projection': 2, 'color': 1}, 'custom_uniform_handles': {}}
[19:26:44] INFO    : Updating skybox color to (0.10980392156862745, 0.028, 0.028, 1)
[19:26:44] INFO    : Creating shader
[19:26:44] INFO    : No texture handle for this shader.
[19:26:44] INFO    : Shader creation passed. Variables: {'shader': 93, 'uniform_handles': {'model': 0, 'view': 3, 'projection': 2, 'color': 1}, 'custom_uniform_handles': {}}
[19:26:44] INFO    : Updating skybox color to (0.11372549019607843, 0.029, 0.029, 1)
[19:26:44] INFO    : Creating shader
[19:26:44] INFO    : No texture handle for this shader.
[19:26:44] INFO    : Shader creation passed. Variables: {'shader': 96, 'uniform_handles': {'model': 0, 'view': 3, 'projection': 2, 'color': 1}, 'custom_uniform_handles': {}}
[19:26:44] INFO    : Updating skybox color to (0.11764705882352941, 0.03, 0.03, 1)
[19:26:44] INFO    : Creating shader
[19:26:44] INFO    : No texture handle for this shader.
[19:26:44] INFO    : Shader creation passed. Variables: {'shader': 99, 'uniform_handles': {'model': 0, 'view': 3, 'projection': 2, 'color': 1}, 'custom_uniform_handles': {}}
[19:26:44] INFO    : Updating skybox color to (0.12156862745098039, 0.031, 0.031, 1)
[19:26:44] INFO    : Creating shader
[19:26:44] INFO    : No texture handle for this shader.
[19:26:44] INFO    : Shader creation passed. Variables: {'shader': 102, 'uniform_handles': {'model': 0, 'view': 3, 'projection': 2, 'color': 1}, 'custom_uniform_handles': {}}
[19:26:44] INFO    : Updating skybox color to (0.12549019607843137, 0.032, 0.032, 1)
[19:26:44] INFO    : Creating shader
[19:26:44] INFO    : No texture handle for this shader.
[19:26:44] INFO    : Shader creation passed. Variables: {'shader': 105, 'uniform_handles': {'model': 0, 'view': 3, 'projection': 2, 'color': 1}, 'custom_uniform_handles': {}}
[19:26:44] INFO    : Updating skybox color to (0.12941176470588237, 0.033, 0.033, 1)
[19:26:44] INFO    : Creating shader
[19:26:44] INFO    : No texture handle for this shader.
[19:26:44] INFO    : Shader creation passed. Variables: {'shader': 108, 'uniform_handles': {'model': 0, 'view': 3, 'projection': 2, 'color': 1}, 'custom_uniform_handles': {}}
[19:26:44] INFO    : Updating skybox color to (0.13333333333333333, 0.034, 0.034, 1)
[19:26:44] INFO    : Creating shader
[19:26:44] INFO    : No texture handle for this shader.
[19:26:44] INFO    : Shader creation passed. Variables: {'shader': 111, 'uniform_handles': {'model': 0, 'view': 3, 'projection': 2, 'color': 1}, 'custom_uniform_handles': {}}
[19:26:44] INFO    : Updating skybox color to (0.13725490196078433, 0.035, 0.035, 1)
[19:26:44] INFO    : Creating shader
[19:26:44] INFO    : No texture handle for this shader.
[19:26:44] INFO    : Shader creation passed. Variables: {'shader': 114, 'uniform_handles': {'model': 0, 'view': 3, 'projection': 2, 'color': 1}, 'custom_uniform_handles': {}}
[19:26:44] INFO    : Updating skybox color to (0.1411764705882353, 0.036, 0.036, 1)
[19:26:44] INFO    : Creating shader
[19:26:44] INFO    : No texture handle for this shader.
[19:26:44] INFO    : Shader creation passed. Variables: {'shader': 117, 'uniform_handles': {'model': 0, 'view': 3, 'projection': 2, 'color': 1}, 'custom_uniform_handles': {}}
[19:26:44] INFO    : Updating skybox color to (0.1450980392156863, 0.037, 0.037, 1)
[19:26:44] INFO    : Creating shader
[19:26:44] INFO    : No texture handle for this shader.
[19:26:44] INFO    : Shader creation passed. Variables: {'shader': 120, 'uniform_handles': {'model': 0, 'view': 3, 'projection': 2, 'color': 1}, 'custom_uniform_handles': {}}
[19:26:44] INFO    : Updating skybox color to (0.14901960784313725, 0.038, 0.038, 1)
[19:26:44] INFO    : Creating shader
[19:26:44] INFO    : No texture handle for this shader.
[19:26:44] INFO    : Shader creation passed. Variables: {'shader': 123, 'uniform_handles': {'model': 0, 'view': 3, 'projection': 2, 'color': 1}, 'custom_uniform_handles': {}}
[19:26:44] INFO    : Updating skybox color to (0.15294117647058825, 0.039, 0.039, 1)
[19:26:44] INFO    : Creating shader
[19:26:44] INFO    : No texture handle for this shader.
[19:26:44] INFO    : Shader creation passed. Variables: {'shader': 126, 'uniform_handles': {'model': 0, 'view': 3, 'projection': 2, 'color': 1}, 'custom_uniform_handles': {}}
[19:26:44] INFO    : Updating skybox color to (0.1568627450980392, 0.04, 0.04, 1)
[19:26:44] INFO    : Creating shader
[19:26:44] INFO    : No texture handle for this shader.
[19:26:44] INFO    : Shader creation passed. Variables: {'shader': 129, 'uniform_handles': {'model': 0, 'view': 3, 'projection': 2, 'color': 1}, 'custom_uniform_handles': {}}
[19:26:44] INFO    : Updating skybox color to (0.1607843137254902, 0.041, 0.041, 1)
[19:26:44] INFO    : Creating shader
[19:26:44] INFO    : No texture handle for this shader.
[19:26:44] INFO    : Shader creation passed. Variables: {'shader': 132, 'uniform_handles': {'model': 0, 'view': 3, 'projection': 2, 'color': 1}, 'custom_uniform_handles': {}}
[19:26:44] INFO    : Updating skybox color to (0.16470588235294117, 0.042, 0.042, 1)
[19:26:44] INFO    : Creating shader
[19:26:44] INFO    : No texture handle for this shader.
[19:26:44] INFO    : Shader creation passed. Variables: {'shader': 135, 'uniform_handles': {'model': 0, 'view': 3, 'projection': 2, 'color': 1}, 'custom_uniform_handles': {}}
[19:26:44] INFO    : Updating skybox color to (0.16862745098039217, 0.043, 0.043, 1)
[19:26:44] INFO    : Creating shader
[19:26:44] INFO    : No texture handle for this shader.
[19:26:44] INFO    : Shader creation passed. Variables: {'shader': 138, 'uniform_handles': {'model': 0, 'view': 3, 'projection': 2, 'color': 1}, 'custom_uniform_handles': {}}
[19:26:44] INFO    : Updating skybox color to (0.17254901960784313, 0.044, 0.044, 1)
[19:26:44] INFO    : Creating shader
[19:26:44] INFO    : No texture handle for this shader.
[19:26:44] INFO    : Shader creation passed. Variables: {'shader': 141, 'uniform_handles': {'model': 0, 'view': 3, 'projection': 2, 'color': 1}, 'custom_uniform_handles': {}}
[19:26:44] INFO    : Updating skybox color to (0.17647058823529413, 0.045, 0.045, 1)
[19:26:44] INFO    : Creating shader
[19:26:44] INFO    : No texture handle for this shader.
[19:26:44] INFO    : Shader creation passed. Variables: {'shader': 144, 'uniform_handles': {'model': 0, 'view': 3, 'projection': 2, 'color': 1}, 'custom_uniform_handles': {}}
[19:26:44] INFO    : Updating skybox color to (0.1803921568627451, 0.046, 0.046, 1)
[19:26:44] INFO    : Creating shader
[19:26:44] INFO    : No texture handle for this shader.
[19:26:44] INFO    : Shader creation passed. Variables: {'shader': 147, 'uniform_handles': {'model': 0, 'view': 3, 'projection': 2, 'color': 1}, 'custom_uniform_handles': {}}
[19:26:44] INFO    : Updating skybox color to (0.1843137254901961, 0.047, 0.047, 1)
[19:26:44] INFO    : Creating shader
[19:26:44] INFO    : No texture handle for this shader.
[19:26:44] INFO    : Shader creation passed. Variables: {'shader': 150, 'uniform_handles': {'model': 0, 'view': 3, 'projection': 2, 'color': 1}, 'custom_uniform_handles': {}}
[19:26:44] INFO    : Updating skybox color to (0.18823529411764706, 0.048, 0.048, 1)
[19:26:44] INFO    : Creating shader
[19:26:44] INFO    : No texture handle for this shader.
[19:26:44] INFO    : Shader creation passed. Variables: {'shader': 153, 'uniform_handles': {'model': 0, 'view': 3, 'projection': 2, 'color': 1}, 'custom_uniform_handles': {}}
[19:26:44] INFO    : Updating skybox color to (0.19215686274509805, 0.049, 0.049, 1)
[19:26:44] INFO    : Creating shader
[19:26:44] INFO    : No texture handle for this shader.
[19:26:44] INFO    : Shader creation passed. Variables: {'shader': 156, 'uniform_handles': {'model': 0, 'view': 3, 'projection': 2, 'color': 1}, 'custom_uniform_handles': {}}
[19:26:44] INFO    : Updating skybox color to (0.19607843137254902, 0.05, 0.05, 1)
[19:26:44] INFO    : Creating shader
[19:26:44] INFO    : No texture handle for this shader.
[19:26:44] INFO    : Shader creation passed. Variables: {'shader': 159, 'uniform_handles': {'model': 0, 'view': 3, 'projection': 2, 'color': 1}, 'custom_uniform_handles': {}}
[19:26:44] INFO    : Updating skybox color to (0.2, 0.051, 0.051, 1)
[19:26:45] INFO    : Creating shader
[19:26:45] INFO    : No texture handle for this shader.
[19:26:45] INFO    : Shader creation passed. Variables: {'shader': 162, 'uniform_handles': {'model': 0, 'view': 3, 'projection': 2, 'color': 1}, 'custom_uniform_handles': {}}
[19:26:45] INFO    : Updating skybox color to (0.20392156862745098, 0.052, 0.052, 1)
[19:26:45] INFO    : Creating shader
[19:26:45] INFO    : No texture handle for this shader.
[19:26:45] INFO    : Shader creation passed. Variables: {'shader': 165, 'uniform_handles': {'model': 0, 'view': 3, 'projection': 2, 'color': 1}, 'custom_uniform_handles': {}}
[19:26:45] INFO    : Updating skybox color to (0.20784313725490197, 0.053, 0.053, 1)
[19:26:45] INFO    : Creating shader
[19:26:45] INFO    : No texture handle for this shader.
[19:26:45] INFO    : Shader creation passed. Variables: {'shader': 168, 'uniform_handles': {'model': 0, 'view': 3, 'projection': 2, 'color': 1}, 'custom_uniform_handles': {}}
[19:26:45] INFO    : Updating skybox color to (0.21176470588235294, 0.054, 0.054, 1)
[19:26:45] INFO    : Creating shader
[19:26:45] INFO    : No texture handle for this shader.
[19:26:45] INFO    : Shader creation passed. Variables: {'shader': 171, 'uniform_handles': {'model': 0, 'view': 3, 'projection': 2, 'color': 1}, 'custom_uniform_handles': {}}
[19:26:45] INFO    : Updating skybox color to (0.21568627450980393, 0.055, 0.055, 1)
[19:26:45] INFO    : Creating shader
[19:26:45] INFO    : No texture handle for this shader.
[19:26:45] INFO    : Shader creation passed. Variables: {'shader': 174, 'uniform_handles': {'model': 0, 'view': 3, 'projection': 2, 'color': 1}, 'custom_uniform_handles': {}}
[19:26:45] INFO    : Updating skybox color to (0.2196078431372549, 0.056, 0.056, 1)
[19:26:45] INFO    : Creating shader
[19:26:45] INFO    : No texture handle for this shader.
[19:26:45] INFO    : Shader creation passed. Variables: {'shader': 177, 'uniform_handles': {'model': 0, 'view': 3, 'projection': 2, 'color': 1}, 'custom_uniform_handles': {}}
[19:26:45] INFO    : Updating skybox color to (0.2235294117647059, 0.057, 0.057, 1)
[19:26:45] INFO    : Creating shader
[19:26:45] INFO    : No texture handle for this shader.
[19:26:45] INFO    : Shader creation passed. Variables: {'shader': 180, 'uniform_handles': {'model': 0, 'view': 3, 'projection': 2, 'color': 1}, 'custom_uniform_handles': {}}
[19:26:45] INFO    : Updating skybox color to (0.22745098039215686, 0.058, 0.058, 1)
[19:26:45] INFO    : Creating shader
[19:26:45] INFO    : No texture handle for this shader.
[19:26:45] INFO    : Shader creation passed. Variables: {'shader': 183, 'uniform_handles': {'model': 0, 'view': 3, 'projection': 2, 'color': 1}, 'custom_uniform_handles': {}}
[19:26:45] INFO    : Updating skybox color to (0.23137254901960785, 0.059, 0.059, 1)
[19:26:45] INFO    : Creating shader
[19:26:45] INFO    : No texture handle for this shader.
[19:26:45] INFO    : Shader creation passed. Variables: {'shader': 186, 'uniform_handles': {'model': 0, 'view': 3, 'projection': 2, 'color': 1}, 'custom_uniform_handles': {}}
[19:26:45] INFO    : Updating skybox color to (0.23529411764705882, 0.06, 0.06, 1)
[19:26:45] INFO    : Creating shader
[19:26:45] INFO    : No texture handle for this shader.
[19:26:45] INFO    : Shader creation passed. Variables: {'shader': 189, 'uniform_handles': {'model': 0, 'view': 3, 'projection': 2, 'color': 1}, 'custom_uniform_handles': {}}
[19:26:45] INFO    : Updating skybox color to (0.23921568627450981, 0.061, 0.061, 1)
[19:26:45] INFO    : Creating shader
[19:26:45] INFO    : No texture handle for this shader.
[19:26:45] INFO    : Shader creation passed. Variables: {'shader': 192, 'uniform_handles': {'model': 0, 'view': 3, 'projection': 2, 'color': 1}, 'custom_uniform_handles': {}}
[19:26:45] INFO    : Updating skybox color to (0.24313725490196078, 0.062, 0.062, 1)
[19:26:45] INFO    : Creating shader
[19:26:45] INFO    : No texture handle for this shader.
[19:26:45] INFO    : Shader creation passed. Variables: {'shader': 195, 'uniform_handles': {'model': 0, 'view': 3, 'projection': 2, 'color': 1}, 'custom_uniform_handles': {}}
[19:26:45] INFO    : Updating skybox color to (0.24705882352941178, 0.063, 0.063, 1)
[19:26:45] INFO    : Creating shader
[19:26:45] INFO    : No texture handle for this shader.
[19:26:45] INFO    : Shader creation passed. Variables: {'shader': 198, 'uniform_handles': {'model': 0, 'view': 3, 'projection': 2, 'color': 1}, 'custom_uniform_handles': {}}
[19:26:45] INFO    : Updating skybox color to (0.25098039215686274, 0.064, 0.064, 1)
[19:26:45] INFO    : Creating shader
[19:26:45] INFO    : No texture handle for this shader.
[19:26:45] INFO    : Shader creation passed. Variables: {'shader': 201, 'uniform_handles': {'model': 0, 'view': 3, 'projection': 2, 'color': 1}, 'custom_uniform_handles': {}}
[19:26:45] INFO    : Updating skybox color to (0.2549019607843137, 0.065, 0.065, 1)
[19:26:45] INFO    : Creating shader
[19:26:45] INFO    : No texture handle for this shader.
[19:26:45] INFO    : Shader creation passed. Variables: {'shader': 204, 'uniform_handles': {'model': 0, 'view': 3, 'projection': 2, 'color': 1}, 'custom_uniform_handles': {}}
[19:26:45] INFO    : Updating skybox color to (0.25882352941176473, 0.066, 0.066, 1)
[19:26:45] INFO    : Creating shader
[19:26:45] INFO    : No texture handle for this shader.
[19:26:45] INFO    : Shader creation passed. Variables: {'shader': 207, 'uniform_handles': {'model': 0, 'view': 3, 'projection': 2, 'color': 1}, 'custom_uniform_handles': {}}
[19:26:45] INFO    : Updating skybox color to (0.2627450980392157, 0.067, 0.067, 1)
[19:26:45] INFO    : Creating shader
[19:26:45] INFO    : No texture handle for this shader.
[19:26:45] INFO    : Shader creation passed. Variables: {'shader': 210, 'uniform_handles': {'model': 0, 'view': 3, 'projection': 2, 'color': 1}, 'custom_uniform_handles': {}}
[19:26:45] INFO    : Updating skybox color to (0.26666666666666666, 0.068, 0.068, 1)
[19:26:45] INFO    : Creating shader
[19:26:45] INFO    : No texture handle for this shader.
[19:26:45] INFO    : Shader creation passed. Variables: {'shader': 213, 'uniform_handles': {'model': 0, 'view': 3, 'projection': 2, 'color': 1}, 'custom_uniform_handles': {}}
[19:26:45] INFO    : Updating skybox color to (0.27058823529411763, 0.069, 0.069, 1)
[19:26:45] INFO    : Creating shader
[19:26:45] INFO    : No texture handle for this shader.
[19:26:45] INFO    : Shader creation passed. Variables: {'shader': 216, 'uniform_handles': {'model': 0, 'view': 3, 'projection': 2, 'color': 1}, 'custom_uniform_handles': {}}
[19:26:45] INFO    : Updating skybox color to (0.27450980392156865, 0.07, 0.07, 1)
[19:26:45] INFO    : Creating shader
[19:26:45] INFO    : No texture handle for this shader.
[19:26:45] INFO    : Shader creation passed. Variables: {'shader': 219, 'uniform_handles': {'model': 0, 'view': 3, 'projection': 2, 'color': 1}, 'custom_uniform_handles': {}}
[19:26:45] INFO    : Updating skybox color to (0.2784313725490196, 0.071, 0.071, 1)
[19:26:45] INFO    : Creating shader
[19:26:45] INFO    : No texture handle for this shader.
[19:26:45] INFO    : Shader creation passed. Variables: {'shader': 222, 'uniform_handles': {'model': 0, 'view': 3, 'projection': 2, 'color': 1}, 'custom_uniform_handles': {}}
[19:26:45] INFO    : Updating skybox color to (0.2823529411764706, 0.072, 0.072, 1)
[19:26:45] INFO    : Creating shader
[19:26:45] INFO    : No texture handle for this shader.
[19:26:45] INFO    : Shader creation passed. Variables: {'shader': 225, 'uniform_handles': {'model': 0, 'view': 3, 'projection': 2, 'color': 1}, 'custom_uniform_handles': {}}
[19:26:45] INFO    : Updating skybox color to (0.28627450980392155, 0.073, 0.073, 1)
[19:26:45] INFO    : Creating shader
[19:26:45] INFO    : No texture handle for this shader.
[19:26:45] INFO    : Shader creation passed. Variables: {'shader': 228, 'uniform_handles': {'model': 0, 'view': 3, 'projection': 2, 'color': 1}, 'custom_uniform_handles': {}}
[19:26:45] INFO    : Updating skybox color to (0.2901960784313726, 0.074, 0.074, 1)
[19:26:45] INFO    : Creating shader
[19:26:45] INFO    : No texture handle for this shader.
[19:26:45] INFO    : Shader creation passed. Variables: {'shader': 231, 'uniform_handles': {'model': 0, 'view': 3, 'projection': 2, 'color': 1}, 'custom_uniform_handles': {}}
[19:26:45] INFO    : Updating skybox color to (0.29411764705882354, 0.075, 0.075, 1)
[19:26:46] INFO    : Creating shader
[19:26:46] INFO    : No texture handle for this shader.
[19:26:46] INFO    : Shader creation passed. Variables: {'shader': 234, 'uniform_handles': {'model': 0, 'view': 3, 'projection': 2, 'color': 1}, 'custom_uniform_handles': {}}
[19:26:46] INFO    : Updating skybox color to (0.2980392156862745, 0.076, 0.076, 1)
[19:26:46] INFO    : Creating shader
[19:26:46] INFO    : No texture handle for this shader.
[19:26:46] INFO    : Shader creation passed. Variables: {'shader': 237, 'uniform_handles': {'model': 0, 'view': 3, 'projection': 2, 'color': 1}, 'custom_uniform_handles': {}}
[19:26:46] INFO    : Updating skybox color to (0.30196078431372547, 0.077, 0.077, 1)
[19:26:46] INFO    : Creating shader
[19:26:46] INFO    : No texture handle for this shader.
[19:26:46] INFO    : Shader creation passed. Variables: {'shader': 240, 'uniform_handles': {'model': 0, 'view': 3, 'projection': 2, 'color': 1}, 'custom_uniform_handles': {}}
[19:26:46] INFO    : Updating skybox color to (0.3058823529411765, 0.078, 0.078, 1)
[19:26:46] INFO    : Creating shader
[19:26:46] INFO    : No texture handle for this shader.
[19:26:46] INFO    : Shader creation passed. Variables: {'shader': 243, 'uniform_handles': {'model': 0, 'view': 3, 'projection': 2, 'color': 1}, 'custom_uniform_handles': {}}
[19:26:46] INFO    : Updating skybox color to (0.30980392156862746, 0.079, 0.079, 1)
[19:26:46] INFO    : Creating shader
[19:26:46] INFO    : No texture handle for this shader.
[19:26:46] INFO    : Shader creation passed. Variables: {'shader': 246, 'uniform_handles': {'model': 0, 'view': 3, 'projection': 2, 'color': 1}, 'custom_uniform_handles': {}}
[19:26:46] INFO    : Updating skybox color to (0.3137254901960784, 0.08, 0.08, 1)
[19:26:46] INFO    : Creating shader
[19:26:46] INFO    : No texture handle for this shader.
[19:26:46] INFO    : Shader creation passed. Variables: {'shader': 249, 'uniform_handles': {'model': 0, 'view': 3, 'projection': 2, 'color': 1}, 'custom_uniform_handles': {}}
[19:26:46] INFO    : Updating skybox color to (0.3176470588235294, 0.081, 0.081, 1)
[19:26:46] INFO    : Creating shader
[19:26:46] INFO    : No texture handle for this shader.
[19:26:46] INFO    : Shader creation passed. Variables: {'shader': 252, 'uniform_handles': {'model': 0, 'view': 3, 'projection': 2, 'color': 1}, 'custom_uniform_handles': {}}
[19:26:46] INFO    : Updating skybox color to (0.3215686274509804, 0.082, 0.082, 1)
[19:26:46] INFO    : Creating shader
[19:26:46] INFO    : No texture handle for this shader.
[19:26:46] INFO    : Shader creation passed. Variables: {'shader': 255, 'uniform_handles': {'model': 0, 'view': 3, 'projection': 2, 'color': 1}, 'custom_uniform_handles': {}}
[19:26:46] INFO    : Updating skybox color to (0.3254901960784314, 0.083, 0.083, 1)
[19:26:46] INFO    : Creating shader
[19:26:46] INFO    : No texture handle for this shader.
[19:26:46] INFO    : Shader creation passed. Variables: {'shader': 258, 'uniform_handles': {'model': 0, 'view': 3, 'projection': 2, 'color': 1}, 'custom_uniform_handles': {}}
[19:26:46] INFO    : Updating skybox color to (0.32941176470588235, 0.084, 0.084, 1)
[19:26:46] INFO    : Creating shader
[19:26:46] INFO    : No texture handle for this shader.
[19:26:46] INFO    : Shader creation passed. Variables: {'shader': 261, 'uniform_handles': {'model': 0, 'view': 3, 'projection': 2, 'color': 1}, 'custom_uniform_handles': {}}
[19:26:46] INFO    : Updating skybox color to (0.3333333333333333, 0.085, 0.085, 1)
[19:26:46] INFO    : Creating shader
[19:26:46] INFO    : No texture handle for this shader.
[19:26:46] INFO    : Shader creation passed. Variables: {'shader': 264, 'uniform_handles': {'model': 0, 'view': 3, 'projection': 2, 'color': 1}, 'custom_uniform_handles': {}}
[19:26:46] INFO    : Updating skybox color to (0.33725490196078434, 0.086, 0.086, 1)
[19:26:46] INFO    : Creating shader
[19:26:46] INFO    : No texture handle for this shader.
[19:26:46] INFO    : Shader creation passed. Variables: {'shader': 267, 'uniform_handles': {'model': 0, 'view': 3, 'projection': 2, 'color': 1}, 'custom_uniform_handles': {}}
[19:26:46] INFO    : Updating skybox color to (0.3411764705882353, 0.087, 0.087, 1)
[19:26:46] INFO    : Creating shader
[19:26:46] INFO    : No texture handle for this shader.
[19:26:46] INFO    : Shader creation passed. Variables: {'shader': 270, 'uniform_handles': {'model': 0, 'view': 3, 'projection': 2, 'color': 1}, 'custom_uniform_handles': {}}
[19:26:46] INFO    : Updating skybox color to (0.34509803921568627, 0.088, 0.088, 1)
[19:26:46] INFO    : Creating shader
[19:26:46] INFO    : No texture handle for this shader.
[19:26:46] INFO    : Shader creation passed. Variables: {'shader': 273, 'uniform_handles': {'model': 0, 'view': 3, 'projection': 2, 'color': 1}, 'custom_uniform_handles': {}}
[19:26:46] INFO    : Updating skybox color to (0.34901960784313724, 0.089, 0.089, 1)
[19:26:46] INFO    : Creating shader
[19:26:46] INFO    : No texture handle for this shader.
[19:26:46] INFO    : Shader creation passed. Variables: {'shader': 276, 'uniform_handles': {'model': 0, 'view': 3, 'projection': 2, 'color': 1}, 'custom_uniform_handles': {}}
[19:26:46] INFO    : Updating skybox color to (0.35294117647058826, 0.09, 0.09, 1)
[19:26:46] INFO    : Creating shader
[19:26:46] INFO    : No texture handle for this shader.
[19:26:46] INFO    : Shader creation passed. Variables: {'shader': 279, 'uniform_handles': {'model': 0, 'view': 3, 'projection': 2, 'color': 1}, 'custom_uniform_handles': {}}
[19:26:46] INFO    : Updating skybox color to (0.3568627450980392, 0.091, 0.091, 1)
[19:26:46] INFO    : Creating shader
[19:26:46] INFO    : No texture handle for this shader.
[19:26:46] INFO    : Shader creation passed. Variables: {'shader': 282, 'uniform_handles': {'model': 0, 'view': 3, 'projection': 2, 'color': 1}, 'custom_uniform_handles': {}}
[19:26:46] INFO    : Updating skybox color to (0.3607843137254902, 0.092, 0.092, 1)
[19:26:46] INFO    : Creating shader
[19:26:46] INFO    : No texture handle for this shader.
[19:26:46] INFO    : Shader creation passed. Variables: {'shader': 285, 'uniform_handles': {'model': 0, 'view': 3, 'projection': 2, 'color': 1}, 'custom_uniform_handles': {}}
[19:26:46] INFO    : Updating skybox color to (0.36470588235294116, 0.093, 0.093, 1)
[19:26:46] INFO    : Creating shader
[19:26:46] INFO    : No texture handle for this shader.
[19:26:46] INFO    : Shader creation passed. Variables: {'shader': 288, 'uniform_handles': {'model': 0, 'view': 3, 'projection': 2, 'color': 1}, 'custom_uniform_handles': {}}
[19:26:46] INFO    : Updating skybox color to (0.3686274509803922, 0.094, 0.094, 1)
[19:26:46] INFO    : Creating shader
[19:26:46] INFO    : No texture handle for this shader.
[19:26:46] INFO    : Shader creation passed. Variables: {'shader': 291, 'uniform_handles': {'model': 0, 'view': 3, 'projection': 2, 'color': 1}, 'custom_uniform_handles': {}}
[19:26:46] INFO    : Updating skybox color to (0.37254901960784315, 0.095, 0.095, 1)
[19:26:46] INFO    : Creating shader
[19:26:46] INFO    : No texture handle for this shader.
[19:26:46] INFO    : Shader creation passed. Variables: {'shader': 294, 'uniform_handles': {'model': 0, 'view': 3, 'projection': 2, 'color': 1}, 'custom_uniform_handles': {}}
[19:26:46] INFO    : Updating skybox color to (0.3764705882352941, 0.096, 0.096, 1)
[19:26:46] INFO    : Creating shader
[19:26:46] INFO    : No texture handle for this shader.
[19:26:46] INFO    : Shader creation passed. Variables: {'shader': 297, 'uniform_handles': {'model': 0, 'view': 3, 'projection': 2, 'color': 1}, 'custom_uniform_handles': {}}
[19:26:46] INFO    : Updating skybox color to (0.3803921568627451, 0.097, 0.097, 1)
[19:26:46] INFO    : Creating shader
[19:26:46] INFO    : No texture handle for this shader.
[19:26:46] INFO    : Shader creation passed. Variables: {'shader': 300, 'uniform_handles': {'model': 0, 'view': 3, 'projection': 2, 'color': 1}, 'custom_uniform_handles': {}}
[19:26:46] INFO    : Updating skybox color to (0.3843137254901961, 0.098, 0.098, 1)
[19:26:46] INFO    : Creating shader
[19:26:46] INFO    : No texture handle for this shader.
[19:26:46] INFO    : Shader creation passed. Variables: {'shader': 303, 'uniform_handles': {'model': 0, 'view': 3, 'projection': 2, 'color': 1}, 'custom_uniform_handles': {}}
[19:26:46] INFO    : Updating skybox color to (0.38823529411764707, 0.099, 0.099, 1)
[19:26:46] INFO    : Creating shader
[19:26:46] INFO    : No texture handle for this shader.
[19:26:46] INFO    : Shader creation passed. Variables: {'shader': 306, 'uniform_handles': {'model': 0, 'view': 3, 'projection': 2, 'color': 1}, 'custom_uniform_handles': {}}
[19:26:46] INFO    : Updating skybox color to (0.39215686274509803, 0.1, 0.1, 1)
[19:26:47] INFO    : Creating shader
[19:26:47] INFO    : No texture handle for this shader.
[19:26:47] INFO    : Shader creation passed. Variables: {'shader': 309, 'uniform_handles': {'model': 0, 'view': 3, 'projection': 2, 'color': 1}, 'custom_uniform_handles': {}}
[19:26:47] INFO    : Updating skybox color to (0.396078431372549, 0.101, 0.101, 1)
[19:26:47] INFO    : Creating shader
[19:26:47] INFO    : No texture handle for this shader.
[19:26:47] INFO    : Shader creation passed. Variables: {'shader': 312, 'uniform_handles': {'model': 0, 'view': 3, 'projection': 2, 'color': 1}, 'custom_uniform_handles': {}}
[19:26:47] INFO    : Updating skybox color to (0.4, 0.102, 0.102, 1)
[19:26:47] INFO    : Creating shader
[19:26:47] INFO    : No texture handle for this shader.
[19:26:47] INFO    : Shader creation passed. Variables: {'shader': 315, 'uniform_handles': {'model': 0, 'view': 3, 'projection': 2, 'color': 1}, 'custom_uniform_handles': {}}
[19:26:47] INFO    : Updating skybox color to (0.403921568627451, 0.103, 0.103, 1)
[19:26:47] INFO    : Creating shader
[19:26:47] INFO    : No texture handle for this shader.
[19:26:47] INFO    : Shader creation passed. Variables: {'shader': 318, 'uniform_handles': {'model': 0, 'view': 3, 'projection': 2, 'color': 1}, 'custom_uniform_handles': {}}
[19:26:47] INFO    : Updating skybox color to (0.40784313725490196, 0.104, 0.104, 1)
[19:26:47] INFO    : Creating shader
[19:26:47] INFO    : No texture handle for this shader.
[19:26:47] INFO    : Shader creation passed. Variables: {'shader': 321, 'uniform_handles': {'model': 0, 'view': 3, 'projection': 2, 'color': 1}, 'custom_uniform_handles': {}}
[19:26:47] INFO    : Updating skybox color to (0.4117647058823529, 0.105, 0.105, 1)
[19:26:47] INFO    : Creating shader
[19:26:47] INFO    : No texture handle for this shader.
[19:26:47] INFO    : Shader creation passed. Variables: {'shader': 324, 'uniform_handles': {'model': 0, 'view': 3, 'projection': 2, 'color': 1}, 'custom_uniform_handles': {}}
[19:26:47] INFO    : Updating skybox color to (0.41568627450980394, 0.106, 0.106, 1)
[19:26:47] INFO    : Creating shader
[19:26:47] INFO    : No texture handle for this shader.
[19:26:47] INFO    : Shader creation passed. Variables: {'shader': 327, 'uniform_handles': {'model': 0, 'view': 3, 'projection': 2, 'color': 1}, 'custom_uniform_handles': {}}
[19:26:47] INFO    : Updating skybox color to (0.4196078431372549, 0.107, 0.107, 1)
[19:26:47] INFO    : Creating shader
[19:26:47] INFO    : No texture handle for this shader.
[19:26:47] INFO    : Shader creation passed. Variables: {'shader': 330, 'uniform_handles': {'model': 0, 'view': 3, 'projection': 2, 'color': 1}, 'custom_uniform_handles': {}}
[19:26:47] INFO    : Updating skybox color to (0.4235294117647059, 0.108, 0.108, 1)
[19:26:47] INFO    : Creating shader
[19:26:47] INFO    : No texture handle for this shader.
[19:26:47] INFO    : Shader creation passed. Variables: {'shader': 333, 'uniform_handles': {'model': 0, 'view': 3, 'projection': 2, 'color': 1}, 'custom_uniform_handles': {}}
[19:26:47] INFO    : Updating skybox color to (0.42745098039215684, 0.109, 0.109, 1)
[19:26:47] INFO    : Creating shader
[19:26:47] INFO    : No texture handle for this shader.
[19:26:47] INFO    : Shader creation passed. Variables: {'shader': 336, 'uniform_handles': {'model': 0, 'view': 3, 'projection': 2, 'color': 1}, 'custom_uniform_handles': {}}
[19:26:47] INFO    : Updating skybox color to (0.43137254901960786, 0.11, 0.11, 1)
[19:26:47] INFO    : Creating shader
[19:26:47] INFO    : No texture handle for this shader.
[19:26:47] INFO    : Shader creation passed. Variables: {'shader': 339, 'uniform_handles': {'model': 0, 'view': 3, 'projection': 2, 'color': 1}, 'custom_uniform_handles': {}}
[19:26:47] INFO    : Updating skybox color to (0.43529411764705883, 0.111, 0.111, 1)
[19:26:47] INFO    : Creating shader
[19:26:47] INFO    : No texture handle for this shader.
[19:26:47] INFO    : Shader creation passed. Variables: {'shader': 342, 'uniform_handles': {'model': 0, 'view': 3, 'projection': 2, 'color': 1}, 'custom_uniform_handles': {}}
[19:26:47] INFO    : Updating skybox color to (0.4392156862745098, 0.112, 0.112, 1)
[19:26:47] INFO    : Creating shader
[19:26:47] INFO    : No texture handle for this shader.
[19:26:47] INFO    : Shader creation passed. Variables: {'shader': 345, 'uniform_handles': {'model': 0, 'view': 3, 'projection': 2, 'color': 1}, 'custom_uniform_handles': {}}
[19:26:47] INFO    : Updating skybox color to (0.44313725490196076, 0.113, 0.113, 1)
[19:26:47] INFO    : Creating shader
[19:26:47] INFO    : No texture handle for this shader.
[19:26:47] INFO    : Shader creation passed. Variables: {'shader': 348, 'uniform_handles': {'model': 0, 'view': 3, 'projection': 2, 'color': 1}, 'custom_uniform_handles': {}}
[19:26:47] INFO    : Updating skybox color to (0.4470588235294118, 0.114, 0.114, 1)
[19:26:47] INFO    : Creating shader
[19:26:47] INFO    : No texture handle for this shader.
[19:26:47] INFO    : Shader creation passed. Variables: {'shader': 351, 'uniform_handles': {'model': 0, 'view': 3, 'projection': 2, 'color': 1}, 'custom_uniform_handles': {}}
[19:26:47] INFO    : Updating skybox color to (0.45098039215686275, 0.115, 0.115, 1)
[19:26:47] INFO    : Creating shader
[19:26:47] INFO    : No texture handle for this shader.
[19:26:47] INFO    : Shader creation passed. Variables: {'shader': 354, 'uniform_handles': {'model': 0, 'view': 3, 'projection': 2, 'color': 1}, 'custom_uniform_handles': {}}
[19:26:47] INFO    : Updating skybox color to (0.4549019607843137, 0.116, 0.116, 1)
[19:26:47] INFO    : Creating shader
[19:26:47] INFO    : No texture handle for this shader.
[19:26:47] INFO    : Shader creation passed. Variables: {'shader': 357, 'uniform_handles': {'model': 0, 'view': 3, 'projection': 2, 'color': 1}, 'custom_uniform_handles': {}}
[19:26:47] INFO    : Updating skybox color to (0.4588235294117647, 0.117, 0.117, 1)
[19:26:47] INFO    : Creating shader
[19:26:47] INFO    : No texture handle for this shader.
[19:26:47] INFO    : Shader creation passed. Variables: {'shader': 360, 'uniform_handles': {'model': 0, 'view': 3, 'projection': 2, 'color': 1}, 'custom_uniform_handles': {}}
[19:26:47] INFO    : Updating skybox color to (0.4627450980392157, 0.118, 0.118, 1)
[19:26:47] INFO    : Creating shader
[19:26:47] INFO    : No texture handle for this shader.
[19:26:47] INFO    : Shader creation passed. Variables: {'shader': 363, 'uniform_handles': {'model': 0, 'view': 3, 'projection': 2, 'color': 1}, 'custom_uniform_handles': {}}
[19:26:47] INFO    : Updating skybox color to (0.4666666666666667, 0.119, 0.119, 1)
[19:26:47] INFO    : Creating shader
[19:26:47] INFO    : No texture handle for this shader.
[19:26:47] INFO    : Shader creation passed. Variables: {'shader': 366, 'uniform_handles': {'model': 0, 'view': 3, 'projection': 2, 'color': 1}, 'custom_uniform_handles': {}}
[19:26:47] INFO    : Updating skybox color to (0.47058823529411764, 0.12, 0.12, 1)
[19:26:47] INFO    : Creating shader
[19:26:47] INFO    : No texture handle for this shader.
[19:26:47] INFO    : Shader creation passed. Variables: {'shader': 369, 'uniform_handles': {'model': 0, 'view': 3, 'projection': 2, 'color': 1}, 'custom_uniform_handles': {}}
[19:26:47] INFO    : Updating skybox color to (0.4745098039215686, 0.121, 0.121, 1)
[19:26:47] INFO    : Creating shader
[19:26:47] INFO    : No texture handle for this shader.
[19:26:47] INFO    : Shader creation passed. Variables: {'shader': 372, 'uniform_handles': {'model': 0, 'view': 3, 'projection': 2, 'color': 1}, 'custom_uniform_handles': {}}
[19:26:47] INFO    : Updating skybox color to (0.47843137254901963, 0.122, 0.122, 1)
[19:26:47] INFO    : Creating shader
[19:26:47] INFO    : No texture handle for this shader.
[19:26:47] INFO    : Shader creation passed. Variables: {'shader': 375, 'uniform_handles': {'model': 0, 'view': 3, 'projection': 2, 'color': 1}, 'custom_uniform_handles': {}}
[19:26:47] INFO    : Updating skybox color to (0.4823529411764706, 0.123, 0.123, 1)
[19:26:47] INFO    : Creating shader
[19:26:47] INFO    : No texture handle for this shader.
[19:26:47] INFO    : Shader creation passed. Variables: {'shader': 378, 'uniform_handles': {'model': 0, 'view': 3, 'projection': 2, 'color': 1}, 'custom_uniform_handles': {}}
[19:26:47] INFO    : Updating skybox color to (0.48627450980392156, 0.124, 0.124, 1)
[19:26:48] INFO    : Creating shader
[19:26:48] INFO    : No texture handle for this shader.
[19:26:48] INFO    : Shader creation passed. Variables: {'shader': 381, 'uniform_handles': {'model': 0, 'view': 3, 'projection': 2, 'color': 1}, 'custom_uniform_handles': {}}
[19:26:48] INFO    : Updating skybox color to (0.49019607843137253, 0.125, 0.125, 1)
[19:26:48] INFO    : Creating shader
[19:26:48] INFO    : No texture handle for this shader.
[19:26:48] INFO    : Shader creation passed. Variables: {'shader': 384, 'uniform_handles': {'model': 0, 'view': 3, 'projection': 2, 'color': 1}, 'custom_uniform_handles': {}}
[19:26:48] INFO    : Updating skybox color to (0.49411764705882355, 0.126, 0.126, 1)
[19:26:48] INFO    : Creating shader
[19:26:48] INFO    : No texture handle for this shader.
[19:26:48] INFO    : Shader creation passed. Variables: {'shader': 387, 'uniform_handles': {'model': 0, 'view': 3, 'projection': 2, 'color': 1}, 'custom_uniform_handles': {}}
[19:26:48] INFO    : Updating skybox color to (0.4980392156862745, 0.127, 0.127, 1)
[19:26:48] INFO    : Creating shader
[19:26:48] INFO    : No texture handle for this shader.
[19:26:48] INFO    : Shader creation passed. Variables: {'shader': 390, 'uniform_handles': {'model': 0, 'view': 3, 'projection': 2, 'color': 1}, 'custom_uniform_handles': {}}
[19:26:48] INFO    : Updating skybox color to (0.5019607843137255, 0.128, 0.128, 1)
[19:26:48] INFO    : Creating shader
[19:26:48] INFO    : No texture handle for this shader.
[19:26:48] INFO    : Shader creation passed. Variables: {'shader': 393, 'uniform_handles': {'model': 0, 'view': 3, 'projection': 2, 'color': 1}, 'custom_uniform_handles': {}}
[19:26:48] INFO    : Updating skybox color to (0.5058823529411764, 0.129, 0.129, 1)
[19:26:48] INFO    : Creating shader
[19:26:48] INFO    : No texture handle for this shader.
[19:26:48] INFO    : Shader creation passed. Variables: {'shader': 396, 'uniform_handles': {'model': 0, 'view': 3, 'projection': 2, 'color': 1}, 'custom_uniform_handles': {}}
[19:26:48] INFO    : Updating skybox color to (0.5098039215686274, 0.13, 0.13, 1)
[19:26:48] INFO    : Creating shader
[19:26:48] INFO    : No texture handle for this shader.
[19:26:48] INFO    : Shader creation passed. Variables: {'shader': 399, 'uniform_handles': {'model': 0, 'view': 3, 'projection': 2, 'color': 1}, 'custom_uniform_handles': {}}
[19:26:48] INFO    : Updating skybox color to (0.5137254901960784, 0.131, 0.131, 1)
[19:26:48] INFO    : Creating shader
[19:26:48] INFO    : No texture handle for this shader.
[19:26:48] INFO    : Shader creation passed. Variables: {'shader': 402, 'uniform_handles': {'model': 0, 'view': 3, 'projection': 2, 'color': 1}, 'custom_uniform_handles': {}}
[19:26:48] INFO    : Updating skybox color to (0.5176470588235295, 0.132, 0.132, 1)
[19:26:48] INFO    : Creating shader
[19:26:48] INFO    : No texture handle for this shader.
[19:26:48] INFO    : Shader creation passed. Variables: {'shader': 405, 'uniform_handles': {'model': 0, 'view': 3, 'projection': 2, 'color': 1}, 'custom_uniform_handles': {}}
[19:26:48] INFO    : Updating skybox color to (0.5215686274509804, 0.133, 0.133, 1)
[19:26:48] INFO    : Creating shader
[19:26:48] INFO    : No texture handle for this shader.
[19:26:48] INFO    : Shader creation passed. Variables: {'shader': 408, 'uniform_handles': {'model': 0, 'view': 3, 'projection': 2, 'color': 1}, 'custom_uniform_handles': {}}
[19:26:48] INFO    : Updating skybox color to (0.5254901960784314, 0.134, 0.134, 1)
[19:26:48] INFO    : Creating shader
[19:26:48] INFO    : No texture handle for this shader.
[19:26:48] INFO    : Shader creation passed. Variables: {'shader': 411, 'uniform_handles': {'model': 0, 'view': 3, 'projection': 2, 'color': 1}, 'custom_uniform_handles': {}}
[19:26:48] INFO    : Updating skybox color to (0.5294117647058824, 0.135, 0.135, 1)
[19:26:48] INFO    : Creating shader
[19:26:48] INFO    : No texture handle for this shader.
[19:26:48] INFO    : Shader creation passed. Variables: {'shader': 414, 'uniform_handles': {'model': 0, 'view': 3, 'projection': 2, 'color': 1}, 'custom_uniform_handles': {}}
[19:26:48] INFO    : Updating skybox color to (0.5333333333333333, 0.136, 0.136, 1)
[19:26:48] INFO    : Creating shader
[19:26:48] INFO    : No texture handle for this shader.
[19:26:48] INFO    : Shader creation passed. Variables: {'shader': 417, 'uniform_handles': {'model': 0, 'view': 3, 'projection': 2, 'color': 1}, 'custom_uniform_handles': {}}
[19:26:48] INFO    : Updating skybox color to (0.5372549019607843, 0.137, 0.137, 1)
[19:26:48] INFO    : Creating shader
[19:26:48] INFO    : No texture handle for this shader.
[19:26:48] INFO    : Shader creation passed. Variables: {'shader': 420, 'uniform_handles': {'model': 0, 'view': 3, 'projection': 2, 'color': 1}, 'custom_uniform_handles': {}}
[19:26:48] INFO    : Updating skybox color to (0.5411764705882353, 0.138, 0.138, 1)
[19:26:48] INFO    : Creating shader
[19:26:48] INFO    : No texture handle for this shader.
[19:26:48] INFO    : Shader creation passed. Variables: {'shader': 423, 'uniform_handles': {'model': 0, 'view': 3, 'projection': 2, 'color': 1}, 'custom_uniform_handles': {}}
[19:26:48] INFO    : Updating skybox color to (0.5450980392156862, 0.139, 0.139, 1)
[19:26:48] INFO    : Creating shader
[19:26:48] INFO    : No texture handle for this shader.
[19:26:48] INFO    : Shader creation passed. Variables: {'shader': 426, 'uniform_handles': {'model': 0, 'view': 3, 'projection': 2, 'color': 1}, 'custom_uniform_handles': {}}
[19:26:48] INFO    : Updating skybox color to (0.5490196078431373, 0.14, 0.14, 1)
[19:26:48] INFO    : Creating shader
[19:26:48] INFO    : No texture handle for this shader.
[19:26:48] INFO    : Shader creation passed. Variables: {'shader': 429, 'uniform_handles': {'model': 0, 'view': 3, 'projection': 2, 'color': 1}, 'custom_uniform_handles': {}}
[19:26:48] INFO    : Updating skybox color to (0.5529411764705883, 0.141, 0.141, 1)
[19:26:48] INFO    : Creating shader
[19:26:48] INFO    : No texture handle for this shader.
[19:26:48] INFO    : Shader creation passed. Variables: {'shader': 432, 'uniform_handles': {'model': 0, 'view': 3, 'projection': 2, 'color': 1}, 'custom_uniform_handles': {}}
[19:26:48] INFO    : Updating skybox color to (0.5568627450980392, 0.142, 0.142, 1)
[19:26:48] INFO    : Creating shader
[19:26:48] INFO    : No texture handle for this shader.
[19:26:48] INFO    : Shader creation passed. Variables: {'shader': 435, 'uniform_handles': {'model': 0, 'view': 3, 'projection': 2, 'color': 1}, 'custom_uniform_handles': {}}
[19:26:48] INFO    : Updating skybox color to (0.5607843137254902, 0.143, 0.143, 1)
[19:26:48] INFO    : Creating shader
[19:26:48] INFO    : No texture handle for this shader.
[19:26:48] INFO    : Shader creation passed. Variables: {'shader': 438, 'uniform_handles': {'model': 0, 'view': 3, 'projection': 2, 'color': 1}, 'custom_uniform_handles': {}}
[19:26:48] INFO    : Updating skybox color to (0.5647058823529412, 0.144, 0.144, 1)
[19:26:48] INFO    : Creating shader
[19:26:48] INFO    : No texture handle for this shader.
[19:26:48] INFO    : Shader creation passed. Variables: {'shader': 441, 'uniform_handles': {'model': 0, 'view': 3, 'projection': 2, 'color': 1}, 'custom_uniform_handles': {}}
[19:26:48] INFO    : Updating skybox color to (0.5686274509803921, 0.145, 0.145, 1)
[19:26:48] INFO    : Creating shader
[19:26:48] INFO    : No texture handle for this shader.
[19:26:48] INFO    : Shader creation passed. Variables: {'shader': 444, 'uniform_handles': {'model': 0, 'view': 3, 'projection': 2, 'color': 1}, 'custom_uniform_handles': {}}
[19:26:48] INFO    : Updating skybox color to (0.5725490196078431, 0.146, 0.146, 1)
[19:26:48] INFO    : Creating shader
[19:26:48] INFO    : No texture handle for this shader.
[19:26:48] INFO    : Shader creation passed. Variables: {'shader': 447, 'uniform_handles': {'model': 0, 'view': 3, 'projection': 2, 'color': 1}, 'custom_uniform_handles': {}}
[19:26:48] INFO    : Updating skybox color to (0.5764705882352941, 0.147, 0.147, 1)
[19:26:48] INFO    : Creating shader
[19:26:48] INFO    : No texture handle for this shader.
[19:26:48] INFO    : Shader creation passed. Variables: {'shader': 450, 'uniform_handles': {'model': 0, 'view': 3, 'projection': 2, 'color': 1}, 'custom_uniform_handles': {}}
[19:26:48] INFO    : Updating skybox color to (0.5803921568627451, 0.148, 0.148, 1)
[19:26:48] INFO    : Creating shader
[19:26:49] INFO    : No texture handle for this shader.
[19:26:49] INFO    : Shader creation passed. Variables: {'shader': 453, 'uniform_handles': {'model': 0, 'view': 3, 'projection': 2, 'color': 1}, 'custom_uniform_handles': {}}
[19:26:49] INFO    : Updating skybox color to (0.5843137254901961, 0.149, 0.149, 1)
[19:26:49] INFO    : Creating shader
[19:26:49] INFO    : No texture handle for this shader.
[19:26:49] INFO    : Shader creation passed. Variables: {'shader': 456, 'uniform_handles': {'model': 0, 'view': 3, 'projection': 2, 'color': 1}, 'custom_uniform_handles': {}}
[19:26:49] INFO    : Updating skybox color to (0.5882352941176471, 0.15, 0.15, 1)
[19:26:49] INFO    : Creating shader
[19:26:49] INFO    : No texture handle for this shader.
[19:26:49] INFO    : Shader creation passed. Variables: {'shader': 459, 'uniform_handles': {'model': 0, 'view': 3, 'projection': 2, 'color': 1}, 'custom_uniform_handles': {}}
[19:26:49] INFO    : Updating skybox color to (0.592156862745098, 0.151, 0.151, 1)
[19:26:49] INFO    : Creating shader
[19:26:49] INFO    : No texture handle for this shader.
[19:26:49] INFO    : Shader creation passed. Variables: {'shader': 462, 'uniform_handles': {'model': 0, 'view': 3, 'projection': 2, 'color': 1}, 'custom_uniform_handles': {}}
[19:26:49] INFO    : Updating skybox color to (0.596078431372549, 0.152, 0.152, 1)
[19:26:53] CRUCIAL : Exit main thread
[19:26:53] INFO    : Program terminating
