Logfile created with verbose level LOG_ONLY on 07/06/2025 at 16:01:46. Have fun <3

[16:01:46] INFO    : MessageLogger verbose type updating from LOG_ONLY to INFO
[16:01:46] INFO    : MessageLogger verbose type updated from LOG_ONLY to INFO
[16:01:46] INFO    : Imported settings: {'_comment0': 'DEBUG             | Supported levels: [NONE, LOG_ONLY, ERROR, WARNING, CRUCIAL, INFO]', 'verbose_type': 'INFO', '_comment1': 'SCREEN RESOLUTION | window_resolution irrelevant unless fullscreen is true; fullscreen overwride window_resolution to monitor resolution; windowed false will overwrite fullscreen to true', 'window_resolution': [200, 500], 'fullscreen': True, 'windowed': False, '_comment2': 'SCREEN FPS        | setting max_fps to 0 disables the fps cap; vsync will overwride max_fps to match window fps to monitor fps', 'max_fps': 0, 'vsync': True, '_comment3': 'MOUSE AND CURSOR  | raw_mouse_input will enable raw mouse movement (bypass windows mouse acceleration)', 'raw_mouse_input': True, 'mouse_sensitivity': 1, 'hide_cursor': True, 'center_cursor_on_creation': True, '_comment4': "KEY BINDS         | Avalable keys: https://www.glfw.org/docs/3.3/group__keys.html (Remove the 'GLFW_KEY_' prefix)", 'key_binds': {'jump': 'SPACE', 'forward': 'W', 'back': 'S', 'left': 'A', 'right': 'D'}}
[16:01:46] INFO    : Window variable validation passed. Variables: {'size': [200, 500], 'caption': 'Into Havoc', 'fullscreen': True, 'windowed': False, 'vsync': True, 'max_fps': 0, 'raw_mouse_input': True, 'center_cursor_on_creation': True, 'hide_cursor': True}
[16:01:46] INFO    : Window fullscreen.
[16:01:46] INFO    : Window creation passed. Variables: {'size': Size(width=1920, height=1080), 'caption': 'Into Havoc', 'fullscreen': True, 'windowed': False, 'vsync': True, 'max_fps': 0, 'raw_mouse_input': True, 'center_cursor_on_creation': True, 'hide_cursor': True, 'monitor': <glfw.LP__GLFWmonitor object at 0x000001EA428D44D0>, 'video_mode': GLFWvidmode(size=Size(width=1920, height=1080), bits=Bits(red=8, green=8, blue=8), refresh_rate=75), 'display_size': Size(width=1920, height=1080), 'aspect_ratio': 1.7777777777777777, 'window': <glfw.LP__GLFWwindow object at 0x000001EA428D4550>}
[16:01:46] INFO    : Setting up Graphics Engine
[16:01:46] INFO    : Creating shader
[16:01:46] INFO    : No texture handle for this shader.
[16:01:46] INFO    : Shader creation passed. Variables: {'shader': 3, 'uniform_handles': {'model': 0, 'view': 3, 'projection': 2, 'color': 1}, 'custom_uniform_handles': {}}
[16:01:46] INFO    : Shader creation passed variable validation.
[16:01:46] INFO    : Creating shader
[16:01:46] INFO    : No texture handle for this shader.
[16:01:46] INFO    : Shader creation passed. Variables: {'shader': 6, 'uniform_handles': {'model': 0, 'view': 2, 'projection': 1, 'color': -1}, 'custom_uniform_handles': {}}
[16:01:50] CRUCIAL : (340, 42, 1, 1)
[16:01:50] CRUCIAL : (340, 42, 0, 0)
[16:01:50] CRUCIAL : (344, 54, 1, 1)
[16:01:50] CRUCIAL : (344, 54, 0, 0)
[16:01:51] CRUCIAL : (340, 42, 1, 1)
[16:01:51] CRUCIAL : (65, 30, 1, 1)
[16:01:51] CRUCIAL : (65, 30, 0, 1)
[16:01:51] CRUCIAL : (340, 42, 0, 0)
[16:01:52] CRUCIAL : (344, 54, 1, 1)
[16:01:52] CRUCIAL : (65, 30, 1, 1)
[16:01:52] CRUCIAL : (65, 30, 0, 1)
[16:01:52] CRUCIAL : (344, 54, 0, 0)
[16:01:52] CRUCIAL : (256, 1, 1, 0)
[16:01:52] INFO    : Window close requested.
[16:01:52] CRUCIAL : Exit main thread
[16:01:52] INFO    : Closing window...
[16:01:52] INFO    : Destroying shaders in GraphicsEngine.
[16:01:52] INFO    : Window closed.
[16:01:52] INFO    : Program terminating
