Logfile created with verbose level LOG_ONLY on 23/01/2025 at 17:33:00. Have fun <3

[17:33:00] INFO    : MessageLogger verbose type updating from LOG_ONLY to INFO
[17:33:00] INFO    : MessageLogger verbose type updated from LOG_ONLY to INFO
[17:33:00] INFO    : Imported settings: {'_comment0': 'Supported levels: [NONE, LOG_ONLY, ERROR, WARNING, CRUCIAL, INFO]', 'verbose_type': 'INFO', '_comment1': 'window_resolution irrelevant unless fullscreen is true; fullscreen overwride window_resolution to monitor resolution; windowed false will overwrite fullscreen to true', 'window_resolution': [200, 500], 'fullscreen': True, 'windowed': False, '_comment2': 'setting max_fps to 0 disables the fps cap; vsync will overwride max_fps to match window fps to monitor fps', 'max_fps': 0, 'vsync': True, '_comment3': 'raw_mouse_input will enable raw mouse movement (bypass windows mouse acceleration)', 'raw_mouse_input': True, 'mouse_sensitivity': 1, '_comment4': "Avalable keys: https://www.glfw.org/docs/3.3/group__keys.html (Remove the 'GLFW_KEY_' prefix)", 'key_binds': {'jump': 'SPACE', 'forward': 'W', 'back': 'S', 'left': 'A', 'right': 'D'}}
[17:33:00] INFO    : Window variable validation passed. Variables: {'size': [200, 500], 'caption': 'Into Havoc', 'fullscreen': True, 'windowed': False, 'vsync': True, 'max_fps': 0, 'raw_mouse_input': True, 'center_cursor': True, 'hide_cursor': True}
[17:33:00] INFO    : Window fullscreen.
[17:33:00] INFO    : Window creation passed. Variables: {'size': Size(width=1920, height=1080), 'caption': 'Into Havoc', 'fullscreen': True, 'windowed': False, 'vsync': True, 'max_fps': 0, 'raw_mouse_input': True, 'center_cursor': True, 'hide_cursor': True, 'monitor': <glfw.LP__GLFWmonitor object at 0x000001C2C68C42D0>, 'video_mode': GLFWvidmode(size=Size(width=1920, height=1080), bits=Bits(red=8, green=8, blue=8), refresh_rate=60), 'display_size': Size(width=1920, height=1080), 'aspect_ratio': 1.7777777777777777, 'window': <glfw.LP__GLFWwindow object at 0x000001C2C68C4350>}
[17:33:00] INFO    : Setting up Graphics Engine
[17:33:00] INFO    : Creating shader default
[17:33:00] INFO    : No texture handle for the shader default.
[17:33:00] INFO    : Shader creation passed for default. Variables: {'name': 'default', 'shader': 3, 'uniform_handles': {'model': 0, 'view': 3, 'projection': 2, 'color': 1}, 'custom_uniform_handles': {}}
[17:33:00] INFO    : Shader creation for 'example' passed variable validation with 0 warns.
[17:33:00] CRUCIAL : []
[17:33:00] CRUCIAL : []
[17:33:00] INFO    : Updating skybox color to (0.00392156862745098, 0.01, 0.01, 1)
[17:33:00] CRUCIAL : []
[17:33:00] CRUCIAL : []
[17:33:00] CRUCIAL : []
[17:33:00] CRUCIAL : []
[17:33:00] CRUCIAL : []
[17:33:00] INFO    : Updating skybox color to (0.00784313725490196, 0.02, 0.02, 1)
[17:33:00] CRUCIAL : []
[17:33:01] CRUCIAL : []
[17:33:01] CRUCIAL : []
[17:33:01] CRUCIAL : []
[17:33:01] CRUCIAL : []
[17:33:01] CRUCIAL : []
[17:33:01] CRUCIAL : []
[17:33:01] INFO    : Updating skybox color to (0.011764705882352941, 0.03, 0.03, 1)
[17:33:01] CRUCIAL : []
[17:33:01] CRUCIAL : []
[17:33:01] CRUCIAL : []
[17:33:01] CRUCIAL : []
[17:33:01] CRUCIAL : []
[17:33:01] CRUCIAL : []
[17:33:01] CRUCIAL : []
[17:33:01] CRUCIAL : []
[17:33:01] INFO    : Updating skybox color to (0.01568627450980392, 0.04, 0.04, 1)
[17:33:01] CRUCIAL : []
[17:33:01] CRUCIAL : []
[17:33:01] CRUCIAL : []
[17:33:01] CRUCIAL : []
[17:33:01] CRUCIAL : []
[17:33:01] CRUCIAL : []
[17:33:01] CRUCIAL : []
[17:33:01] INFO    : Updating skybox color to (0.0196078431372549, 0.05, 0.05, 1)
[17:33:01] CRUCIAL : []
[17:33:01] CRUCIAL : []
[17:33:01] CRUCIAL : []
[17:33:01] CRUCIAL : []
[17:33:01] CRUCIAL : []
[17:33:01] CRUCIAL : []
[17:33:01] CRUCIAL : []
[17:33:01] CRUCIAL : []
[17:33:01] INFO    : Updating skybox color to (0.023529411764705882, 0.06, 0.06, 1)
[17:33:01] CRUCIAL : []
[17:33:01] CRUCIAL : []
[17:33:01] CRUCIAL : []
[17:33:01] CRUCIAL : []
[17:33:01] CRUCIAL : []
[17:33:01] CRUCIAL : []
[17:33:01] CRUCIAL : []
[17:33:01] CRUCIAL : []
[17:33:01] INFO    : Updating skybox color to (0.027450980392156862, 0.07, 0.07, 1)
[17:33:01] CRUCIAL : []
[17:33:01] CRUCIAL : []
[17:33:01] CRUCIAL : []
[17:33:01] CRUCIAL : []
[17:33:01] CRUCIAL : []
[17:33:01] CRUCIAL : []
[17:33:01] CRUCIAL : []
[17:33:01] INFO    : Updating skybox color to (0.03137254901960784, 0.08, 0.08, 1)
[17:33:01] CRUCIAL : []
[17:33:01] CRUCIAL : []
[17:33:01] CRUCIAL : []
[17:33:01] CRUCIAL : []
[17:33:01] CRUCIAL : []
[17:33:01] CRUCIAL : []
[17:33:01] CRUCIAL : []
[17:33:01] CRUCIAL : []
[17:33:01] INFO    : Updating skybox color to (0.03529411764705882, 0.09, 0.09, 1)
[17:33:01] CRUCIAL : []
[17:33:01] CRUCIAL : []
[17:33:01] CRUCIAL : []
[17:33:01] CRUCIAL : []
[17:33:01] CRUCIAL : []
[17:33:01] CRUCIAL : []
[17:33:01] CRUCIAL : []
[17:33:01] INFO    : Updating skybox color to (0.0392156862745098, 0.1, 0.1, 1)
[17:33:01] CRUCIAL : []
[17:33:01] CRUCIAL : []
[17:33:01] CRUCIAL : []
[17:33:01] CRUCIAL : []
[17:33:01] CRUCIAL : []
[17:33:01] CRUCIAL : []
[17:33:01] CRUCIAL : []
[17:33:01] CRUCIAL : []
[17:33:01] INFO    : Updating skybox color to (0.043137254901960784, 0.11, 0.11, 1)
[17:33:01] CRUCIAL : []
[17:33:01] CRUCIAL : []
[17:33:01] CRUCIAL : []
[17:33:01] CRUCIAL : []
[17:33:01] CRUCIAL : []
[17:33:01] CRUCIAL : []
[17:33:01] CRUCIAL : []
[17:33:01] INFO    : Updating skybox color to (0.047058823529411764, 0.12, 0.12, 1)
[17:33:01] CRUCIAL : []
[17:33:02] CRUCIAL : []
[17:33:02] CRUCIAL : []
[17:33:02] CRUCIAL : []
[17:33:02] CRUCIAL : []
[17:33:02] CRUCIAL : []
[17:33:02] CRUCIAL : []
[17:33:02] CRUCIAL : []
[17:33:02] INFO    : Updating skybox color to (0.050980392156862744, 0.13, 0.13, 1)
[17:33:02] CRUCIAL : []
[17:33:02] CRUCIAL : []
[17:33:02] CRUCIAL : []
[17:33:02] CRUCIAL : []
[17:33:02] CRUCIAL : []
[17:33:02] CRUCIAL : []
[17:33:02] CRUCIAL : []
[17:33:02] INFO    : Updating skybox color to (0.054901960784313725, 0.14, 0.14, 1)
[17:33:02] CRUCIAL : []
[17:33:02] CRUCIAL : []
[17:33:02] CRUCIAL : []
[17:33:02] CRUCIAL : []
[17:33:02] CRUCIAL : []
[17:33:02] CRUCIAL : []
[17:33:02] CRUCIAL : []
[17:33:02] CRUCIAL : []
[17:33:02] INFO    : Updating skybox color to (0.058823529411764705, 0.15, 0.15, 1)
[17:33:02] CRUCIAL : []
[17:33:02] CRUCIAL : []
[17:33:02] CRUCIAL : []
[17:33:02] CRUCIAL : []
[17:33:02] CRUCIAL : []
[17:33:02] CRUCIAL : []
[17:33:02] CRUCIAL : []
[17:33:02] CRUCIAL : []
[17:33:02] INFO    : Updating skybox color to (0.06274509803921569, 0.16, 0.16, 1)
[17:33:02] CRUCIAL : []
[17:33:02] CRUCIAL : []
[17:33:02] CRUCIAL : []
[17:33:02] CRUCIAL : []
[17:33:02] CRUCIAL : []
[17:33:02] CRUCIAL : []
[17:33:02] CRUCIAL : []
[17:33:02] INFO    : Updating skybox color to (0.06666666666666667, 0.17, 0.17, 1)
[17:33:02] CRUCIAL : []
[17:33:02] CRUCIAL : []
[17:33:02] CRUCIAL : []
[17:33:02] CRUCIAL : []
[17:33:02] CRUCIAL : []
[17:33:02] CRUCIAL : []
[17:33:02] CRUCIAL : []
[17:33:02] CRUCIAL : []
[17:33:02] INFO    : Updating skybox color to (0.07058823529411765, 0.18, 0.18, 1)
[17:33:02] CRUCIAL : []
[17:33:02] CRUCIAL : []
[17:33:02] CRUCIAL : []
[17:33:02] CRUCIAL : []
[17:33:02] CRUCIAL : []
[17:33:02] CRUCIAL : []
[17:33:02] CRUCIAL : []
[17:33:02] INFO    : Updating skybox color to (0.07450980392156863, 0.19, 0.19, 1)
[17:33:02] CRUCIAL : []
[17:33:02] CRUCIAL : []
[17:33:02] CRUCIAL : []
[17:33:02] CRUCIAL : []
[17:33:02] CRUCIAL : []
[17:33:02] CRUCIAL : []
[17:33:02] CRUCIAL : []
[17:33:02] CRUCIAL : []
[17:33:02] INFO    : Updating skybox color to (0.0784313725490196, 0.2, 0.2, 1)
[17:33:02] CRUCIAL : []
[17:33:02] CRUCIAL : []
[17:33:02] CRUCIAL : []
[17:33:02] CRUCIAL : []
[17:33:02] CRUCIAL : []
[17:33:02] CRUCIAL : []
[17:33:02] CRUCIAL : []
[17:33:02] INFO    : Updating skybox color to (0.08235294117647059, 0.21, 0.21, 1)
[17:33:02] CRUCIAL : []
[17:33:02] CRUCIAL : []
[17:33:02] CRUCIAL : []
[17:33:02] CRUCIAL : []
[17:33:02] CRUCIAL : []
[17:33:02] CRUCIAL : []
[17:33:02] CRUCIAL : []
[17:33:02] CRUCIAL : []
[17:33:03] INFO    : Updating skybox color to (0.08627450980392157, 0.22, 0.22, 1)
[17:33:03] CRUCIAL : []
[17:33:03] CRUCIAL : []
[17:33:03] CRUCIAL : []
[17:33:03] CRUCIAL : []
[17:33:03] CRUCIAL : []
[17:33:03] CRUCIAL : []
[17:33:03] CRUCIAL : []
[17:33:03] CRUCIAL : []
[17:33:03] INFO    : Updating skybox color to (0.09019607843137255, 0.23, 0.23, 1)
[17:33:03] CRUCIAL : []
[17:33:03] CRUCIAL : []
[17:33:03] CRUCIAL : []
[17:33:03] CRUCIAL : []
[17:33:03] CRUCIAL : []
[17:33:03] CRUCIAL : []
[17:33:03] CRUCIAL : []
[17:33:03] INFO    : Updating skybox color to (0.09411764705882353, 0.24, 0.24, 1)
[17:33:03] CRUCIAL : []
[17:33:03] CRUCIAL : []
[17:33:03] CRUCIAL : []
[17:33:03] CRUCIAL : []
[17:33:03] CRUCIAL : []
[17:33:03] CRUCIAL : []
[17:33:03] CRUCIAL : []
[17:33:03] CRUCIAL : []
[17:33:03] INFO    : Updating skybox color to (0.09803921568627451, 0.25, 0.25, 1)
[17:33:03] CRUCIAL : []
[17:33:03] CRUCIAL : []
[17:33:03] CRUCIAL : []
[17:33:03] CRUCIAL : []
[17:33:03] CRUCIAL : []
[17:33:03] CRUCIAL : []
[17:33:03] CRUCIAL : []
[17:33:03] INFO    : Updating skybox color to (0.10196078431372549, 0.26, 0.26, 1)
[17:33:03] CRUCIAL : []
[17:33:03] CRUCIAL : []
[17:33:03] CRUCIAL : []
[17:33:03] CRUCIAL : []
[17:33:03] CRUCIAL : []
[17:33:03] CRUCIAL : []
[17:33:03] CRUCIAL : []
[17:33:03] CRUCIAL : []
[17:33:03] INFO    : Updating skybox color to (0.10588235294117647, 0.27, 0.27, 1)
[17:33:03] CRUCIAL : []
[17:33:03] CRUCIAL : []
[17:33:03] CRUCIAL : []
[17:33:03] CRUCIAL : []
[17:33:03] CRUCIAL : []
[17:33:03] CRUCIAL : []
[17:33:03] CRUCIAL : []
[17:33:03] INFO    : Updating skybox color to (0.10980392156862745, 0.28, 0.28, 1)
[17:33:03] CRUCIAL : []
[17:33:03] CRUCIAL : []
[17:33:03] CRUCIAL : []
[17:33:03] CRUCIAL : []
[17:33:03] CRUCIAL : []
[17:33:03] CRUCIAL : []
[17:33:03] CRUCIAL : []
[17:33:03] CRUCIAL : []
[17:33:03] INFO    : Updating skybox color to (0.11372549019607843, 0.29, 0.29, 1)
[17:33:03] CRUCIAL : []
[17:33:03] CRUCIAL : []
[17:33:03] CRUCIAL : []
[17:33:03] CRUCIAL : []
[17:33:03] CRUCIAL : []
[17:33:03] CRUCIAL : []
[17:33:03] CRUCIAL : []
[17:33:03] CRUCIAL : []
[17:33:03] INFO    : Updating skybox color to (0.11764705882352941, 0.3, 0.3, 1)
[17:33:03] CRUCIAL : []
[17:33:03] CRUCIAL : []
[17:33:03] CRUCIAL : []
[17:33:03] CRUCIAL : []
[17:33:03] CRUCIAL : []
[17:33:03] CRUCIAL : []
[17:33:03] CRUCIAL : []
[17:33:03] INFO    : Updating skybox color to (0.12156862745098039, 0.31, 0.31, 1)
[17:33:03] CRUCIAL : []
[17:33:03] CRUCIAL : []
[17:33:03] CRUCIAL : []
[17:33:03] CRUCIAL : []
[17:33:03] CRUCIAL : []
[17:33:03] CRUCIAL : []
[17:33:04] CRUCIAL : []
[17:33:04] CRUCIAL : []
[17:33:04] INFO    : Updating skybox color to (0.12549019607843137, 0.32, 0.32, 1)
[17:33:04] CRUCIAL : []
[17:33:04] CRUCIAL : []
[17:33:04] CRUCIAL : []
[17:33:04] CRUCIAL : []
[17:33:04] CRUCIAL : []
[17:33:04] CRUCIAL : []
[17:33:04] CRUCIAL : []
[17:33:04] INFO    : Updating skybox color to (0.12941176470588237, 0.33, 0.33, 1)
[17:33:04] CRUCIAL : []
[17:33:04] CRUCIAL : []
[17:33:04] CRUCIAL : []
[17:33:04] CRUCIAL : []
[17:33:04] CRUCIAL : []
[17:33:04] CRUCIAL : []
[17:33:04] CRUCIAL : []
[17:33:04] CRUCIAL : []
[17:33:04] INFO    : Updating skybox color to (0.13333333333333333, 0.34, 0.34, 1)
[17:33:04] CRUCIAL : []
[17:33:04] CRUCIAL : []
[17:33:04] CRUCIAL : []
[17:33:04] CRUCIAL : []
[17:33:04] CRUCIAL : []
[17:33:04] CRUCIAL : []
[17:33:04] CRUCIAL : []
[17:33:04] INFO    : Updating skybox color to (0.13725490196078433, 0.35, 0.35, 1)
[17:33:04] CRUCIAL : []
[17:33:04] CRUCIAL : []
[17:33:04] CRUCIAL : []
[17:33:04] CRUCIAL : []
[17:33:04] CRUCIAL : []
[17:33:04] CRUCIAL : []
[17:33:04] CRUCIAL : []
[17:33:04] CRUCIAL : []
[17:33:04] INFO    : Updating skybox color to (0.1411764705882353, 0.36, 0.36, 1)
[17:33:04] CRUCIAL : []
[17:33:04] CRUCIAL : []
[17:33:04] CRUCIAL : []
[17:33:04] CRUCIAL : []
[17:33:04] CRUCIAL : []
[17:33:04] CRUCIAL : []
[17:33:04] CRUCIAL : []
[17:33:04] CRUCIAL : []
[17:33:04] INFO    : Updating skybox color to (0.1450980392156863, 0.37, 0.37, 1)
[17:33:04] CRUCIAL : []
[17:33:04] CRUCIAL : []
[17:33:04] CRUCIAL : []
[17:33:04] CRUCIAL : []
[17:33:04] CRUCIAL : []
[17:33:04] CRUCIAL : []
[17:33:04] CRUCIAL : []
[17:33:04] INFO    : Updating skybox color to (0.14901960784313725, 0.38, 0.38, 1)
[17:33:04] CRUCIAL : []
[17:33:04] CRUCIAL : []
[17:33:04] CRUCIAL : []
[17:33:04] CRUCIAL : []
[17:33:04] CRUCIAL : []
[17:33:04] CRUCIAL : []
[17:33:04] CRUCIAL : []
[17:33:04] CRUCIAL : []
[17:33:04] INFO    : Updating skybox color to (0.15294117647058825, 0.39, 0.39, 1)
[17:33:04] CRUCIAL : []
[17:33:04] CRUCIAL : []
[17:33:04] CRUCIAL : []
[17:33:04] CRUCIAL : []
[17:33:04] CRUCIAL : []
[17:33:04] CRUCIAL : []
[17:33:04] CRUCIAL : []
[17:33:04] INFO    : Updating skybox color to (0.1568627450980392, 0.4, 0.4, 1)
[17:33:04] CRUCIAL : []
[17:33:04] CRUCIAL : []
[17:33:04] CRUCIAL : []
[17:33:04] CRUCIAL : []
[17:33:04] CRUCIAL : []
[17:33:04] CRUCIAL : []
[17:33:04] CRUCIAL : []
[17:33:04] CRUCIAL : []
[17:33:04] INFO    : Updating skybox color to (0.1607843137254902, 0.41, 0.41, 1)
[17:33:04] CRUCIAL : []
[17:33:04] CRUCIAL : []
[17:33:04] CRUCIAL : []
[17:33:04] CRUCIAL : []
[17:33:04] CRUCIAL : []
[17:33:05] CRUCIAL : []
[17:33:05] CRUCIAL : []
[17:33:05] INFO    : Updating skybox color to (0.16470588235294117, 0.42, 0.42, 1)
[17:33:05] CRUCIAL : []
[17:33:05] CRUCIAL : []
[17:33:05] CRUCIAL : []
[17:33:05] CRUCIAL : []
[17:33:05] CRUCIAL : []
[17:33:05] CRUCIAL : []
[17:33:05] CRUCIAL : []
[17:33:05] CRUCIAL : []
[17:33:05] INFO    : Updating skybox color to (0.16862745098039217, 0.43, 0.43, 1)
[17:33:05] CRUCIAL : []
[17:33:05] CRUCIAL : []
[17:33:05] CRUCIAL : []
[17:33:05] CRUCIAL : []
[17:33:05] CRUCIAL : []
[17:33:05] CRUCIAL : []
[17:33:05] CRUCIAL : []
[17:33:05] INFO    : Updating skybox color to (0.17254901960784313, 0.44, 0.44, 1)
[17:33:05] CRUCIAL : []
[17:33:05] CRUCIAL : []
[17:33:05] CRUCIAL : []
[17:33:05] CRUCIAL : []
[17:33:05] CRUCIAL : []
[17:33:05] CRUCIAL : []
[17:33:10] INFO    : Program terminating
