Logfile created with verbose level LOG_ONLY on 23/01/2025 at 18:44:39. Have fun <3

[18:44:39] INFO    : MessageLogger verbose type updating from LOG_ONLY to INFO
[18:44:39] INFO    : MessageLogger verbose type updated from LOG_ONLY to INFO
[18:44:39] INFO    : Imported settings: {'_comment0': 'Supported levels: [NONE, LOG_ONLY, ERROR, WARNING, CRUCIAL, INFO]', 'verbose_type': 'INFO', '_comment1': 'window_resolution irrelevant unless fullscreen is true; fullscreen overwride window_resolution to monitor resolution; windowed false will overwrite fullscreen to true', 'window_resolution': [200, 500], 'fullscreen': True, 'windowed': False, '_comment2': 'setting max_fps to 0 disables the fps cap; vsync will overwride max_fps to match window fps to monitor fps', 'max_fps': 0, 'vsync': True, '_comment3': 'raw_mouse_input will enable raw mouse movement (bypass windows mouse acceleration)', 'raw_mouse_input': True, 'mouse_sensitivity': 1, '_comment4': "Avalable keys: https://www.glfw.org/docs/3.3/group__keys.html (Remove the 'GLFW_KEY_' prefix)", 'key_binds': {'jump': 'SPACE', 'forward': 'W', 'back': 'S', 'left': 'A', 'right': 'D'}}
[18:44:39] INFO    : Window variable validation passed. Variables: {'size': [200, 500], 'caption': 'Into Havoc', 'fullscreen': True, 'windowed': False, 'vsync': True, 'max_fps': 0, 'raw_mouse_input': True, 'center_cursor': True, 'hide_cursor': True}
[18:44:39] INFO    : Window fullscreen.
[18:44:39] INFO    : Window creation passed. Variables: {'size': Size(width=1920, height=1080), 'caption': 'Into Havoc', 'fullscreen': True, 'windowed': False, 'vsync': True, 'max_fps': 0, 'raw_mouse_input': True, 'center_cursor': True, 'hide_cursor': True, 'monitor': <glfw.LP__GLFWmonitor object at 0x000002791F374350>, 'video_mode': GLFWvidmode(size=Size(width=1920, height=1080), bits=Bits(red=8, green=8, blue=8), refresh_rate=60), 'display_size': Size(width=1920, height=1080), 'aspect_ratio': 1.7777777777777777, 'window': <glfw.LP__GLFWwindow object at 0x000002791F3743D0>}
[18:44:39] INFO    : Setting up Graphics Engine
[18:44:39] INFO    : Creating shader
[18:44:39] INFO    : No texture handle for this shader.
[18:44:39] INFO    : Shader creation passed. Variables: {'shader': 3, 'uniform_handles': {'model': 0, 'view': 3, 'projection': 2, 'color': 1}, 'custom_uniform_handles': {}}
[18:44:39] INFO    : Shader creation passed variable validation.
[18:44:39] CRUCIAL : []
[18:44:40] CRUCIAL : [(<bound method GraphicsEngine._use_shader of <LakeGraphicsFramework.GraphicsEngine object at 0x000002791F37CA50>>, (2,))]
[18:44:40] ERROR   : Fatal termination error:

Traceback (most recent call last):
  File "c:\Users\laket\OneDrive\Documents\Code\GitHub\PyCode\LakeGraphicsFramework\example.py", line 31, in catch_main
    setup()
  File "c:\Users\laket\OneDrive\Documents\Code\GitHub\PyCode\LakeGraphicsFramework\example.py", line 48, in setup
    window.main()
  File "c:\Users\laket\OneDrive\Documents\Code\GitHub\PyCode\LakeGraphicsFramework\LakeGraphicsFramework.py", line 138, in main
    self.graphics_engine._render()
  File "c:\Users\laket\OneDrive\Documents\Code\GitHub\PyCode\LakeGraphicsFramework\LakeGraphicsFramework.py", line 796, in _render
    active_draw_instructions = copy.deepcopy(self.active_draw_instructions)
                               ^^^^^^^^^^^^^^^^^^^^^^^^^^^^^^^^^^^^^^^^^^^^
  File "C:\Users\laket\AppData\Local\Programs\Python\Python311\Lib\copy.py", line 146, in deepcopy
    y = copier(x, memo)
        ^^^^^^^^^^^^^^^
  File "C:\Users\laket\AppData\Local\Programs\Python\Python311\Lib\copy.py", line 206, in _deepcopy_list
    append(deepcopy(a, memo))
           ^^^^^^^^^^^^^^^^^
  File "C:\Users\laket\AppData\Local\Programs\Python\Python311\Lib\copy.py", line 146, in deepcopy
    y = copier(x, memo)
        ^^^^^^^^^^^^^^^
  File "C:\Users\laket\AppData\Local\Programs\Python\Python311\Lib\copy.py", line 211, in _deepcopy_tuple
    y = [deepcopy(a, memo) for a in x]
        ^^^^^^^^^^^^^^^^^^^^^^^^^^^^^^
  File "C:\Users\laket\AppData\Local\Programs\Python\Python311\Lib\copy.py", line 211, in <listcomp>
    y = [deepcopy(a, memo) for a in x]
         ^^^^^^^^^^^^^^^^^
  File "C:\Users\laket\AppData\Local\Programs\Python\Python311\Lib\copy.py", line 146, in deepcopy
    y = copier(x, memo)
        ^^^^^^^^^^^^^^^
  File "C:\Users\laket\AppData\Local\Programs\Python\Python311\Lib\copy.py", line 238, in _deepcopy_method
    return type(x)(x.__func__, deepcopy(x.__self__, memo))
                               ^^^^^^^^^^^^^^^^^^^^^^^^^^
  File "C:\Users\laket\AppData\Local\Programs\Python\Python311\Lib\copy.py", line 172, in deepcopy
    y = _reconstruct(x, memo, *rv)
        ^^^^^^^^^^^^^^^^^^^^^^^^^^
  File "C:\Users\laket\AppData\Local\Programs\Python\Python311\Lib\copy.py", line 271, in _reconstruct
    state = deepcopy(state, memo)
            ^^^^^^^^^^^^^^^^^^^^^
  File "C:\Users\laket\AppData\Local\Programs\Python\Python311\Lib\copy.py", line 146, in deepcopy
    y = copier(x, memo)
        ^^^^^^^^^^^^^^^
  File "C:\Users\laket\AppData\Local\Programs\Python\Python311\Lib\copy.py", line 231, in _deepcopy_dict
    y[deepcopy(key, memo)] = deepcopy(value, memo)
                             ^^^^^^^^^^^^^^^^^^^^^
  File "C:\Users\laket\AppData\Local\Programs\Python\Python311\Lib\copy.py", line 161, in deepcopy
    rv = reductor(4)
         ^^^^^^^^^^^
TypeError: cannot pickle '_thread.lock' object

