Logfile created with verbose level LOG_ONLY on 07/06/2025 at 18:43:03. Have fun <3

[18:43:03] INFO    : MessageLogger verbose type updating from LOG_ONLY to INFO
[18:43:03] INFO    : MessageLogger verbose type updated from LOG_ONLY to INFO
[18:43:03] INFO    : Imported settings: {'_comment0': 'DEBUG             | Supported levels: [NONE, LOG_ONLY, ERROR, WARNING, CRUCIAL, INFO]', 'verbose_type': 'INFO', '_comment1': 'SCREEN RESOLUTION | window_resolution irrelevant unless fullscreen is true; fullscreen overwride window_resolution to monitor resolution; windowed false will overwrite fullscreen to true', 'window_resolution': [200, 500], 'fullscreen': True, 'windowed': False, '_comment2': 'SCREEN FPS        | setting max_fps to 0 disables the fps cap; vsync will overwride max_fps to match window fps to monitor fps', 'max_fps': 0, 'vsync': True, '_comment3': 'MOUSE AND CURSOR  | raw_mouse_input will enable raw mouse movement (bypass windows mouse acceleration)', 'raw_mouse_input': True, 'mouse_sensitivity': 1, 'hide_cursor': True, 'center_cursor_on_creation': True, '_comment4': "KEY BINDS         | Avalable keys: https://www.glfw.org/docs/3.3/group__keys.html (Remove the 'GLFW_KEY_' prefix)", 'key_binds': {'jump': 'SPACE', 'forward': 'W', 'back': 'S', 'left': 'A', 'right': 'D'}}
[18:43:03] INFO    : Window variable validation passed. Variables: {'size': [200, 500], 'caption': 'Into Havoc', 'fullscreen': True, 'windowed': False, 'vsync': True, 'max_fps': 0, 'raw_mouse_input': True, 'center_cursor_on_creation': True, 'hide_cursor': True}
[18:43:03] INFO    : Window fullscreen.
[18:43:04] INFO    : Window creation passed. Variables: {'size': Size(width=1920, height=1080), 'caption': 'Into Havoc', 'fullscreen': True, 'windowed': False, 'vsync': True, 'max_fps': 0, 'raw_mouse_input': True, 'center_cursor_on_creation': True, 'hide_cursor': True, 'monitor': <glfw.LP__GLFWmonitor object at 0x000001A52176F5D0>, 'video_mode': GLFWvidmode(size=Size(width=1920, height=1080), bits=Bits(red=8, green=8, blue=8), refresh_rate=75), 'display_size': Size(width=1920, height=1080), 'aspect_ratio': 1.7777777777777777, 'window': <glfw.LP__GLFWwindow object at 0x000001A53AA54750>}
[18:43:04] INFO    : Setting up Graphics Engine
[18:43:04] INFO    : Creating shader
[18:43:04] INFO    : No texture handle for this shader.
[18:43:04] INFO    : Shader creation passed. Variables: {'shader': 3, 'uniform_handles': {'model': 0, 'view': 3, 'projection': 2, 'color': 1}, 'custom_uniform_handles': {}}
[18:43:04] INFO    : Shader creation passed variable validation.
[18:43:04] CRUCIAL : {}
[18:43:04] INFO    : Creating shader
[18:43:04] INFO    : No texture handle for this shader.
[18:43:04] INFO    : Shader creation passed. Variables: {'shader': 6, 'uniform_handles': {'model': 0, 'view': 2, 'projection': 1, 'color': -1}, 'custom_uniform_handles': {}}
[18:43:05] CRUCIAL : {}
[18:43:06] INFO    : ('LEFT_SHIFT', 'KEYDOWN', 1)
[18:43:06] INFO    : ('H', 'KEYDOWN', 1)
[18:43:06] INFO    : ('H', 'KEYUP', 1)
[18:43:06] INFO    : ('LEFT_SHIFT', 'KEYUP', 0)
[18:43:06] INFO    : ('E', 'KEYDOWN', 0)
[18:43:06] INFO    : ('E', 'KEYUP', 0)
[18:43:06] INFO    : ('L', 'KEYDOWN', 0)
[18:43:06] INFO    : ('L', 'KEYUP', 0)
[18:43:06] INFO    : ('L', 'KEYDOWN', 0)
[18:43:06] INFO    : ('L', 'KEYUP', 0)
[18:43:06] CRUCIAL : {'LEFT_SHIFT': {'num_lock': False, 'caps_lock': False, 'super_key': False, 'alt': False, 'control': False, 'shift': True, 'pressed': True, 'released': True}, 'H': {'num_lock': False, 'caps_lock': False, 'super_key': False, 'alt': False, 'control': False, 'shift': True, 'pressed': True, 'released': True}, 'E': {'num_lock': False, 'caps_lock': False, 'super_key': False, 'alt': False, 'control': False, 'shift': False, 'pressed': True, 'released': True}, 'L': {'num_lock': False, 'caps_lock': False, 'super_key': False, 'alt': False, 'control': False, 'shift': False, 'pressed': True, 'released': True}}
[18:43:07] INFO    : ('O', 'KEYDOWN', 0)
[18:43:07] INFO    : ('O', 'KEYUP', 0)
[18:43:07] INFO    : ('ESCAPE', 'KEYDOWN', 0)
[18:43:07] CRUCIAL : {'O': {'num_lock': False, 'caps_lock': False, 'super_key': False, 'alt': False, 'control': False, 'shift': False, 'pressed': True, 'released': True}, 'ESCAPE': {'num_lock': False, 'caps_lock': False, 'super_key': False, 'alt': False, 'control': False, 'shift': False, 'pressed': True, 'released': False}}
[18:43:07] INFO    : Window close requested.
[18:43:07] CRUCIAL : Exit main thread
[18:43:07] INFO    : Closing window...
[18:43:07] INFO    : Destroying shaders in GraphicsEngine.
[18:43:07] INFO    : Window closed.
[18:43:07] INFO    : Program terminating
