Logfile created with verbose level LOG_ONLY on 23/01/2025 at 17:05:20. Have fun <3

[17:05:20] INFO    : MessageLogger verbose type updating from LOG_ONLY to INFO
[17:05:20] INFO    : MessageLogger verbose type updated from LOG_ONLY to INFO
[17:05:20] INFO    : Imported settings: {'_comment0': 'Supported levels: [NONE, LOG_ONLY, ERROR, WARNING, CRUCIAL, INFO]', 'verbose_type': 'INFO', '_comment1': 'window_resolution irrelevant unless fullscreen is true; fullscreen overwride window_resolution to monitor resolution; windowed false will overwrite fullscreen to true', 'window_resolution': [200, 500], 'fullscreen': True, 'windowed': False, '_comment2': 'setting max_fps to 0 disables the fps cap; vsync will overwride max_fps to match window fps to monitor fps', 'max_fps': 0, 'vsync': True, '_comment3': 'raw_mouse_input will enable raw mouse movement (bypass windows mouse acceleration)', 'raw_mouse_input': True, 'mouse_sensitivity': 1, '_comment4': "Avalable keys: https://www.glfw.org/docs/3.3/group__keys.html (Remove the 'GLFW_KEY_' prefix)", 'key_binds': {'jump': 'SPACE', 'forward': 'W', 'back': 'S', 'left': 'A', 'right': 'D'}}
[17:05:20] INFO    : Window variable validation passed. Variables: {'size': [200, 500], 'caption': 'Into Havoc', 'fullscreen': True, 'windowed': False, 'vsync': True, 'max_fps': 0, 'raw_mouse_input': True, 'center_cursor': True, 'hide_cursor': True}
[17:05:20] INFO    : Window fullscreen.
[17:05:20] INFO    : Window creation passed. Variables: {'size': Size(width=1920, height=1080), 'caption': 'Into Havoc', 'fullscreen': True, 'windowed': False, 'vsync': True, 'max_fps': 0, 'raw_mouse_input': True, 'center_cursor': True, 'hide_cursor': True, 'monitor': <glfw.LP__GLFWmonitor object at 0x000001D9CFF34350>, 'video_mode': GLFWvidmode(size=Size(width=1920, height=1080), bits=Bits(red=8, green=8, blue=8), refresh_rate=60), 'display_size': Size(width=1920, height=1080), 'aspect_ratio': 1.7777777777777777, 'window': <glfw.LP__GLFWwindow object at 0x000001D9CFF343D0>}
[17:05:20] INFO    : Setting up Graphics Engine
[17:05:20] INFO    : Creating shader default
[17:05:20] INFO    : No texture handle for the shader default.
[17:05:20] INFO    : Shader creation passed for default. Variables: {'name': 'default', 'shader': 3, 'uniform_handles': {'model': 0, 'view': 3, 'projection': 2, 'color': 1}, 'custom_uniform_handles': {}}
[17:05:20] WARNING : Create shader called for 'default', but the shader 'default' already exists. The old shader will be overridden.
[17:05:20] INFO    : Shader creation for 'default' passed variable validation with 1 warn.
[17:05:20] INFO    : Creating shader default
[17:05:20] ERROR   : Fatal termination error:

Traceback (most recent call last):
  File "c:\Users\laket\OneDrive\Documents\Code\GitHub\PyCode\LakeGraphicsFramework\example.py", line 31, in catch_main
    setup()
  File "c:\Users\laket\OneDrive\Documents\Code\GitHub\PyCode\LakeGraphicsFramework\example.py", line 48, in setup
    window.main()
  File "c:\Users\laket\OneDrive\Documents\Code\GitHub\PyCode\LakeGraphicsFramework\LakeGraphicsFramework.py", line 137, in main
    self.graphics_engine._render()
  File "c:\Users\laket\OneDrive\Documents\Code\GitHub\PyCode\LakeGraphicsFramework\LakeGraphicsFramework.py", line 767, in _render
    self._create_shaders(new_shader_creations)
  File "c:\Users\laket\OneDrive\Documents\Code\GitHub\PyCode\LakeGraphicsFramework\LakeGraphicsFramework.py", line 650, in _create_shaders
    self.shaders[name] = Shader(name, vertex_path, fragment_path, fovy, aspect, near, far, compile_time_config)
                         ^^^^^^^^^^^^^^^^^^^^^^^^^^^^^^^^^^^^^^^^^^^^^^^^^^^^^^^^^^^^^^^^^^^^^^^^^^^^^^^^^^^^^^
  File "c:\Users\laket\OneDrive\Documents\Code\GitHub\PyCode\LakeGraphicsFramework\LakeGraphicsFramework.py", line 310, in __init__
    self.uniform_handles = self._get_uniform_handles(self.shader, model_name, view_name, projection_name, texture_name, color_name)
                           ^^^^^^^^^^^^^^^^^^^^^^^^^^^^^^^^^^^^^^^^^^^^^^^^^^^^^^^^^^^^^^^^^^^^^^^^^^^^^^^^^^^^^^^^^^^^^^^^^^^^^^^^
  File "c:\Users\laket\OneDrive\Documents\Code\GitHub\PyCode\LakeGraphicsFramework\LakeGraphicsFramework.py", line 394, in _get_uniform_handles
    uniform_handles = {uniform_handle_name: gl.glGetUniformLocation(shader, uniform_name) for uniform_handle_name, uniform_name in uniforms.items()}
                      ^^^^^^^^^^^^^^^^^^^^^^^^^^^^^^^^^^^^^^^^^^^^^^^^^^^^^^^^^^^^^^^^^^^^^^^^^^^^^^^^^^^^^^^^^^^^^^^^^^^^^^^^^^^^^^^^^^^^^^^^^^^^^^
  File "c:\Users\laket\OneDrive\Documents\Code\GitHub\PyCode\LakeGraphicsFramework\LakeGraphicsFramework.py", line 394, in <dictcomp>
    uniform_handles = {uniform_handle_name: gl.glGetUniformLocation(shader, uniform_name) for uniform_handle_name, uniform_name in uniforms.items()}
                                            ^^^^^^^^^^^^^^^^^^^^^^^^^^^^^^^^^^^^^^^^^^^^^
  File "C:\Users\laket\AppData\Local\Programs\Python\Python311\Lib\site-packages\OpenGL\latebind.py", line 63, in __call__
    return self.wrapperFunction( self.baseFunction, *args, **named )
           ^^^^^^^^^^^^^^^^^^^^^^^^^^^^^^^^^^^^^^^^^^^^^^^^^^^^^^^^^
  File "C:\Users\laket\AppData\Local\Programs\Python\Python311\Lib\site-packages\OpenGL\GL\VERSION\GL_2_0.py", line 426, in glGetUniformLocation
    raise ValueError( """Non-null name required""" )
ValueError: Non-null name required

