Logfile created with verbose level LOG_ONLY on 01/05/2025 at 15:39:11. Have fun <3

[15:39:11] INFO    : MessageLogger verbose type updating from LOG_ONLY to INFO
[15:39:11] INFO    : MessageLogger verbose type updated from LOG_ONLY to INFO
[15:39:11] INFO    : Imported settings: {'_comment0': 'DEBUG             | Supported levels: [NONE, LOG_ONLY, ERROR, WARNING, CRUCIAL, INFO]', 'verbose_type': 'INFO', '_comment1': 'SCREEN RESOLUTION | window_resolution irrelevant unless fullscreen is true; fullscreen overwride window_resolution to monitor resolution; windowed false will overwrite fullscreen to true', 'window_resolution': [200, 500], 'fullscreen': True, 'windowed': False, '_comment2': 'SCREEN FPS        | setting max_fps to 0 disables the fps cap; vsync will overwride max_fps to match window fps to monitor fps', 'max_fps': 0, 'vsync': True, '_comment3': 'MOUSE AND CURSOR  | raw_mouse_input will enable raw mouse movement (bypass windows mouse acceleration)', 'raw_mouse_input': True, 'mouse_sensitivity': 1, 'hide_cursor': True, 'center_cursor_on_creation': True, '_comment4': "KEY BINDS         | Avalable keys: https://www.glfw.org/docs/3.3/group__keys.html (Remove the 'GLFW_KEY_' prefix)", 'key_binds': {'jump': 'SPACE', 'forward': 'W', 'back': 'S', 'left': 'A', 'right': 'D'}}
[15:39:11] INFO    : Window variable validation passed. Variables: {'size': [200, 500], 'caption': 'Into Havoc', 'fullscreen': True, 'windowed': False, 'vsync': True, 'max_fps': 0, 'raw_mouse_input': True, 'center_cursor_on_creation': True, 'hide_cursor': True, 'fovy': 100, 'near': 0.1, 'far': 200, 'skybox_color': (0, 0, 0, 1)}
[15:39:11] INFO    : Render thread start
[15:39:11] INFO    : Window fullscreen.
[15:39:11] ERROR   : Render thread FAILED to acquire OpenGL context!
[15:39:11] INFO    : Window creation passed. Variables: {'size': Size(width=1920, height=1080), 'caption': 'Into Havoc', 'fullscreen': True, 'windowed': False, 'vsync': True, 'max_fps': 0, 'raw_mouse_input': True, 'center_cursor_on_creation': True, 'hide_cursor': True, 'fovy': 100, 'near': 0.1, 'far': 200, 'skybox_color': (0, 0, 0, 1), 'should_close_event': <threading.Event at 0x24f7f59dd50: unset>, 'lock': <unlocked _thread.lock object at 0x0000024F7F59DBC0>, 'thread_init_complete': <threading.Event at 0x24f7f59dd90: unset>, 'render_thread': <Thread(Thread-1 (_thread_init), started 7940)>, 'monitor': <glfw.LP__GLFWmonitor object at 0x0000024F6C25F5D0>, 'video_mode': GLFWvidmode(size=Size(width=1920, height=1080), bits=Bits(red=8, green=8, blue=8), refresh_rate=75), 'display_size': Size(width=1920, height=1080), 'aspect_ratio': 1.7777777777777777, 'window': <glfw.LP__GLFWwindow object at 0x0000024F7F5948D0>}
[15:39:11] INFO    : Setting up Graphics Engine
[15:39:11] INFO    : Creating shader
[15:39:11] INFO    : No texture handle for this shader.
[15:39:11] INFO    : Shader creation passed. Variables: {'shader': 3, 'uniform_handles': {'model': 0, 'view': 3, 'projection': 2, 'color': 1}, 'custom_uniform_handles': {}}
[15:39:11] INFO    : Render thread finished
[15:39:11] INFO    : Shader creation passed variable validation.
[15:39:11] INFO    : Closing window...
[15:39:11] INFO    : Destroying shaders in GraphicsEngine.
[15:39:11] INFO    : Window closed.
[15:39:21] INFO    : Window close requested.
[15:39:21] CRUCIAL : Exit main thread
[15:39:21] INFO    : Program terminating
