Logfile created with verbose level LOG_ONLY on 15/11/2025 at 14:26:01. Have fun <3

[14:26:01] INFO    : MessageLogger verbose type updated from LOG_ONLY to INFO
[14:26:01] INFO    : Imported settings: {'_comment0': 'DEBUG             | Supported levels: [NONE, LOG_ONLY, ERROR, WARNING, CRUCIAL, INFO]', 'verbose_type': 'INFO', '_comment1': 'SCREEN RESOLUTION | window_resolution irrelevant unless fullscreen is true; fullscreen overwride window_resolution to monitor resolution; windowed false will overwrite fullscreen to true', 'window_resolution': [200, 500], 'fullscreen': True, 'windowed': False, '_comment2': 'SCREEN FPS        | setting max_fps to 0 disables the fps cap; vsync will overwride max_fps to match window fps to monitor fps', 'max_fps': 0, 'vsync': True, '_comment3': 'MOUSE AND CURSOR  | raw_mouse_input will enable raw mouse movement (bypass windows mouse acceleration)', 'raw_mouse_input': True, 'mouse_sensitivity': 1, 'hide_cursor': True, 'center_cursor_on_creation': True, '_comment4': "KEY BINDS         | Avalable keys: https://www.glfw.org/docs/3.3/group__keys.html (Remove the 'GLFW_KEY_' prefix)", 'key_binds': {'jump': 'SPACE', 'forward': 'W', 'back': 'S', 'left': 'A', 'right': 'D'}}
[14:26:01] INFO    : Window variable validation passed. Variables: {'size': [200, 500], 'caption': 'Into Havoc', 'fullscreen': True, 'windowed': False, 'vsync': True, 'max_fps': 0, 'raw_mouse_input': True, 'center_cursor_on_creation': True, 'hide_cursor': True}
[14:26:01] INFO    : Window fullscreen.
[14:26:02] INFO    : Window creation passed. Variables: {'size': Size(width=1920, height=1080), 'caption': 'Into Havoc', 'fullscreen': True, 'windowed': False, 'vsync': True, 'max_fps': 0, 'raw_mouse_input': True, 'center_cursor_on_creation': True, 'hide_cursor': True, 'monitor': <glfw.LP__GLFWmonitor object at 0x0000018E3B7605D0>, 'video_mode': GLFWvidmode(size=Size(width=1920, height=1080), bits=Bits(red=8, green=8, blue=8), refresh_rate=75), 'display_size': Size(width=1920, height=1080), 'aspect_ratio': 1.7777777777777777, 'window': <glfw.LP__GLFWwindow object at 0x0000018E3B7606D0>}
[14:26:02] INFO    : Setting up Graphics Engine
[14:26:02] INFO    : Creating a shader with id a42cf789-25ea-4b35-9e59-e342344c8e81
[14:26:02] INFO    : Compiling shaders for a42cf789-25ea-4b35-9e59-e342344c8e81. Vertex path: 'shaders/default.vert', Frag path: shaders/default.frag
[14:26:02] INFO    : Given uniform handles for a42cf789-25ea-4b35-9e59-e342344c8e81: {'model': 0, 'view': 3, 'projection': 2, 'color': 1}
[14:26:02] INFO    : Given uniform handles for a42cf789-25ea-4b35-9e59-e342344c8e81: {}
[14:26:02] INFO    : No texture handle for a42cf789-25ea-4b35-9e59-e342344c8e81
[14:26:02] INFO    : Shader a42cf789-25ea-4b35-9e59-e342344c8e81 creation passed. Variables: {'id': UUID('a42cf789-25ea-4b35-9e59-e342344c8e81'), 'shader': 3, 'uniform_handles': {'model': 0, 'view': 3, 'projection': 2, 'color': 1}, 'custom_uniform_handles': {}}
[14:26:02] INFO    : Shader creation passed variable validation.
[14:26:02] INFO    : Object creation passed variable validation.
[14:26:02] WARNING : Possible multithread issue here on this line
[14:26:02] INFO    : Object creation passed variable validation.
[14:26:02] WARNING : Possible multithread issue here on this line
[14:26:02] INFO    : Keystates: {}
[14:26:02] INFO    : Creating a shader with id 2eb1f6b0-33d7-422d-9f23-d8dbc56898e9
[14:26:02] INFO    : Compiling shaders for 2eb1f6b0-33d7-422d-9f23-d8dbc56898e9. Vertex path: 'shaders/texture.vert', Frag path: shaders/texture.frag
[14:26:02] WARNING : Placeholder text value 'SOMECOLOUR' not found in the shader file 'shaders/texture.vert' of 2eb1f6b0-33d7-422d-9f23-d8dbc56898e9.
[14:26:02] WARNING : Placeholder text value 'SOMECOLOUR' not found in the shader file 'shaders/texture.frag' of 2eb1f6b0-33d7-422d-9f23-d8dbc56898e9.
[14:26:02] INFO    : Given uniform handles for 2eb1f6b0-33d7-422d-9f23-d8dbc56898e9: {'model': 1, 'view': 3, 'projection': 2, 'texture': 0}
[14:26:02] INFO    : Given uniform handles for 2eb1f6b0-33d7-422d-9f23-d8dbc56898e9: {}
[14:26:02] INFO    : Texture loaded for {self.id}
[14:26:02] INFO    : Shader 2eb1f6b0-33d7-422d-9f23-d8dbc56898e9 creation passed. Variables: {'id': UUID('2eb1f6b0-33d7-422d-9f23-d8dbc56898e9'), 'shader': 6, 'uniform_handles': {'model': 1, 'view': 3, 'projection': 2, 'texture': 0}, 'custom_uniform_handles': {}}
[14:26:02] INFO    : Creating mesh for example_data/cube.obj
[14:26:02] INFO    : Created mesh for example_data/cube.obj
[14:26:02] INFO    : Creating material for example_data/wood.jpeg
[14:26:02] INFO    : Keystates: {}
[14:26:02] INFO    : Created material for example_data/wood.jpeg
[14:26:02] INFO    : Created object with id c7d82b20-c39f-4df1-9ac9-93eebb7007ab
[14:26:02] INFO    : Creating mesh for example_data/cube.obj
[14:26:02] INFO    : Created mesh for example_data/cube.obj
[14:26:02] INFO    : Creating material for example_data/wood.jpeg
[14:26:02] INFO    : Keystates: {}
[14:26:02] INFO    : Created material for example_data/wood.jpeg
[14:26:02] INFO    : Created object with id d8b1c7ce-c85e-423a-a30e-57d5696a4974
[14:26:02] DEV     : rotation variable type undecided in _set_view
[14:26:02] DEV     : TODO view validation
[14:26:02] INFO    : Rendering object c7d82b20-c39f-4df1-9ac9-93eebb7007ab.
[14:26:02] INFO    : Binding texture 0.
[14:26:02] INFO    : Binded texture 0.
[14:26:02] DEV     : TODO Multiple materials - Normal maps etc
[14:26:02] INFO    : Rendered object c7d82b20-c39f-4df1-9ac9-93eebb7007ab.
[14:26:02] INFO    : Rendering object d8b1c7ce-c85e-423a-a30e-57d5696a4974.
[14:26:02] INFO    : Binding texture 0.
[14:26:02] INFO    : Binded texture 0.
[14:26:02] DEV     : TODO Multiple materials - Normal maps etc
[14:26:02] INFO    : Rendered object d8b1c7ce-c85e-423a-a30e-57d5696a4974.
[14:26:02] INFO    : Keystates: {}
[14:26:02] DEV     : rotation variable type undecided in _set_view
[14:26:02] DEV     : TODO view validation
[14:26:02] INFO    : Rendering object c7d82b20-c39f-4df1-9ac9-93eebb7007ab.
[14:26:02] INFO    : Binding texture 0.
[14:26:02] INFO    : Binded texture 0.
[14:26:02] DEV     : TODO Multiple materials - Normal maps etc
[14:26:02] INFO    : Rendered object c7d82b20-c39f-4df1-9ac9-93eebb7007ab.
[14:26:02] INFO    : Rendering object d8b1c7ce-c85e-423a-a30e-57d5696a4974.
[14:26:02] INFO    : Binding texture 0.
[14:26:02] INFO    : Binded texture 0.
[14:26:02] DEV     : TODO Multiple materials - Normal maps etc
[14:26:02] INFO    : Rendered object d8b1c7ce-c85e-423a-a30e-57d5696a4974.
[14:26:02] INFO    : Keystates: {}
[14:26:02] DEV     : rotation variable type undecided in _set_view
[14:26:02] DEV     : TODO view validation
[14:26:02] INFO    : Rendering object c7d82b20-c39f-4df1-9ac9-93eebb7007ab.
[14:26:02] INFO    : Binding texture 0.
[14:26:02] INFO    : Binded texture 0.
[14:26:02] DEV     : TODO Multiple materials - Normal maps etc
[14:26:02] INFO    : Rendered object c7d82b20-c39f-4df1-9ac9-93eebb7007ab.
[14:26:02] INFO    : Rendering object d8b1c7ce-c85e-423a-a30e-57d5696a4974.
[14:26:02] INFO    : Binding texture 0.
[14:26:02] INFO    : Binded texture 0.
[14:26:02] DEV     : TODO Multiple materials - Normal maps etc
[14:26:02] INFO    : Rendered object d8b1c7ce-c85e-423a-a30e-57d5696a4974.
[14:26:02] DEV     : rotation variable type undecided in _set_view
[14:26:02] DEV     : TODO view validation
[14:26:02] INFO    : Rendering object c7d82b20-c39f-4df1-9ac9-93eebb7007ab.
[14:26:02] INFO    : Binding texture 0.
[14:26:02] INFO    : Binded texture 0.
[14:26:02] DEV     : TODO Multiple materials - Normal maps etc
[14:26:02] INFO    : Rendered object c7d82b20-c39f-4df1-9ac9-93eebb7007ab.
[14:26:02] INFO    : Rendering object d8b1c7ce-c85e-423a-a30e-57d5696a4974.
[14:26:02] INFO    : Binding texture 0.
[14:26:02] INFO    : Binded texture 0.
[14:26:02] DEV     : TODO Multiple materials - Normal maps etc
[14:26:02] INFO    : Rendered object d8b1c7ce-c85e-423a-a30e-57d5696a4974.
[14:26:02] DEV     : rotation variable type undecided in _set_view
[14:26:02] DEV     : TODO view validation
[14:26:02] INFO    : Rendering object c7d82b20-c39f-4df1-9ac9-93eebb7007ab.
[14:26:02] INFO    : Binding texture 0.
[14:26:02] INFO    : Binded texture 0.
[14:26:02] DEV     : TODO Multiple materials - Normal maps etc
[14:26:02] INFO    : Rendered object c7d82b20-c39f-4df1-9ac9-93eebb7007ab.
[14:26:02] INFO    : Rendering object d8b1c7ce-c85e-423a-a30e-57d5696a4974.
[14:26:02] INFO    : Binding texture 0.
[14:26:02] INFO    : Binded texture 0.
[14:26:02] DEV     : TODO Multiple materials - Normal maps etc
[14:26:02] INFO    : Rendered object d8b1c7ce-c85e-423a-a30e-57d5696a4974.
[14:26:02] DEV     : rotation variable type undecided in _set_view
[14:26:02] DEV     : TODO view validation
[14:26:02] INFO    : Rendering object c7d82b20-c39f-4df1-9ac9-93eebb7007ab.
[14:26:02] INFO    : Binding texture 0.
[14:26:02] INFO    : Binded texture 0.
[14:26:02] DEV     : TODO Multiple materials - Normal maps etc
[14:26:02] INFO    : Rendered object c7d82b20-c39f-4df1-9ac9-93eebb7007ab.
[14:26:02] INFO    : Rendering object d8b1c7ce-c85e-423a-a30e-57d5696a4974.
[14:26:02] INFO    : Binding texture 0.
[14:26:02] INFO    : Binded texture 0.
[14:26:02] DEV     : TODO Multiple materials - Normal maps etc
[14:26:02] INFO    : Rendered object d8b1c7ce-c85e-423a-a30e-57d5696a4974.
[14:26:02] DEV     : rotation variable type undecided in _set_view
[14:26:02] DEV     : TODO view validation
[14:26:02] INFO    : Rendering object c7d82b20-c39f-4df1-9ac9-93eebb7007ab.
[14:26:02] INFO    : Binding texture 0.
[14:26:02] INFO    : Binded texture 0.
[14:26:02] DEV     : TODO Multiple materials - Normal maps etc
[14:26:02] INFO    : Rendered object c7d82b20-c39f-4df1-9ac9-93eebb7007ab.
[14:26:02] INFO    : Rendering object d8b1c7ce-c85e-423a-a30e-57d5696a4974.
[14:26:02] INFO    : Binding texture 0.
[14:26:02] INFO    : Binded texture 0.
[14:26:02] DEV     : TODO Multiple materials - Normal maps etc
[14:26:02] INFO    : Rendered object d8b1c7ce-c85e-423a-a30e-57d5696a4974.
[14:26:02] DEV     : rotation variable type undecided in _set_view
[14:26:02] DEV     : TODO view validation
[14:26:02] INFO    : Rendering object c7d82b20-c39f-4df1-9ac9-93eebb7007ab.
[14:26:02] INFO    : Binding texture 0.
[14:26:02] INFO    : Binded texture 0.
[14:26:02] DEV     : TODO Multiple materials - Normal maps etc
[14:26:02] INFO    : Rendered object c7d82b20-c39f-4df1-9ac9-93eebb7007ab.
[14:26:02] INFO    : Rendering object d8b1c7ce-c85e-423a-a30e-57d5696a4974.
[14:26:02] INFO    : Binding texture 0.
[14:26:02] INFO    : Binded texture 0.
[14:26:02] DEV     : TODO Multiple materials - Normal maps etc
[14:26:02] INFO    : Rendered object d8b1c7ce-c85e-423a-a30e-57d5696a4974.
[14:26:02] DEV     : rotation variable type undecided in _set_view
[14:26:02] DEV     : TODO view validation
[14:26:02] INFO    : Rendering object c7d82b20-c39f-4df1-9ac9-93eebb7007ab.
[14:26:02] INFO    : Binding texture 0.
[14:26:02] INFO    : Binded texture 0.
[14:26:02] DEV     : TODO Multiple materials - Normal maps etc
[14:26:02] INFO    : Rendered object c7d82b20-c39f-4df1-9ac9-93eebb7007ab.
[14:26:02] INFO    : Rendering object d8b1c7ce-c85e-423a-a30e-57d5696a4974.
[14:26:02] INFO    : Binding texture 0.
[14:26:02] INFO    : Binded texture 0.
[14:26:02] DEV     : TODO Multiple materials - Normal maps etc
[14:26:02] INFO    : Rendered object d8b1c7ce-c85e-423a-a30e-57d5696a4974.
[14:26:02] DEV     : rotation variable type undecided in _set_view
[14:26:02] DEV     : TODO view validation
[14:26:02] INFO    : Rendering object c7d82b20-c39f-4df1-9ac9-93eebb7007ab.
[14:26:02] INFO    : Binding texture 0.
[14:26:02] INFO    : Binded texture 0.
[14:26:02] DEV     : TODO Multiple materials - Normal maps etc
[14:26:02] INFO    : Rendered object c7d82b20-c39f-4df1-9ac9-93eebb7007ab.
[14:26:02] INFO    : Rendering object d8b1c7ce-c85e-423a-a30e-57d5696a4974.
[14:26:02] INFO    : Binding texture 0.
[14:26:02] INFO    : Binded texture 0.
[14:26:02] DEV     : TODO Multiple materials - Normal maps etc
[14:26:02] INFO    : Rendered object d8b1c7ce-c85e-423a-a30e-57d5696a4974.
[14:26:02] DEV     : rotation variable type undecided in _set_view
[14:26:02] DEV     : TODO view validation
[14:26:02] INFO    : Rendering object c7d82b20-c39f-4df1-9ac9-93eebb7007ab.
[14:26:02] INFO    : Binding texture 0.
[14:26:02] INFO    : Binded texture 0.
[14:26:02] DEV     : TODO Multiple materials - Normal maps etc
[14:26:02] INFO    : Rendered object c7d82b20-c39f-4df1-9ac9-93eebb7007ab.
[14:26:02] INFO    : Rendering object d8b1c7ce-c85e-423a-a30e-57d5696a4974.
[14:26:02] INFO    : Binding texture 0.
[14:26:02] INFO    : Binded texture 0.
[14:26:02] DEV     : TODO Multiple materials - Normal maps etc
[14:26:02] INFO    : Rendered object d8b1c7ce-c85e-423a-a30e-57d5696a4974.
[14:26:02] DEV     : rotation variable type undecided in _set_view
[14:26:02] DEV     : TODO view validation
[14:26:02] INFO    : Rendering object c7d82b20-c39f-4df1-9ac9-93eebb7007ab.
[14:26:02] INFO    : Binding texture 0.
[14:26:02] INFO    : Binded texture 0.
[14:26:02] DEV     : TODO Multiple materials - Normal maps etc
[14:26:02] INFO    : Rendered object c7d82b20-c39f-4df1-9ac9-93eebb7007ab.
[14:26:02] INFO    : Rendering object d8b1c7ce-c85e-423a-a30e-57d5696a4974.
[14:26:02] INFO    : Binding texture 0.
[14:26:02] INFO    : Binded texture 0.
[14:26:02] DEV     : TODO Multiple materials - Normal maps etc
[14:26:02] INFO    : Keystates: {}
[14:26:02] INFO    : Rendered object d8b1c7ce-c85e-423a-a30e-57d5696a4974.
[14:26:02] DEV     : rotation variable type undecided in _set_view
[14:26:02] DEV     : TODO view validation
[14:26:02] INFO    : Rendering object c7d82b20-c39f-4df1-9ac9-93eebb7007ab.
[14:26:02] INFO    : Binding texture 0.
[14:26:02] INFO    : Binded texture 0.
[14:26:02] DEV     : TODO Multiple materials - Normal maps etc
[14:26:02] INFO    : Rendered object c7d82b20-c39f-4df1-9ac9-93eebb7007ab.
[14:26:02] INFO    : Rendering object d8b1c7ce-c85e-423a-a30e-57d5696a4974.
[14:26:02] INFO    : Binding texture 0.
[14:26:02] INFO    : Binded texture 0.
[14:26:02] DEV     : TODO Multiple materials - Normal maps etc
[14:26:02] INFO    : Rendered object d8b1c7ce-c85e-423a-a30e-57d5696a4974.
[14:26:02] DEV     : rotation variable type undecided in _set_view
[14:26:02] DEV     : TODO view validation
[14:26:02] INFO    : Rendering object c7d82b20-c39f-4df1-9ac9-93eebb7007ab.
[14:26:02] INFO    : Binding texture 0.
[14:26:02] INFO    : Binded texture 0.
[14:26:02] DEV     : TODO Multiple materials - Normal maps etc
[14:26:02] INFO    : Rendered object c7d82b20-c39f-4df1-9ac9-93eebb7007ab.
[14:26:02] INFO    : Rendering object d8b1c7ce-c85e-423a-a30e-57d5696a4974.
[14:26:02] INFO    : Binding texture 0.
[14:26:02] INFO    : Binded texture 0.
[14:26:02] DEV     : TODO Multiple materials - Normal maps etc
[14:26:02] INFO    : Rendered object d8b1c7ce-c85e-423a-a30e-57d5696a4974.
[14:26:02] DEV     : rotation variable type undecided in _set_view
[14:26:02] DEV     : TODO view validation
[14:26:02] INFO    : Rendering object c7d82b20-c39f-4df1-9ac9-93eebb7007ab.
[14:26:02] INFO    : Binding texture 0.
[14:26:02] INFO    : Binded texture 0.
[14:26:02] DEV     : TODO Multiple materials - Normal maps etc
[14:26:02] INFO    : Rendered object c7d82b20-c39f-4df1-9ac9-93eebb7007ab.
[14:26:02] INFO    : Rendering object d8b1c7ce-c85e-423a-a30e-57d5696a4974.
[14:26:02] INFO    : Binding texture 0.
[14:26:02] INFO    : Binded texture 0.
[14:26:02] DEV     : TODO Multiple materials - Normal maps etc
[14:26:02] INFO    : Rendered object d8b1c7ce-c85e-423a-a30e-57d5696a4974.
[14:26:02] DEV     : rotation variable type undecided in _set_view
[14:26:02] DEV     : TODO view validation
[14:26:02] INFO    : Rendering object c7d82b20-c39f-4df1-9ac9-93eebb7007ab.
[14:26:02] INFO    : Binding texture 0.
[14:26:02] INFO    : Binded texture 0.
[14:26:02] DEV     : TODO Multiple materials - Normal maps etc
[14:26:02] INFO    : Rendered object c7d82b20-c39f-4df1-9ac9-93eebb7007ab.
[14:26:02] INFO    : Rendering object d8b1c7ce-c85e-423a-a30e-57d5696a4974.
[14:26:02] INFO    : Binding texture 0.
[14:26:02] INFO    : Binded texture 0.
[14:26:02] DEV     : TODO Multiple materials - Normal maps etc
[14:26:02] INFO    : Rendered object d8b1c7ce-c85e-423a-a30e-57d5696a4974.
[14:26:02] DEV     : rotation variable type undecided in _set_view
[14:26:02] DEV     : TODO view validation
[14:26:02] INFO    : Rendering object c7d82b20-c39f-4df1-9ac9-93eebb7007ab.
[14:26:02] INFO    : Binding texture 0.
[14:26:02] INFO    : Binded texture 0.
[14:26:02] DEV     : TODO Multiple materials - Normal maps etc
[14:26:02] INFO    : Rendered object c7d82b20-c39f-4df1-9ac9-93eebb7007ab.
[14:26:02] INFO    : Rendering object d8b1c7ce-c85e-423a-a30e-57d5696a4974.
[14:26:02] INFO    : Binding texture 0.
[14:26:02] INFO    : Binded texture 0.
[14:26:02] DEV     : TODO Multiple materials - Normal maps etc
[14:26:02] INFO    : Rendered object d8b1c7ce-c85e-423a-a30e-57d5696a4974.
[14:26:02] DEV     : rotation variable type undecided in _set_view
[14:26:02] DEV     : TODO view validation
[14:26:02] INFO    : Rendering object c7d82b20-c39f-4df1-9ac9-93eebb7007ab.
[14:26:02] INFO    : Binding texture 0.
[14:26:02] INFO    : Binded texture 0.
[14:26:02] DEV     : TODO Multiple materials - Normal maps etc
[14:26:02] INFO    : Rendered object c7d82b20-c39f-4df1-9ac9-93eebb7007ab.
[14:26:02] INFO    : Rendering object d8b1c7ce-c85e-423a-a30e-57d5696a4974.
[14:26:02] INFO    : Binding texture 0.
[14:26:02] INFO    : Binded texture 0.
[14:26:02] DEV     : TODO Multiple materials - Normal maps etc
[14:26:02] INFO    : Rendered object d8b1c7ce-c85e-423a-a30e-57d5696a4974.
[14:26:02] DEV     : rotation variable type undecided in _set_view
[14:26:02] DEV     : TODO view validation
[14:26:02] INFO    : Rendering object c7d82b20-c39f-4df1-9ac9-93eebb7007ab.
[14:26:02] INFO    : Binding texture 0.
[14:26:02] INFO    : Binded texture 0.
[14:26:02] DEV     : TODO Multiple materials - Normal maps etc
[14:26:02] INFO    : Rendered object c7d82b20-c39f-4df1-9ac9-93eebb7007ab.
[14:26:02] INFO    : Rendering object d8b1c7ce-c85e-423a-a30e-57d5696a4974.
[14:26:02] INFO    : Binding texture 0.
[14:26:02] INFO    : Binded texture 0.
[14:26:02] DEV     : TODO Multiple materials - Normal maps etc
[14:26:02] INFO    : Rendered object d8b1c7ce-c85e-423a-a30e-57d5696a4974.
[14:26:02] DEV     : rotation variable type undecided in _set_view
[14:26:02] DEV     : TODO view validation
[14:26:02] INFO    : Keystates: {}
[14:26:02] INFO    : Rendering object c7d82b20-c39f-4df1-9ac9-93eebb7007ab.
[14:26:02] INFO    : Binding texture 0.
[14:26:02] INFO    : Binded texture 0.
[14:26:02] DEV     : TODO Multiple materials - Normal maps etc
[14:26:02] INFO    : Rendered object c7d82b20-c39f-4df1-9ac9-93eebb7007ab.
[14:26:02] INFO    : Rendering object d8b1c7ce-c85e-423a-a30e-57d5696a4974.
[14:26:02] INFO    : Binding texture 0.
[14:26:02] INFO    : Binded texture 0.
[14:26:02] DEV     : TODO Multiple materials - Normal maps etc
[14:26:02] INFO    : Rendered object d8b1c7ce-c85e-423a-a30e-57d5696a4974.
[14:26:02] DEV     : rotation variable type undecided in _set_view
[14:26:02] DEV     : TODO view validation
[14:26:02] INFO    : Rendering object c7d82b20-c39f-4df1-9ac9-93eebb7007ab.
[14:26:02] INFO    : Binding texture 0.
[14:26:02] INFO    : Binded texture 0.
[14:26:02] DEV     : TODO Multiple materials - Normal maps etc
[14:26:02] INFO    : Rendered object c7d82b20-c39f-4df1-9ac9-93eebb7007ab.
[14:26:02] INFO    : Rendering object d8b1c7ce-c85e-423a-a30e-57d5696a4974.
[14:26:02] INFO    : Binding texture 0.
[14:26:02] INFO    : Binded texture 0.
[14:26:02] DEV     : TODO Multiple materials - Normal maps etc
[14:26:02] INFO    : Rendered object d8b1c7ce-c85e-423a-a30e-57d5696a4974.
[14:26:02] DEV     : rotation variable type undecided in _set_view
[14:26:02] DEV     : TODO view validation
[14:26:02] INFO    : Rendering object c7d82b20-c39f-4df1-9ac9-93eebb7007ab.
[14:26:02] INFO    : Binding texture 0.
[14:26:02] INFO    : Binded texture 0.
[14:26:02] DEV     : TODO Multiple materials - Normal maps etc
[14:26:02] INFO    : Rendered object c7d82b20-c39f-4df1-9ac9-93eebb7007ab.
[14:26:02] INFO    : Rendering object d8b1c7ce-c85e-423a-a30e-57d5696a4974.
[14:26:02] INFO    : Binding texture 0.
[14:26:02] INFO    : Binded texture 0.
[14:26:02] DEV     : TODO Multiple materials - Normal maps etc
[14:26:02] INFO    : Rendered object d8b1c7ce-c85e-423a-a30e-57d5696a4974.
[14:26:02] DEV     : rotation variable type undecided in _set_view
[14:26:02] DEV     : TODO view validation
[14:26:02] INFO    : Rendering object c7d82b20-c39f-4df1-9ac9-93eebb7007ab.
[14:26:02] INFO    : Binding texture 0.
[14:26:02] INFO    : Binded texture 0.
[14:26:02] DEV     : TODO Multiple materials - Normal maps etc
[14:26:02] INFO    : Rendered object c7d82b20-c39f-4df1-9ac9-93eebb7007ab.
[14:26:02] INFO    : Rendering object d8b1c7ce-c85e-423a-a30e-57d5696a4974.
[14:26:02] INFO    : Binding texture 0.
[14:26:02] INFO    : Binded texture 0.
[14:26:02] DEV     : TODO Multiple materials - Normal maps etc
[14:26:02] INFO    : Rendered object d8b1c7ce-c85e-423a-a30e-57d5696a4974.
[14:26:02] DEV     : rotation variable type undecided in _set_view
[14:26:02] DEV     : TODO view validation
[14:26:02] INFO    : Rendering object c7d82b20-c39f-4df1-9ac9-93eebb7007ab.
[14:26:02] INFO    : Binding texture 0.
[14:26:02] INFO    : Binded texture 0.
[14:26:02] DEV     : TODO Multiple materials - Normal maps etc
[14:26:02] INFO    : Rendered object c7d82b20-c39f-4df1-9ac9-93eebb7007ab.
[14:26:02] INFO    : Rendering object d8b1c7ce-c85e-423a-a30e-57d5696a4974.
[14:26:02] INFO    : Binding texture 0.
[14:26:02] INFO    : Binded texture 0.
[14:26:02] DEV     : TODO Multiple materials - Normal maps etc
[14:26:02] INFO    : Rendered object d8b1c7ce-c85e-423a-a30e-57d5696a4974.
[14:26:02] DEV     : rotation variable type undecided in _set_view
[14:26:02] DEV     : TODO view validation
[14:26:02] INFO    : Rendering object c7d82b20-c39f-4df1-9ac9-93eebb7007ab.
[14:26:02] INFO    : Binding texture 0.
[14:26:02] INFO    : Binded texture 0.
[14:26:02] DEV     : TODO Multiple materials - Normal maps etc
[14:26:02] INFO    : Rendered object c7d82b20-c39f-4df1-9ac9-93eebb7007ab.
[14:26:02] INFO    : Rendering object d8b1c7ce-c85e-423a-a30e-57d5696a4974.
[14:26:02] INFO    : Binding texture 0.
[14:26:02] INFO    : Binded texture 0.
[14:26:02] DEV     : TODO Multiple materials - Normal maps etc
[14:26:02] INFO    : Rendered object d8b1c7ce-c85e-423a-a30e-57d5696a4974.
[14:26:02] DEV     : rotation variable type undecided in _set_view
[14:26:02] DEV     : TODO view validation
[14:26:02] INFO    : Rendering object c7d82b20-c39f-4df1-9ac9-93eebb7007ab.
[14:26:02] INFO    : Binding texture 0.
[14:26:02] INFO    : Binded texture 0.
[14:26:02] DEV     : TODO Multiple materials - Normal maps etc
[14:26:02] INFO    : Rendered object c7d82b20-c39f-4df1-9ac9-93eebb7007ab.
[14:26:02] INFO    : Rendering object d8b1c7ce-c85e-423a-a30e-57d5696a4974.
[14:26:02] INFO    : Binding texture 0.
[14:26:02] INFO    : Binded texture 0.
[14:26:02] DEV     : TODO Multiple materials - Normal maps etc
[14:26:02] INFO    : Rendered object d8b1c7ce-c85e-423a-a30e-57d5696a4974.
[14:26:02] DEV     : rotation variable type undecided in _set_view
[14:26:02] DEV     : TODO view validation
[14:26:02] INFO    : Rendering object c7d82b20-c39f-4df1-9ac9-93eebb7007ab.
[14:26:02] INFO    : Binding texture 0.
[14:26:02] INFO    : Binded texture 0.
[14:26:02] DEV     : TODO Multiple materials - Normal maps etc
[14:26:02] INFO    : Rendered object c7d82b20-c39f-4df1-9ac9-93eebb7007ab.
[14:26:02] INFO    : Rendering object d8b1c7ce-c85e-423a-a30e-57d5696a4974.
[14:26:02] INFO    : Binding texture 0.
[14:26:02] INFO    : Binded texture 0.
[14:26:02] DEV     : TODO Multiple materials - Normal maps etc
[14:26:02] INFO    : Rendered object d8b1c7ce-c85e-423a-a30e-57d5696a4974.
[14:26:02] INFO    : Keystates: {}
[14:26:02] DEV     : rotation variable type undecided in _set_view
[14:26:02] DEV     : TODO view validation
[14:26:02] INFO    : Rendering object c7d82b20-c39f-4df1-9ac9-93eebb7007ab.
[14:26:02] INFO    : Binding texture 0.
[14:26:02] INFO    : Binded texture 0.
[14:26:02] DEV     : TODO Multiple materials - Normal maps etc
[14:26:02] INFO    : Rendered object c7d82b20-c39f-4df1-9ac9-93eebb7007ab.
[14:26:02] INFO    : Rendering object d8b1c7ce-c85e-423a-a30e-57d5696a4974.
[14:26:02] INFO    : Binding texture 0.
[14:26:02] INFO    : Binded texture 0.
[14:26:02] DEV     : TODO Multiple materials - Normal maps etc
[14:26:02] INFO    : Rendered object d8b1c7ce-c85e-423a-a30e-57d5696a4974.
[14:26:02] DEV     : rotation variable type undecided in _set_view
[14:26:02] DEV     : TODO view validation
[14:26:02] INFO    : Rendering object c7d82b20-c39f-4df1-9ac9-93eebb7007ab.
[14:26:02] INFO    : Binding texture 0.
[14:26:02] INFO    : Binded texture 0.
[14:26:02] DEV     : TODO Multiple materials - Normal maps etc
[14:26:02] INFO    : Rendered object c7d82b20-c39f-4df1-9ac9-93eebb7007ab.
[14:26:02] INFO    : Rendering object d8b1c7ce-c85e-423a-a30e-57d5696a4974.
[14:26:02] INFO    : Binding texture 0.
[14:26:02] INFO    : Binded texture 0.
[14:26:02] DEV     : TODO Multiple materials - Normal maps etc
[14:26:02] INFO    : Rendered object d8b1c7ce-c85e-423a-a30e-57d5696a4974.
[14:26:02] DEV     : rotation variable type undecided in _set_view
[14:26:02] DEV     : TODO view validation
[14:26:02] INFO    : Rendering object c7d82b20-c39f-4df1-9ac9-93eebb7007ab.
[14:26:02] INFO    : Binding texture 0.
[14:26:02] INFO    : Binded texture 0.
[14:26:02] DEV     : TODO Multiple materials - Normal maps etc
[14:26:02] INFO    : Rendered object c7d82b20-c39f-4df1-9ac9-93eebb7007ab.
[14:26:02] INFO    : Rendering object d8b1c7ce-c85e-423a-a30e-57d5696a4974.
[14:26:02] INFO    : Binding texture 0.
[14:26:02] INFO    : Binded texture 0.
[14:26:02] DEV     : TODO Multiple materials - Normal maps etc
[14:26:02] INFO    : Rendered object d8b1c7ce-c85e-423a-a30e-57d5696a4974.
[14:26:02] DEV     : rotation variable type undecided in _set_view
[14:26:02] DEV     : TODO view validation
[14:26:02] INFO    : Rendering object c7d82b20-c39f-4df1-9ac9-93eebb7007ab.
[14:26:02] INFO    : Binding texture 0.
[14:26:02] INFO    : Binded texture 0.
[14:26:02] DEV     : TODO Multiple materials - Normal maps etc
[14:26:02] INFO    : Rendered object c7d82b20-c39f-4df1-9ac9-93eebb7007ab.
[14:26:02] INFO    : Rendering object d8b1c7ce-c85e-423a-a30e-57d5696a4974.
[14:26:02] INFO    : Binding texture 0.
[14:26:02] INFO    : Binded texture 0.
[14:26:02] DEV     : TODO Multiple materials - Normal maps etc
[14:26:02] INFO    : Rendered object d8b1c7ce-c85e-423a-a30e-57d5696a4974.
[14:26:02] DEV     : rotation variable type undecided in _set_view
[14:26:02] DEV     : TODO view validation
[14:26:02] INFO    : Rendering object c7d82b20-c39f-4df1-9ac9-93eebb7007ab.
[14:26:02] INFO    : Binding texture 0.
[14:26:02] INFO    : Binded texture 0.
[14:26:02] DEV     : TODO Multiple materials - Normal maps etc
[14:26:02] INFO    : Rendered object c7d82b20-c39f-4df1-9ac9-93eebb7007ab.
[14:26:02] INFO    : Rendering object d8b1c7ce-c85e-423a-a30e-57d5696a4974.
[14:26:02] INFO    : Binding texture 0.
[14:26:02] INFO    : Binded texture 0.
[14:26:02] DEV     : TODO Multiple materials - Normal maps etc
[14:26:02] INFO    : Rendered object d8b1c7ce-c85e-423a-a30e-57d5696a4974.
[14:26:02] DEV     : rotation variable type undecided in _set_view
[14:26:02] DEV     : TODO view validation
[14:26:02] INFO    : Rendering object c7d82b20-c39f-4df1-9ac9-93eebb7007ab.
[14:26:02] INFO    : Binding texture 0.
[14:26:02] INFO    : Binded texture 0.
[14:26:02] DEV     : TODO Multiple materials - Normal maps etc
[14:26:02] INFO    : Rendered object c7d82b20-c39f-4df1-9ac9-93eebb7007ab.
[14:26:02] INFO    : Rendering object d8b1c7ce-c85e-423a-a30e-57d5696a4974.
[14:26:02] INFO    : Binding texture 0.
[14:26:02] INFO    : Binded texture 0.
[14:26:02] DEV     : TODO Multiple materials - Normal maps etc
[14:26:02] INFO    : Rendered object d8b1c7ce-c85e-423a-a30e-57d5696a4974.
[14:26:02] DEV     : rotation variable type undecided in _set_view
[14:26:02] DEV     : TODO view validation
[14:26:02] INFO    : Rendering object c7d82b20-c39f-4df1-9ac9-93eebb7007ab.
[14:26:02] INFO    : Binding texture 0.
[14:26:02] INFO    : Binded texture 0.
[14:26:02] DEV     : TODO Multiple materials - Normal maps etc
[14:26:02] INFO    : Rendered object c7d82b20-c39f-4df1-9ac9-93eebb7007ab.
[14:26:02] INFO    : Rendering object d8b1c7ce-c85e-423a-a30e-57d5696a4974.
[14:26:02] INFO    : Binding texture 0.
[14:26:02] INFO    : Binded texture 0.
[14:26:02] DEV     : TODO Multiple materials - Normal maps etc
[14:26:02] INFO    : Rendered object d8b1c7ce-c85e-423a-a30e-57d5696a4974.
[14:26:02] DEV     : rotation variable type undecided in _set_view
[14:26:02] DEV     : TODO view validation
[14:26:02] INFO    : Rendering object c7d82b20-c39f-4df1-9ac9-93eebb7007ab.
[14:26:02] INFO    : Binding texture 0.
[14:26:02] INFO    : Binded texture 0.
[14:26:02] DEV     : TODO Multiple materials - Normal maps etc
[14:26:02] INFO    : Rendered object c7d82b20-c39f-4df1-9ac9-93eebb7007ab.
[14:26:02] INFO    : Keystates: {}
[14:26:02] INFO    : Rendering object d8b1c7ce-c85e-423a-a30e-57d5696a4974.
[14:26:02] INFO    : Binding texture 0.
[14:26:02] INFO    : Binded texture 0.
[14:26:02] DEV     : TODO Multiple materials - Normal maps etc
[14:26:02] INFO    : Rendered object d8b1c7ce-c85e-423a-a30e-57d5696a4974.
[14:26:02] DEV     : rotation variable type undecided in _set_view
[14:26:02] DEV     : TODO view validation
[14:26:02] INFO    : Rendering object c7d82b20-c39f-4df1-9ac9-93eebb7007ab.
[14:26:02] INFO    : Binding texture 0.
[14:26:02] INFO    : Binded texture 0.
[14:26:02] DEV     : TODO Multiple materials - Normal maps etc
[14:26:02] INFO    : Rendered object c7d82b20-c39f-4df1-9ac9-93eebb7007ab.
[14:26:02] INFO    : Rendering object d8b1c7ce-c85e-423a-a30e-57d5696a4974.
[14:26:02] INFO    : Binding texture 0.
[14:26:02] INFO    : Binded texture 0.
[14:26:02] DEV     : TODO Multiple materials - Normal maps etc
[14:26:02] INFO    : Rendered object d8b1c7ce-c85e-423a-a30e-57d5696a4974.
[14:26:03] DEV     : rotation variable type undecided in _set_view
[14:26:03] DEV     : TODO view validation
[14:26:03] INFO    : Rendering object c7d82b20-c39f-4df1-9ac9-93eebb7007ab.
[14:26:03] INFO    : Binding texture 0.
[14:26:03] INFO    : Binded texture 0.
[14:26:03] DEV     : TODO Multiple materials - Normal maps etc
[14:26:03] INFO    : Rendered object c7d82b20-c39f-4df1-9ac9-93eebb7007ab.
[14:26:03] INFO    : Rendering object d8b1c7ce-c85e-423a-a30e-57d5696a4974.
[14:26:03] INFO    : Binding texture 0.
[14:26:03] INFO    : Binded texture 0.
[14:26:03] DEV     : TODO Multiple materials - Normal maps etc
[14:26:03] INFO    : Rendered object d8b1c7ce-c85e-423a-a30e-57d5696a4974.
[14:26:03] DEV     : rotation variable type undecided in _set_view
[14:26:03] DEV     : TODO view validation
[14:26:03] INFO    : Rendering object c7d82b20-c39f-4df1-9ac9-93eebb7007ab.
[14:26:03] INFO    : Binding texture 0.
[14:26:03] INFO    : Binded texture 0.
[14:26:03] DEV     : TODO Multiple materials - Normal maps etc
[14:26:03] INFO    : Rendered object c7d82b20-c39f-4df1-9ac9-93eebb7007ab.
[14:26:03] INFO    : Rendering object d8b1c7ce-c85e-423a-a30e-57d5696a4974.
[14:26:03] INFO    : Binding texture 0.
[14:26:03] INFO    : Binded texture 0.
[14:26:03] DEV     : TODO Multiple materials - Normal maps etc
[14:26:03] INFO    : Rendered object d8b1c7ce-c85e-423a-a30e-57d5696a4974.
[14:26:03] DEV     : rotation variable type undecided in _set_view
[14:26:03] DEV     : TODO view validation
[14:26:03] INFO    : Rendering object c7d82b20-c39f-4df1-9ac9-93eebb7007ab.
[14:26:03] INFO    : Binding texture 0.
[14:26:03] INFO    : Binded texture 0.
[14:26:03] DEV     : TODO Multiple materials - Normal maps etc
[14:26:03] INFO    : Rendered object c7d82b20-c39f-4df1-9ac9-93eebb7007ab.
[14:26:03] INFO    : Rendering object d8b1c7ce-c85e-423a-a30e-57d5696a4974.
[14:26:03] INFO    : Binding texture 0.
[14:26:03] INFO    : Binded texture 0.
[14:26:03] DEV     : TODO Multiple materials - Normal maps etc
[14:26:03] INFO    : Rendered object d8b1c7ce-c85e-423a-a30e-57d5696a4974.
[14:26:03] DEV     : rotation variable type undecided in _set_view
[14:26:03] DEV     : TODO view validation
[14:26:03] INFO    : Rendering object c7d82b20-c39f-4df1-9ac9-93eebb7007ab.
[14:26:03] INFO    : Binding texture 0.
[14:26:03] INFO    : Binded texture 0.
[14:26:03] DEV     : TODO Multiple materials - Normal maps etc
[14:26:03] INFO    : Rendered object c7d82b20-c39f-4df1-9ac9-93eebb7007ab.
[14:26:03] INFO    : Rendering object d8b1c7ce-c85e-423a-a30e-57d5696a4974.
[14:26:03] INFO    : Binding texture 0.
[14:26:03] INFO    : Binded texture 0.
[14:26:03] DEV     : TODO Multiple materials - Normal maps etc
[14:26:03] INFO    : Rendered object d8b1c7ce-c85e-423a-a30e-57d5696a4974.
[14:26:03] DEV     : rotation variable type undecided in _set_view
[14:26:03] DEV     : TODO view validation
[14:26:03] INFO    : Rendering object c7d82b20-c39f-4df1-9ac9-93eebb7007ab.
[14:26:03] INFO    : Binding texture 0.
[14:26:03] INFO    : Binded texture 0.
[14:26:03] DEV     : TODO Multiple materials - Normal maps etc
[14:26:03] INFO    : Rendered object c7d82b20-c39f-4df1-9ac9-93eebb7007ab.
[14:26:03] INFO    : Rendering object d8b1c7ce-c85e-423a-a30e-57d5696a4974.
[14:26:03] INFO    : Binding texture 0.
[14:26:03] INFO    : Binded texture 0.
[14:26:03] DEV     : TODO Multiple materials - Normal maps etc
[14:26:03] INFO    : Rendered object d8b1c7ce-c85e-423a-a30e-57d5696a4974.
[14:26:03] DEV     : rotation variable type undecided in _set_view
[14:26:03] DEV     : TODO view validation
[14:26:03] INFO    : Rendering object c7d82b20-c39f-4df1-9ac9-93eebb7007ab.
[14:26:03] INFO    : Binding texture 0.
[14:26:03] INFO    : Binded texture 0.
[14:26:03] DEV     : TODO Multiple materials - Normal maps etc
[14:26:03] INFO    : Rendered object c7d82b20-c39f-4df1-9ac9-93eebb7007ab.
[14:26:03] INFO    : Rendering object d8b1c7ce-c85e-423a-a30e-57d5696a4974.
[14:26:03] INFO    : Binding texture 0.
[14:26:03] INFO    : Binded texture 0.
[14:26:03] DEV     : TODO Multiple materials - Normal maps etc
[14:26:03] INFO    : Rendered object d8b1c7ce-c85e-423a-a30e-57d5696a4974.
[14:26:03] INFO    : Keystates: {}
[14:26:03] DEV     : rotation variable type undecided in _set_view
[14:26:03] DEV     : TODO view validation
[14:26:03] INFO    : Rendering object c7d82b20-c39f-4df1-9ac9-93eebb7007ab.
[14:26:03] INFO    : Binding texture 0.
[14:26:03] INFO    : Binded texture 0.
[14:26:03] DEV     : TODO Multiple materials - Normal maps etc
[14:26:03] INFO    : Rendered object c7d82b20-c39f-4df1-9ac9-93eebb7007ab.
[14:26:03] INFO    : Rendering object d8b1c7ce-c85e-423a-a30e-57d5696a4974.
[14:26:03] INFO    : Binding texture 0.
[14:26:03] INFO    : Binded texture 0.
[14:26:03] DEV     : TODO Multiple materials - Normal maps etc
[14:26:03] INFO    : Rendered object d8b1c7ce-c85e-423a-a30e-57d5696a4974.
[14:26:03] DEV     : rotation variable type undecided in _set_view
[14:26:03] DEV     : TODO view validation
[14:26:03] INFO    : Rendering object c7d82b20-c39f-4df1-9ac9-93eebb7007ab.
[14:26:03] INFO    : Binding texture 0.
[14:26:03] INFO    : Binded texture 0.
[14:26:03] DEV     : TODO Multiple materials - Normal maps etc
[14:26:03] INFO    : Rendered object c7d82b20-c39f-4df1-9ac9-93eebb7007ab.
[14:26:03] INFO    : Rendering object d8b1c7ce-c85e-423a-a30e-57d5696a4974.
[14:26:03] INFO    : Binding texture 0.
[14:26:03] INFO    : Binded texture 0.
[14:26:03] DEV     : TODO Multiple materials - Normal maps etc
[14:26:03] INFO    : Rendered object d8b1c7ce-c85e-423a-a30e-57d5696a4974.
[14:26:03] DEV     : rotation variable type undecided in _set_view
[14:26:03] DEV     : TODO view validation
[14:26:03] INFO    : Rendering object c7d82b20-c39f-4df1-9ac9-93eebb7007ab.
[14:26:03] INFO    : Binding texture 0.
[14:26:03] INFO    : Binded texture 0.
[14:26:03] DEV     : TODO Multiple materials - Normal maps etc
[14:26:03] INFO    : Rendered object c7d82b20-c39f-4df1-9ac9-93eebb7007ab.
[14:26:03] INFO    : Rendering object d8b1c7ce-c85e-423a-a30e-57d5696a4974.
[14:26:03] INFO    : Binding texture 0.
[14:26:03] INFO    : Binded texture 0.
[14:26:03] DEV     : TODO Multiple materials - Normal maps etc
[14:26:03] INFO    : Rendered object d8b1c7ce-c85e-423a-a30e-57d5696a4974.
[14:26:03] DEV     : rotation variable type undecided in _set_view
[14:26:03] DEV     : TODO view validation
[14:26:03] INFO    : Rendering object c7d82b20-c39f-4df1-9ac9-93eebb7007ab.
[14:26:03] INFO    : Binding texture 0.
[14:26:03] INFO    : Binded texture 0.
[14:26:03] DEV     : TODO Multiple materials - Normal maps etc
[14:26:03] INFO    : Rendered object c7d82b20-c39f-4df1-9ac9-93eebb7007ab.
[14:26:03] INFO    : Rendering object d8b1c7ce-c85e-423a-a30e-57d5696a4974.
[14:26:03] INFO    : Binding texture 0.
[14:26:03] INFO    : Binded texture 0.
[14:26:03] DEV     : TODO Multiple materials - Normal maps etc
[14:26:03] INFO    : Rendered object d8b1c7ce-c85e-423a-a30e-57d5696a4974.
[14:26:03] DEV     : rotation variable type undecided in _set_view
[14:26:03] DEV     : TODO view validation
[14:26:03] INFO    : Rendering object c7d82b20-c39f-4df1-9ac9-93eebb7007ab.
[14:26:03] INFO    : Binding texture 0.
[14:26:03] INFO    : Binded texture 0.
[14:26:03] DEV     : TODO Multiple materials - Normal maps etc
[14:26:03] INFO    : Rendered object c7d82b20-c39f-4df1-9ac9-93eebb7007ab.
[14:26:03] INFO    : Rendering object d8b1c7ce-c85e-423a-a30e-57d5696a4974.
[14:26:03] INFO    : Binding texture 0.
[14:26:03] INFO    : Binded texture 0.
[14:26:03] DEV     : TODO Multiple materials - Normal maps etc
[14:26:03] INFO    : Rendered object d8b1c7ce-c85e-423a-a30e-57d5696a4974.
[14:26:03] DEV     : rotation variable type undecided in _set_view
[14:26:03] DEV     : TODO view validation
[14:26:03] INFO    : Rendering object c7d82b20-c39f-4df1-9ac9-93eebb7007ab.
[14:26:03] INFO    : Binding texture 0.
[14:26:03] INFO    : Binded texture 0.
[14:26:03] DEV     : TODO Multiple materials - Normal maps etc
[14:26:03] INFO    : Rendered object c7d82b20-c39f-4df1-9ac9-93eebb7007ab.
[14:26:03] INFO    : Rendering object d8b1c7ce-c85e-423a-a30e-57d5696a4974.
[14:26:03] INFO    : Binding texture 0.
[14:26:03] INFO    : Binded texture 0.
[14:26:03] DEV     : TODO Multiple materials - Normal maps etc
[14:26:03] INFO    : Rendered object d8b1c7ce-c85e-423a-a30e-57d5696a4974.
[14:26:03] DEV     : rotation variable type undecided in _set_view
[14:26:03] DEV     : TODO view validation
[14:26:03] INFO    : Rendering object c7d82b20-c39f-4df1-9ac9-93eebb7007ab.
[14:26:03] INFO    : Binding texture 0.
[14:26:03] INFO    : Binded texture 0.
[14:26:03] DEV     : TODO Multiple materials - Normal maps etc
[14:26:03] INFO    : Rendered object c7d82b20-c39f-4df1-9ac9-93eebb7007ab.
[14:26:03] INFO    : Rendering object d8b1c7ce-c85e-423a-a30e-57d5696a4974.
[14:26:03] INFO    : Binding texture 0.
[14:26:03] INFO    : Binded texture 0.
[14:26:03] DEV     : TODO Multiple materials - Normal maps etc
[14:26:03] INFO    : Rendered object d8b1c7ce-c85e-423a-a30e-57d5696a4974.
[14:26:03] DEV     : rotation variable type undecided in _set_view
[14:26:03] DEV     : TODO view validation
[14:26:03] INFO    : Rendering object c7d82b20-c39f-4df1-9ac9-93eebb7007ab.
[14:26:03] INFO    : Binding texture 0.
[14:26:03] INFO    : Binded texture 0.
[14:26:03] DEV     : TODO Multiple materials - Normal maps etc
[14:26:03] INFO    : Rendered object c7d82b20-c39f-4df1-9ac9-93eebb7007ab.
[14:26:03] INFO    : Rendering object d8b1c7ce-c85e-423a-a30e-57d5696a4974.
[14:26:03] INFO    : Binding texture 0.
[14:26:03] INFO    : Binded texture 0.
[14:26:03] DEV     : TODO Multiple materials - Normal maps etc
[14:26:03] INFO    : Rendered object d8b1c7ce-c85e-423a-a30e-57d5696a4974.
[14:26:03] INFO    : Keystates: {}
[14:26:03] DEV     : rotation variable type undecided in _set_view
[14:26:03] DEV     : TODO view validation
[14:26:03] INFO    : Rendering object c7d82b20-c39f-4df1-9ac9-93eebb7007ab.
[14:26:03] INFO    : Binding texture 0.
[14:26:03] INFO    : Binded texture 0.
[14:26:03] DEV     : TODO Multiple materials - Normal maps etc
[14:26:03] INFO    : Rendered object c7d82b20-c39f-4df1-9ac9-93eebb7007ab.
[14:26:03] INFO    : Rendering object d8b1c7ce-c85e-423a-a30e-57d5696a4974.
[14:26:03] INFO    : Binding texture 0.
[14:26:03] INFO    : Binded texture 0.
[14:26:03] DEV     : TODO Multiple materials - Normal maps etc
[14:26:03] INFO    : Rendered object d8b1c7ce-c85e-423a-a30e-57d5696a4974.
[14:26:03] DEV     : rotation variable type undecided in _set_view
[14:26:03] DEV     : TODO view validation
[14:26:03] INFO    : Rendering object c7d82b20-c39f-4df1-9ac9-93eebb7007ab.
[14:26:03] INFO    : Binding texture 0.
[14:26:03] INFO    : Binded texture 0.
[14:26:03] DEV     : TODO Multiple materials - Normal maps etc
[14:26:03] INFO    : Rendered object c7d82b20-c39f-4df1-9ac9-93eebb7007ab.
[14:26:03] INFO    : Rendering object d8b1c7ce-c85e-423a-a30e-57d5696a4974.
[14:26:03] INFO    : Binding texture 0.
[14:26:03] INFO    : Binded texture 0.
[14:26:03] DEV     : TODO Multiple materials - Normal maps etc
[14:26:03] INFO    : Rendered object d8b1c7ce-c85e-423a-a30e-57d5696a4974.
[14:26:03] DEV     : rotation variable type undecided in _set_view
[14:26:03] DEV     : TODO view validation
[14:26:03] INFO    : Rendering object c7d82b20-c39f-4df1-9ac9-93eebb7007ab.
[14:26:03] INFO    : Binding texture 0.
[14:26:03] INFO    : Binded texture 0.
[14:26:03] DEV     : TODO Multiple materials - Normal maps etc
[14:26:03] INFO    : Rendered object c7d82b20-c39f-4df1-9ac9-93eebb7007ab.
[14:26:03] INFO    : Rendering object d8b1c7ce-c85e-423a-a30e-57d5696a4974.
[14:26:03] INFO    : Binding texture 0.
[14:26:03] INFO    : Binded texture 0.
[14:26:03] DEV     : TODO Multiple materials - Normal maps etc
[14:26:03] INFO    : Rendered object d8b1c7ce-c85e-423a-a30e-57d5696a4974.
[14:26:03] DEV     : rotation variable type undecided in _set_view
[14:26:03] DEV     : TODO view validation
[14:26:03] INFO    : Rendering object c7d82b20-c39f-4df1-9ac9-93eebb7007ab.
[14:26:03] INFO    : Binding texture 0.
[14:26:03] INFO    : Binded texture 0.
[14:26:03] DEV     : TODO Multiple materials - Normal maps etc
[14:26:03] INFO    : Rendered object c7d82b20-c39f-4df1-9ac9-93eebb7007ab.
[14:26:03] INFO    : Rendering object d8b1c7ce-c85e-423a-a30e-57d5696a4974.
[14:26:03] INFO    : Binding texture 0.
[14:26:03] INFO    : Binded texture 0.
[14:26:03] DEV     : TODO Multiple materials - Normal maps etc
[14:26:03] INFO    : Rendered object d8b1c7ce-c85e-423a-a30e-57d5696a4974.
[14:26:03] DEV     : rotation variable type undecided in _set_view
[14:26:03] DEV     : TODO view validation
[14:26:03] INFO    : Rendering object c7d82b20-c39f-4df1-9ac9-93eebb7007ab.
[14:26:03] INFO    : Binding texture 0.
[14:26:03] INFO    : Binded texture 0.
[14:26:03] DEV     : TODO Multiple materials - Normal maps etc
[14:26:03] INFO    : Rendered object c7d82b20-c39f-4df1-9ac9-93eebb7007ab.
[14:26:03] INFO    : Rendering object d8b1c7ce-c85e-423a-a30e-57d5696a4974.
[14:26:03] INFO    : Binding texture 0.
[14:26:03] INFO    : Binded texture 0.
[14:26:03] DEV     : TODO Multiple materials - Normal maps etc
[14:26:03] INFO    : Rendered object d8b1c7ce-c85e-423a-a30e-57d5696a4974.
[14:26:03] DEV     : rotation variable type undecided in _set_view
[14:26:03] DEV     : TODO view validation
[14:26:03] INFO    : Rendering object c7d82b20-c39f-4df1-9ac9-93eebb7007ab.
[14:26:03] INFO    : Binding texture 0.
[14:26:03] INFO    : Binded texture 0.
[14:26:03] DEV     : TODO Multiple materials - Normal maps etc
[14:26:03] INFO    : Rendered object c7d82b20-c39f-4df1-9ac9-93eebb7007ab.
[14:26:03] INFO    : Rendering object d8b1c7ce-c85e-423a-a30e-57d5696a4974.
[14:26:03] INFO    : Binding texture 0.
[14:26:03] INFO    : Binded texture 0.
[14:26:03] DEV     : TODO Multiple materials - Normal maps etc
[14:26:03] INFO    : Rendered object d8b1c7ce-c85e-423a-a30e-57d5696a4974.
[14:26:03] DEV     : rotation variable type undecided in _set_view
[14:26:03] DEV     : TODO view validation
[14:26:03] INFO    : Rendering object c7d82b20-c39f-4df1-9ac9-93eebb7007ab.
[14:26:03] INFO    : Binding texture 0.
[14:26:03] INFO    : Binded texture 0.
[14:26:03] DEV     : TODO Multiple materials - Normal maps etc
[14:26:03] INFO    : Rendered object c7d82b20-c39f-4df1-9ac9-93eebb7007ab.
[14:26:03] INFO    : Rendering object d8b1c7ce-c85e-423a-a30e-57d5696a4974.
[14:26:03] INFO    : Binding texture 0.
[14:26:03] INFO    : Binded texture 0.
[14:26:03] DEV     : TODO Multiple materials - Normal maps etc
[14:26:03] INFO    : Rendered object d8b1c7ce-c85e-423a-a30e-57d5696a4974.
[14:26:03] DEV     : rotation variable type undecided in _set_view
[14:26:03] INFO    : Keystates: {}
[14:26:03] DEV     : TODO view validation
[14:26:03] INFO    : Rendering object c7d82b20-c39f-4df1-9ac9-93eebb7007ab.
[14:26:03] INFO    : Binding texture 0.
[14:26:03] INFO    : Binded texture 0.
[14:26:03] DEV     : TODO Multiple materials - Normal maps etc
[14:26:03] INFO    : Rendered object c7d82b20-c39f-4df1-9ac9-93eebb7007ab.
[14:26:03] INFO    : Rendering object d8b1c7ce-c85e-423a-a30e-57d5696a4974.
[14:26:03] INFO    : Binding texture 0.
[14:26:03] INFO    : Binded texture 0.
[14:26:03] DEV     : TODO Multiple materials - Normal maps etc
[14:26:03] INFO    : Rendered object d8b1c7ce-c85e-423a-a30e-57d5696a4974.
[14:26:03] DEV     : rotation variable type undecided in _set_view
[14:26:03] DEV     : TODO view validation
[14:26:03] INFO    : Rendering object c7d82b20-c39f-4df1-9ac9-93eebb7007ab.
[14:26:03] INFO    : Binding texture 0.
[14:26:03] INFO    : Binded texture 0.
[14:26:03] DEV     : TODO Multiple materials - Normal maps etc
[14:26:03] INFO    : Rendered object c7d82b20-c39f-4df1-9ac9-93eebb7007ab.
[14:26:03] INFO    : Rendering object d8b1c7ce-c85e-423a-a30e-57d5696a4974.
[14:26:03] INFO    : Binding texture 0.
[14:26:03] INFO    : Binded texture 0.
[14:26:03] DEV     : TODO Multiple materials - Normal maps etc
[14:26:03] INFO    : Rendered object d8b1c7ce-c85e-423a-a30e-57d5696a4974.
[14:26:03] DEV     : rotation variable type undecided in _set_view
[14:26:03] DEV     : TODO view validation
[14:26:03] INFO    : Rendering object c7d82b20-c39f-4df1-9ac9-93eebb7007ab.
[14:26:03] INFO    : Binding texture 0.
[14:26:03] INFO    : Binded texture 0.
[14:26:03] DEV     : TODO Multiple materials - Normal maps etc
[14:26:03] INFO    : Rendered object c7d82b20-c39f-4df1-9ac9-93eebb7007ab.
[14:26:03] INFO    : Rendering object d8b1c7ce-c85e-423a-a30e-57d5696a4974.
[14:26:03] INFO    : Binding texture 0.
[14:26:03] INFO    : Binded texture 0.
[14:26:03] DEV     : TODO Multiple materials - Normal maps etc
[14:26:03] INFO    : Rendered object d8b1c7ce-c85e-423a-a30e-57d5696a4974.
[14:26:03] DEV     : rotation variable type undecided in _set_view
[14:26:03] DEV     : TODO view validation
[14:26:03] INFO    : Rendering object c7d82b20-c39f-4df1-9ac9-93eebb7007ab.
[14:26:03] INFO    : Binding texture 0.
[14:26:03] INFO    : Binded texture 0.
[14:26:03] DEV     : TODO Multiple materials - Normal maps etc
[14:26:03] INFO    : Rendered object c7d82b20-c39f-4df1-9ac9-93eebb7007ab.
[14:26:03] INFO    : Rendering object d8b1c7ce-c85e-423a-a30e-57d5696a4974.
[14:26:03] INFO    : Binding texture 0.
[14:26:03] INFO    : Binded texture 0.
[14:26:03] DEV     : TODO Multiple materials - Normal maps etc
[14:26:03] INFO    : Rendered object d8b1c7ce-c85e-423a-a30e-57d5696a4974.
[14:26:03] DEV     : rotation variable type undecided in _set_view
[14:26:03] DEV     : TODO view validation
[14:26:03] INFO    : Rendering object c7d82b20-c39f-4df1-9ac9-93eebb7007ab.
[14:26:03] INFO    : Binding texture 0.
[14:26:03] INFO    : Binded texture 0.
[14:26:03] DEV     : TODO Multiple materials - Normal maps etc
[14:26:03] INFO    : Rendered object c7d82b20-c39f-4df1-9ac9-93eebb7007ab.
[14:26:03] INFO    : Rendering object d8b1c7ce-c85e-423a-a30e-57d5696a4974.
[14:26:03] INFO    : Binding texture 0.
[14:26:03] INFO    : Binded texture 0.
[14:26:03] DEV     : TODO Multiple materials - Normal maps etc
[14:26:03] INFO    : Rendered object d8b1c7ce-c85e-423a-a30e-57d5696a4974.
[14:26:03] DEV     : rotation variable type undecided in _set_view
[14:26:03] DEV     : TODO view validation
[14:26:03] INFO    : Rendering object c7d82b20-c39f-4df1-9ac9-93eebb7007ab.
[14:26:03] INFO    : Binding texture 0.
[14:26:03] INFO    : Binded texture 0.
[14:26:03] DEV     : TODO Multiple materials - Normal maps etc
[14:26:03] INFO    : Rendered object c7d82b20-c39f-4df1-9ac9-93eebb7007ab.
[14:26:03] INFO    : Rendering object d8b1c7ce-c85e-423a-a30e-57d5696a4974.
[14:26:03] INFO    : Binding texture 0.
[14:26:03] INFO    : Binded texture 0.
[14:26:03] DEV     : TODO Multiple materials - Normal maps etc
[14:26:03] INFO    : Rendered object d8b1c7ce-c85e-423a-a30e-57d5696a4974.
[14:26:03] DEV     : rotation variable type undecided in _set_view
[14:26:03] DEV     : TODO view validation
[14:26:03] INFO    : Rendering object c7d82b20-c39f-4df1-9ac9-93eebb7007ab.
[14:26:03] INFO    : Binding texture 0.
[14:26:03] INFO    : Binded texture 0.
[14:26:03] DEV     : TODO Multiple materials - Normal maps etc
[14:26:03] INFO    : Rendered object c7d82b20-c39f-4df1-9ac9-93eebb7007ab.
[14:26:03] INFO    : Rendering object d8b1c7ce-c85e-423a-a30e-57d5696a4974.
[14:26:03] INFO    : Binding texture 0.
[14:26:03] INFO    : Binded texture 0.
[14:26:03] DEV     : TODO Multiple materials - Normal maps etc
[14:26:03] INFO    : Rendered object d8b1c7ce-c85e-423a-a30e-57d5696a4974.
[14:26:03] DEV     : rotation variable type undecided in _set_view
[14:26:03] DEV     : TODO view validation
[14:26:03] INFO    : Rendering object c7d82b20-c39f-4df1-9ac9-93eebb7007ab.
[14:26:03] INFO    : Binding texture 0.
[14:26:03] INFO    : Binded texture 0.
[14:26:03] DEV     : TODO Multiple materials - Normal maps etc
[14:26:03] INFO    : Rendered object c7d82b20-c39f-4df1-9ac9-93eebb7007ab.
[14:26:03] INFO    : Rendering object d8b1c7ce-c85e-423a-a30e-57d5696a4974.
[14:26:03] INFO    : Binding texture 0.
[14:26:03] INFO    : Binded texture 0.
[14:26:03] DEV     : TODO Multiple materials - Normal maps etc
[14:26:03] INFO    : Rendered object d8b1c7ce-c85e-423a-a30e-57d5696a4974.
[14:26:03] INFO    : ('ESCAPE', 'KEYDOWN', 0)
[14:26:03] INFO    : Keystates: {'ESCAPE': {'pressed': True, 'released': False, 'num_lock': False, 'caps_lock': False, 'super_key': False, 'alt': False, 'control': False, 'shift': False}}
[14:26:03] INFO    : Window close requested.
[14:26:03] CRUCIAL : Exit main thread
[14:26:03] DEV     : rotation variable type undecided in _set_view
[14:26:03] DEV     : TODO view validation
[14:26:03] INFO    : Rendering object c7d82b20-c39f-4df1-9ac9-93eebb7007ab.
[14:26:03] INFO    : Binding texture 0.
[14:26:03] INFO    : Binded texture 0.
[14:26:03] DEV     : TODO Multiple materials - Normal maps etc
[14:26:03] INFO    : Rendered object c7d82b20-c39f-4df1-9ac9-93eebb7007ab.
[14:26:03] INFO    : Rendering object d8b1c7ce-c85e-423a-a30e-57d5696a4974.
[14:26:03] INFO    : Binding texture 0.
[14:26:03] INFO    : Binded texture 0.
[14:26:03] DEV     : TODO Multiple materials - Normal maps etc
[14:26:03] INFO    : Rendered object d8b1c7ce-c85e-423a-a30e-57d5696a4974.
[14:26:03] INFO    : Closing window...
[14:26:03] INFO    : Destroying shaders in GraphicsEngine.
[14:26:03] INFO    : Destroyed shader for a42cf789-25ea-4b35-9e59-e342344c8e81
[14:26:03] INFO    : Destroyed shader for 2eb1f6b0-33d7-422d-9f23-d8dbc56898e9
[14:26:03] INFO    : Window closed.
[14:26:03] INFO    : Program terminating
