Logfile created with verbose level LOG_ONLY on 23/01/2025 at 19:21:33. Have fun <3

[19:21:33] INFO    : MessageLogger verbose type updating from LOG_ONLY to INFO
[19:21:33] INFO    : MessageLogger verbose type updated from LOG_ONLY to INFO
[19:21:33] INFO    : Imported settings: {'_comment0': 'Supported levels: [NONE, LOG_ONLY, ERROR, WARNING, CRUCIAL, INFO]', 'verbose_type': 'INFO', '_comment1': 'window_resolution irrelevant unless fullscreen is true; fullscreen overwride window_resolution to monitor resolution; windowed false will overwrite fullscreen to true', 'window_resolution': [200, 500], 'fullscreen': True, 'windowed': False, '_comment2': 'setting max_fps to 0 disables the fps cap; vsync will overwride max_fps to match window fps to monitor fps', 'max_fps': 0, 'vsync': True, '_comment3': 'raw_mouse_input will enable raw mouse movement (bypass windows mouse acceleration)', 'raw_mouse_input': True, 'mouse_sensitivity': 1, '_comment4': "Avalable keys: https://www.glfw.org/docs/3.3/group__keys.html (Remove the 'GLFW_KEY_' prefix)", 'key_binds': {'jump': 'SPACE', 'forward': 'W', 'back': 'S', 'left': 'A', 'right': 'D'}}
[19:21:33] INFO    : Window variable validation passed. Variables: {'size': [200, 500], 'caption': 'Into Havoc', 'fullscreen': True, 'windowed': False, 'vsync': True, 'max_fps': 0, 'raw_mouse_input': True, 'center_cursor': True, 'hide_cursor': True}
[19:21:33] INFO    : Window fullscreen.
[19:21:33] INFO    : Window creation passed. Variables: {'size': Size(width=1920, height=1080), 'caption': 'Into Havoc', 'fullscreen': True, 'windowed': False, 'vsync': True, 'max_fps': 0, 'raw_mouse_input': True, 'center_cursor': True, 'hide_cursor': True, 'monitor': <glfw.LP__GLFWmonitor object at 0x0000026AA7024350>, 'video_mode': GLFWvidmode(size=Size(width=1920, height=1080), bits=Bits(red=8, green=8, blue=8), refresh_rate=60), 'display_size': Size(width=1920, height=1080), 'aspect_ratio': 1.7777777777777777, 'window': <glfw.LP__GLFWwindow object at 0x0000026AA70243D0>}
[19:21:33] INFO    : Setting up Graphics Engine
[19:21:33] INFO    : Creating shader
[19:21:33] INFO    : No texture handle for this shader.
[19:21:33] INFO    : Shader creation passed. Variables: {'shader': 3, 'uniform_handles': {'model': 0, 'view': 3, 'projection': 2, 'color': 1}, 'custom_uniform_handles': {}}
[19:21:33] INFO    : Shader creation passed variable validation.
[19:21:33] CRUCIAL : []
[19:21:33] CRUCIAL : [(1, 'shaders/example.vert', 'shaders/example.frag', 100, 1.7777777777777777, 0.1, 200, 'model', 'view', 'projection', None, 'objectColor', {}, {})]
[19:21:33] INFO    : Creating shader
[19:21:33] INFO    : No texture handle for this shader.
[19:21:33] INFO    : Shader creation passed. Variables: {'shader': 6, 'uniform_handles': {'model': 0, 'view': 3, 'projection': 2, 'color': 1}, 'custom_uniform_handles': {}}
[19:21:33] INFO    : Updating skybox color to (0.011764705882352941, 0.003, 0.003, 1)
[19:21:33] CRUCIAL : [(1, 'shaders/example.vert', 'shaders/example.frag', 100, 1.7777777777777777, 0.1, 200, 'model', 'view', 'projection', None, 'objectColor', {}, {})]
[19:21:33] INFO    : Creating shader
[19:21:33] INFO    : No texture handle for this shader.
[19:21:33] INFO    : Shader creation passed. Variables: {'shader': 9, 'uniform_handles': {'model': 0, 'view': 3, 'projection': 2, 'color': 1}, 'custom_uniform_handles': {}}
[19:21:33] INFO    : Updating skybox color to (0.01568627450980392, 0.004, 0.004, 1)
[19:21:33] CRUCIAL : [(1, 'shaders/example.vert', 'shaders/example.frag', 100, 1.7777777777777777, 0.1, 200, 'model', 'view', 'projection', None, 'objectColor', {}, {})]
[19:21:33] INFO    : Creating shader
[19:21:33] INFO    : No texture handle for this shader.
[19:21:33] INFO    : Shader creation passed. Variables: {'shader': 12, 'uniform_handles': {'model': 0, 'view': 3, 'projection': 2, 'color': 1}, 'custom_uniform_handles': {}}
[19:21:33] INFO    : Updating skybox color to (0.0196078431372549, 0.005, 0.005, 1)
[19:21:33] CRUCIAL : []
[19:21:33] CRUCIAL : []
[19:21:33] CRUCIAL : [(1, 'shaders/example.vert', 'shaders/example.frag', 100, 1.7777777777777777, 0.1, 200, 'model', 'view', 'projection', None, 'objectColor', {}, {})]
[19:21:33] INFO    : Creating shader
[19:21:33] INFO    : No texture handle for this shader.
[19:21:33] INFO    : Shader creation passed. Variables: {'shader': 15, 'uniform_handles': {'model': 0, 'view': 3, 'projection': 2, 'color': 1}, 'custom_uniform_handles': {}}
[19:21:33] INFO    : Updating skybox color to (0.023529411764705882, 0.006, 0.006, 1)
[19:21:33] CRUCIAL : []
[19:21:33] CRUCIAL : []
[19:21:33] CRUCIAL : [(1, 'shaders/example.vert', 'shaders/example.frag', 100, 1.7777777777777777, 0.1, 200, 'model', 'view', 'projection', None, 'objectColor', {}, {})]
[19:21:33] INFO    : Creating shader
[19:21:33] INFO    : No texture handle for this shader.
[19:21:33] INFO    : Shader creation passed. Variables: {'shader': 18, 'uniform_handles': {'model': 0, 'view': 3, 'projection': 2, 'color': 1}, 'custom_uniform_handles': {}}
[19:21:33] INFO    : Updating skybox color to (0.027450980392156862, 0.007, 0.007, 1)
[19:21:33] CRUCIAL : []
[19:21:33] CRUCIAL : []
[19:21:33] CRUCIAL : [(1, 'shaders/example.vert', 'shaders/example.frag', 100, 1.7777777777777777, 0.1, 200, 'model', 'view', 'projection', None, 'objectColor', {}, {})]
[19:21:33] INFO    : Creating shader
[19:21:33] INFO    : No texture handle for this shader.
[19:21:33] INFO    : Shader creation passed. Variables: {'shader': 21, 'uniform_handles': {'model': 0, 'view': 3, 'projection': 2, 'color': 1}, 'custom_uniform_handles': {}}
[19:21:33] INFO    : Updating skybox color to (0.03137254901960784, 0.008, 0.008, 1)
[19:21:34] CRUCIAL : []
[19:21:34] CRUCIAL : []
[19:21:34] CRUCIAL : [(1, 'shaders/example.vert', 'shaders/example.frag', 100, 1.7777777777777777, 0.1, 200, 'model', 'view', 'projection', None, 'objectColor', {}, {})]
[19:21:34] INFO    : Creating shader
[19:21:34] INFO    : No texture handle for this shader.
[19:21:34] INFO    : Shader creation passed. Variables: {'shader': 24, 'uniform_handles': {'model': 0, 'view': 3, 'projection': 2, 'color': 1}, 'custom_uniform_handles': {}}
[19:21:34] INFO    : Updating skybox color to (0.03529411764705882, 0.009, 0.009, 1)
[19:21:34] CRUCIAL : []
[19:21:34] CRUCIAL : []
[19:21:34] CRUCIAL : [(1, 'shaders/example.vert', 'shaders/example.frag', 100, 1.7777777777777777, 0.1, 200, 'model', 'view', 'projection', None, 'objectColor', {}, {})]
[19:21:34] INFO    : Creating shader
[19:21:34] INFO    : No texture handle for this shader.
[19:21:34] INFO    : Shader creation passed. Variables: {'shader': 27, 'uniform_handles': {'model': 0, 'view': 3, 'projection': 2, 'color': 1}, 'custom_uniform_handles': {}}
[19:21:34] INFO    : Updating skybox color to (0.0392156862745098, 0.01, 0.01, 1)
[19:21:34] CRUCIAL : []
[19:21:34] CRUCIAL : []
[19:21:34] CRUCIAL : [(1, 'shaders/example.vert', 'shaders/example.frag', 100, 1.7777777777777777, 0.1, 200, 'model', 'view', 'projection', None, 'objectColor', {}, {})]
[19:21:34] INFO    : Creating shader
[19:21:34] INFO    : No texture handle for this shader.
[19:21:34] INFO    : Shader creation passed. Variables: {'shader': 30, 'uniform_handles': {'model': 0, 'view': 3, 'projection': 2, 'color': 1}, 'custom_uniform_handles': {}}
[19:21:34] INFO    : Updating skybox color to (0.043137254901960784, 0.011, 0.011, 1)
[19:21:34] CRUCIAL : []
[19:21:34] CRUCIAL : []
[19:21:34] CRUCIAL : [(1, 'shaders/example.vert', 'shaders/example.frag', 100, 1.7777777777777777, 0.1, 200, 'model', 'view', 'projection', None, 'objectColor', {}, {})]
[19:21:34] INFO    : Creating shader
[19:21:34] INFO    : No texture handle for this shader.
[19:21:34] INFO    : Shader creation passed. Variables: {'shader': 33, 'uniform_handles': {'model': 0, 'view': 3, 'projection': 2, 'color': 1}, 'custom_uniform_handles': {}}
[19:21:34] INFO    : Updating skybox color to (0.047058823529411764, 0.012, 0.012, 1)
[19:21:34] CRUCIAL : []
[19:21:34] CRUCIAL : []
[19:21:34] CRUCIAL : []
[19:21:34] CRUCIAL : [(1, 'shaders/example.vert', 'shaders/example.frag', 100, 1.7777777777777777, 0.1, 200, 'model', 'view', 'projection', None, 'objectColor', {}, {})]
[19:21:34] INFO    : Creating shader
[19:21:34] INFO    : No texture handle for this shader.
[19:21:34] INFO    : Shader creation passed. Variables: {'shader': 36, 'uniform_handles': {'model': 0, 'view': 3, 'projection': 2, 'color': 1}, 'custom_uniform_handles': {}}
[19:21:34] INFO    : Updating skybox color to (0.050980392156862744, 0.013, 0.013, 1)
[19:21:34] CRUCIAL : []
[19:21:34] CRUCIAL : []
[19:21:34] CRUCIAL : [(1, 'shaders/example.vert', 'shaders/example.frag', 100, 1.7777777777777777, 0.1, 200, 'model', 'view', 'projection', None, 'objectColor', {}, {})]
[19:21:34] INFO    : Creating shader
[19:21:34] INFO    : No texture handle for this shader.
[19:21:34] INFO    : Shader creation passed. Variables: {'shader': 39, 'uniform_handles': {'model': 0, 'view': 3, 'projection': 2, 'color': 1}, 'custom_uniform_handles': {}}
[19:21:34] INFO    : Updating skybox color to (0.054901960784313725, 0.014, 0.014, 1)
[19:21:34] CRUCIAL : []
[19:21:34] CRUCIAL : []
[19:21:34] CRUCIAL : [(1, 'shaders/example.vert', 'shaders/example.frag', 100, 1.7777777777777777, 0.1, 200, 'model', 'view', 'projection', None, 'objectColor', {}, {})]
[19:21:34] INFO    : Creating shader
[19:21:34] INFO    : No texture handle for this shader.
[19:21:34] INFO    : Shader creation passed. Variables: {'shader': 42, 'uniform_handles': {'model': 0, 'view': 3, 'projection': 2, 'color': 1}, 'custom_uniform_handles': {}}
[19:21:34] INFO    : Updating skybox color to (0.058823529411764705, 0.015, 0.015, 1)
[19:21:34] CRUCIAL : []
[19:21:34] CRUCIAL : []
[19:21:34] CRUCIAL : [(1, 'shaders/example.vert', 'shaders/example.frag', 100, 1.7777777777777777, 0.1, 200, 'model', 'view', 'projection', None, 'objectColor', {}, {})]
[19:21:34] INFO    : Creating shader
[19:21:34] INFO    : No texture handle for this shader.
[19:21:34] INFO    : Shader creation passed. Variables: {'shader': 45, 'uniform_handles': {'model': 0, 'view': 3, 'projection': 2, 'color': 1}, 'custom_uniform_handles': {}}
[19:21:34] INFO    : Updating skybox color to (0.06274509803921569, 0.016, 0.016, 1)
[19:21:34] CRUCIAL : []
[19:21:34] CRUCIAL : []
[19:21:34] CRUCIAL : [(1, 'shaders/example.vert', 'shaders/example.frag', 100, 1.7777777777777777, 0.1, 200, 'model', 'view', 'projection', None, 'objectColor', {}, {})]
[19:21:34] INFO    : Creating shader
[19:21:34] INFO    : No texture handle for this shader.
[19:21:34] INFO    : Shader creation passed. Variables: {'shader': 48, 'uniform_handles': {'model': 0, 'view': 3, 'projection': 2, 'color': 1}, 'custom_uniform_handles': {}}
[19:21:34] INFO    : Updating skybox color to (0.06666666666666667, 0.017, 0.017, 1)
[19:21:34] CRUCIAL : []
[19:21:34] CRUCIAL : []
[19:21:34] CRUCIAL : [(1, 'shaders/example.vert', 'shaders/example.frag', 100, 1.7777777777777777, 0.1, 200, 'model', 'view', 'projection', None, 'objectColor', {}, {})]
[19:21:34] INFO    : Creating shader
[19:21:34] INFO    : No texture handle for this shader.
[19:21:34] INFO    : Shader creation passed. Variables: {'shader': 51, 'uniform_handles': {'model': 0, 'view': 3, 'projection': 2, 'color': 1}, 'custom_uniform_handles': {}}
[19:21:34] INFO    : Updating skybox color to (0.07058823529411765, 0.018, 0.018, 1)
[19:21:34] CRUCIAL : []
[19:21:34] CRUCIAL : []
[19:21:34] CRUCIAL : [(1, 'shaders/example.vert', 'shaders/example.frag', 100, 1.7777777777777777, 0.1, 200, 'model', 'view', 'projection', None, 'objectColor', {}, {})]
[19:21:34] INFO    : Creating shader
[19:21:34] INFO    : No texture handle for this shader.
[19:21:34] INFO    : Shader creation passed. Variables: {'shader': 54, 'uniform_handles': {'model': 0, 'view': 3, 'projection': 2, 'color': 1}, 'custom_uniform_handles': {}}
[19:21:34] INFO    : Updating skybox color to (0.07450980392156863, 0.019, 0.019, 1)
[19:21:34] CRUCIAL : []
[19:21:34] CRUCIAL : []
[19:21:34] CRUCIAL : [(1, 'shaders/example.vert', 'shaders/example.frag', 100, 1.7777777777777777, 0.1, 200, 'model', 'view', 'projection', None, 'objectColor', {}, {})]
[19:21:34] INFO    : Creating shader
[19:21:34] INFO    : No texture handle for this shader.
[19:21:34] INFO    : Shader creation passed. Variables: {'shader': 57, 'uniform_handles': {'model': 0, 'view': 3, 'projection': 2, 'color': 1}, 'custom_uniform_handles': {}}
[19:21:34] INFO    : Updating skybox color to (0.0784313725490196, 0.02, 0.02, 1)
[19:21:34] CRUCIAL : []
[19:21:34] CRUCIAL : []
[19:21:34] CRUCIAL : [(1, 'shaders/example.vert', 'shaders/example.frag', 100, 1.7777777777777777, 0.1, 200, 'model', 'view', 'projection', None, 'objectColor', {}, {})]
[19:21:34] INFO    : Creating shader
[19:21:34] INFO    : No texture handle for this shader.
[19:21:34] INFO    : Shader creation passed. Variables: {'shader': 60, 'uniform_handles': {'model': 0, 'view': 3, 'projection': 2, 'color': 1}, 'custom_uniform_handles': {}}
[19:21:34] INFO    : Updating skybox color to (0.08235294117647059, 0.021, 0.021, 1)
[19:21:34] CRUCIAL : []
[19:21:34] CRUCIAL : []
[19:21:34] CRUCIAL : [(1, 'shaders/example.vert', 'shaders/example.frag', 100, 1.7777777777777777, 0.1, 200, 'model', 'view', 'projection', None, 'objectColor', {}, {})]
[19:21:34] INFO    : Creating shader
[19:21:34] INFO    : No texture handle for this shader.
[19:21:34] INFO    : Shader creation passed. Variables: {'shader': 63, 'uniform_handles': {'model': 0, 'view': 3, 'projection': 2, 'color': 1}, 'custom_uniform_handles': {}}
[19:21:34] INFO    : Updating skybox color to (0.08627450980392157, 0.022, 0.022, 1)
[19:21:34] CRUCIAL : []
[19:21:34] CRUCIAL : []
[19:21:34] CRUCIAL : [(1, 'shaders/example.vert', 'shaders/example.frag', 100, 1.7777777777777777, 0.1, 200, 'model', 'view', 'projection', None, 'objectColor', {}, {})]
[19:21:34] INFO    : Creating shader
[19:21:34] INFO    : No texture handle for this shader.
[19:21:34] INFO    : Shader creation passed. Variables: {'shader': 66, 'uniform_handles': {'model': 0, 'view': 3, 'projection': 2, 'color': 1}, 'custom_uniform_handles': {}}
[19:21:34] INFO    : Updating skybox color to (0.09019607843137255, 0.023, 0.023, 1)
[19:21:34] CRUCIAL : []
[19:21:34] CRUCIAL : []
[19:21:34] CRUCIAL : [(1, 'shaders/example.vert', 'shaders/example.frag', 100, 1.7777777777777777, 0.1, 200, 'model', 'view', 'projection', None, 'objectColor', {}, {})]
[19:21:34] INFO    : Creating shader
[19:21:34] INFO    : No texture handle for this shader.
[19:21:34] INFO    : Shader creation passed. Variables: {'shader': 69, 'uniform_handles': {'model': 0, 'view': 3, 'projection': 2, 'color': 1}, 'custom_uniform_handles': {}}
[19:21:34] INFO    : Updating skybox color to (0.09411764705882353, 0.024, 0.024, 1)
[19:21:34] CRUCIAL : []
[19:21:34] CRUCIAL : []
[19:21:34] CRUCIAL : [(1, 'shaders/example.vert', 'shaders/example.frag', 100, 1.7777777777777777, 0.1, 200, 'model', 'view', 'projection', None, 'objectColor', {}, {})]
[19:21:34] INFO    : Creating shader
[19:21:34] INFO    : No texture handle for this shader.
[19:21:34] INFO    : Shader creation passed. Variables: {'shader': 72, 'uniform_handles': {'model': 0, 'view': 3, 'projection': 2, 'color': 1}, 'custom_uniform_handles': {}}
[19:21:34] INFO    : Updating skybox color to (0.09803921568627451, 0.025, 0.025, 1)
[19:21:34] CRUCIAL : []
[19:21:34] CRUCIAL : []
[19:21:34] CRUCIAL : [(1, 'shaders/example.vert', 'shaders/example.frag', 100, 1.7777777777777777, 0.1, 200, 'model', 'view', 'projection', None, 'objectColor', {}, {})]
[19:21:34] INFO    : Creating shader
[19:21:34] INFO    : No texture handle for this shader.
[19:21:34] INFO    : Shader creation passed. Variables: {'shader': 75, 'uniform_handles': {'model': 0, 'view': 3, 'projection': 2, 'color': 1}, 'custom_uniform_handles': {}}
[19:21:34] INFO    : Updating skybox color to (0.10196078431372549, 0.026, 0.026, 1)
[19:21:34] CRUCIAL : []
[19:21:34] CRUCIAL : []
[19:21:34] CRUCIAL : [(1, 'shaders/example.vert', 'shaders/example.frag', 100, 1.7777777777777777, 0.1, 200, 'model', 'view', 'projection', None, 'objectColor', {}, {})]
[19:21:34] INFO    : Creating shader
[19:21:34] INFO    : No texture handle for this shader.
[19:21:34] INFO    : Shader creation passed. Variables: {'shader': 78, 'uniform_handles': {'model': 0, 'view': 3, 'projection': 2, 'color': 1}, 'custom_uniform_handles': {}}
[19:21:34] INFO    : Updating skybox color to (0.10588235294117647, 0.027, 0.027, 1)
[19:21:34] CRUCIAL : []
[19:21:34] CRUCIAL : []
[19:21:34] CRUCIAL : []
[19:21:34] CRUCIAL : [(1, 'shaders/example.vert', 'shaders/example.frag', 100, 1.7777777777777777, 0.1, 200, 'model', 'view', 'projection', None, 'objectColor', {}, {})]
[19:21:34] INFO    : Creating shader
[19:21:34] INFO    : No texture handle for this shader.
[19:21:34] INFO    : Shader creation passed. Variables: {'shader': 81, 'uniform_handles': {'model': 0, 'view': 3, 'projection': 2, 'color': 1}, 'custom_uniform_handles': {}}
[19:21:34] INFO    : Updating skybox color to (0.10980392156862745, 0.028, 0.028, 1)
[19:21:34] CRUCIAL : []
[19:21:34] CRUCIAL : []
[19:21:34] CRUCIAL : [(1, 'shaders/example.vert', 'shaders/example.frag', 100, 1.7777777777777777, 0.1, 200, 'model', 'view', 'projection', None, 'objectColor', {}, {})]
[19:21:34] INFO    : Creating shader
[19:21:34] INFO    : No texture handle for this shader.
[19:21:34] INFO    : Shader creation passed. Variables: {'shader': 84, 'uniform_handles': {'model': 0, 'view': 3, 'projection': 2, 'color': 1}, 'custom_uniform_handles': {}}
[19:21:34] INFO    : Updating skybox color to (0.11372549019607843, 0.029, 0.029, 1)
[19:21:34] CRUCIAL : []
[19:21:34] CRUCIAL : []
[19:21:34] CRUCIAL : [(1, 'shaders/example.vert', 'shaders/example.frag', 100, 1.7777777777777777, 0.1, 200, 'model', 'view', 'projection', None, 'objectColor', {}, {})]
[19:21:34] INFO    : Creating shader
[19:21:34] INFO    : No texture handle for this shader.
[19:21:34] INFO    : Shader creation passed. Variables: {'shader': 87, 'uniform_handles': {'model': 0, 'view': 3, 'projection': 2, 'color': 1}, 'custom_uniform_handles': {}}
[19:21:34] INFO    : Updating skybox color to (0.11764705882352941, 0.03, 0.03, 1)
[19:21:34] CRUCIAL : []
[19:21:34] CRUCIAL : []
[19:21:34] CRUCIAL : [(1, 'shaders/example.vert', 'shaders/example.frag', 100, 1.7777777777777777, 0.1, 200, 'model', 'view', 'projection', None, 'objectColor', {}, {})]
[19:21:34] INFO    : Creating shader
[19:21:34] INFO    : No texture handle for this shader.
[19:21:34] INFO    : Shader creation passed. Variables: {'shader': 90, 'uniform_handles': {'model': 0, 'view': 3, 'projection': 2, 'color': 1}, 'custom_uniform_handles': {}}
[19:21:34] INFO    : Updating skybox color to (0.12156862745098039, 0.031, 0.031, 1)
[19:21:34] CRUCIAL : []
[19:21:34] CRUCIAL : []
[19:21:34] CRUCIAL : [(1, 'shaders/example.vert', 'shaders/example.frag', 100, 1.7777777777777777, 0.1, 200, 'model', 'view', 'projection', None, 'objectColor', {}, {})]
[19:21:34] INFO    : Creating shader
[19:21:34] INFO    : No texture handle for this shader.
[19:21:34] INFO    : Shader creation passed. Variables: {'shader': 93, 'uniform_handles': {'model': 0, 'view': 3, 'projection': 2, 'color': 1}, 'custom_uniform_handles': {}}
[19:21:34] INFO    : Updating skybox color to (0.12549019607843137, 0.032, 0.032, 1)
[19:21:34] CRUCIAL : []
[19:21:35] CRUCIAL : []
[19:21:35] CRUCIAL : [(1, 'shaders/example.vert', 'shaders/example.frag', 100, 1.7777777777777777, 0.1, 200, 'model', 'view', 'projection', None, 'objectColor', {}, {})]
[19:21:35] INFO    : Creating shader
[19:21:35] INFO    : No texture handle for this shader.
[19:21:35] INFO    : Shader creation passed. Variables: {'shader': 96, 'uniform_handles': {'model': 0, 'view': 3, 'projection': 2, 'color': 1}, 'custom_uniform_handles': {}}
[19:21:35] INFO    : Updating skybox color to (0.12941176470588237, 0.033, 0.033, 1)
[19:21:35] CRUCIAL : []
[19:21:35] CRUCIAL : []
[19:21:35] CRUCIAL : [(1, 'shaders/example.vert', 'shaders/example.frag', 100, 1.7777777777777777, 0.1, 200, 'model', 'view', 'projection', None, 'objectColor', {}, {})]
[19:21:35] INFO    : Creating shader
[19:21:35] INFO    : No texture handle for this shader.
[19:21:35] INFO    : Shader creation passed. Variables: {'shader': 99, 'uniform_handles': {'model': 0, 'view': 3, 'projection': 2, 'color': 1}, 'custom_uniform_handles': {}}
[19:21:35] INFO    : Updating skybox color to (0.13333333333333333, 0.034, 0.034, 1)
[19:21:35] CRUCIAL : []
[19:21:35] CRUCIAL : []
[19:21:35] CRUCIAL : [(1, 'shaders/example.vert', 'shaders/example.frag', 100, 1.7777777777777777, 0.1, 200, 'model', 'view', 'projection', None, 'objectColor', {}, {})]
[19:21:35] INFO    : Creating shader
[19:21:35] INFO    : No texture handle for this shader.
[19:21:35] INFO    : Shader creation passed. Variables: {'shader': 102, 'uniform_handles': {'model': 0, 'view': 3, 'projection': 2, 'color': 1}, 'custom_uniform_handles': {}}
[19:21:35] INFO    : Updating skybox color to (0.13725490196078433, 0.035, 0.035, 1)
[19:21:35] CRUCIAL : []
[19:21:35] CRUCIAL : []
[19:21:35] CRUCIAL : [(1, 'shaders/example.vert', 'shaders/example.frag', 100, 1.7777777777777777, 0.1, 200, 'model', 'view', 'projection', None, 'objectColor', {}, {})]
[19:21:35] INFO    : Creating shader
[19:21:35] INFO    : No texture handle for this shader.
[19:21:35] INFO    : Shader creation passed. Variables: {'shader': 105, 'uniform_handles': {'model': 0, 'view': 3, 'projection': 2, 'color': 1}, 'custom_uniform_handles': {}}
[19:21:35] INFO    : Updating skybox color to (0.1411764705882353, 0.036, 0.036, 1)
[19:21:35] CRUCIAL : []
[19:21:35] CRUCIAL : []
[19:21:35] CRUCIAL : [(1, 'shaders/example.vert', 'shaders/example.frag', 100, 1.7777777777777777, 0.1, 200, 'model', 'view', 'projection', None, 'objectColor', {}, {})]
[19:21:35] INFO    : Creating shader
[19:21:35] INFO    : No texture handle for this shader.
[19:21:35] INFO    : Shader creation passed. Variables: {'shader': 108, 'uniform_handles': {'model': 0, 'view': 3, 'projection': 2, 'color': 1}, 'custom_uniform_handles': {}}
[19:21:35] INFO    : Updating skybox color to (0.1450980392156863, 0.037, 0.037, 1)
[19:21:35] CRUCIAL : []
[19:21:35] CRUCIAL : []
[19:21:35] CRUCIAL : [(1, 'shaders/example.vert', 'shaders/example.frag', 100, 1.7777777777777777, 0.1, 200, 'model', 'view', 'projection', None, 'objectColor', {}, {})]
[19:21:35] INFO    : Creating shader
[19:21:35] INFO    : No texture handle for this shader.
[19:21:35] INFO    : Shader creation passed. Variables: {'shader': 111, 'uniform_handles': {'model': 0, 'view': 3, 'projection': 2, 'color': 1}, 'custom_uniform_handles': {}}
[19:21:35] INFO    : Updating skybox color to (0.14901960784313725, 0.038, 0.038, 1)
[19:21:35] CRUCIAL : []
[19:21:35] CRUCIAL : []
[19:21:35] CRUCIAL : [(1, 'shaders/example.vert', 'shaders/example.frag', 100, 1.7777777777777777, 0.1, 200, 'model', 'view', 'projection', None, 'objectColor', {}, {})]
[19:21:35] INFO    : Creating shader
[19:21:35] INFO    : No texture handle for this shader.
[19:21:35] INFO    : Shader creation passed. Variables: {'shader': 114, 'uniform_handles': {'model': 0, 'view': 3, 'projection': 2, 'color': 1}, 'custom_uniform_handles': {}}
[19:21:35] INFO    : Updating skybox color to (0.15294117647058825, 0.039, 0.039, 1)
[19:21:35] CRUCIAL : []
[19:21:35] CRUCIAL : []
[19:21:35] CRUCIAL : [(1, 'shaders/example.vert', 'shaders/example.frag', 100, 1.7777777777777777, 0.1, 200, 'model', 'view', 'projection', None, 'objectColor', {}, {})]
[19:21:35] INFO    : Creating shader
[19:21:35] INFO    : No texture handle for this shader.
[19:21:35] INFO    : Shader creation passed. Variables: {'shader': 117, 'uniform_handles': {'model': 0, 'view': 3, 'projection': 2, 'color': 1}, 'custom_uniform_handles': {}}
[19:21:35] INFO    : Updating skybox color to (0.1568627450980392, 0.04, 0.04, 1)
[19:21:35] CRUCIAL : []
[19:21:35] CRUCIAL : []
[19:21:35] CRUCIAL : [(1, 'shaders/example.vert', 'shaders/example.frag', 100, 1.7777777777777777, 0.1, 200, 'model', 'view', 'projection', None, 'objectColor', {}, {})]
[19:21:35] INFO    : Creating shader
[19:21:35] INFO    : No texture handle for this shader.
[19:21:35] INFO    : Shader creation passed. Variables: {'shader': 120, 'uniform_handles': {'model': 0, 'view': 3, 'projection': 2, 'color': 1}, 'custom_uniform_handles': {}}
[19:21:35] INFO    : Updating skybox color to (0.1607843137254902, 0.041, 0.041, 1)
[19:21:35] CRUCIAL : []
[19:21:35] CRUCIAL : []
[19:21:35] CRUCIAL : []
[19:21:35] CRUCIAL : [(1, 'shaders/example.vert', 'shaders/example.frag', 100, 1.7777777777777777, 0.1, 200, 'model', 'view', 'projection', None, 'objectColor', {}, {})]
[19:21:35] INFO    : Creating shader
[19:21:35] INFO    : No texture handle for this shader.
[19:21:35] INFO    : Shader creation passed. Variables: {'shader': 123, 'uniform_handles': {'model': 0, 'view': 3, 'projection': 2, 'color': 1}, 'custom_uniform_handles': {}}
[19:21:35] INFO    : Updating skybox color to (0.16470588235294117, 0.042, 0.042, 1)
[19:21:35] CRUCIAL : []
[19:21:35] CRUCIAL : []
[19:21:35] CRUCIAL : [(1, 'shaders/example.vert', 'shaders/example.frag', 100, 1.7777777777777777, 0.1, 200, 'model', 'view', 'projection', None, 'objectColor', {}, {})]
[19:21:35] INFO    : Creating shader
[19:21:35] INFO    : No texture handle for this shader.
[19:21:35] INFO    : Shader creation passed. Variables: {'shader': 126, 'uniform_handles': {'model': 0, 'view': 3, 'projection': 2, 'color': 1}, 'custom_uniform_handles': {}}
[19:21:35] INFO    : Updating skybox color to (0.16862745098039217, 0.043, 0.043, 1)
[19:21:35] CRUCIAL : []
[19:21:35] CRUCIAL : []
[19:21:35] CRUCIAL : [(1, 'shaders/example.vert', 'shaders/example.frag', 100, 1.7777777777777777, 0.1, 200, 'model', 'view', 'projection', None, 'objectColor', {}, {})]
[19:21:35] INFO    : Creating shader
[19:21:35] INFO    : No texture handle for this shader.
[19:21:35] INFO    : Shader creation passed. Variables: {'shader': 129, 'uniform_handles': {'model': 0, 'view': 3, 'projection': 2, 'color': 1}, 'custom_uniform_handles': {}}
[19:21:35] INFO    : Updating skybox color to (0.17254901960784313, 0.044, 0.044, 1)
[19:21:35] CRUCIAL : []
[19:21:35] CRUCIAL : []
[19:21:35] CRUCIAL : [(1, 'shaders/example.vert', 'shaders/example.frag', 100, 1.7777777777777777, 0.1, 200, 'model', 'view', 'projection', None, 'objectColor', {}, {})]
[19:21:35] INFO    : Creating shader
[19:21:35] INFO    : No texture handle for this shader.
[19:21:35] INFO    : Shader creation passed. Variables: {'shader': 132, 'uniform_handles': {'model': 0, 'view': 3, 'projection': 2, 'color': 1}, 'custom_uniform_handles': {}}
[19:21:35] INFO    : Updating skybox color to (0.17647058823529413, 0.045, 0.045, 1)
[19:21:35] CRUCIAL : []
[19:21:35] CRUCIAL : []
[19:21:35] CRUCIAL : [(1, 'shaders/example.vert', 'shaders/example.frag', 100, 1.7777777777777777, 0.1, 200, 'model', 'view', 'projection', None, 'objectColor', {}, {})]
[19:21:35] INFO    : Creating shader
[19:21:35] INFO    : No texture handle for this shader.
[19:21:35] INFO    : Shader creation passed. Variables: {'shader': 135, 'uniform_handles': {'model': 0, 'view': 3, 'projection': 2, 'color': 1}, 'custom_uniform_handles': {}}
[19:21:35] INFO    : Updating skybox color to (0.1803921568627451, 0.046, 0.046, 1)
[19:21:35] CRUCIAL : []
[19:21:35] CRUCIAL : []
[19:21:35] CRUCIAL : [(1, 'shaders/example.vert', 'shaders/example.frag', 100, 1.7777777777777777, 0.1, 200, 'model', 'view', 'projection', None, 'objectColor', {}, {})]
[19:21:35] INFO    : Creating shader
[19:21:35] INFO    : No texture handle for this shader.
[19:21:35] INFO    : Shader creation passed. Variables: {'shader': 138, 'uniform_handles': {'model': 0, 'view': 3, 'projection': 2, 'color': 1}, 'custom_uniform_handles': {}}
[19:21:35] INFO    : Updating skybox color to (0.1843137254901961, 0.047, 0.047, 1)
[19:21:35] CRUCIAL : []
[19:21:35] CRUCIAL : []
[19:21:35] CRUCIAL : [(1, 'shaders/example.vert', 'shaders/example.frag', 100, 1.7777777777777777, 0.1, 200, 'model', 'view', 'projection', None, 'objectColor', {}, {})]
[19:21:35] INFO    : Creating shader
[19:21:35] INFO    : No texture handle for this shader.
[19:21:35] INFO    : Shader creation passed. Variables: {'shader': 141, 'uniform_handles': {'model': 0, 'view': 3, 'projection': 2, 'color': 1}, 'custom_uniform_handles': {}}
[19:21:35] INFO    : Updating skybox color to (0.18823529411764706, 0.048, 0.048, 1)
[19:21:35] CRUCIAL : []
[19:21:35] CRUCIAL : []
[19:21:35] CRUCIAL : [(1, 'shaders/example.vert', 'shaders/example.frag', 100, 1.7777777777777777, 0.1, 200, 'model', 'view', 'projection', None, 'objectColor', {}, {})]
[19:21:35] INFO    : Creating shader
[19:21:35] INFO    : No texture handle for this shader.
[19:21:35] INFO    : Shader creation passed. Variables: {'shader': 144, 'uniform_handles': {'model': 0, 'view': 3, 'projection': 2, 'color': 1}, 'custom_uniform_handles': {}}
[19:21:35] INFO    : Updating skybox color to (0.19215686274509805, 0.049, 0.049, 1)
[19:21:35] CRUCIAL : []
[19:21:35] CRUCIAL : []
[19:21:35] CRUCIAL : [(1, 'shaders/example.vert', 'shaders/example.frag', 100, 1.7777777777777777, 0.1, 200, 'model', 'view', 'projection', None, 'objectColor', {}, {})]
[19:21:35] INFO    : Creating shader
[19:21:35] INFO    : No texture handle for this shader.
[19:21:35] INFO    : Shader creation passed. Variables: {'shader': 147, 'uniform_handles': {'model': 0, 'view': 3, 'projection': 2, 'color': 1}, 'custom_uniform_handles': {}}
[19:21:35] INFO    : Updating skybox color to (0.19607843137254902, 0.05, 0.05, 1)
[19:21:35] CRUCIAL : []
[19:21:35] CRUCIAL : []
[19:21:35] CRUCIAL : [(1, 'shaders/example.vert', 'shaders/example.frag', 100, 1.7777777777777777, 0.1, 200, 'model', 'view', 'projection', None, 'objectColor', {}, {})]
[19:21:35] INFO    : Creating shader
[19:21:35] INFO    : No texture handle for this shader.
[19:21:35] INFO    : Shader creation passed. Variables: {'shader': 150, 'uniform_handles': {'model': 0, 'view': 3, 'projection': 2, 'color': 1}, 'custom_uniform_handles': {}}
[19:21:35] INFO    : Updating skybox color to (0.2, 0.051, 0.051, 1)
[19:21:35] CRUCIAL : []
[19:21:35] CRUCIAL : []
[19:21:35] CRUCIAL : [(1, 'shaders/example.vert', 'shaders/example.frag', 100, 1.7777777777777777, 0.1, 200, 'model', 'view', 'projection', None, 'objectColor', {}, {})]
[19:21:35] INFO    : Creating shader
[19:21:35] INFO    : No texture handle for this shader.
[19:21:35] INFO    : Shader creation passed. Variables: {'shader': 153, 'uniform_handles': {'model': 0, 'view': 3, 'projection': 2, 'color': 1}, 'custom_uniform_handles': {}}
[19:21:35] INFO    : Updating skybox color to (0.20392156862745098, 0.052, 0.052, 1)
[19:21:35] CRUCIAL : []
[19:21:35] CRUCIAL : []
[19:21:35] CRUCIAL : [(1, 'shaders/example.vert', 'shaders/example.frag', 100, 1.7777777777777777, 0.1, 200, 'model', 'view', 'projection', None, 'objectColor', {}, {})]
[19:21:35] INFO    : Creating shader
[19:21:35] INFO    : No texture handle for this shader.
[19:21:35] INFO    : Shader creation passed. Variables: {'shader': 156, 'uniform_handles': {'model': 0, 'view': 3, 'projection': 2, 'color': 1}, 'custom_uniform_handles': {}}
[19:21:35] INFO    : Updating skybox color to (0.20784313725490197, 0.053, 0.053, 1)
[19:21:35] CRUCIAL : []
[19:21:35] CRUCIAL : []
[19:21:35] CRUCIAL : [(1, 'shaders/example.vert', 'shaders/example.frag', 100, 1.7777777777777777, 0.1, 200, 'model', 'view', 'projection', None, 'objectColor', {}, {})]
[19:21:35] INFO    : Creating shader
[19:21:35] INFO    : No texture handle for this shader.
[19:21:35] INFO    : Shader creation passed. Variables: {'shader': 159, 'uniform_handles': {'model': 0, 'view': 3, 'projection': 2, 'color': 1}, 'custom_uniform_handles': {}}
[19:21:35] INFO    : Updating skybox color to (0.21176470588235294, 0.054, 0.054, 1)
[19:21:35] CRUCIAL : []
[19:21:35] CRUCIAL : []
[19:21:35] CRUCIAL : [(1, 'shaders/example.vert', 'shaders/example.frag', 100, 1.7777777777777777, 0.1, 200, 'model', 'view', 'projection', None, 'objectColor', {}, {})]
[19:21:35] INFO    : Creating shader
[19:21:35] INFO    : No texture handle for this shader.
[19:21:35] INFO    : Shader creation passed. Variables: {'shader': 162, 'uniform_handles': {'model': 0, 'view': 3, 'projection': 2, 'color': 1}, 'custom_uniform_handles': {}}
[19:21:35] INFO    : Updating skybox color to (0.21568627450980393, 0.055, 0.055, 1)
[19:21:35] CRUCIAL : []
[19:21:35] CRUCIAL : []
[19:21:35] CRUCIAL : []
[19:21:35] CRUCIAL : [(1, 'shaders/example.vert', 'shaders/example.frag', 100, 1.7777777777777777, 0.1, 200, 'model', 'view', 'projection', None, 'objectColor', {}, {})]
[19:21:35] INFO    : Creating shader
[19:21:35] INFO    : No texture handle for this shader.
[19:21:35] INFO    : Shader creation passed. Variables: {'shader': 165, 'uniform_handles': {'model': 0, 'view': 3, 'projection': 2, 'color': 1}, 'custom_uniform_handles': {}}
[19:21:35] INFO    : Updating skybox color to (0.2196078431372549, 0.056, 0.056, 1)
[19:21:35] CRUCIAL : []
[19:21:35] CRUCIAL : []
[19:21:36] CRUCIAL : [(1, 'shaders/example.vert', 'shaders/example.frag', 100, 1.7777777777777777, 0.1, 200, 'model', 'view', 'projection', None, 'objectColor', {}, {})]
[19:21:36] INFO    : Creating shader
[19:21:36] INFO    : No texture handle for this shader.
[19:21:36] INFO    : Shader creation passed. Variables: {'shader': 168, 'uniform_handles': {'model': 0, 'view': 3, 'projection': 2, 'color': 1}, 'custom_uniform_handles': {}}
[19:21:36] INFO    : Updating skybox color to (0.2235294117647059, 0.057, 0.057, 1)
[19:21:36] CRUCIAL : []
[19:21:36] CRUCIAL : []
[19:21:36] CRUCIAL : [(1, 'shaders/example.vert', 'shaders/example.frag', 100, 1.7777777777777777, 0.1, 200, 'model', 'view', 'projection', None, 'objectColor', {}, {})]
[19:21:36] INFO    : Creating shader
[19:21:36] INFO    : No texture handle for this shader.
[19:21:36] INFO    : Shader creation passed. Variables: {'shader': 171, 'uniform_handles': {'model': 0, 'view': 3, 'projection': 2, 'color': 1}, 'custom_uniform_handles': {}}
[19:21:36] INFO    : Updating skybox color to (0.22745098039215686, 0.058, 0.058, 1)
[19:21:36] CRUCIAL : []
[19:21:36] CRUCIAL : []
[19:21:36] CRUCIAL : [(1, 'shaders/example.vert', 'shaders/example.frag', 100, 1.7777777777777777, 0.1, 200, 'model', 'view', 'projection', None, 'objectColor', {}, {})]
[19:21:36] INFO    : Creating shader
[19:21:36] INFO    : No texture handle for this shader.
[19:21:36] INFO    : Shader creation passed. Variables: {'shader': 174, 'uniform_handles': {'model': 0, 'view': 3, 'projection': 2, 'color': 1}, 'custom_uniform_handles': {}}
[19:21:36] INFO    : Updating skybox color to (0.23137254901960785, 0.059, 0.059, 1)
[19:21:36] CRUCIAL : []
[19:21:36] CRUCIAL : []
[19:21:36] CRUCIAL : [(1, 'shaders/example.vert', 'shaders/example.frag', 100, 1.7777777777777777, 0.1, 200, 'model', 'view', 'projection', None, 'objectColor', {}, {})]
[19:21:36] INFO    : Creating shader
[19:21:36] INFO    : No texture handle for this shader.
[19:21:36] INFO    : Shader creation passed. Variables: {'shader': 177, 'uniform_handles': {'model': 0, 'view': 3, 'projection': 2, 'color': 1}, 'custom_uniform_handles': {}}
[19:21:36] INFO    : Updating skybox color to (0.23529411764705882, 0.06, 0.06, 1)
[19:21:36] CRUCIAL : []
[19:21:36] CRUCIAL : []
[19:21:36] CRUCIAL : [(1, 'shaders/example.vert', 'shaders/example.frag', 100, 1.7777777777777777, 0.1, 200, 'model', 'view', 'projection', None, 'objectColor', {}, {})]
[19:21:36] INFO    : Creating shader
[19:21:36] INFO    : No texture handle for this shader.
[19:21:36] INFO    : Shader creation passed. Variables: {'shader': 180, 'uniform_handles': {'model': 0, 'view': 3, 'projection': 2, 'color': 1}, 'custom_uniform_handles': {}}
[19:21:36] INFO    : Updating skybox color to (0.23921568627450981, 0.061, 0.061, 1)
[19:21:36] CRUCIAL : []
[19:21:36] CRUCIAL : []
[19:21:36] CRUCIAL : [(1, 'shaders/example.vert', 'shaders/example.frag', 100, 1.7777777777777777, 0.1, 200, 'model', 'view', 'projection', None, 'objectColor', {}, {})]
[19:21:36] INFO    : Creating shader
[19:21:36] INFO    : No texture handle for this shader.
[19:21:36] INFO    : Shader creation passed. Variables: {'shader': 183, 'uniform_handles': {'model': 0, 'view': 3, 'projection': 2, 'color': 1}, 'custom_uniform_handles': {}}
[19:21:36] INFO    : Updating skybox color to (0.24313725490196078, 0.062, 0.062, 1)
[19:21:36] CRUCIAL : []
[19:21:36] CRUCIAL : []
[19:21:36] CRUCIAL : [(1, 'shaders/example.vert', 'shaders/example.frag', 100, 1.7777777777777777, 0.1, 200, 'model', 'view', 'projection', None, 'objectColor', {}, {})]
[19:21:36] INFO    : Creating shader
[19:21:36] INFO    : No texture handle for this shader.
[19:21:36] INFO    : Shader creation passed. Variables: {'shader': 186, 'uniform_handles': {'model': 0, 'view': 3, 'projection': 2, 'color': 1}, 'custom_uniform_handles': {}}
[19:21:36] INFO    : Updating skybox color to (0.24705882352941178, 0.063, 0.063, 1)
[19:21:36] CRUCIAL : []
[19:21:36] CRUCIAL : []
[19:21:36] CRUCIAL : [(1, 'shaders/example.vert', 'shaders/example.frag', 100, 1.7777777777777777, 0.1, 200, 'model', 'view', 'projection', None, 'objectColor', {}, {})]
[19:21:36] INFO    : Creating shader
[19:21:36] INFO    : No texture handle for this shader.
[19:21:36] INFO    : Shader creation passed. Variables: {'shader': 189, 'uniform_handles': {'model': 0, 'view': 3, 'projection': 2, 'color': 1}, 'custom_uniform_handles': {}}
[19:21:36] INFO    : Updating skybox color to (0.25098039215686274, 0.064, 0.064, 1)
[19:21:36] CRUCIAL : []
[19:21:36] CRUCIAL : []
[19:21:36] CRUCIAL : [(1, 'shaders/example.vert', 'shaders/example.frag', 100, 1.7777777777777777, 0.1, 200, 'model', 'view', 'projection', None, 'objectColor', {}, {})]
[19:21:36] INFO    : Creating shader
[19:21:36] INFO    : No texture handle for this shader.
[19:21:36] INFO    : Shader creation passed. Variables: {'shader': 192, 'uniform_handles': {'model': 0, 'view': 3, 'projection': 2, 'color': 1}, 'custom_uniform_handles': {}}
[19:21:36] INFO    : Updating skybox color to (0.2549019607843137, 0.065, 0.065, 1)
[19:21:36] CRUCIAL : []
[19:21:36] CRUCIAL : []
[19:21:36] CRUCIAL : [(1, 'shaders/example.vert', 'shaders/example.frag', 100, 1.7777777777777777, 0.1, 200, 'model', 'view', 'projection', None, 'objectColor', {}, {})]
[19:21:36] INFO    : Creating shader
[19:21:36] INFO    : No texture handle for this shader.
[19:21:36] INFO    : Shader creation passed. Variables: {'shader': 195, 'uniform_handles': {'model': 0, 'view': 3, 'projection': 2, 'color': 1}, 'custom_uniform_handles': {}}
[19:21:36] INFO    : Updating skybox color to (0.25882352941176473, 0.066, 0.066, 1)
[19:21:36] CRUCIAL : []
[19:21:36] CRUCIAL : []
[19:21:36] CRUCIAL : [(1, 'shaders/example.vert', 'shaders/example.frag', 100, 1.7777777777777777, 0.1, 200, 'model', 'view', 'projection', None, 'objectColor', {}, {})]
[19:21:36] INFO    : Creating shader
[19:21:36] INFO    : No texture handle for this shader.
[19:21:36] INFO    : Shader creation passed. Variables: {'shader': 198, 'uniform_handles': {'model': 0, 'view': 3, 'projection': 2, 'color': 1}, 'custom_uniform_handles': {}}
[19:21:36] INFO    : Updating skybox color to (0.2627450980392157, 0.067, 0.067, 1)
[19:21:36] CRUCIAL : []
[19:21:36] CRUCIAL : []
[19:21:36] CRUCIAL : [(1, 'shaders/example.vert', 'shaders/example.frag', 100, 1.7777777777777777, 0.1, 200, 'model', 'view', 'projection', None, 'objectColor', {}, {})]
[19:21:36] INFO    : Creating shader
[19:21:36] INFO    : No texture handle for this shader.
[19:21:36] INFO    : Shader creation passed. Variables: {'shader': 201, 'uniform_handles': {'model': 0, 'view': 3, 'projection': 2, 'color': 1}, 'custom_uniform_handles': {}}
[19:21:36] INFO    : Updating skybox color to (0.26666666666666666, 0.068, 0.068, 1)
[19:21:36] CRUCIAL : []
[19:21:36] CRUCIAL : []
[19:21:36] CRUCIAL : []
[19:21:36] CRUCIAL : [(1, 'shaders/example.vert', 'shaders/example.frag', 100, 1.7777777777777777, 0.1, 200, 'model', 'view', 'projection', None, 'objectColor', {}, {})]
[19:21:36] INFO    : Creating shader
[19:21:36] INFO    : No texture handle for this shader.
[19:21:36] INFO    : Shader creation passed. Variables: {'shader': 204, 'uniform_handles': {'model': 0, 'view': 3, 'projection': 2, 'color': 1}, 'custom_uniform_handles': {}}
[19:21:36] INFO    : Updating skybox color to (0.27058823529411763, 0.069, 0.069, 1)
[19:21:36] CRUCIAL : []
[19:21:36] CRUCIAL : []
[19:21:36] CRUCIAL : [(1, 'shaders/example.vert', 'shaders/example.frag', 100, 1.7777777777777777, 0.1, 200, 'model', 'view', 'projection', None, 'objectColor', {}, {})]
[19:21:36] INFO    : Creating shader
[19:21:36] INFO    : No texture handle for this shader.
[19:21:36] INFO    : Shader creation passed. Variables: {'shader': 207, 'uniform_handles': {'model': 0, 'view': 3, 'projection': 2, 'color': 1}, 'custom_uniform_handles': {}}
[19:21:36] INFO    : Updating skybox color to (0.27450980392156865, 0.07, 0.07, 1)
[19:21:36] CRUCIAL : []
[19:21:36] CRUCIAL : []
[19:21:36] CRUCIAL : [(1, 'shaders/example.vert', 'shaders/example.frag', 100, 1.7777777777777777, 0.1, 200, 'model', 'view', 'projection', None, 'objectColor', {}, {})]
[19:21:36] INFO    : Creating shader
[19:21:36] INFO    : No texture handle for this shader.
[19:21:36] INFO    : Shader creation passed. Variables: {'shader': 210, 'uniform_handles': {'model': 0, 'view': 3, 'projection': 2, 'color': 1}, 'custom_uniform_handles': {}}
[19:21:36] INFO    : Updating skybox color to (0.2784313725490196, 0.071, 0.071, 1)
[19:21:36] CRUCIAL : []
[19:21:36] CRUCIAL : []
[19:21:36] CRUCIAL : [(1, 'shaders/example.vert', 'shaders/example.frag', 100, 1.7777777777777777, 0.1, 200, 'model', 'view', 'projection', None, 'objectColor', {}, {})]
[19:21:36] INFO    : Creating shader
[19:21:36] INFO    : No texture handle for this shader.
[19:21:36] INFO    : Shader creation passed. Variables: {'shader': 213, 'uniform_handles': {'model': 0, 'view': 3, 'projection': 2, 'color': 1}, 'custom_uniform_handles': {}}
[19:21:36] INFO    : Updating skybox color to (0.2823529411764706, 0.072, 0.072, 1)
[19:21:36] CRUCIAL : []
[19:21:36] CRUCIAL : []
[19:21:36] CRUCIAL : [(1, 'shaders/example.vert', 'shaders/example.frag', 100, 1.7777777777777777, 0.1, 200, 'model', 'view', 'projection', None, 'objectColor', {}, {})]
[19:21:36] INFO    : Creating shader
[19:21:36] INFO    : No texture handle for this shader.
[19:21:36] INFO    : Shader creation passed. Variables: {'shader': 216, 'uniform_handles': {'model': 0, 'view': 3, 'projection': 2, 'color': 1}, 'custom_uniform_handles': {}}
[19:21:36] INFO    : Updating skybox color to (0.28627450980392155, 0.073, 0.073, 1)
[19:21:36] CRUCIAL : []
[19:21:36] CRUCIAL : []
[19:21:36] CRUCIAL : [(1, 'shaders/example.vert', 'shaders/example.frag', 100, 1.7777777777777777, 0.1, 200, 'model', 'view', 'projection', None, 'objectColor', {}, {})]
[19:21:36] INFO    : Creating shader
[19:21:36] INFO    : No texture handle for this shader.
[19:21:36] INFO    : Shader creation passed. Variables: {'shader': 219, 'uniform_handles': {'model': 0, 'view': 3, 'projection': 2, 'color': 1}, 'custom_uniform_handles': {}}
[19:21:36] INFO    : Updating skybox color to (0.2901960784313726, 0.074, 0.074, 1)
[19:21:36] CRUCIAL : []
[19:21:36] CRUCIAL : []
[19:21:36] CRUCIAL : [(1, 'shaders/example.vert', 'shaders/example.frag', 100, 1.7777777777777777, 0.1, 200, 'model', 'view', 'projection', None, 'objectColor', {}, {})]
[19:21:36] INFO    : Creating shader
[19:21:36] INFO    : No texture handle for this shader.
[19:21:36] INFO    : Shader creation passed. Variables: {'shader': 222, 'uniform_handles': {'model': 0, 'view': 3, 'projection': 2, 'color': 1}, 'custom_uniform_handles': {}}
[19:21:36] INFO    : Updating skybox color to (0.29411764705882354, 0.075, 0.075, 1)
[19:21:36] CRUCIAL : []
[19:21:36] CRUCIAL : []
[19:21:36] CRUCIAL : [(1, 'shaders/example.vert', 'shaders/example.frag', 100, 1.7777777777777777, 0.1, 200, 'model', 'view', 'projection', None, 'objectColor', {}, {})]
[19:21:36] INFO    : Creating shader
[19:21:36] INFO    : No texture handle for this shader.
[19:21:36] INFO    : Shader creation passed. Variables: {'shader': 225, 'uniform_handles': {'model': 0, 'view': 3, 'projection': 2, 'color': 1}, 'custom_uniform_handles': {}}
[19:21:36] INFO    : Updating skybox color to (0.2980392156862745, 0.076, 0.076, 1)
[19:21:36] CRUCIAL : []
[19:21:36] CRUCIAL : []
[19:21:36] CRUCIAL : [(1, 'shaders/example.vert', 'shaders/example.frag', 100, 1.7777777777777777, 0.1, 200, 'model', 'view', 'projection', None, 'objectColor', {}, {})]
[19:21:36] INFO    : Creating shader
[19:21:36] INFO    : No texture handle for this shader.
[19:21:36] INFO    : Shader creation passed. Variables: {'shader': 228, 'uniform_handles': {'model': 0, 'view': 3, 'projection': 2, 'color': 1}, 'custom_uniform_handles': {}}
[19:21:36] INFO    : Updating skybox color to (0.30196078431372547, 0.077, 0.077, 1)
[19:21:36] CRUCIAL : []
[19:21:36] CRUCIAL : []
[19:21:36] CRUCIAL : [(1, 'shaders/example.vert', 'shaders/example.frag', 100, 1.7777777777777777, 0.1, 200, 'model', 'view', 'projection', None, 'objectColor', {}, {})]
[19:21:36] INFO    : Creating shader
[19:21:36] INFO    : No texture handle for this shader.
[19:21:36] INFO    : Shader creation passed. Variables: {'shader': 231, 'uniform_handles': {'model': 0, 'view': 3, 'projection': 2, 'color': 1}, 'custom_uniform_handles': {}}
[19:21:36] INFO    : Updating skybox color to (0.3058823529411765, 0.078, 0.078, 1)
[19:21:36] CRUCIAL : []
[19:21:36] CRUCIAL : []
[19:21:36] CRUCIAL : [(1, 'shaders/example.vert', 'shaders/example.frag', 100, 1.7777777777777777, 0.1, 200, 'model', 'view', 'projection', None, 'objectColor', {}, {})]
[19:21:36] INFO    : Creating shader
[19:21:36] INFO    : No texture handle for this shader.
[19:21:36] INFO    : Shader creation passed. Variables: {'shader': 234, 'uniform_handles': {'model': 0, 'view': 3, 'projection': 2, 'color': 1}, 'custom_uniform_handles': {}}
[19:21:36] INFO    : Updating skybox color to (0.30980392156862746, 0.079, 0.079, 1)
[19:21:36] CRUCIAL : []
[19:21:36] CRUCIAL : []
[19:21:36] CRUCIAL : [(1, 'shaders/example.vert', 'shaders/example.frag', 100, 1.7777777777777777, 0.1, 200, 'model', 'view', 'projection', None, 'objectColor', {}, {})]
[19:21:36] INFO    : Creating shader
[19:21:36] INFO    : No texture handle for this shader.
[19:21:36] INFO    : Shader creation passed. Variables: {'shader': 237, 'uniform_handles': {'model': 0, 'view': 3, 'projection': 2, 'color': 1}, 'custom_uniform_handles': {}}
[19:21:36] INFO    : Updating skybox color to (0.3137254901960784, 0.08, 0.08, 1)
[19:21:36] CRUCIAL : []
[19:21:36] CRUCIAL : []
[19:21:36] CRUCIAL : [(1, 'shaders/example.vert', 'shaders/example.frag', 100, 1.7777777777777777, 0.1, 200, 'model', 'view', 'projection', None, 'objectColor', {}, {})]
[19:21:36] INFO    : Creating shader
[19:21:36] INFO    : No texture handle for this shader.
[19:21:36] INFO    : Shader creation passed. Variables: {'shader': 240, 'uniform_handles': {'model': 0, 'view': 3, 'projection': 2, 'color': 1}, 'custom_uniform_handles': {}}
[19:21:36] INFO    : Updating skybox color to (0.3176470588235294, 0.081, 0.081, 1)
[19:21:36] CRUCIAL : []
[19:21:37] CRUCIAL : []
[19:21:37] CRUCIAL : [(1, 'shaders/example.vert', 'shaders/example.frag', 100, 1.7777777777777777, 0.1, 200, 'model', 'view', 'projection', None, 'objectColor', {}, {})]
[19:21:37] INFO    : Creating shader
[19:21:37] INFO    : No texture handle for this shader.
[19:21:37] INFO    : Shader creation passed. Variables: {'shader': 243, 'uniform_handles': {'model': 0, 'view': 3, 'projection': 2, 'color': 1}, 'custom_uniform_handles': {}}
[19:21:37] INFO    : Updating skybox color to (0.3215686274509804, 0.082, 0.082, 1)
[19:21:37] CRUCIAL : []
[19:21:37] CRUCIAL : []
[19:21:37] CRUCIAL : [(1, 'shaders/example.vert', 'shaders/example.frag', 100, 1.7777777777777777, 0.1, 200, 'model', 'view', 'projection', None, 'objectColor', {}, {})]
[19:21:37] INFO    : Creating shader
[19:21:37] INFO    : No texture handle for this shader.
[19:21:37] INFO    : Shader creation passed. Variables: {'shader': 246, 'uniform_handles': {'model': 0, 'view': 3, 'projection': 2, 'color': 1}, 'custom_uniform_handles': {}}
[19:21:37] INFO    : Updating skybox color to (0.3254901960784314, 0.083, 0.083, 1)
[19:21:37] CRUCIAL : []
[19:21:37] CRUCIAL : []
[19:21:37] CRUCIAL : []
[19:21:37] CRUCIAL : [(1, 'shaders/example.vert', 'shaders/example.frag', 100, 1.7777777777777777, 0.1, 200, 'model', 'view', 'projection', None, 'objectColor', {}, {})]
[19:21:37] INFO    : Creating shader
[19:21:37] INFO    : No texture handle for this shader.
[19:21:37] INFO    : Shader creation passed. Variables: {'shader': 249, 'uniform_handles': {'model': 0, 'view': 3, 'projection': 2, 'color': 1}, 'custom_uniform_handles': {}}
[19:21:37] INFO    : Updating skybox color to (0.32941176470588235, 0.084, 0.084, 1)
[19:21:37] CRUCIAL : []
[19:21:37] CRUCIAL : []
[19:21:37] CRUCIAL : [(1, 'shaders/example.vert', 'shaders/example.frag', 100, 1.7777777777777777, 0.1, 200, 'model', 'view', 'projection', None, 'objectColor', {}, {})]
[19:21:37] INFO    : Creating shader
[19:21:37] INFO    : No texture handle for this shader.
[19:21:37] INFO    : Shader creation passed. Variables: {'shader': 252, 'uniform_handles': {'model': 0, 'view': 3, 'projection': 2, 'color': 1}, 'custom_uniform_handles': {}}
[19:21:37] INFO    : Updating skybox color to (0.3333333333333333, 0.085, 0.085, 1)
[19:21:37] CRUCIAL : []
[19:21:37] CRUCIAL : []
[19:21:37] CRUCIAL : [(1, 'shaders/example.vert', 'shaders/example.frag', 100, 1.7777777777777777, 0.1, 200, 'model', 'view', 'projection', None, 'objectColor', {}, {})]
[19:21:37] INFO    : Creating shader
[19:21:37] INFO    : No texture handle for this shader.
[19:21:37] INFO    : Shader creation passed. Variables: {'shader': 255, 'uniform_handles': {'model': 0, 'view': 3, 'projection': 2, 'color': 1}, 'custom_uniform_handles': {}}
[19:21:37] INFO    : Updating skybox color to (0.33725490196078434, 0.086, 0.086, 1)
[19:21:37] CRUCIAL : []
[19:21:37] CRUCIAL : []
[19:21:37] CRUCIAL : [(1, 'shaders/example.vert', 'shaders/example.frag', 100, 1.7777777777777777, 0.1, 200, 'model', 'view', 'projection', None, 'objectColor', {}, {})]
[19:21:37] INFO    : Creating shader
[19:21:37] INFO    : No texture handle for this shader.
[19:21:37] INFO    : Shader creation passed. Variables: {'shader': 258, 'uniform_handles': {'model': 0, 'view': 3, 'projection': 2, 'color': 1}, 'custom_uniform_handles': {}}
[19:21:37] INFO    : Updating skybox color to (0.3411764705882353, 0.087, 0.087, 1)
[19:21:43] CRUCIAL : Exit main thread
[19:21:43] INFO    : Program terminating
