Logfile created with verbose level LOG_ONLY on 17/06/2025 at 16:10:24. Have fun <3

[16:10:24] INFO    : MessageLogger verbose type updated from LOG_ONLY to INFO
[16:10:24] INFO    : Imported settings: {'_comment0': 'DEBUG             | Supported levels: [NONE, LOG_ONLY, ERROR, WARNING, CRUCIAL, INFO]', 'verbose_type': 'INFO', '_comment1': 'SCREEN RESOLUTION | window_resolution irrelevant unless fullscreen is true; fullscreen overwride window_resolution to monitor resolution; windowed false will overwrite fullscreen to true', 'window_resolution': [200, 500], 'fullscreen': True, 'windowed': False, '_comment2': 'SCREEN FPS        | setting max_fps to 0 disables the fps cap; vsync will overwride max_fps to match window fps to monitor fps', 'max_fps': 0, 'vsync': True, '_comment3': 'MOUSE AND CURSOR  | raw_mouse_input will enable raw mouse movement (bypass windows mouse acceleration)', 'raw_mouse_input': True, 'mouse_sensitivity': 1, 'hide_cursor': True, 'center_cursor_on_creation': True, '_comment4': "KEY BINDS         | Avalable keys: https://www.glfw.org/docs/3.3/group__keys.html (Remove the 'GLFW_KEY_' prefix)", 'key_binds': {'jump': 'SPACE', 'forward': 'W', 'back': 'S', 'left': 'A', 'right': 'D'}}
[16:10:24] INFO    : Window variable validation passed. Variables: {'size': [200, 500], 'caption': 'Into Havoc', 'fullscreen': True, 'windowed': False, 'vsync': True, 'max_fps': 0, 'raw_mouse_input': True, 'center_cursor_on_creation': True, 'hide_cursor': True}
[16:10:24] INFO    : Window fullscreen.
[16:10:25] INFO    : Window creation passed. Variables: {'size': Size(width=1920, height=1080), 'caption': 'Into Havoc', 'fullscreen': True, 'windowed': False, 'vsync': True, 'max_fps': 0, 'raw_mouse_input': True, 'center_cursor_on_creation': True, 'hide_cursor': True, 'monitor': <glfw.LP__GLFWmonitor object at 0x0000028EDEA4CED0>, 'video_mode': GLFWvidmode(size=Size(width=1920, height=1080), bits=Bits(red=8, green=8, blue=8), refresh_rate=75), 'display_size': Size(width=1920, height=1080), 'aspect_ratio': 1.7777777777777777, 'window': <glfw.LP__GLFWwindow object at 0x0000028EDEA4CFD0>}
[16:10:25] INFO    : Setting up Graphics Engine
[16:10:25] INFO    : Creating shader
[16:10:25] INFO    : No texture handle for this shader.
[16:10:25] INFO    : Shader creation passed. Variables: {'shader': 3, 'uniform_handles': {'model': 0, 'view': 3, 'projection': 2, 'color': 1}, 'custom_uniform_handles': {}}
[16:10:25] INFO    : Shader creation passed variable validation.
[16:10:25] INFO    : Object creation passed variable validation.
[16:10:25] INFO    : Object creation passed variable validation.
[16:10:25] INFO    : Object creation passed variable validation.
[16:10:25] INFO    : Object creation passed variable validation.
[16:10:25] INFO    : Object creation passed variable validation.
[16:10:25] INFO    : Object creation passed variable validation.
[16:10:25] INFO    : Keystates: {}
[16:10:25] ERROR   : Fatal termination error:

Traceback (most recent call last):
  File "c:\Users\laket\OneDrive\Documents\Code\GitHub\PyCode\LakeGraphicsFramework\example.py", line 33, in catch_main
    main()
  File "c:\Users\laket\OneDrive\Documents\Code\GitHub\PyCode\LakeGraphicsFramework\example.py", line 68, in main
    graphics.set_view()
  File "c:\Users\laket\OneDrive\Documents\Code\GitHub\PyCode\LakeGraphicsFramework\LakeGraphicsFramework.py", line 1115, in set_view
    validate_type("pos", pos, Coordinate)
  File "c:\Users\laket\OneDrive\Documents\Code\GitHub\PyCode\LakeGraphicsFramework\variable_type_validation.py", line 51, in validate_type
    _validate_coordinate(name, var)
  File "c:\Users\laket\OneDrive\Documents\Code\GitHub\PyCode\LakeGraphicsFramework\variable_type_validation.py", line 91, in _validate_coordinate
    raise TypeError(f"Invalid type for Coordinate '{name}'. Expected {Sequence}, got {type(var)}.")
TypeError: Invalid type for Coordinate 'pos'. Expected <class 'collections.abc.Sequence'>, got <class 'NoneType'>.

