Logfile created with verbose level LOG_ONLY on 14/11/2025 at 22:53:59. Have fun <3

[22:53:59] INFO    : MessageLogger verbose type updated from LOG_ONLY to INFO
[22:53:59] INFO    : Imported settings: {'_comment0': 'DEBUG             | Supported levels: [NONE, LOG_ONLY, ERROR, WARNING, CRUCIAL, INFO]', 'verbose_type': 'INFO', '_comment1': 'SCREEN RESOLUTION | window_resolution irrelevant unless fullscreen is true; fullscreen overwride window_resolution to monitor resolution; windowed false will overwrite fullscreen to true', 'window_resolution': [200, 500], 'fullscreen': True, 'windowed': False, '_comment2': 'SCREEN FPS        | setting max_fps to 0 disables the fps cap; vsync will overwride max_fps to match window fps to monitor fps', 'max_fps': 0, 'vsync': True, '_comment3': 'MOUSE AND CURSOR  | raw_mouse_input will enable raw mouse movement (bypass windows mouse acceleration)', 'raw_mouse_input': True, 'mouse_sensitivity': 1, 'hide_cursor': True, 'center_cursor_on_creation': True, '_comment4': "KEY BINDS         | Avalable keys: https://www.glfw.org/docs/3.3/group__keys.html (Remove the 'GLFW_KEY_' prefix)", 'key_binds': {'jump': 'SPACE', 'forward': 'W', 'back': 'S', 'left': 'A', 'right': 'D'}}
[22:53:59] INFO    : Window variable validation passed. Variables: {'size': [200, 500], 'caption': 'Into Havoc', 'fullscreen': True, 'windowed': False, 'vsync': True, 'max_fps': 0, 'raw_mouse_input': True, 'center_cursor_on_creation': True, 'hide_cursor': True}
[22:53:59] INFO    : Window fullscreen.
[22:53:59] INFO    : Window creation passed. Variables: {'size': Size(width=1920, height=1080), 'caption': 'Into Havoc', 'fullscreen': True, 'windowed': False, 'vsync': True, 'max_fps': 0, 'raw_mouse_input': True, 'center_cursor_on_creation': True, 'hide_cursor': True, 'monitor': <glfw.LP__GLFWmonitor object at 0x00000290F0134A50>, 'video_mode': GLFWvidmode(size=Size(width=1920, height=1080), bits=Bits(red=8, green=8, blue=8), refresh_rate=75), 'display_size': Size(width=1920, height=1080), 'aspect_ratio': 1.7777777777777777, 'window': <glfw.LP__GLFWwindow object at 0x00000290F0134B50>}
[22:53:59] INFO    : Setting up Graphics Engine
[22:53:59] INFO    : Creating shader
[22:53:59] INFO    : Given uniform handles: {'model': 0, 'view': 3, 'projection': 2, 'color': 1}
[22:53:59] INFO    : Given uniform handles: {}
[22:53:59] INFO    : No texture handle for this shader.
[22:53:59] INFO    : Shader creation passed. Variables: {'shader': 3, 'uniform_handles': {'model': 0, 'view': 3, 'projection': 2, 'color': 1}, 'custom_uniform_handles': {}}
[22:53:59] INFO    : Shader creation passed variable validation.
[22:53:59] INFO    : Object creation passed variable validation.
[22:53:59] INFO    : Keystates: {}
[22:53:59] INFO    : Creating shader
[22:53:59] WARNING : Placeholder text value 'SOMECOLOUR' not found in the shader file 'shaders/texture.vert'.
[22:53:59] WARNING : Placeholder text value 'SOMECOLOUR' not found in the shader file 'shaders/texture.frag'.
[22:53:59] INFO    : Given uniform handles: {'model': 1, 'view': 3, 'projection': 2, 'texture': 0}
[22:53:59] INFO    : Given uniform handles: {}
[22:53:59] INFO    : Texture loaded
[22:53:59] INFO    : Shader creation passed. Variables: {'shader': 6, 'uniform_handles': {'model': 1, 'view': 3, 'projection': 2, 'texture': 0}, 'custom_uniform_handles': {}}
[22:53:59] INFO    : Creating mesh for example_data/cube.obj
[22:53:59] INFO    : Created mesh for example_data/cube.obj
[22:53:59] INFO    : Creating material for example_data/wood.jpeg
[22:53:59] INFO    : Created material for example_data/wood.jpeg
[22:53:59] INFO    : Created object with id 2e717431-60d1-43ae-bcb2-5a714c6ce2fe
[22:53:59] WARNING : TODO view validation
[22:53:59] INFO    : Rendering object 2e717431-60d1-43ae-bcb2-5a714c6ce2fe.
[22:53:59] INFO    : Binding texture 0.
[22:53:59] INFO    : Binded texture 0.
[22:53:59] WARNING : TODO Multiple materials - Normal maps etc
[22:53:59] INFO    : Rendered object 2e717431-60d1-43ae-bcb2-5a714c6ce2fe.
[22:53:59] WARNING : TODO view validation
[22:53:59] INFO    : Rendering object 2e717431-60d1-43ae-bcb2-5a714c6ce2fe.
[22:53:59] INFO    : Binding texture 0.
[22:53:59] INFO    : Binded texture 0.
[22:53:59] WARNING : TODO Multiple materials - Normal maps etc
[22:53:59] INFO    : Rendered object 2e717431-60d1-43ae-bcb2-5a714c6ce2fe.
[22:54:00] WARNING : TODO view validation
[22:54:00] INFO    : Rendering object 2e717431-60d1-43ae-bcb2-5a714c6ce2fe.
[22:54:00] INFO    : Binding texture 0.
[22:54:00] INFO    : Binded texture 0.
[22:54:00] WARNING : TODO Multiple materials - Normal maps etc
[22:54:00] INFO    : Rendered object 2e717431-60d1-43ae-bcb2-5a714c6ce2fe.
[22:54:00] WARNING : TODO view validation
[22:54:00] INFO    : Rendering object 2e717431-60d1-43ae-bcb2-5a714c6ce2fe.
[22:54:00] INFO    : Binding texture 0.
[22:54:00] INFO    : Binded texture 0.
[22:54:00] WARNING : TODO Multiple materials - Normal maps etc
[22:54:00] INFO    : Rendered object 2e717431-60d1-43ae-bcb2-5a714c6ce2fe.
[22:54:00] WARNING : TODO view validation
[22:54:00] INFO    : Rendering object 2e717431-60d1-43ae-bcb2-5a714c6ce2fe.
[22:54:00] INFO    : Binding texture 0.
[22:54:00] INFO    : Binded texture 0.
[22:54:00] WARNING : TODO Multiple materials - Normal maps etc
[22:54:00] INFO    : Rendered object 2e717431-60d1-43ae-bcb2-5a714c6ce2fe.
[22:54:00] WARNING : TODO view validation
[22:54:00] INFO    : Rendering object 2e717431-60d1-43ae-bcb2-5a714c6ce2fe.
[22:54:00] INFO    : Binding texture 0.
[22:54:00] INFO    : Binded texture 0.
[22:54:00] WARNING : TODO Multiple materials - Normal maps etc
[22:54:00] INFO    : Rendered object 2e717431-60d1-43ae-bcb2-5a714c6ce2fe.
[22:54:00] WARNING : TODO view validation
[22:54:00] INFO    : Rendering object 2e717431-60d1-43ae-bcb2-5a714c6ce2fe.
[22:54:00] INFO    : Binding texture 0.
[22:54:00] INFO    : Binded texture 0.
[22:54:00] WARNING : TODO Multiple materials - Normal maps etc
[22:54:00] INFO    : Rendered object 2e717431-60d1-43ae-bcb2-5a714c6ce2fe.
[22:54:00] WARNING : TODO view validation
[22:54:00] INFO    : Rendering object 2e717431-60d1-43ae-bcb2-5a714c6ce2fe.
[22:54:00] INFO    : Binding texture 0.
[22:54:00] INFO    : Binded texture 0.
[22:54:00] WARNING : TODO Multiple materials - Normal maps etc
[22:54:00] INFO    : Rendered object 2e717431-60d1-43ae-bcb2-5a714c6ce2fe.
[22:54:00] WARNING : TODO view validation
[22:54:00] INFO    : Rendering object 2e717431-60d1-43ae-bcb2-5a714c6ce2fe.
[22:54:00] INFO    : Binding texture 0.
[22:54:00] INFO    : Binded texture 0.
[22:54:00] WARNING : TODO Multiple materials - Normal maps etc
[22:54:00] INFO    : Rendered object 2e717431-60d1-43ae-bcb2-5a714c6ce2fe.
[22:54:00] WARNING : TODO view validation
[22:54:00] INFO    : Rendering object 2e717431-60d1-43ae-bcb2-5a714c6ce2fe.
[22:54:00] INFO    : Binding texture 0.
[22:54:00] INFO    : Binded texture 0.
[22:54:00] WARNING : TODO Multiple materials - Normal maps etc
[22:54:00] INFO    : Rendered object 2e717431-60d1-43ae-bcb2-5a714c6ce2fe.
[22:54:00] WARNING : TODO view validation
[22:54:00] INFO    : Rendering object 2e717431-60d1-43ae-bcb2-5a714c6ce2fe.
[22:54:00] INFO    : Binding texture 0.
[22:54:00] INFO    : Binded texture 0.
[22:54:00] WARNING : TODO Multiple materials - Normal maps etc
[22:54:00] INFO    : Rendered object 2e717431-60d1-43ae-bcb2-5a714c6ce2fe.
[22:54:00] WARNING : TODO view validation
[22:54:00] INFO    : Rendering object 2e717431-60d1-43ae-bcb2-5a714c6ce2fe.
[22:54:00] INFO    : Binding texture 0.
[22:54:00] INFO    : Binded texture 0.
[22:54:00] WARNING : TODO Multiple materials - Normal maps etc
[22:54:00] INFO    : Rendered object 2e717431-60d1-43ae-bcb2-5a714c6ce2fe.
[22:54:00] WARNING : TODO view validation
[22:54:00] INFO    : Rendering object 2e717431-60d1-43ae-bcb2-5a714c6ce2fe.
[22:54:00] INFO    : Binding texture 0.
[22:54:00] INFO    : Binded texture 0.
[22:54:00] WARNING : TODO Multiple materials - Normal maps etc
[22:54:00] INFO    : Rendered object 2e717431-60d1-43ae-bcb2-5a714c6ce2fe.
[22:54:00] WARNING : TODO view validation
[22:54:00] INFO    : Rendering object 2e717431-60d1-43ae-bcb2-5a714c6ce2fe.
[22:54:00] INFO    : Binding texture 0.
[22:54:00] INFO    : Binded texture 0.
[22:54:00] WARNING : TODO Multiple materials - Normal maps etc
[22:54:00] INFO    : Rendered object 2e717431-60d1-43ae-bcb2-5a714c6ce2fe.
[22:54:00] WARNING : TODO view validation
[22:54:00] INFO    : Rendering object 2e717431-60d1-43ae-bcb2-5a714c6ce2fe.
[22:54:00] INFO    : Binding texture 0.
[22:54:00] INFO    : Binded texture 0.
[22:54:00] WARNING : TODO Multiple materials - Normal maps etc
[22:54:00] INFO    : Rendered object 2e717431-60d1-43ae-bcb2-5a714c6ce2fe.
[22:54:00] WARNING : TODO view validation
[22:54:00] INFO    : Rendering object 2e717431-60d1-43ae-bcb2-5a714c6ce2fe.
[22:54:00] INFO    : Binding texture 0.
[22:54:00] INFO    : Binded texture 0.
[22:54:00] WARNING : TODO Multiple materials - Normal maps etc
[22:54:00] INFO    : Rendered object 2e717431-60d1-43ae-bcb2-5a714c6ce2fe.
[22:54:00] WARNING : TODO view validation
[22:54:00] INFO    : Rendering object 2e717431-60d1-43ae-bcb2-5a714c6ce2fe.
[22:54:00] INFO    : Binding texture 0.
[22:54:00] INFO    : Binded texture 0.
[22:54:00] WARNING : TODO Multiple materials - Normal maps etc
[22:54:00] INFO    : Rendered object 2e717431-60d1-43ae-bcb2-5a714c6ce2fe.
[22:54:00] WARNING : TODO view validation
[22:54:00] INFO    : Rendering object 2e717431-60d1-43ae-bcb2-5a714c6ce2fe.
[22:54:00] INFO    : Binding texture 0.
[22:54:00] INFO    : Binded texture 0.
[22:54:00] WARNING : TODO Multiple materials - Normal maps etc
[22:54:00] INFO    : Rendered object 2e717431-60d1-43ae-bcb2-5a714c6ce2fe.
[22:54:00] WARNING : TODO view validation
[22:54:00] INFO    : Rendering object 2e717431-60d1-43ae-bcb2-5a714c6ce2fe.
[22:54:00] INFO    : Binding texture 0.
[22:54:00] INFO    : Binded texture 0.
[22:54:00] WARNING : TODO Multiple materials - Normal maps etc
[22:54:00] INFO    : Rendered object 2e717431-60d1-43ae-bcb2-5a714c6ce2fe.
[22:54:00] WARNING : TODO view validation
[22:54:00] INFO    : Rendering object 2e717431-60d1-43ae-bcb2-5a714c6ce2fe.
[22:54:00] INFO    : Binding texture 0.
[22:54:00] INFO    : Binded texture 0.
[22:54:00] WARNING : TODO Multiple materials - Normal maps etc
[22:54:00] INFO    : Rendered object 2e717431-60d1-43ae-bcb2-5a714c6ce2fe.
[22:54:00] WARNING : TODO view validation
[22:54:00] INFO    : Rendering object 2e717431-60d1-43ae-bcb2-5a714c6ce2fe.
[22:54:00] INFO    : Binding texture 0.
[22:54:00] INFO    : Binded texture 0.
[22:54:00] WARNING : TODO Multiple materials - Normal maps etc
[22:54:00] INFO    : Rendered object 2e717431-60d1-43ae-bcb2-5a714c6ce2fe.
[22:54:00] WARNING : TODO view validation
[22:54:00] INFO    : Rendering object 2e717431-60d1-43ae-bcb2-5a714c6ce2fe.
[22:54:00] INFO    : Binding texture 0.
[22:54:00] INFO    : Binded texture 0.
[22:54:00] WARNING : TODO Multiple materials - Normal maps etc
[22:54:00] INFO    : Rendered object 2e717431-60d1-43ae-bcb2-5a714c6ce2fe.
[22:54:00] WARNING : TODO view validation
[22:54:00] INFO    : Rendering object 2e717431-60d1-43ae-bcb2-5a714c6ce2fe.
[22:54:00] INFO    : Binding texture 0.
[22:54:00] INFO    : Binded texture 0.
[22:54:00] WARNING : TODO Multiple materials - Normal maps etc
[22:54:00] INFO    : Rendered object 2e717431-60d1-43ae-bcb2-5a714c6ce2fe.
[22:54:00] WARNING : TODO view validation
[22:54:00] INFO    : Rendering object 2e717431-60d1-43ae-bcb2-5a714c6ce2fe.
[22:54:00] INFO    : Binding texture 0.
[22:54:00] INFO    : Binded texture 0.
[22:54:00] WARNING : TODO Multiple materials - Normal maps etc
[22:54:00] INFO    : Rendered object 2e717431-60d1-43ae-bcb2-5a714c6ce2fe.
[22:54:00] WARNING : TODO view validation
[22:54:00] INFO    : Rendering object 2e717431-60d1-43ae-bcb2-5a714c6ce2fe.
[22:54:00] INFO    : Binding texture 0.
[22:54:00] INFO    : Binded texture 0.
[22:54:00] WARNING : TODO Multiple materials - Normal maps etc
[22:54:00] INFO    : Rendered object 2e717431-60d1-43ae-bcb2-5a714c6ce2fe.
[22:54:00] WARNING : TODO view validation
[22:54:00] INFO    : Rendering object 2e717431-60d1-43ae-bcb2-5a714c6ce2fe.
[22:54:00] INFO    : Binding texture 0.
[22:54:00] INFO    : Binded texture 0.
[22:54:00] WARNING : TODO Multiple materials - Normal maps etc
[22:54:00] INFO    : Rendered object 2e717431-60d1-43ae-bcb2-5a714c6ce2fe.
[22:54:00] WARNING : TODO view validation
[22:54:00] INFO    : Rendering object 2e717431-60d1-43ae-bcb2-5a714c6ce2fe.
[22:54:00] INFO    : Binding texture 0.
[22:54:00] INFO    : Binded texture 0.
[22:54:00] WARNING : TODO Multiple materials - Normal maps etc
[22:54:00] INFO    : Rendered object 2e717431-60d1-43ae-bcb2-5a714c6ce2fe.
[22:54:00] WARNING : TODO view validation
[22:54:00] INFO    : Rendering object 2e717431-60d1-43ae-bcb2-5a714c6ce2fe.
[22:54:00] INFO    : Binding texture 0.
[22:54:00] INFO    : Binded texture 0.
[22:54:00] WARNING : TODO Multiple materials - Normal maps etc
[22:54:00] INFO    : Rendered object 2e717431-60d1-43ae-bcb2-5a714c6ce2fe.
[22:54:00] WARNING : TODO view validation
[22:54:00] INFO    : Rendering object 2e717431-60d1-43ae-bcb2-5a714c6ce2fe.
[22:54:00] INFO    : Binding texture 0.
[22:54:00] INFO    : Binded texture 0.
[22:54:00] WARNING : TODO Multiple materials - Normal maps etc
[22:54:00] INFO    : Rendered object 2e717431-60d1-43ae-bcb2-5a714c6ce2fe.
[22:54:00] WARNING : TODO view validation
[22:54:00] INFO    : Rendering object 2e717431-60d1-43ae-bcb2-5a714c6ce2fe.
[22:54:00] INFO    : Binding texture 0.
[22:54:00] INFO    : Binded texture 0.
[22:54:00] WARNING : TODO Multiple materials - Normal maps etc
[22:54:00] INFO    : Rendered object 2e717431-60d1-43ae-bcb2-5a714c6ce2fe.
[22:54:00] WARNING : TODO view validation
[22:54:00] INFO    : Rendering object 2e717431-60d1-43ae-bcb2-5a714c6ce2fe.
[22:54:00] INFO    : Binding texture 0.
[22:54:00] INFO    : Binded texture 0.
[22:54:00] WARNING : TODO Multiple materials - Normal maps etc
[22:54:00] INFO    : Rendered object 2e717431-60d1-43ae-bcb2-5a714c6ce2fe.
[22:54:00] WARNING : TODO view validation
[22:54:00] INFO    : Rendering object 2e717431-60d1-43ae-bcb2-5a714c6ce2fe.
[22:54:00] INFO    : Binding texture 0.
[22:54:00] INFO    : Binded texture 0.
[22:54:00] WARNING : TODO Multiple materials - Normal maps etc
[22:54:00] INFO    : Rendered object 2e717431-60d1-43ae-bcb2-5a714c6ce2fe.
[22:54:00] WARNING : TODO view validation
[22:54:00] INFO    : Rendering object 2e717431-60d1-43ae-bcb2-5a714c6ce2fe.
[22:54:00] INFO    : Binding texture 0.
[22:54:00] INFO    : Binded texture 0.
[22:54:00] WARNING : TODO Multiple materials - Normal maps etc
[22:54:00] INFO    : Rendered object 2e717431-60d1-43ae-bcb2-5a714c6ce2fe.
[22:54:00] WARNING : TODO view validation
[22:54:00] INFO    : Rendering object 2e717431-60d1-43ae-bcb2-5a714c6ce2fe.
[22:54:00] INFO    : Binding texture 0.
[22:54:00] INFO    : Binded texture 0.
[22:54:00] WARNING : TODO Multiple materials - Normal maps etc
[22:54:00] INFO    : Rendered object 2e717431-60d1-43ae-bcb2-5a714c6ce2fe.
[22:54:00] WARNING : TODO view validation
[22:54:00] INFO    : Rendering object 2e717431-60d1-43ae-bcb2-5a714c6ce2fe.
[22:54:00] INFO    : Binding texture 0.
[22:54:00] INFO    : Binded texture 0.
[22:54:00] WARNING : TODO Multiple materials - Normal maps etc
[22:54:00] INFO    : Rendered object 2e717431-60d1-43ae-bcb2-5a714c6ce2fe.
[22:54:00] WARNING : TODO view validation
[22:54:00] INFO    : Rendering object 2e717431-60d1-43ae-bcb2-5a714c6ce2fe.
[22:54:00] INFO    : Binding texture 0.
[22:54:00] INFO    : Binded texture 0.
[22:54:00] WARNING : TODO Multiple materials - Normal maps etc
[22:54:00] INFO    : Rendered object 2e717431-60d1-43ae-bcb2-5a714c6ce2fe.
[22:54:00] WARNING : TODO view validation
[22:54:00] INFO    : Rendering object 2e717431-60d1-43ae-bcb2-5a714c6ce2fe.
[22:54:00] INFO    : Binding texture 0.
[22:54:00] INFO    : Binded texture 0.
[22:54:00] WARNING : TODO Multiple materials - Normal maps etc
[22:54:00] INFO    : Rendered object 2e717431-60d1-43ae-bcb2-5a714c6ce2fe.
[22:54:00] WARNING : TODO view validation
[22:54:00] INFO    : Rendering object 2e717431-60d1-43ae-bcb2-5a714c6ce2fe.
[22:54:00] INFO    : Binding texture 0.
[22:54:00] INFO    : Binded texture 0.
[22:54:00] WARNING : TODO Multiple materials - Normal maps etc
[22:54:00] INFO    : Rendered object 2e717431-60d1-43ae-bcb2-5a714c6ce2fe.
[22:54:00] WARNING : TODO view validation
[22:54:00] INFO    : Rendering object 2e717431-60d1-43ae-bcb2-5a714c6ce2fe.
[22:54:00] INFO    : Binding texture 0.
[22:54:00] INFO    : Binded texture 0.
[22:54:00] WARNING : TODO Multiple materials - Normal maps etc
[22:54:00] INFO    : Rendered object 2e717431-60d1-43ae-bcb2-5a714c6ce2fe.
[22:54:00] WARNING : TODO view validation
[22:54:00] INFO    : Rendering object 2e717431-60d1-43ae-bcb2-5a714c6ce2fe.
[22:54:00] INFO    : Binding texture 0.
[22:54:00] INFO    : Binded texture 0.
[22:54:00] WARNING : TODO Multiple materials - Normal maps etc
[22:54:00] INFO    : Rendered object 2e717431-60d1-43ae-bcb2-5a714c6ce2fe.
[22:54:00] WARNING : TODO view validation
[22:54:00] INFO    : Rendering object 2e717431-60d1-43ae-bcb2-5a714c6ce2fe.
[22:54:00] INFO    : Binding texture 0.
[22:54:00] INFO    : Binded texture 0.
[22:54:00] WARNING : TODO Multiple materials - Normal maps etc
[22:54:00] INFO    : Rendered object 2e717431-60d1-43ae-bcb2-5a714c6ce2fe.
[22:54:00] WARNING : TODO view validation
[22:54:00] INFO    : Rendering object 2e717431-60d1-43ae-bcb2-5a714c6ce2fe.
[22:54:00] INFO    : Binding texture 0.
[22:54:00] INFO    : Binded texture 0.
[22:54:00] WARNING : TODO Multiple materials - Normal maps etc
[22:54:00] INFO    : Rendered object 2e717431-60d1-43ae-bcb2-5a714c6ce2fe.
[22:54:00] WARNING : TODO view validation
[22:54:00] INFO    : Rendering object 2e717431-60d1-43ae-bcb2-5a714c6ce2fe.
[22:54:00] INFO    : Binding texture 0.
[22:54:00] INFO    : Binded texture 0.
[22:54:00] WARNING : TODO Multiple materials - Normal maps etc
[22:54:00] INFO    : Rendered object 2e717431-60d1-43ae-bcb2-5a714c6ce2fe.
[22:54:00] WARNING : TODO view validation
[22:54:00] INFO    : Rendering object 2e717431-60d1-43ae-bcb2-5a714c6ce2fe.
[22:54:00] INFO    : Binding texture 0.
[22:54:00] INFO    : Binded texture 0.
[22:54:00] WARNING : TODO Multiple materials - Normal maps etc
[22:54:00] INFO    : Rendered object 2e717431-60d1-43ae-bcb2-5a714c6ce2fe.
[22:54:00] WARNING : TODO view validation
[22:54:00] INFO    : Rendering object 2e717431-60d1-43ae-bcb2-5a714c6ce2fe.
[22:54:00] INFO    : Binding texture 0.
[22:54:00] INFO    : Binded texture 0.
[22:54:00] WARNING : TODO Multiple materials - Normal maps etc
[22:54:00] INFO    : Rendered object 2e717431-60d1-43ae-bcb2-5a714c6ce2fe.
[22:54:00] WARNING : TODO view validation
[22:54:00] INFO    : Rendering object 2e717431-60d1-43ae-bcb2-5a714c6ce2fe.
[22:54:00] INFO    : Binding texture 0.
[22:54:00] INFO    : Binded texture 0.
[22:54:00] WARNING : TODO Multiple materials - Normal maps etc
[22:54:00] INFO    : Rendered object 2e717431-60d1-43ae-bcb2-5a714c6ce2fe.
[22:54:00] WARNING : TODO view validation
[22:54:00] INFO    : Rendering object 2e717431-60d1-43ae-bcb2-5a714c6ce2fe.
[22:54:00] INFO    : Binding texture 0.
[22:54:00] INFO    : Binded texture 0.
[22:54:00] WARNING : TODO Multiple materials - Normal maps etc
[22:54:00] INFO    : Rendered object 2e717431-60d1-43ae-bcb2-5a714c6ce2fe.
[22:54:00] WARNING : TODO view validation
[22:54:00] INFO    : Rendering object 2e717431-60d1-43ae-bcb2-5a714c6ce2fe.
[22:54:00] INFO    : Binding texture 0.
[22:54:00] INFO    : Binded texture 0.
[22:54:00] WARNING : TODO Multiple materials - Normal maps etc
[22:54:00] INFO    : Rendered object 2e717431-60d1-43ae-bcb2-5a714c6ce2fe.
[22:54:00] WARNING : TODO view validation
[22:54:00] INFO    : Rendering object 2e717431-60d1-43ae-bcb2-5a714c6ce2fe.
[22:54:00] INFO    : Binding texture 0.
[22:54:00] INFO    : Binded texture 0.
[22:54:00] WARNING : TODO Multiple materials - Normal maps etc
[22:54:00] INFO    : Rendered object 2e717431-60d1-43ae-bcb2-5a714c6ce2fe.
[22:54:00] WARNING : TODO view validation
[22:54:00] INFO    : Rendering object 2e717431-60d1-43ae-bcb2-5a714c6ce2fe.
[22:54:00] INFO    : Binding texture 0.
[22:54:00] INFO    : Binded texture 0.
[22:54:00] WARNING : TODO Multiple materials - Normal maps etc
[22:54:00] INFO    : Rendered object 2e717431-60d1-43ae-bcb2-5a714c6ce2fe.
[22:54:00] INFO    : Keystates: {}
[22:54:00] WARNING : TODO view validation
[22:54:00] INFO    : Rendering object 2e717431-60d1-43ae-bcb2-5a714c6ce2fe.
[22:54:00] INFO    : Binding texture 0.
[22:54:00] INFO    : Binded texture 0.
[22:54:00] WARNING : TODO Multiple materials - Normal maps etc
[22:54:00] INFO    : Rendered object 2e717431-60d1-43ae-bcb2-5a714c6ce2fe.
[22:54:00] WARNING : TODO view validation
[22:54:00] INFO    : Rendering object 2e717431-60d1-43ae-bcb2-5a714c6ce2fe.
[22:54:00] INFO    : Binding texture 0.
[22:54:00] INFO    : Binded texture 0.
[22:54:00] WARNING : TODO Multiple materials - Normal maps etc
[22:54:00] INFO    : Rendered object 2e717431-60d1-43ae-bcb2-5a714c6ce2fe.
[22:54:00] WARNING : TODO view validation
[22:54:00] INFO    : Rendering object 2e717431-60d1-43ae-bcb2-5a714c6ce2fe.
[22:54:00] INFO    : Binding texture 0.
[22:54:00] INFO    : Binded texture 0.
[22:54:00] WARNING : TODO Multiple materials - Normal maps etc
[22:54:00] INFO    : Rendered object 2e717431-60d1-43ae-bcb2-5a714c6ce2fe.
[22:54:00] WARNING : TODO view validation
[22:54:00] INFO    : Rendering object 2e717431-60d1-43ae-bcb2-5a714c6ce2fe.
[22:54:00] INFO    : Binding texture 0.
[22:54:00] INFO    : Binded texture 0.
[22:54:00] WARNING : TODO Multiple materials - Normal maps etc
[22:54:00] INFO    : Rendered object 2e717431-60d1-43ae-bcb2-5a714c6ce2fe.
[22:54:00] WARNING : TODO view validation
[22:54:00] INFO    : Rendering object 2e717431-60d1-43ae-bcb2-5a714c6ce2fe.
[22:54:00] INFO    : Binding texture 0.
[22:54:00] INFO    : Binded texture 0.
[22:54:00] WARNING : TODO Multiple materials - Normal maps etc
[22:54:00] INFO    : Rendered object 2e717431-60d1-43ae-bcb2-5a714c6ce2fe.
[22:54:00] WARNING : TODO view validation
[22:54:00] INFO    : Rendering object 2e717431-60d1-43ae-bcb2-5a714c6ce2fe.
[22:54:00] INFO    : Binding texture 0.
[22:54:00] INFO    : Binded texture 0.
[22:54:00] WARNING : TODO Multiple materials - Normal maps etc
[22:54:00] INFO    : Rendered object 2e717431-60d1-43ae-bcb2-5a714c6ce2fe.
[22:54:00] WARNING : TODO view validation
[22:54:00] INFO    : Rendering object 2e717431-60d1-43ae-bcb2-5a714c6ce2fe.
[22:54:00] INFO    : Binding texture 0.
[22:54:00] INFO    : Binded texture 0.
[22:54:00] WARNING : TODO Multiple materials - Normal maps etc
[22:54:00] INFO    : Rendered object 2e717431-60d1-43ae-bcb2-5a714c6ce2fe.
[22:54:00] WARNING : TODO view validation
[22:54:00] INFO    : Rendering object 2e717431-60d1-43ae-bcb2-5a714c6ce2fe.
[22:54:00] INFO    : Binding texture 0.
[22:54:00] INFO    : Binded texture 0.
[22:54:00] WARNING : TODO Multiple materials - Normal maps etc
[22:54:00] INFO    : Rendered object 2e717431-60d1-43ae-bcb2-5a714c6ce2fe.
[22:54:00] WARNING : TODO view validation
[22:54:00] INFO    : Rendering object 2e717431-60d1-43ae-bcb2-5a714c6ce2fe.
[22:54:00] INFO    : Binding texture 0.
[22:54:00] INFO    : Binded texture 0.
[22:54:00] WARNING : TODO Multiple materials - Normal maps etc
[22:54:00] INFO    : Rendered object 2e717431-60d1-43ae-bcb2-5a714c6ce2fe.
[22:54:00] WARNING : TODO view validation
[22:54:00] INFO    : Rendering object 2e717431-60d1-43ae-bcb2-5a714c6ce2fe.
[22:54:00] INFO    : Binding texture 0.
[22:54:00] INFO    : Binded texture 0.
[22:54:00] WARNING : TODO Multiple materials - Normal maps etc
[22:54:00] INFO    : Rendered object 2e717431-60d1-43ae-bcb2-5a714c6ce2fe.
[22:54:00] WARNING : TODO view validation
[22:54:00] INFO    : Rendering object 2e717431-60d1-43ae-bcb2-5a714c6ce2fe.
[22:54:00] INFO    : Binding texture 0.
[22:54:00] INFO    : Binded texture 0.
[22:54:00] WARNING : TODO Multiple materials - Normal maps etc
[22:54:00] INFO    : Rendered object 2e717431-60d1-43ae-bcb2-5a714c6ce2fe.
[22:54:00] WARNING : TODO view validation
[22:54:00] INFO    : Rendering object 2e717431-60d1-43ae-bcb2-5a714c6ce2fe.
[22:54:00] INFO    : Binding texture 0.
[22:54:00] INFO    : Binded texture 0.
[22:54:00] WARNING : TODO Multiple materials - Normal maps etc
[22:54:00] INFO    : Rendered object 2e717431-60d1-43ae-bcb2-5a714c6ce2fe.
[22:54:00] WARNING : TODO view validation
[22:54:00] INFO    : Rendering object 2e717431-60d1-43ae-bcb2-5a714c6ce2fe.
[22:54:00] INFO    : Binding texture 0.
[22:54:00] INFO    : Binded texture 0.
[22:54:00] WARNING : TODO Multiple materials - Normal maps etc
[22:54:00] INFO    : Rendered object 2e717431-60d1-43ae-bcb2-5a714c6ce2fe.
[22:54:00] WARNING : TODO view validation
[22:54:00] INFO    : Rendering object 2e717431-60d1-43ae-bcb2-5a714c6ce2fe.
[22:54:00] INFO    : Binding texture 0.
[22:54:00] INFO    : Binded texture 0.
[22:54:00] WARNING : TODO Multiple materials - Normal maps etc
[22:54:00] INFO    : Rendered object 2e717431-60d1-43ae-bcb2-5a714c6ce2fe.
[22:54:00] WARNING : TODO view validation
[22:54:00] INFO    : Rendering object 2e717431-60d1-43ae-bcb2-5a714c6ce2fe.
[22:54:00] INFO    : Binding texture 0.
[22:54:00] INFO    : Binded texture 0.
[22:54:00] WARNING : TODO Multiple materials - Normal maps etc
[22:54:00] INFO    : Rendered object 2e717431-60d1-43ae-bcb2-5a714c6ce2fe.
[22:54:00] WARNING : TODO view validation
[22:54:00] INFO    : Rendering object 2e717431-60d1-43ae-bcb2-5a714c6ce2fe.
[22:54:00] INFO    : Binding texture 0.
[22:54:00] INFO    : Binded texture 0.
[22:54:00] WARNING : TODO Multiple materials - Normal maps etc
[22:54:00] INFO    : Rendered object 2e717431-60d1-43ae-bcb2-5a714c6ce2fe.
[22:54:00] WARNING : TODO view validation
[22:54:00] INFO    : Rendering object 2e717431-60d1-43ae-bcb2-5a714c6ce2fe.
[22:54:00] INFO    : Binding texture 0.
[22:54:00] INFO    : Binded texture 0.
[22:54:00] WARNING : TODO Multiple materials - Normal maps etc
[22:54:00] INFO    : Rendered object 2e717431-60d1-43ae-bcb2-5a714c6ce2fe.
[22:54:00] WARNING : TODO view validation
[22:54:00] INFO    : Rendering object 2e717431-60d1-43ae-bcb2-5a714c6ce2fe.
[22:54:00] INFO    : Binding texture 0.
[22:54:00] INFO    : Binded texture 0.
[22:54:00] WARNING : TODO Multiple materials - Normal maps etc
[22:54:00] INFO    : Rendered object 2e717431-60d1-43ae-bcb2-5a714c6ce2fe.
[22:54:00] WARNING : TODO view validation
[22:54:00] INFO    : Rendering object 2e717431-60d1-43ae-bcb2-5a714c6ce2fe.
[22:54:00] INFO    : Binding texture 0.
[22:54:00] INFO    : Binded texture 0.
[22:54:00] WARNING : TODO Multiple materials - Normal maps etc
[22:54:00] INFO    : Rendered object 2e717431-60d1-43ae-bcb2-5a714c6ce2fe.
[22:54:00] WARNING : TODO view validation
[22:54:00] INFO    : Rendering object 2e717431-60d1-43ae-bcb2-5a714c6ce2fe.
[22:54:00] INFO    : Binding texture 0.
[22:54:00] INFO    : Binded texture 0.
[22:54:00] WARNING : TODO Multiple materials - Normal maps etc
[22:54:00] INFO    : Rendered object 2e717431-60d1-43ae-bcb2-5a714c6ce2fe.
[22:54:00] WARNING : TODO view validation
[22:54:00] INFO    : Rendering object 2e717431-60d1-43ae-bcb2-5a714c6ce2fe.
[22:54:00] INFO    : Binding texture 0.
[22:54:00] INFO    : Binded texture 0.
[22:54:00] WARNING : TODO Multiple materials - Normal maps etc
[22:54:00] INFO    : Rendered object 2e717431-60d1-43ae-bcb2-5a714c6ce2fe.
[22:54:00] WARNING : TODO view validation
[22:54:00] INFO    : Rendering object 2e717431-60d1-43ae-bcb2-5a714c6ce2fe.
[22:54:00] INFO    : Binding texture 0.
[22:54:00] INFO    : Binded texture 0.
[22:54:00] WARNING : TODO Multiple materials - Normal maps etc
[22:54:00] INFO    : Rendered object 2e717431-60d1-43ae-bcb2-5a714c6ce2fe.
[22:54:00] WARNING : TODO view validation
[22:54:00] INFO    : Rendering object 2e717431-60d1-43ae-bcb2-5a714c6ce2fe.
[22:54:00] INFO    : Binding texture 0.
[22:54:00] INFO    : Binded texture 0.
[22:54:00] WARNING : TODO Multiple materials - Normal maps etc
[22:54:00] INFO    : Rendered object 2e717431-60d1-43ae-bcb2-5a714c6ce2fe.
[22:54:00] WARNING : TODO view validation
[22:54:00] INFO    : Rendering object 2e717431-60d1-43ae-bcb2-5a714c6ce2fe.
[22:54:00] INFO    : Binding texture 0.
[22:54:00] INFO    : Binded texture 0.
[22:54:00] WARNING : TODO Multiple materials - Normal maps etc
[22:54:00] INFO    : Rendered object 2e717431-60d1-43ae-bcb2-5a714c6ce2fe.
[22:54:00] WARNING : TODO view validation
[22:54:00] INFO    : Rendering object 2e717431-60d1-43ae-bcb2-5a714c6ce2fe.
[22:54:00] INFO    : Binding texture 0.
[22:54:00] INFO    : Binded texture 0.
[22:54:00] WARNING : TODO Multiple materials - Normal maps etc
[22:54:00] INFO    : Rendered object 2e717431-60d1-43ae-bcb2-5a714c6ce2fe.
[22:54:00] WARNING : TODO view validation
[22:54:00] INFO    : Rendering object 2e717431-60d1-43ae-bcb2-5a714c6ce2fe.
[22:54:00] INFO    : Binding texture 0.
[22:54:00] INFO    : Binded texture 0.
[22:54:00] WARNING : TODO Multiple materials - Normal maps etc
[22:54:00] INFO    : Rendered object 2e717431-60d1-43ae-bcb2-5a714c6ce2fe.
[22:54:01] WARNING : TODO view validation
[22:54:01] INFO    : Rendering object 2e717431-60d1-43ae-bcb2-5a714c6ce2fe.
[22:54:01] INFO    : Binding texture 0.
[22:54:01] INFO    : Binded texture 0.
[22:54:01] WARNING : TODO Multiple materials - Normal maps etc
[22:54:01] INFO    : Rendered object 2e717431-60d1-43ae-bcb2-5a714c6ce2fe.
[22:54:01] WARNING : TODO view validation
[22:54:01] INFO    : Rendering object 2e717431-60d1-43ae-bcb2-5a714c6ce2fe.
[22:54:01] INFO    : Binding texture 0.
[22:54:01] INFO    : Binded texture 0.
[22:54:01] WARNING : TODO Multiple materials - Normal maps etc
[22:54:01] INFO    : Rendered object 2e717431-60d1-43ae-bcb2-5a714c6ce2fe.
[22:54:01] WARNING : TODO view validation
[22:54:01] INFO    : Rendering object 2e717431-60d1-43ae-bcb2-5a714c6ce2fe.
[22:54:01] INFO    : Binding texture 0.
[22:54:01] INFO    : Binded texture 0.
[22:54:01] WARNING : TODO Multiple materials - Normal maps etc
[22:54:01] INFO    : Rendered object 2e717431-60d1-43ae-bcb2-5a714c6ce2fe.
[22:54:01] WARNING : TODO view validation
[22:54:01] INFO    : Rendering object 2e717431-60d1-43ae-bcb2-5a714c6ce2fe.
[22:54:01] INFO    : Binding texture 0.
[22:54:01] INFO    : Binded texture 0.
[22:54:01] WARNING : TODO Multiple materials - Normal maps etc
[22:54:01] INFO    : Rendered object 2e717431-60d1-43ae-bcb2-5a714c6ce2fe.
[22:54:01] WARNING : TODO view validation
[22:54:01] INFO    : Rendering object 2e717431-60d1-43ae-bcb2-5a714c6ce2fe.
[22:54:01] INFO    : Binding texture 0.
[22:54:01] INFO    : Binded texture 0.
[22:54:01] WARNING : TODO Multiple materials - Normal maps etc
[22:54:01] INFO    : Rendered object 2e717431-60d1-43ae-bcb2-5a714c6ce2fe.
[22:54:01] WARNING : TODO view validation
[22:54:01] INFO    : Rendering object 2e717431-60d1-43ae-bcb2-5a714c6ce2fe.
[22:54:01] INFO    : Binding texture 0.
[22:54:01] INFO    : Binded texture 0.
[22:54:01] WARNING : TODO Multiple materials - Normal maps etc
[22:54:01] INFO    : Rendered object 2e717431-60d1-43ae-bcb2-5a714c6ce2fe.
[22:54:01] WARNING : TODO view validation
[22:54:01] INFO    : Rendering object 2e717431-60d1-43ae-bcb2-5a714c6ce2fe.
[22:54:01] INFO    : Binding texture 0.
[22:54:01] INFO    : Binded texture 0.
[22:54:01] WARNING : TODO Multiple materials - Normal maps etc
[22:54:01] INFO    : Rendered object 2e717431-60d1-43ae-bcb2-5a714c6ce2fe.
[22:54:01] WARNING : TODO view validation
[22:54:01] INFO    : Rendering object 2e717431-60d1-43ae-bcb2-5a714c6ce2fe.
[22:54:01] INFO    : Binding texture 0.
[22:54:01] INFO    : Binded texture 0.
[22:54:01] WARNING : TODO Multiple materials - Normal maps etc
[22:54:01] INFO    : Rendered object 2e717431-60d1-43ae-bcb2-5a714c6ce2fe.
[22:54:01] WARNING : TODO view validation
[22:54:01] INFO    : Rendering object 2e717431-60d1-43ae-bcb2-5a714c6ce2fe.
[22:54:01] INFO    : Binding texture 0.
[22:54:01] INFO    : Binded texture 0.
[22:54:01] WARNING : TODO Multiple materials - Normal maps etc
[22:54:01] INFO    : Rendered object 2e717431-60d1-43ae-bcb2-5a714c6ce2fe.
[22:54:01] WARNING : TODO view validation
[22:54:01] INFO    : Rendering object 2e717431-60d1-43ae-bcb2-5a714c6ce2fe.
[22:54:01] INFO    : Binding texture 0.
[22:54:01] INFO    : Binded texture 0.
[22:54:01] WARNING : TODO Multiple materials - Normal maps etc
[22:54:01] INFO    : Rendered object 2e717431-60d1-43ae-bcb2-5a714c6ce2fe.
[22:54:01] WARNING : TODO view validation
[22:54:01] INFO    : Rendering object 2e717431-60d1-43ae-bcb2-5a714c6ce2fe.
[22:54:01] INFO    : Binding texture 0.
[22:54:01] INFO    : Binded texture 0.
[22:54:01] WARNING : TODO Multiple materials - Normal maps etc
[22:54:01] INFO    : Rendered object 2e717431-60d1-43ae-bcb2-5a714c6ce2fe.
[22:54:01] WARNING : TODO view validation
[22:54:01] INFO    : Rendering object 2e717431-60d1-43ae-bcb2-5a714c6ce2fe.
[22:54:01] INFO    : Binding texture 0.
[22:54:01] INFO    : Binded texture 0.
[22:54:01] WARNING : TODO Multiple materials - Normal maps etc
[22:54:01] INFO    : Rendered object 2e717431-60d1-43ae-bcb2-5a714c6ce2fe.
[22:54:01] WARNING : TODO view validation
[22:54:01] INFO    : Rendering object 2e717431-60d1-43ae-bcb2-5a714c6ce2fe.
[22:54:01] INFO    : Binding texture 0.
[22:54:01] INFO    : Binded texture 0.
[22:54:01] WARNING : TODO Multiple materials - Normal maps etc
[22:54:01] INFO    : Rendered object 2e717431-60d1-43ae-bcb2-5a714c6ce2fe.
[22:54:01] WARNING : TODO view validation
[22:54:01] INFO    : Rendering object 2e717431-60d1-43ae-bcb2-5a714c6ce2fe.
[22:54:01] INFO    : Binding texture 0.
[22:54:01] INFO    : Binded texture 0.
[22:54:01] WARNING : TODO Multiple materials - Normal maps etc
[22:54:01] INFO    : Rendered object 2e717431-60d1-43ae-bcb2-5a714c6ce2fe.
[22:54:01] WARNING : TODO view validation
[22:54:01] INFO    : Rendering object 2e717431-60d1-43ae-bcb2-5a714c6ce2fe.
[22:54:01] INFO    : Binding texture 0.
[22:54:01] INFO    : Binded texture 0.
[22:54:01] WARNING : TODO Multiple materials - Normal maps etc
[22:54:01] INFO    : Rendered object 2e717431-60d1-43ae-bcb2-5a714c6ce2fe.
[22:54:01] WARNING : TODO view validation
[22:54:01] INFO    : Rendering object 2e717431-60d1-43ae-bcb2-5a714c6ce2fe.
[22:54:01] INFO    : Binding texture 0.
[22:54:01] INFO    : Binded texture 0.
[22:54:01] WARNING : TODO Multiple materials - Normal maps etc
[22:54:01] INFO    : Rendered object 2e717431-60d1-43ae-bcb2-5a714c6ce2fe.
[22:54:01] WARNING : TODO view validation
[22:54:01] INFO    : Rendering object 2e717431-60d1-43ae-bcb2-5a714c6ce2fe.
[22:54:01] INFO    : Binding texture 0.
[22:54:01] INFO    : Binded texture 0.
[22:54:01] WARNING : TODO Multiple materials - Normal maps etc
[22:54:01] INFO    : Rendered object 2e717431-60d1-43ae-bcb2-5a714c6ce2fe.
[22:54:01] WARNING : TODO view validation
[22:54:01] INFO    : Rendering object 2e717431-60d1-43ae-bcb2-5a714c6ce2fe.
[22:54:01] INFO    : Binding texture 0.
[22:54:01] INFO    : Binded texture 0.
[22:54:01] WARNING : TODO Multiple materials - Normal maps etc
[22:54:01] INFO    : Rendered object 2e717431-60d1-43ae-bcb2-5a714c6ce2fe.
[22:54:01] WARNING : TODO view validation
[22:54:01] INFO    : Rendering object 2e717431-60d1-43ae-bcb2-5a714c6ce2fe.
[22:54:01] INFO    : Binding texture 0.
[22:54:01] INFO    : Binded texture 0.
[22:54:01] WARNING : TODO Multiple materials - Normal maps etc
[22:54:01] INFO    : Rendered object 2e717431-60d1-43ae-bcb2-5a714c6ce2fe.
[22:54:01] WARNING : TODO view validation
[22:54:01] INFO    : Rendering object 2e717431-60d1-43ae-bcb2-5a714c6ce2fe.
[22:54:01] INFO    : Binding texture 0.
[22:54:01] INFO    : Binded texture 0.
[22:54:01] WARNING : TODO Multiple materials - Normal maps etc
[22:54:01] INFO    : Rendered object 2e717431-60d1-43ae-bcb2-5a714c6ce2fe.
[22:54:01] WARNING : TODO view validation
[22:54:01] INFO    : Rendering object 2e717431-60d1-43ae-bcb2-5a714c6ce2fe.
[22:54:01] INFO    : Binding texture 0.
[22:54:01] INFO    : Binded texture 0.
[22:54:01] WARNING : TODO Multiple materials - Normal maps etc
[22:54:01] INFO    : Rendered object 2e717431-60d1-43ae-bcb2-5a714c6ce2fe.
[22:54:01] WARNING : TODO view validation
[22:54:01] INFO    : Rendering object 2e717431-60d1-43ae-bcb2-5a714c6ce2fe.
[22:54:01] INFO    : Binding texture 0.
[22:54:01] INFO    : Binded texture 0.
[22:54:01] WARNING : TODO Multiple materials - Normal maps etc
[22:54:01] INFO    : Rendered object 2e717431-60d1-43ae-bcb2-5a714c6ce2fe.
[22:54:01] WARNING : TODO view validation
[22:54:01] INFO    : Rendering object 2e717431-60d1-43ae-bcb2-5a714c6ce2fe.
[22:54:01] INFO    : Binding texture 0.
[22:54:01] INFO    : Binded texture 0.
[22:54:01] WARNING : TODO Multiple materials - Normal maps etc
[22:54:01] INFO    : Rendered object 2e717431-60d1-43ae-bcb2-5a714c6ce2fe.
[22:54:01] WARNING : TODO view validation
[22:54:01] INFO    : Rendering object 2e717431-60d1-43ae-bcb2-5a714c6ce2fe.
[22:54:01] INFO    : Binding texture 0.
[22:54:01] INFO    : Binded texture 0.
[22:54:01] WARNING : TODO Multiple materials - Normal maps etc
[22:54:01] INFO    : Rendered object 2e717431-60d1-43ae-bcb2-5a714c6ce2fe.
[22:54:01] WARNING : TODO view validation
[22:54:01] INFO    : Rendering object 2e717431-60d1-43ae-bcb2-5a714c6ce2fe.
[22:54:01] INFO    : Binding texture 0.
[22:54:01] INFO    : Binded texture 0.
[22:54:01] WARNING : TODO Multiple materials - Normal maps etc
[22:54:01] INFO    : Rendered object 2e717431-60d1-43ae-bcb2-5a714c6ce2fe.
[22:54:01] WARNING : TODO view validation
[22:54:01] INFO    : Rendering object 2e717431-60d1-43ae-bcb2-5a714c6ce2fe.
[22:54:01] INFO    : Binding texture 0.
[22:54:01] INFO    : Binded texture 0.
[22:54:01] WARNING : TODO Multiple materials - Normal maps etc
[22:54:01] INFO    : Rendered object 2e717431-60d1-43ae-bcb2-5a714c6ce2fe.
[22:54:01] WARNING : TODO view validation
[22:54:01] INFO    : Rendering object 2e717431-60d1-43ae-bcb2-5a714c6ce2fe.
[22:54:01] INFO    : Binding texture 0.
[22:54:01] INFO    : Binded texture 0.
[22:54:01] WARNING : TODO Multiple materials - Normal maps etc
[22:54:01] INFO    : Rendered object 2e717431-60d1-43ae-bcb2-5a714c6ce2fe.
[22:54:01] WARNING : TODO view validation
[22:54:01] INFO    : Rendering object 2e717431-60d1-43ae-bcb2-5a714c6ce2fe.
[22:54:01] INFO    : Binding texture 0.
[22:54:01] INFO    : Binded texture 0.
[22:54:01] WARNING : TODO Multiple materials - Normal maps etc
[22:54:01] INFO    : Rendered object 2e717431-60d1-43ae-bcb2-5a714c6ce2fe.
[22:54:01] WARNING : TODO view validation
[22:54:01] INFO    : Rendering object 2e717431-60d1-43ae-bcb2-5a714c6ce2fe.
[22:54:01] INFO    : Binding texture 0.
[22:54:01] INFO    : Binded texture 0.
[22:54:01] WARNING : TODO Multiple materials - Normal maps etc
[22:54:01] INFO    : Rendered object 2e717431-60d1-43ae-bcb2-5a714c6ce2fe.
[22:54:01] WARNING : TODO view validation
[22:54:01] INFO    : Rendering object 2e717431-60d1-43ae-bcb2-5a714c6ce2fe.
[22:54:01] INFO    : Binding texture 0.
[22:54:01] INFO    : Binded texture 0.
[22:54:01] WARNING : TODO Multiple materials - Normal maps etc
[22:54:01] INFO    : Rendered object 2e717431-60d1-43ae-bcb2-5a714c6ce2fe.
[22:54:01] WARNING : TODO view validation
[22:54:01] INFO    : Rendering object 2e717431-60d1-43ae-bcb2-5a714c6ce2fe.
[22:54:01] INFO    : Binding texture 0.
[22:54:01] INFO    : Binded texture 0.
[22:54:01] WARNING : TODO Multiple materials - Normal maps etc
[22:54:01] INFO    : Rendered object 2e717431-60d1-43ae-bcb2-5a714c6ce2fe.
[22:54:01] WARNING : TODO view validation
[22:54:01] INFO    : Rendering object 2e717431-60d1-43ae-bcb2-5a714c6ce2fe.
[22:54:01] INFO    : Binding texture 0.
[22:54:01] INFO    : Binded texture 0.
[22:54:01] WARNING : TODO Multiple materials - Normal maps etc
[22:54:01] INFO    : Rendered object 2e717431-60d1-43ae-bcb2-5a714c6ce2fe.
[22:54:01] WARNING : TODO view validation
[22:54:01] INFO    : Rendering object 2e717431-60d1-43ae-bcb2-5a714c6ce2fe.
[22:54:01] INFO    : Binding texture 0.
[22:54:01] INFO    : Binded texture 0.
[22:54:01] WARNING : TODO Multiple materials - Normal maps etc
[22:54:01] INFO    : Rendered object 2e717431-60d1-43ae-bcb2-5a714c6ce2fe.
[22:54:01] WARNING : TODO view validation
[22:54:01] INFO    : Rendering object 2e717431-60d1-43ae-bcb2-5a714c6ce2fe.
[22:54:01] INFO    : Binding texture 0.
[22:54:01] INFO    : Binded texture 0.
[22:54:01] WARNING : TODO Multiple materials - Normal maps etc
[22:54:01] INFO    : Rendered object 2e717431-60d1-43ae-bcb2-5a714c6ce2fe.
[22:54:01] WARNING : TODO view validation
[22:54:01] INFO    : Rendering object 2e717431-60d1-43ae-bcb2-5a714c6ce2fe.
[22:54:01] INFO    : Binding texture 0.
[22:54:01] INFO    : Binded texture 0.
[22:54:01] WARNING : TODO Multiple materials - Normal maps etc
[22:54:01] INFO    : Rendered object 2e717431-60d1-43ae-bcb2-5a714c6ce2fe.
[22:54:01] WARNING : TODO view validation
[22:54:01] INFO    : Rendering object 2e717431-60d1-43ae-bcb2-5a714c6ce2fe.
[22:54:01] INFO    : Binding texture 0.
[22:54:01] INFO    : Binded texture 0.
[22:54:01] WARNING : TODO Multiple materials - Normal maps etc
[22:54:01] INFO    : Rendered object 2e717431-60d1-43ae-bcb2-5a714c6ce2fe.
[22:54:01] WARNING : TODO view validation
[22:54:01] INFO    : Rendering object 2e717431-60d1-43ae-bcb2-5a714c6ce2fe.
[22:54:01] INFO    : Binding texture 0.
[22:54:01] INFO    : Binded texture 0.
[22:54:01] WARNING : TODO Multiple materials - Normal maps etc
[22:54:01] INFO    : Rendered object 2e717431-60d1-43ae-bcb2-5a714c6ce2fe.
[22:54:01] WARNING : TODO view validation
[22:54:01] INFO    : Rendering object 2e717431-60d1-43ae-bcb2-5a714c6ce2fe.
[22:54:01] INFO    : Binding texture 0.
[22:54:01] INFO    : Binded texture 0.
[22:54:01] WARNING : TODO Multiple materials - Normal maps etc
[22:54:01] INFO    : Rendered object 2e717431-60d1-43ae-bcb2-5a714c6ce2fe.
[22:54:01] WARNING : TODO view validation
[22:54:01] INFO    : Rendering object 2e717431-60d1-43ae-bcb2-5a714c6ce2fe.
[22:54:01] INFO    : Binding texture 0.
[22:54:01] INFO    : Binded texture 0.
[22:54:01] WARNING : TODO Multiple materials - Normal maps etc
[22:54:01] INFO    : Rendered object 2e717431-60d1-43ae-bcb2-5a714c6ce2fe.
[22:54:01] WARNING : TODO view validation
[22:54:01] INFO    : Rendering object 2e717431-60d1-43ae-bcb2-5a714c6ce2fe.
[22:54:01] INFO    : Binding texture 0.
[22:54:01] INFO    : Binded texture 0.
[22:54:01] WARNING : TODO Multiple materials - Normal maps etc
[22:54:01] INFO    : Rendered object 2e717431-60d1-43ae-bcb2-5a714c6ce2fe.
[22:54:01] WARNING : TODO view validation
[22:54:01] INFO    : Rendering object 2e717431-60d1-43ae-bcb2-5a714c6ce2fe.
[22:54:01] INFO    : Binding texture 0.
[22:54:01] INFO    : Binded texture 0.
[22:54:01] WARNING : TODO Multiple materials - Normal maps etc
[22:54:01] INFO    : Rendered object 2e717431-60d1-43ae-bcb2-5a714c6ce2fe.
[22:54:01] WARNING : TODO view validation
[22:54:01] INFO    : Rendering object 2e717431-60d1-43ae-bcb2-5a714c6ce2fe.
[22:54:01] INFO    : Binding texture 0.
[22:54:01] INFO    : Binded texture 0.
[22:54:01] WARNING : TODO Multiple materials - Normal maps etc
[22:54:01] INFO    : Rendered object 2e717431-60d1-43ae-bcb2-5a714c6ce2fe.
[22:54:01] WARNING : TODO view validation
[22:54:01] INFO    : Rendering object 2e717431-60d1-43ae-bcb2-5a714c6ce2fe.
[22:54:01] INFO    : Binding texture 0.
[22:54:01] INFO    : Binded texture 0.
[22:54:01] WARNING : TODO Multiple materials - Normal maps etc
[22:54:01] INFO    : Rendered object 2e717431-60d1-43ae-bcb2-5a714c6ce2fe.
[22:54:01] WARNING : TODO view validation
[22:54:01] INFO    : Rendering object 2e717431-60d1-43ae-bcb2-5a714c6ce2fe.
[22:54:01] INFO    : Binding texture 0.
[22:54:01] INFO    : Binded texture 0.
[22:54:01] WARNING : TODO Multiple materials - Normal maps etc
[22:54:01] INFO    : Rendered object 2e717431-60d1-43ae-bcb2-5a714c6ce2fe.
[22:54:01] WARNING : TODO view validation
[22:54:01] INFO    : Rendering object 2e717431-60d1-43ae-bcb2-5a714c6ce2fe.
[22:54:01] INFO    : Binding texture 0.
[22:54:01] INFO    : Binded texture 0.
[22:54:01] WARNING : TODO Multiple materials - Normal maps etc
[22:54:01] INFO    : Rendered object 2e717431-60d1-43ae-bcb2-5a714c6ce2fe.
[22:54:01] WARNING : TODO view validation
[22:54:01] INFO    : Rendering object 2e717431-60d1-43ae-bcb2-5a714c6ce2fe.
[22:54:01] INFO    : Binding texture 0.
[22:54:01] INFO    : Binded texture 0.
[22:54:01] WARNING : TODO Multiple materials - Normal maps etc
[22:54:01] INFO    : Rendered object 2e717431-60d1-43ae-bcb2-5a714c6ce2fe.
[22:54:01] WARNING : TODO view validation
[22:54:01] INFO    : Rendering object 2e717431-60d1-43ae-bcb2-5a714c6ce2fe.
[22:54:01] INFO    : Binding texture 0.
[22:54:01] INFO    : Binded texture 0.
[22:54:01] WARNING : TODO Multiple materials - Normal maps etc
[22:54:01] INFO    : Rendered object 2e717431-60d1-43ae-bcb2-5a714c6ce2fe.
[22:54:01] WARNING : TODO view validation
[22:54:01] INFO    : Rendering object 2e717431-60d1-43ae-bcb2-5a714c6ce2fe.
[22:54:01] INFO    : Binding texture 0.
[22:54:01] INFO    : Binded texture 0.
[22:54:01] WARNING : TODO Multiple materials - Normal maps etc
[22:54:01] INFO    : Rendered object 2e717431-60d1-43ae-bcb2-5a714c6ce2fe.
[22:54:01] WARNING : TODO view validation
[22:54:01] INFO    : Rendering object 2e717431-60d1-43ae-bcb2-5a714c6ce2fe.
[22:54:01] INFO    : Binding texture 0.
[22:54:01] INFO    : Binded texture 0.
[22:54:01] WARNING : TODO Multiple materials - Normal maps etc
[22:54:01] INFO    : Rendered object 2e717431-60d1-43ae-bcb2-5a714c6ce2fe.
[22:54:01] WARNING : TODO view validation
[22:54:01] INFO    : Rendering object 2e717431-60d1-43ae-bcb2-5a714c6ce2fe.
[22:54:01] INFO    : ('ESCAPE', 'KEYDOWN', 0)
[22:54:01] INFO    : Binding texture 0.
[22:54:01] INFO    : ('ESCAPE', 'KEYUP', 0)
[22:54:01] INFO    : Binded texture 0.
[22:54:01] WARNING : TODO Multiple materials - Normal maps etc
[22:54:01] INFO    : Keystates: {'ESCAPE': {'pressed': True, 'released': True, 'num_lock': False, 'caps_lock': False, 'super_key': False, 'alt': False, 'control': False, 'shift': False}}
[22:54:01] INFO    : Rendered object 2e717431-60d1-43ae-bcb2-5a714c6ce2fe.
[22:54:01] INFO    : Window close requested.
[22:54:01] CRUCIAL : Exit main thread
[22:54:01] INFO    : Closing window...
[22:54:01] INFO    : Destroying shaders in GraphicsEngine.
[22:54:01] INFO    : Window closed.
[22:54:01] INFO    : Program terminating
